<?xml version="1.0" encoding="utf-8"?>
<test-run id="2" testcasecount="2" result="Passed" total="2" passed="2" failed="0" inconclusive="0" skipped="0" asserts="0" engine-version="3.5.0.0" clr-version="4.0.30319.42000" start-time="2026-09-17 02:22:53Z" end-time="2026-09-17 02:22:54Z" duration="0.9100456">
  <test-suite type="TestSuite" id="2247" name="AssemblyShadowBaseline" fullname="AssemblyShadowBaseline" runstate="Runnable" testcasecount="1111" result="Passed" start-time="2026-09-17 02:22:53Z" end-time="2026-09-17 02:22:54Z" duration="0.910046" total="2" passed="2" failed="0" inconclusive="0" skipped="0" asserts="0">
    <properties />
    <test-suite type="Assembly" id="2658" name="AssemblyShadowDemo.EditorTests.dll" fullname="/Users/ah/GitHub/hybridclr/assembly_shadow_h1r/hybridclr_demo/Library/ScriptAssemblies/AssemblyShadowDemo.EditorTests.dll" runstate="Runnable" testcasecount="353" result="Passed" start-time="2026-09-17 02:22:53Z" end-time="2026-09-17 02:22:54Z" duration="0.883151" total="2" passed="2" failed="0" inconclusive="0" skipped="0" asserts="0">
      <properties>
        <property name="_PID" value="18774" />
        <property name="_APPDOMAIN" value="Unity Child Domain" />
        <property name="platform" value="EditMode" />
      </properties>
      <test-suite type="TestSuite" id="2659" name="AssemblyShadowDemo" fullname="AssemblyShadowDemo" runstate="Runnable" testcasecount="353" result="Passed" start-time="2026-09-17 02:22:53Z" end-time="2026-09-17 02:22:54Z" duration="0.879657" total="2" passed="2" failed="0" inconclusive="0" skipped="0" asserts="0">
        <properties />
        <test-suite type="TestSuite" id="2660" name="EditorTests" fullname="AssemblyShadowDemo.EditorTests" runstate="Runnable" testcasecount="353" result="Passed" start-time="2026-09-17 02:22:53Z" end-time="2026-09-17 02:22:54Z" duration="0.869355" total="2" passed="2" failed="0" inconclusive="0" skipped="0" asserts="0">
          <properties />
          <test-suite type="TestFixture" id="2581" name="M07FixedByteBootstrapPolicyTests" fullname="AssemblyShadowDemo.EditorTests.M07FixedByteBootstrapPolicyTests" classname="AssemblyShadowDemo.EditorTests.M07FixedByteBootstrapPolicyTests" runstate="Runnable" testcasecount="2" result="Passed" start-time="2026-09-17 02:22:53Z" end-time="2026-09-17 02:22:54Z" duration="0.862788" total="2" passed="2" failed="0" inconclusive="0" skipped="0" asserts="0">
            <properties />
            <test-case id="2583" name="BootstrapAdmissionRemainsTargetExactAndRejectsAnotherImage" fullname="AssemblyShadowDemo.EditorTests.M07FixedByteBootstrapPolicyTests.BootstrapAdmissionRemainsTargetExactAndRejectsAnotherImage" methodname="BootstrapAdmissionRemainsTargetExactAndRejectsAnotherImage" classname="AssemblyShadowDemo.EditorTests.M07FixedByteBootstrapPolicyTests" runstate="Runnable" seed="1265503654" result="Passed" start-time="2026-09-17 02:22:53Z" end-time="2026-09-17 02:22:53Z" duration="0.195218" asserts="0">
              <properties />
            </test-case>
            <test-case id="2582" name="RealM07PolicyBindsFixedBytesToExactlyTwoBootstrapEvidenceTargets" fullname="AssemblyShadowDemo.EditorTests.M07FixedByteBootstrapPolicyTests.RealM07PolicyBindsFixedBytesToExactlyTwoBootstrapEvidenceTargets" methodname="RealM07PolicyBindsFixedBytesToExactlyTwoBootstrapEvidenceTargets" classname="AssemblyShadowDemo.EditorTests.M07FixedByteBootstrapPolicyTests" runstate="Runnable" seed="255643942" result="Passed" start-time="2026-09-17 02:22:53Z" end-time="2026-09-17 02:22:54Z" duration="0.658443" asserts="0">
              <properties />
            </test-case>
          </test-suite>
        </test-suite>
      </test-suite>
    </test-suite>
  </test-suite>
</test-run>