<?xml version="1.0" encoding="utf-8"?>
<test-run id="2" testcasecount="4" result="Passed" total="4" passed="4" failed="0" inconclusive="0" skipped="0" asserts="0" engine-version="3.5.0.0" clr-version="4.0.30319.42000" start-time="2026-09-16 03:33:09Z" end-time="2026-09-16 03:33:09Z" duration="0.0508265">
  <test-suite type="TestSuite" id="2233" name="AssemblyShadowBaseline" fullname="AssemblyShadowBaseline" runstate="Runnable" testcasecount="1100" result="Passed" start-time="2026-09-16 03:33:09Z" end-time="2026-09-16 03:33:09Z" duration="0.050827" total="4" passed="4" failed="0" inconclusive="0" skipped="0" asserts="0">
    <properties />
    <test-suite type="Assembly" id="2630" name="AssemblyShadowDemo.EditorTests.dll" fullname="/Users/ah/GitHub/hybridclr/assembly_shadow_h1r_repro/hybridclr_demo/Library/ScriptAssemblies/AssemblyShadowDemo.EditorTests.dll" runstate="Runnable" testcasecount="342" result="Passed" start-time="2026-09-16 03:33:09Z" end-time="2026-09-16 03:33:09Z" duration="0.028058" total="4" passed="4" failed="0" inconclusive="0" skipped="0" asserts="0">
      <properties>
        <property name="_PID" value="20311" />
        <property name="_APPDOMAIN" value="Unity Child Domain" />
        <property name="platform" value="EditMode" />
      </properties>
      <test-suite type="TestSuite" id="2631" name="AssemblyShadowDemo" fullname="AssemblyShadowDemo" runstate="Runnable" testcasecount="342" result="Passed" start-time="2026-09-16 03:33:09Z" end-time="2026-09-16 03:33:09Z" duration="0.027446" total="4" passed="4" failed="0" inconclusive="0" skipped="0" asserts="0">
        <properties />
        <test-suite type="TestSuite" id="2632" name="EditorTests" fullname="AssemblyShadowDemo.EditorTests" runstate="Runnable" testcasecount="342" result="Passed" start-time="2026-09-16 03:33:09Z" end-time="2026-09-16 03:33:09Z" duration="0.027043" total="4" passed="4" failed="0" inconclusive="0" skipped="0" asserts="0">
          <properties />
          <test-suite type="TestFixture" id="2256" name="H1PchEvidenceProcessTests" fullname="AssemblyShadowDemo.EditorTests.H1PchEvidenceProcessTests" classname="AssemblyShadowDemo.EditorTests.H1PchEvidenceProcessTests" runstate="Runnable" testcasecount="4" result="Passed" start-time="2026-09-16 03:33:09Z" end-time="2026-09-16 03:33:09Z" duration="0.021718" total="4" passed="4" failed="0" inconclusive="0" skipped="0" asserts="0">
            <properties />
            <test-case id="2261" name="CompilerReceiptPreservesPchSidecarFields" fullname="AssemblyShadowDemo.EditorTests.H1PchEvidenceProcessTests.CompilerReceiptPreservesPchSidecarFields" methodname="CompilerReceiptPreservesPchSidecarFields" classname="AssemblyShadowDemo.EditorTests.H1PchEvidenceProcessTests" runstate="Runnable" seed="310664350" result="Passed" start-time="2026-09-16 03:33:09Z" end-time="2026-09-16 03:33:09Z" duration="0.007540" asserts="0">
              <properties />
            </test-case>
            <test-suite type="ParameterizedMethod" id="2260" name="InvalidTimeoutFailsBeforeStartingAnyProcess" fullname="AssemblyShadowDemo.EditorTests.H1PchEvidenceProcessTests.InvalidTimeoutFailsBeforeStartingAnyProcess" classname="AssemblyShadowDemo.EditorTests.H1PchEvidenceProcessTests" runstate="Runnable" testcasecount="3" result="Passed" start-time="2026-09-16 03:33:09Z" end-time="2026-09-16 03:33:09Z" duration="0.006371" total="3" passed="3" failed="0" inconclusive="0" skipped="0" asserts="0">
              <properties />
              <test-case id="2257" name="InvalidTimeoutFailsBeforeStartingAnyProcess(0)" fullname="AssemblyShadowDemo.EditorTests.H1PchEvidenceProcessTests.InvalidTimeoutFailsBeforeStartingAnyProcess(0)" methodname="InvalidTimeoutFailsBeforeStartingAnyProcess" classname="AssemblyShadowDemo.EditorTests.H1PchEvidenceProcessTests" runstate="Runnable" seed="630631565" result="Passed" start-time="2026-09-16 03:33:09Z" end-time="2026-09-16 03:33:09Z" duration="0.002086" asserts="0">
                <properties />
              </test-case>
              <test-case id="2258" name="InvalidTimeoutFailsBeforeStartingAnyProcess(999)" fullname="AssemblyShadowDemo.EditorTests.H1PchEvidenceProcessTests.InvalidTimeoutFailsBeforeStartingAnyProcess(999)" methodname="InvalidTimeoutFailsBeforeStartingAnyProcess" classname="AssemblyShadowDemo.EditorTests.H1PchEvidenceProcessTests" runstate="Runnable" seed="1498200142" result="Passed" start-time="2026-09-16 03:33:09Z" end-time="2026-09-16 03:33:09Z" duration="0.000059" asserts="0">
                <properties />
              </test-case>
              <test-case id="2259" name="InvalidTimeoutFailsBeforeStartingAnyProcess(1800001)" fullname="AssemblyShadowDemo.EditorTests.H1PchEvidenceProcessTests.InvalidTimeoutFailsBeforeStartingAnyProcess(1800001)" methodname="InvalidTimeoutFailsBeforeStartingAnyProcess" classname="AssemblyShadowDemo.EditorTests.H1PchEvidenceProcessTests" runstate="Runnable" seed="1641047633" result="Passed" start-time="2026-09-16 03:33:09Z" end-time="2026-09-16 03:33:09Z" duration="0.003051" asserts="0">
                <properties />
              </test-case>
            </test-suite>
          </test-suite>
        </test-suite>
      </test-suite>
    </test-suite>
  </test-suite>
</test-run>