<?xml version="1.0" encoding="utf-8"?>
<test-run id="2" testcasecount="720" result="Passed" total="720" passed="720" failed="0" inconclusive="0" skipped="0" asserts="0" engine-version="3.5.0.0" clr-version="4.0.30319.42000" start-time="2026-09-16 03:28:00Z" end-time="2026-09-16 03:29:27Z" duration="87.1892875">
  <test-suite type="TestSuite" id="2244" name="AssemblyShadowBaseline" fullname="AssemblyShadowBaseline" runstate="Runnable" testcasecount="1109" result="Passed" start-time="2026-09-16 03:28:00Z" end-time="2026-09-16 03:29:27Z" duration="87.189288" total="720" passed="720" failed="0" inconclusive="0" skipped="0" asserts="0">
    <properties />
    <test-suite type="Assembly" id="3347" name="HybridCLR.AssemblyShadow.Editor.Tests.dll" fullname="/Users/ah/GitHub/hybridclr/assembly_shadow_h1r/hybridclr_demo/Library/ScriptAssemblies/HybridCLR.AssemblyShadow.Editor.Tests.dll" runstate="Runnable" testcasecount="649" result="Passed" start-time="2026-09-16 03:28:00Z" end-time="2026-09-16 03:29:14Z" duration="74.070005" total="649" passed="649" failed="0" inconclusive="0" skipped="0" asserts="0">
      <properties>
        <property name="_PID" value="19833" />
        <property name="_APPDOMAIN" value="Unity Child Domain" />
        <property name="platform" value="EditMode" />
      </properties>
      <test-suite type="TestSuite" id="3348" name="HybridCLR" fullname="HybridCLR" runstate="Runnable" testcasecount="649" result="Passed" start-time="2026-09-16 03:28:00Z" end-time="2026-09-16 03:29:14Z" duration="74.069502" total="649" passed="649" failed="0" inconclusive="0" skipped="0" asserts="0">
        <properties />
        <test-suite type="TestSuite" id="3349" name="Editor" fullname="HybridCLR.Editor" runstate="Runnable" testcasecount="649" result="Passed" start-time="2026-09-16 03:28:00Z" end-time="2026-09-16 03:29:14Z" duration="74.069230" total="649" passed="649" failed="0" inconclusive="0" skipped="0" asserts="0">
          <properties />
          <test-suite type="TestSuite" id="3350" name="AssemblyShadow" fullname="HybridCLR.Editor.AssemblyShadow" runstate="Runnable" testcasecount="649" result="Passed" start-time="2026-09-16 03:28:00Z" end-time="2026-09-16 03:29:14Z" duration="74.069017" total="649" passed="649" failed="0" inconclusive="0" skipped="0" asserts="0">
            <properties />
            <test-suite type="TestSuite" id="3351" name="Tests" fullname="HybridCLR.Editor.AssemblyShadow.Tests" runstate="Runnable" testcasecount="649" result="Passed" start-time="2026-09-16 03:28:00Z" end-time="2026-09-16 03:29:14Z" duration="74.068463" total="649" passed="649" failed="0" inconclusive="0" skipped="0" asserts="0">
              <properties />
              <test-suite type="TestFixture" id="2655" name="AssemblyIdentityTests" fullname="HybridCLR.Editor.AssemblyShadow.Tests.AssemblyIdentityTests" classname="HybridCLR.Editor.AssemblyShadow.Tests.AssemblyIdentityTests" runstate="Runnable" testcasecount="16" result="Passed" start-time="2026-09-16 03:28:00Z" end-time="2026-09-16 03:28:00Z" duration="0.324472" total="16" passed="16" failed="0" inconclusive="0" skipped="0" asserts="0">
                <properties />
                <test-case id="2667" name="CatalogMustBeInstalledAndAnActualCompilerReference" fullname="HybridCLR.Editor.AssemblyShadow.Tests.AssemblyIdentityTests.CatalogMustBeInstalledAndAnActualCompilerReference" methodname="CatalogMustBeInstalledAndAnActualCompilerReference" classname="HybridCLR.Editor.AssemblyShadow.Tests.AssemblyIdentityTests" runstate="Runnable" seed="1590276883" result="Passed" start-time="2026-09-16 03:28:00Z" end-time="2026-09-16 03:28:00Z" duration="0.113672" asserts="0">
                  <properties />
                </test-case>
                <test-case id="2669" name="ChangedCatalogOrCapturedReferenceBytesRejectProof" fullname="HybridCLR.Editor.AssemblyShadow.Tests.AssemblyIdentityTests.ChangedCatalogOrCapturedReferenceBytesRejectProof" methodname="ChangedCatalogOrCapturedReferenceBytesRejectProof" classname="HybridCLR.Editor.AssemblyShadow.Tests.AssemblyIdentityTests" runstate="Runnable" seed="1818616922" result="Passed" start-time="2026-09-16 03:28:00Z" end-time="2026-09-16 03:28:00Z" duration="0.039760" asserts="0">
                  <properties />
                </test-case>
                <test-case id="2670" name="DuplicateCatalogIdentitiesWithDifferentBytesRejectProof" fullname="HybridCLR.Editor.AssemblyShadow.Tests.AssemblyIdentityTests.DuplicateCatalogIdentitiesWithDifferentBytesRejectProof" methodname="DuplicateCatalogIdentitiesWithDifferentBytesRejectProof" classname="HybridCLR.Editor.AssemblyShadow.Tests.AssemblyIdentityTests" runstate="Runnable" seed="1547250122" result="Passed" start-time="2026-09-16 03:28:00Z" end-time="2026-09-16 03:28:00Z" duration="0.004210" asserts="0">
                  <properties />
                </test-case>
                <test-case id="2663" name="ExternalNestedTypeSpecsAndTypeDefsCannotBypassIdentityRejection" fullname="HybridCLR.Editor.AssemblyShadow.Tests.AssemblyIdentityTests.ExternalNestedTypeSpecsAndTypeDefsCannotBypassIdentityRejection" methodname="ExternalNestedTypeSpecsAndTypeDefsCannotBypassIdentityRejection" classname="HybridCLR.Editor.AssemblyShadow.Tests.AssemblyIdentityTests" runstate="Runnable" seed="3254057" result="Passed" start-time="2026-09-16 03:28:00Z" end-time="2026-09-16 03:28:00Z" duration="0.033191" asserts="0">
                  <properties />
                </test-case>
                <test-case id="2665" name="ForgedReferenceAssemblyAttributeCannotGrantFrameworkProvenance" fullname="HybridCLR.Editor.AssemblyShadow.Tests.AssemblyIdentityTests.ForgedReferenceAssemblyAttributeCannotGrantFrameworkProvenance" methodname="ForgedReferenceAssemblyAttributeCannotGrantFrameworkProvenance" classname="HybridCLR.Editor.AssemblyShadow.Tests.AssemblyIdentityTests" runstate="Runnable" seed="88076087" result="Passed" start-time="2026-09-16 03:28:00Z" end-time="2026-09-16 03:28:00Z" duration="0.020176" asserts="0">
                  <properties />
                </test-case>
                <test-case id="2666" name="FrameworkNamePrefixCannotGrantVersionUnification" fullname="HybridCLR.Editor.AssemblyShadow.Tests.AssemblyIdentityTests.FrameworkNamePrefixCannotGrantVersionUnification" methodname="FrameworkNamePrefixCannotGrantVersionUnification" classname="HybridCLR.Editor.AssemblyShadow.Tests.AssemblyIdentityTests" runstate="Runnable" seed="1509050374" result="Passed" start-time="2026-09-16 03:28:00Z" end-time="2026-09-16 03:28:00Z" duration="0.007852" asserts="0">
                  <properties />
                </test-case>
                <test-case id="2656" name="FullIdentityMismatchRejectsStrongNamedV2AgainstUnsignedV1WithBothPaths" fullname="HybridCLR.Editor.AssemblyShadow.Tests.AssemblyIdentityTests.FullIdentityMismatchRejectsStrongNamedV2AgainstUnsignedV1WithBothPaths" methodname="FullIdentityMismatchRejectsStrongNamedV2AgainstUnsignedV1WithBothPaths" classname="HybridCLR.Editor.AssemblyShadow.Tests.AssemblyIdentityTests" runstate="Runnable" seed="605932817" result="Passed" start-time="2026-09-16 03:28:00Z" end-time="2026-09-16 03:28:00Z" duration="0.005281" asserts="0">
                  <properties />
                </test-case>
                <test-case id="2661" name="PrimarySnapshotCopyNeverReceivesFrameworkVersionUnification" fullname="HybridCLR.Editor.AssemblyShadow.Tests.AssemblyIdentityTests.PrimarySnapshotCopyNeverReceivesFrameworkVersionUnification" methodname="PrimarySnapshotCopyNeverReceivesFrameworkVersionUnification" classname="HybridCLR.Editor.AssemblyShadow.Tests.AssemblyIdentityTests" runstate="Runnable" seed="1952664337" result="Passed" start-time="2026-09-16 03:28:00Z" end-time="2026-09-16 03:28:00Z" duration="0.010739" asserts="0">
                  <properties />
                </test-case>
                <test-case id="2658" name="PublicKeyAndPublicKeyTokenRepresentationsMatchByNormalizedToken" fullname="HybridCLR.Editor.AssemblyShadow.Tests.AssemblyIdentityTests.PublicKeyAndPublicKeyTokenRepresentationsMatchByNormalizedToken" methodname="PublicKeyAndPublicKeyTokenRepresentationsMatchByNormalizedToken" classname="HybridCLR.Editor.AssemblyShadow.Tests.AssemblyIdentityTests" runstate="Runnable" seed="1423284456" result="Passed" start-time="2026-09-16 03:28:00Z" end-time="2026-09-16 03:28:00Z" duration="0.009469" asserts="0">
                  <properties />
                </test-case>
                <test-case id="2664" name="RecordedSourcePathCannotGrantFrameworkProvenance" fullname="HybridCLR.Editor.AssemblyShadow.Tests.AssemblyIdentityTests.RecordedSourcePathCannotGrantFrameworkProvenance" methodname="RecordedSourcePathCannotGrantFrameworkProvenance" classname="HybridCLR.Editor.AssemblyShadow.Tests.AssemblyIdentityTests" runstate="Runnable" seed="261287017" result="Passed" start-time="2026-09-16 03:28:00Z" end-time="2026-09-16 03:28:00Z" duration="0.005464" asserts="0">
                  <properties />
                </test-case>
                <test-case id="2668" name="RuntimeProfileInsideEditorCannotGrantCompilerFrameworkProvenance" fullname="HybridCLR.Editor.AssemblyShadow.Tests.AssemblyIdentityTests.RuntimeProfileInsideEditorCannotGrantCompilerFrameworkProvenance" methodname="RuntimeProfileInsideEditorCannotGrantCompilerFrameworkProvenance" classname="HybridCLR.Editor.AssemblyShadow.Tests.AssemblyIdentityTests" runstate="Runnable" seed="1474969861" result="Passed" start-time="2026-09-16 03:28:00Z" end-time="2026-09-16 03:28:00Z" duration="0.005616" asserts="0">
                  <properties />
                </test-case>
                <test-case id="2660" name="SameNameAndIdentityWithChangedBytesCannotReuseFrameworkProof" fullname="HybridCLR.Editor.AssemblyShadow.Tests.AssemblyIdentityTests.SameNameAndIdentityWithChangedBytesCannotReuseFrameworkProof" methodname="SameNameAndIdentityWithChangedBytesCannotReuseFrameworkProof" classname="HybridCLR.Editor.AssemblyShadow.Tests.AssemblyIdentityTests" runstate="Runnable" seed="776260306" result="Passed" start-time="2026-09-16 03:28:00Z" end-time="2026-09-16 03:28:00Z" duration="0.004774" asserts="0">
                  <properties />
                </test-case>
                <test-case id="2671" name="SnapshotTargetPinsHashAndReferenceRoleAreCheckedBeforeProof" fullname="HybridCLR.Editor.AssemblyShadow.Tests.AssemblyIdentityTests.SnapshotTargetPinsHashAndReferenceRoleAreCheckedBeforeProof" methodname="SnapshotTargetPinsHashAndReferenceRoleAreCheckedBeforeProof" classname="HybridCLR.Editor.AssemblyShadow.Tests.AssemblyIdentityTests" runstate="Runnable" seed="1900677521" result="Passed" start-time="2026-09-16 03:28:00Z" end-time="2026-09-16 03:28:00Z" duration="0.005297" asserts="0">
                  <properties />
                </test-case>
                <test-case id="2662" name="SuppliedIncompatibleFacadeDestinationIsNeverDeferredAsMissing" fullname="HybridCLR.Editor.AssemblyShadow.Tests.AssemblyIdentityTests.SuppliedIncompatibleFacadeDestinationIsNeverDeferredAsMissing" methodname="SuppliedIncompatibleFacadeDestinationIsNeverDeferredAsMissing" classname="HybridCLR.Editor.AssemblyShadow.Tests.AssemblyIdentityTests" runstate="Runnable" seed="425368971" result="Passed" start-time="2026-09-16 03:28:00Z" end-time="2026-09-16 03:28:00Z" duration="0.014385" asserts="0">
                  <properties />
                </test-case>
                <test-case id="2659" name="VerifiedCatalogBytesPermitOnlyVersionUnificationAndProofIsReadOnly" fullname="HybridCLR.Editor.AssemblyShadow.Tests.AssemblyIdentityTests.VerifiedCatalogBytesPermitOnlyVersionUnificationAndProofIsReadOnly" methodname="VerifiedCatalogBytesPermitOnlyVersionUnificationAndProofIsReadOnly" classname="HybridCLR.Editor.AssemblyShadow.Tests.AssemblyIdentityTests" runstate="Runnable" seed="1816806359" result="Passed" start-time="2026-09-16 03:28:00Z" end-time="2026-09-16 03:28:00Z" duration="0.016388" asserts="0">
                  <properties />
                </test-case>
                <test-case id="2657" name="VersionCultureTokenAndContentTypeAreMandatoryWithoutProof" fullname="HybridCLR.Editor.AssemblyShadow.Tests.AssemblyIdentityTests.VersionCultureTokenAndContentTypeAreMandatoryWithoutProof" methodname="VersionCultureTokenAndContentTypeAreMandatoryWithoutProof" classname="HybridCLR.Editor.AssemblyShadow.Tests.AssemblyIdentityTests" runstate="Runnable" seed="734971560" result="Passed" start-time="2026-09-16 03:28:00Z" end-time="2026-09-16 03:28:00Z" duration="0.017375" asserts="0">
                  <properties />
                </test-case>
              </test-suite>
              <test-suite type="TestFixture" id="2672" name="GraphAndInputTests" fullname="HybridCLR.Editor.AssemblyShadow.Tests.GraphAndInputTests" classname="HybridCLR.Editor.AssemblyShadow.Tests.GraphAndInputTests" runstate="Runnable" testcasecount="29" result="Passed" start-time="2026-09-16 03:28:00Z" end-time="2026-09-16 03:28:00Z" duration="0.036631" total="29" passed="29" failed="0" inconclusive="0" skipped="0" asserts="0">
                <properties />
                <test-case id="2675" name="ContractsPullsEntireRuntimeClosureDependencyFirst" fullname="HybridCLR.Editor.AssemblyShadow.Tests.GraphAndInputTests.ContractsPullsEntireRuntimeClosureDependencyFirst" methodname="ContractsPullsEntireRuntimeClosureDependencyFirst" classname="HybridCLR.Editor.AssemblyShadow.Tests.GraphAndInputTests" runstate="Runnable" seed="1223590074" result="Passed" start-time="2026-09-16 03:28:00Z" end-time="2026-09-16 03:28:00Z" duration="0.006887" asserts="0">
                  <properties />
                </test-case>
                <test-case id="2701" name="CyclesReportClosedPath" fullname="HybridCLR.Editor.AssemblyShadow.Tests.GraphAndInputTests.CyclesReportClosedPath" methodname="CyclesReportClosedPath" classname="HybridCLR.Editor.AssemblyShadow.Tests.GraphAndInputTests" runstate="Runnable" seed="1999710447" result="Passed" start-time="2026-09-16 03:28:00Z" end-time="2026-09-16 03:28:00Z" duration="0.000502" asserts="0">
                  <properties />
                </test-case>
                <test-case id="2678" name="EditorAndTestsNeverEnterClosure" fullname="HybridCLR.Editor.AssemblyShadow.Tests.GraphAndInputTests.EditorAndTestsNeverEnterClosure" methodname="EditorAndTestsNeverEnterClosure" classname="HybridCLR.Editor.AssemblyShadow.Tests.GraphAndInputTests" runstate="Runnable" seed="130597071" result="Passed" start-time="2026-09-16 03:28:00Z" end-time="2026-09-16 03:28:00Z" duration="0.000264" asserts="0">
                  <properties />
                </test-case>
                <test-case id="2696" name="EntrypointCallsiteAliasHasTheSameGraphIdentity" fullname="HybridCLR.Editor.AssemblyShadow.Tests.GraphAndInputTests.EntrypointCallsiteAliasHasTheSameGraphIdentity" methodname="EntrypointCallsiteAliasHasTheSameGraphIdentity" classname="HybridCLR.Editor.AssemblyShadow.Tests.GraphAndInputTests" runstate="Runnable" seed="1277778350" result="Passed" start-time="2026-09-16 03:28:00Z" end-time="2026-09-16 03:28:00Z" duration="0.000899" asserts="0">
                  <properties />
                </test-case>
                <test-suite type="ParameterizedMethod" id="2695" name="EntrypointCannotPromoteAnIneligibleProvider" fullname="HybridCLR.Editor.AssemblyShadow.Tests.GraphAndInputTests.EntrypointCannotPromoteAnIneligibleProvider" classname="HybridCLR.Editor.AssemblyShadow.Tests.GraphAndInputTests" runstate="Runnable" testcasecount="8" result="Passed" start-time="2026-09-16 03:28:00Z" end-time="2026-09-16 03:28:00Z" duration="0.007518" total="8" passed="8" failed="0" inconclusive="0" skipped="0" asserts="0">
                  <properties />
                  <test-case id="2687" name="EntrypointCannotPromoteAnIneligibleProvider(Runtime,False,False)" fullname="HybridCLR.Editor.AssemblyShadow.Tests.GraphAndInputTests.EntrypointCannotPromoteAnIneligibleProvider(Runtime,False,False)" methodname="EntrypointCannotPromoteAnIneligibleProvider" classname="HybridCLR.Editor.AssemblyShadow.Tests.GraphAndInputTests" runstate="Runnable" seed="1863057871" result="Passed" start-time="2026-09-16 03:28:00Z" end-time="2026-09-16 03:28:00Z" duration="0.004818" asserts="0">
                    <properties />
                  </test-case>
                  <test-case id="2688" name="EntrypointCannotPromoteAnIneligibleProvider(EditorOnly,False,False)" fullname="HybridCLR.Editor.AssemblyShadow.Tests.GraphAndInputTests.EntrypointCannotPromoteAnIneligibleProvider(EditorOnly,False,False)" methodname="EntrypointCannotPromoteAnIneligibleProvider" classname="HybridCLR.Editor.AssemblyShadow.Tests.GraphAndInputTests" runstate="Runnable" seed="1151901595" result="Passed" start-time="2026-09-16 03:28:00Z" end-time="2026-09-16 03:28:00Z" duration="0.000099" asserts="0">
                    <properties />
                  </test-case>
                  <test-case id="2689" name="EntrypointCannotPromoteAnIneligibleProvider(TestOnly,False,False)" fullname="HybridCLR.Editor.AssemblyShadow.Tests.GraphAndInputTests.EntrypointCannotPromoteAnIneligibleProvider(TestOnly,False,False)" methodname="EntrypointCannotPromoteAnIneligibleProvider" classname="HybridCLR.Editor.AssemblyShadow.Tests.GraphAndInputTests" runstate="Runnable" seed="1526178795" result="Passed" start-time="2026-09-16 03:28:00Z" end-time="2026-09-16 03:28:00Z" duration="0.000095" asserts="0">
                    <properties />
                  </test-case>
                  <test-case id="2690" name="EntrypointCannotPromoteAnIneligibleProvider(Reference,False,False)" fullname="HybridCLR.Editor.AssemblyShadow.Tests.GraphAndInputTests.EntrypointCannotPromoteAnIneligibleProvider(Reference,False,False)" methodname="EntrypointCannotPromoteAnIneligibleProvider" classname="HybridCLR.Editor.AssemblyShadow.Tests.GraphAndInputTests" runstate="Runnable" seed="463312616" result="Passed" start-time="2026-09-16 03:28:00Z" end-time="2026-09-16 03:28:00Z" duration="0.000069" asserts="0">
                    <properties />
                  </test-case>
                  <test-case id="2691" name="EntrypointCannotPromoteAnIneligibleProvider(BuildFiltered,False,False)" fullname="HybridCLR.Editor.AssemblyShadow.Tests.GraphAndInputTests.EntrypointCannotPromoteAnIneligibleProvider(BuildFiltered,False,False)" methodname="EntrypointCannotPromoteAnIneligibleProvider" classname="HybridCLR.Editor.AssemblyShadow.Tests.GraphAndInputTests" runstate="Runnable" seed="1926282355" result="Passed" start-time="2026-09-16 03:28:00Z" end-time="2026-09-16 03:28:00Z" duration="0.000073" asserts="0">
                    <properties />
                  </test-case>
                  <test-case id="2692" name="EntrypointCannotPromoteAnIneligibleProvider(NormalHotUpdate,True,False)" fullname="HybridCLR.Editor.AssemblyShadow.Tests.GraphAndInputTests.EntrypointCannotPromoteAnIneligibleProvider(NormalHotUpdate,True,False)" methodname="EntrypointCannotPromoteAnIneligibleProvider" classname="HybridCLR.Editor.AssemblyShadow.Tests.GraphAndInputTests" runstate="Runnable" seed="1002595582" result="Passed" start-time="2026-09-16 03:28:00Z" end-time="2026-09-16 03:28:00Z" duration="0.000073" asserts="0">
                    <properties />
                  </test-case>
                  <test-case id="2693" name="EntrypointCannotPromoteAnIneligibleProvider(NormalHotUpdate,False,True)" fullname="HybridCLR.Editor.AssemblyShadow.Tests.GraphAndInputTests.EntrypointCannotPromoteAnIneligibleProvider(NormalHotUpdate,False,True)" methodname="EntrypointCannotPromoteAnIneligibleProvider" classname="HybridCLR.Editor.AssemblyShadow.Tests.GraphAndInputTests" runstate="Runnable" seed="1037346646" result="Passed" start-time="2026-09-16 03:28:00Z" end-time="2026-09-16 03:28:00Z" duration="0.000183" asserts="0">
                    <properties />
                  </test-case>
                  <test-case id="2694" name="EntrypointCannotPromoteAnIneligibleProvider(Runtime,True,True)" fullname="HybridCLR.Editor.AssemblyShadow.Tests.GraphAndInputTests.EntrypointCannotPromoteAnIneligibleProvider(Runtime,True,True)" methodname="EntrypointCannotPromoteAnIneligibleProvider" classname="HybridCLR.Editor.AssemblyShadow.Tests.GraphAndInputTests" runstate="Runnable" seed="608248852" result="Passed" start-time="2026-09-16 03:28:00Z" end-time="2026-09-16 03:28:00Z" duration="0.000157" asserts="0">
                    <properties />
                  </test-case>
                </test-suite>
                <test-case id="2702" name="ExplicitRootsCannotHideDetectedChanges" fullname="HybridCLR.Editor.AssemblyShadow.Tests.GraphAndInputTests.ExplicitRootsCannotHideDetectedChanges" methodname="ExplicitRootsCannotHideDetectedChanges" classname="HybridCLR.Editor.AssemblyShadow.Tests.GraphAndInputTests" runstate="Runnable" seed="1473162672" result="Passed" start-time="2026-09-16 03:28:00Z" end-time="2026-09-16 03:28:00Z" duration="0.006301" asserts="0">
                  <properties />
                </test-case>
                <test-case id="2680" name="ExplicitRuntimeDependencyParticipatesInReverseClosure" fullname="HybridCLR.Editor.AssemblyShadow.Tests.GraphAndInputTests.ExplicitRuntimeDependencyParticipatesInReverseClosure" methodname="ExplicitRuntimeDependencyParticipatesInReverseClosure" classname="HybridCLR.Editor.AssemblyShadow.Tests.GraphAndInputTests" runstate="Runnable" seed="557734171" result="Passed" start-time="2026-09-16 03:28:00Z" end-time="2026-09-16 03:28:00Z" duration="0.000930" asserts="0">
                  <properties />
                </test-case>
                <test-case id="2674" name="ExtensibilityPullsInternalAndExternalConsumer" fullname="HybridCLR.Editor.AssemblyShadow.Tests.GraphAndInputTests.ExtensibilityPullsInternalAndExternalConsumer" methodname="ExtensibilityPullsInternalAndExternalConsumer" classname="HybridCLR.Editor.AssemblyShadow.Tests.GraphAndInputTests" runstate="Runnable" seed="1916744325" result="Passed" start-time="2026-09-16 03:28:00Z" end-time="2026-09-16 03:28:00Z" duration="0.000159" asserts="0">
                  <properties />
                </test-case>
                <test-case id="2677" name="FixedBootstrapInReverseClosureFails" fullname="HybridCLR.Editor.AssemblyShadow.Tests.GraphAndInputTests.FixedBootstrapInReverseClosureFails" methodname="FixedBootstrapInReverseClosureFails" classname="HybridCLR.Editor.AssemblyShadow.Tests.GraphAndInputTests" runstate="Runnable" seed="1083314967" result="Passed" start-time="2026-09-16 03:28:00Z" end-time="2026-09-16 03:28:00Z" duration="0.000300" asserts="0">
                  <properties />
                </test-case>
                <test-case id="2704" name="GeneratorAdapterUsesClosureNotAllCandidates" fullname="HybridCLR.Editor.AssemblyShadow.Tests.GraphAndInputTests.GeneratorAdapterUsesClosureNotAllCandidates" methodname="GeneratorAdapterUsesClosureNotAllCandidates" classname="HybridCLR.Editor.AssemblyShadow.Tests.GraphAndInputTests" runstate="Runnable" seed="1647879633" result="Passed" start-time="2026-09-16 03:28:00Z" end-time="2026-09-16 03:28:00Z" duration="0.001778" asserts="0">
                  <properties />
                </test-case>
                <test-case id="2673" name="InternalRootDoesNotPullProviders" fullname="HybridCLR.Editor.AssemblyShadow.Tests.GraphAndInputTests.InternalRootDoesNotPullProviders" methodname="InternalRootDoesNotPullProviders" classname="HybridCLR.Editor.AssemblyShadow.Tests.GraphAndInputTests" runstate="Runnable" seed="471301297" result="Passed" start-time="2026-09-16 03:28:00Z" end-time="2026-09-16 03:28:00Z" duration="0.000123" asserts="0">
                  <properties />
                </test-case>
                <test-suite type="ParameterizedMethod" id="2700" name="InvalidExplicitEdgesFail" fullname="HybridCLR.Editor.AssemblyShadow.Tests.GraphAndInputTests.InvalidExplicitEdgesFail" classname="HybridCLR.Editor.AssemblyShadow.Tests.GraphAndInputTests" runstate="Runnable" testcasecount="3" result="Passed" start-time="2026-09-16 03:28:00Z" end-time="2026-09-16 03:28:00Z" duration="0.001155" total="3" passed="3" failed="0" inconclusive="0" skipped="0" asserts="0">
                  <properties />
                  <test-case id="2697" name="InvalidExplicitEdgesFail(&quot;Missing&quot;,&quot;Provider&quot;,&quot;UnknownAssembly&quot;)" fullname="HybridCLR.Editor.AssemblyShadow.Tests.GraphAndInputTests.InvalidExplicitEdgesFail(&quot;Missing&quot;,&quot;Provider&quot;,&quot;UnknownAssembly&quot;)" methodname="InvalidExplicitEdgesFail" classname="HybridCLR.Editor.AssemblyShadow.Tests.GraphAndInputTests" runstate="Runnable" seed="1379207652" result="Passed" start-time="2026-09-16 03:28:00Z" end-time="2026-09-16 03:28:00Z" duration="0.000287" asserts="0">
                    <properties />
                  </test-case>
                  <test-case id="2698" name="InvalidExplicitEdgesFail(&quot;Provider&quot;,&quot;Provider&quot;,&quot;SelfDependency&quot;)" fullname="HybridCLR.Editor.AssemblyShadow.Tests.GraphAndInputTests.InvalidExplicitEdgesFail(&quot;Provider&quot;,&quot;Provider&quot;,&quot;SelfDependency&quot;)" methodname="InvalidExplicitEdgesFail" classname="HybridCLR.Editor.AssemblyShadow.Tests.GraphAndInputTests" runstate="Runnable" seed="828764950" result="Passed" start-time="2026-09-16 03:28:00Z" end-time="2026-09-16 03:28:00Z" duration="0.000062" asserts="0">
                    <properties />
                  </test-case>
                  <test-case id="2699" name="InvalidExplicitEdgesFail(&quot;Consumer&quot;,&quot;Provider&quot;,&quot;DuplicateDependency&quot;)" fullname="HybridCLR.Editor.AssemblyShadow.Tests.GraphAndInputTests.InvalidExplicitEdgesFail(&quot;Consumer&quot;,&quot;Provider&quot;,&quot;DuplicateDependency&quot;)" methodname="InvalidExplicitEdgesFail" classname="HybridCLR.Editor.AssemblyShadow.Tests.GraphAndInputTests" runstate="Runnable" seed="775651661" result="Passed" start-time="2026-09-16 03:28:00Z" end-time="2026-09-16 03:28:00Z" duration="0.000058" asserts="0">
                    <properties />
                  </test-case>
                </test-suite>
                <test-case id="2676" name="NonShadowConsumerReportsWholeReferencePath" fullname="HybridCLR.Editor.AssemblyShadow.Tests.GraphAndInputTests.NonShadowConsumerReportsWholeReferencePath" methodname="NonShadowConsumerReportsWholeReferencePath" classname="HybridCLR.Editor.AssemblyShadow.Tests.GraphAndInputTests" runstate="Runnable" seed="278832908" result="Passed" start-time="2026-09-16 03:28:00Z" end-time="2026-09-16 03:28:00Z" duration="0.000208" asserts="0">
                  <properties />
                </test-case>
                <test-case id="2682" name="NormalHotUpdateConsumerIsNotMistakenForAotOrAllowedToEscape" fullname="HybridCLR.Editor.AssemblyShadow.Tests.GraphAndInputTests.NormalHotUpdateConsumerIsNotMistakenForAotOrAllowedToEscape" methodname="NormalHotUpdateConsumerIsNotMistakenForAotOrAllowedToEscape" classname="HybridCLR.Editor.AssemblyShadow.Tests.GraphAndInputTests" runstate="Runnable" seed="1135305987" result="Passed" start-time="2026-09-16 03:28:00Z" end-time="2026-09-16 03:28:00Z" duration="0.000294" asserts="0">
                  <properties />
                </test-case>
                <test-case id="2683" name="OrdinaryHotUpdateEntrypointRetainsItsExplicitRuntimeEdge" fullname="HybridCLR.Editor.AssemblyShadow.Tests.GraphAndInputTests.OrdinaryHotUpdateEntrypointRetainsItsExplicitRuntimeEdge" methodname="OrdinaryHotUpdateEntrypointRetainsItsExplicitRuntimeEdge" classname="HybridCLR.Editor.AssemblyShadow.Tests.GraphAndInputTests" runstate="Runnable" seed="1113093614" result="Passed" start-time="2026-09-16 03:28:00Z" end-time="2026-09-16 03:28:00Z" duration="0.001051" asserts="0">
                  <properties />
                </test-case>
                <test-suite type="ParameterizedMethod" id="2686" name="OrdinaryHotUpdateEntrypointStillRequiresExactCallsiteAndTarget" fullname="HybridCLR.Editor.AssemblyShadow.Tests.GraphAndInputTests.OrdinaryHotUpdateEntrypointStillRequiresExactCallsiteAndTarget" classname="HybridCLR.Editor.AssemblyShadow.Tests.GraphAndInputTests" runstate="Runnable" testcasecount="2" result="Passed" start-time="2026-09-16 03:28:00Z" end-time="2026-09-16 03:28:00Z" duration="0.000661" total="2" passed="2" failed="0" inconclusive="0" skipped="0" asserts="0">
                  <properties />
                  <test-case id="2684" name="OrdinaryHotUpdateEntrypointStillRequiresExactCallsiteAndTarget(&quot;Bootstrap::Other&quot;,&quot;OrdinaryHotUpdate.Entry, OrdinaryHotUpdate&quot;)" fullname="HybridCLR.Editor.AssemblyShadow.Tests.GraphAndInputTests.OrdinaryHotUpdateEntrypointStillRequiresExactCallsiteAndTarget(&quot;Bootstrap::Other&quot;,&quot;OrdinaryHotUpdate.Entry, OrdinaryHotUpdate&quot;)" methodname="OrdinaryHotUpdateEntrypointStillRequiresExactCallsiteAndTarget" classname="HybridCLR.Editor.AssemblyShadow.Tests.GraphAndInputTests" runstate="Runnable" seed="931137503" result="Passed" start-time="2026-09-16 03:28:00Z" end-time="2026-09-16 03:28:00Z" duration="0.000202" asserts="0">
                    <properties />
                  </test-case>
                  <test-case id="2685" name="OrdinaryHotUpdateEntrypointStillRequiresExactCallsiteAndTarget(&quot;Bootstrap::Probe&quot;,&quot;OrdinaryHotUpdate.Other, OrdinaryHotUpdate&quot;)" fullname="HybridCLR.Editor.AssemblyShadow.Tests.GraphAndInputTests.OrdinaryHotUpdateEntrypointStillRequiresExactCallsiteAndTarget(&quot;Bootstrap::Probe&quot;,&quot;OrdinaryHotUpdate.Other, OrdinaryHotUpdate&quot;)" methodname="OrdinaryHotUpdateEntrypointStillRequiresExactCallsiteAndTarget" classname="HybridCLR.Editor.AssemblyShadow.Tests.GraphAndInputTests" runstate="Runnable" seed="1176370336" result="Passed" start-time="2026-09-16 03:28:00Z" end-time="2026-09-16 03:28:00Z" duration="0.000060" asserts="0">
                    <properties />
                  </test-case>
                </test-suite>
                <test-case id="2679" name="PrecompiledConsumerNeedsExplicitCapability" fullname="HybridCLR.Editor.AssemblyShadow.Tests.GraphAndInputTests.PrecompiledConsumerNeedsExplicitCapability" methodname="PrecompiledConsumerNeedsExplicitCapability" classname="HybridCLR.Editor.AssemblyShadow.Tests.GraphAndInputTests" runstate="Runnable" seed="1460562620" result="Passed" start-time="2026-09-16 03:28:00Z" end-time="2026-09-16 03:28:00Z" duration="0.000208" asserts="0">
                  <properties />
                </test-case>
                <test-case id="2681" name="RemovingDeclarationCannotHideBaselineConsumer" fullname="HybridCLR.Editor.AssemblyShadow.Tests.GraphAndInputTests.RemovingDeclarationCannotHideBaselineConsumer" methodname="RemovingDeclarationCannotHideBaselineConsumer" classname="HybridCLR.Editor.AssemblyShadow.Tests.GraphAndInputTests" runstate="Runnable" seed="675612622" result="Passed" start-time="2026-09-16 03:28:00Z" end-time="2026-09-16 03:28:00Z" duration="0.000216" asserts="0">
                  <properties />
                </test-case>
                <test-case id="2703" name="StableBootstrapCannotChange" fullname="HybridCLR.Editor.AssemblyShadow.Tests.GraphAndInputTests.StableBootstrapCannotChange" methodname="StableBootstrapCannotChange" classname="HybridCLR.Editor.AssemblyShadow.Tests.GraphAndInputTests" runstate="Runnable" seed="653243602" result="Passed" start-time="2026-09-16 03:28:00Z" end-time="2026-09-16 03:28:00Z" duration="0.000183" asserts="0">
                  <properties />
                </test-case>
              </test-suite>
              <test-suite type="TestFixture" id="2705" name="LinkedRuntimeReferenceTests" fullname="HybridCLR.Editor.AssemblyShadow.Tests.LinkedRuntimeReferenceTests" classname="HybridCLR.Editor.AssemblyShadow.Tests.LinkedRuntimeReferenceTests" runstate="Runnable" testcasecount="15" result="Passed" start-time="2026-09-16 03:28:00Z" end-time="2026-09-16 03:28:01Z" duration="0.726684" total="15" passed="15" failed="0" inconclusive="0" skipped="0" asserts="0">
                <properties />
                <test-case id="2709" name="CallbackOnlyRemovalCannotBeWaived" fullname="HybridCLR.Editor.AssemblyShadow.Tests.LinkedRuntimeReferenceTests.CallbackOnlyRemovalCannotBeWaived" methodname="CallbackOnlyRemovalCannotBeWaived" classname="HybridCLR.Editor.AssemblyShadow.Tests.LinkedRuntimeReferenceTests" runstate="Runnable" seed="409361903" result="Passed" start-time="2026-09-16 03:28:00Z" end-time="2026-09-16 03:28:00Z" duration="0.066505" asserts="0">
                  <properties />
                </test-case>
                <test-case id="2714" name="CandidateNormalAndBootstrapConsumersRemainIneligible" fullname="HybridCLR.Editor.AssemblyShadow.Tests.LinkedRuntimeReferenceTests.CandidateNormalAndBootstrapConsumersRemainIneligible" methodname="CandidateNormalAndBootstrapConsumersRemainIneligible" classname="HybridCLR.Editor.AssemblyShadow.Tests.LinkedRuntimeReferenceTests" runstate="Runnable" seed="1250167656" result="Passed" start-time="2026-09-16 03:28:00Z" end-time="2026-09-16 03:28:00Z" duration="0.053022" asserts="0">
                  <properties />
                </test-case>
                <test-case id="2710" name="ChangedCurrentIlOrIdentityCannotUseFrozenLink" fullname="HybridCLR.Editor.AssemblyShadow.Tests.LinkedRuntimeReferenceTests.ChangedCurrentIlOrIdentityCannotUseFrozenLink" methodname="ChangedCurrentIlOrIdentityCannotUseFrozenLink" classname="HybridCLR.Editor.AssemblyShadow.Tests.LinkedRuntimeReferenceTests" runstate="Runnable" seed="1079983071" result="Passed" start-time="2026-09-16 03:28:00Z" end-time="2026-09-16 03:28:00Z" duration="0.035189" asserts="0">
                  <properties />
                </test-case>
                <test-case id="2712" name="ChangedCurrentReferencesCannotUseFrozenLink" fullname="HybridCLR.Editor.AssemblyShadow.Tests.LinkedRuntimeReferenceTests.ChangedCurrentReferencesCannotUseFrozenLink" methodname="ChangedCurrentReferencesCannotUseFrozenLink" classname="HybridCLR.Editor.AssemblyShadow.Tests.LinkedRuntimeReferenceTests" runstate="Runnable" seed="1315693881" result="Passed" start-time="2026-09-16 03:28:00Z" end-time="2026-09-16 03:28:00Z" duration="0.022801" asserts="0">
                  <properties />
                </test-case>
                <test-case id="2720" name="DeclaredAndReflectionDependenciesAreNeverWaived" fullname="HybridCLR.Editor.AssemblyShadow.Tests.LinkedRuntimeReferenceTests.DeclaredAndReflectionDependenciesAreNeverWaived" methodname="DeclaredAndReflectionDependenciesAreNeverWaived" classname="HybridCLR.Editor.AssemblyShadow.Tests.LinkedRuntimeReferenceTests" runstate="Runnable" seed="767172390" result="Passed" start-time="2026-09-16 03:28:00Z" end-time="2026-09-16 03:28:00Z" duration="0.053233" asserts="0">
                  <properties />
                </test-case>
                <test-case id="2713" name="InMemoryIdentityAndIlChangesCannotMintProof" fullname="HybridCLR.Editor.AssemblyShadow.Tests.LinkedRuntimeReferenceTests.InMemoryIdentityAndIlChangesCannotMintProof" methodname="InMemoryIdentityAndIlChangesCannotMintProof" classname="HybridCLR.Editor.AssemblyShadow.Tests.LinkedRuntimeReferenceTests" runstate="Runnable" seed="405507912" result="Passed" start-time="2026-09-16 03:28:00Z" end-time="2026-09-16 03:28:01Z" duration="0.036436" asserts="0">
                  <properties />
                </test-case>
                <test-case id="2707" name="MissingPlayerEvidenceCannotCreateProof" fullname="HybridCLR.Editor.AssemblyShadow.Tests.LinkedRuntimeReferenceTests.MissingPlayerEvidenceCannotCreateProof" methodname="MissingPlayerEvidenceCannotCreateProof" classname="HybridCLR.Editor.AssemblyShadow.Tests.LinkedRuntimeReferenceTests" runstate="Runnable" seed="1711773010" result="Passed" start-time="2026-09-16 03:28:01Z" end-time="2026-09-16 03:28:01Z" duration="0.011581" asserts="0">
                  <properties />
                </test-case>
                <test-case id="2716" name="NormalHotUpdateProviderCannotBecomeACompilerOnlyException" fullname="HybridCLR.Editor.AssemblyShadow.Tests.LinkedRuntimeReferenceTests.NormalHotUpdateProviderCannotBecomeACompilerOnlyException" methodname="NormalHotUpdateProviderCannotBecomeACompilerOnlyException" classname="HybridCLR.Editor.AssemblyShadow.Tests.LinkedRuntimeReferenceTests" runstate="Runnable" seed="1168606792" result="Passed" start-time="2026-09-16 03:28:01Z" end-time="2026-09-16 03:28:01Z" duration="0.022716" asserts="0">
                  <properties />
                </test-case>
                <test-case id="2719" name="ProofCannotBeReusedForAnotherSetOrMutatedRolesMetadataAndEvidence" fullname="HybridCLR.Editor.AssemblyShadow.Tests.LinkedRuntimeReferenceTests.ProofCannotBeReusedForAnotherSetOrMutatedRolesMetadataAndEvidence" methodname="ProofCannotBeReusedForAnotherSetOrMutatedRolesMetadataAndEvidence" classname="HybridCLR.Editor.AssemblyShadow.Tests.LinkedRuntimeReferenceTests" runstate="Runnable" seed="1367524382" result="Passed" start-time="2026-09-16 03:28:01Z" end-time="2026-09-16 03:28:01Z" duration="0.251544" asserts="0">
                  <properties />
                </test-case>
                <test-case id="2715" name="ProtectedCandidateDemotionOrBootstrapRoleSwapCannotGrantEligibility" fullname="HybridCLR.Editor.AssemblyShadow.Tests.LinkedRuntimeReferenceTests.ProtectedCandidateDemotionOrBootstrapRoleSwapCannotGrantEligibility" methodname="ProtectedCandidateDemotionOrBootstrapRoleSwapCannotGrantEligibility" classname="HybridCLR.Editor.AssemblyShadow.Tests.LinkedRuntimeReferenceTests" runstate="Runnable" seed="173501179" result="Passed" start-time="2026-09-16 03:28:01Z" end-time="2026-09-16 03:28:01Z" duration="0.034434" asserts="0">
                  <properties />
                </test-case>
                <test-case id="2711" name="RecompiledFixedAotWithOnlyDifferentMvidCanUseFrozenLink" fullname="HybridCLR.Editor.AssemblyShadow.Tests.LinkedRuntimeReferenceTests.RecompiledFixedAotWithOnlyDifferentMvidCanUseFrozenLink" methodname="RecompiledFixedAotWithOnlyDifferentMvidCanUseFrozenLink" classname="HybridCLR.Editor.AssemblyShadow.Tests.LinkedRuntimeReferenceTests" runstate="Runnable" seed="957429818" result="Passed" start-time="2026-09-16 03:28:01Z" end-time="2026-09-16 03:28:01Z" duration="0.024531" asserts="0">
                  <properties />
                </test-case>
                <test-case id="2706" name="RemovedRawReferenceNeedsProofAndNeverMutatesDescriptors" fullname="HybridCLR.Editor.AssemblyShadow.Tests.LinkedRuntimeReferenceTests.RemovedRawReferenceNeedsProofAndNeverMutatesDescriptors" methodname="RemovedRawReferenceNeedsProofAndNeverMutatesDescriptors" classname="HybridCLR.Editor.AssemblyShadow.Tests.LinkedRuntimeReferenceTests" runstate="Runnable" seed="725334840" result="Passed" start-time="2026-09-16 03:28:01Z" end-time="2026-09-16 03:28:01Z" duration="0.028952" asserts="0">
                  <properties />
                </test-case>
                <test-case id="2708" name="RetainedLinkedReferenceCannotBeWaived" fullname="HybridCLR.Editor.AssemblyShadow.Tests.LinkedRuntimeReferenceTests.RetainedLinkedReferenceCannotBeWaived" methodname="RetainedLinkedReferenceCannotBeWaived" classname="HybridCLR.Editor.AssemblyShadow.Tests.LinkedRuntimeReferenceTests" runstate="Runnable" seed="1974618393" result="Passed" start-time="2026-09-16 03:28:01Z" end-time="2026-09-16 03:28:01Z" duration="0.023619" asserts="0">
                  <properties />
                </test-case>
                <test-case id="2718" name="TamperedLinkedOrNativeBytesRejectFactory" fullname="HybridCLR.Editor.AssemblyShadow.Tests.LinkedRuntimeReferenceTests.TamperedLinkedOrNativeBytesRejectFactory" methodname="TamperedLinkedOrNativeBytesRejectFactory" classname="HybridCLR.Editor.AssemblyShadow.Tests.LinkedRuntimeReferenceTests" runstate="Runnable" seed="924558736" result="Passed" start-time="2026-09-16 03:28:01Z" end-time="2026-09-16 03:28:01Z" duration="0.032225" asserts="0">
                  <properties />
                </test-case>
                <test-case id="2717" name="WrongExpectedSnapshotNativeGuidAndMutableReceiptReject" fullname="HybridCLR.Editor.AssemblyShadow.Tests.LinkedRuntimeReferenceTests.WrongExpectedSnapshotNativeGuidAndMutableReceiptReject" methodname="WrongExpectedSnapshotNativeGuidAndMutableReceiptReject" classname="HybridCLR.Editor.AssemblyShadow.Tests.LinkedRuntimeReferenceTests" runstate="Runnable" seed="1481160351" result="Passed" start-time="2026-09-16 03:28:01Z" end-time="2026-09-16 03:28:01Z" duration="0.026914" asserts="0">
                  <properties />
                </test-case>
              </test-suite>
              <test-suite type="TestFixture" id="2721" name="M03RuntimeApiTests" fullname="HybridCLR.Editor.AssemblyShadow.Tests.M03RuntimeApiTests" classname="HybridCLR.Editor.AssemblyShadow.Tests.M03RuntimeApiTests" runstate="Runnable" testcasecount="139" result="Passed" start-time="2026-09-16 03:28:01Z" end-time="2026-09-16 03:28:01Z" duration="0.056337" total="139" passed="139" failed="0" inconclusive="0" skipped="0" asserts="0">
                <properties />
                <test-case id="2722" name="ContractEnumsAndAbiAreStable" fullname="HybridCLR.Editor.AssemblyShadow.Tests.M03RuntimeApiTests.ContractEnumsAndAbiAreStable" methodname="ContractEnumsAndAbiAreStable" classname="HybridCLR.Editor.AssemblyShadow.Tests.M03RuntimeApiTests" runstate="Runnable" seed="406448332" result="Passed" start-time="2026-09-16 03:28:01Z" end-time="2026-09-16 03:28:01Z" duration="0.002190" asserts="0">
                  <properties />
                </test-case>
                <test-case id="2725" name="DiagnosticsParserMirrorsSchemaOneFields" fullname="HybridCLR.Editor.AssemblyShadow.Tests.M03RuntimeApiTests.DiagnosticsParserMirrorsSchemaOneFields" methodname="DiagnosticsParserMirrorsSchemaOneFields" classname="HybridCLR.Editor.AssemblyShadow.Tests.M03RuntimeApiTests" runstate="Runnable" seed="1933178198" result="Passed" start-time="2026-09-16 03:28:01Z" end-time="2026-09-16 03:28:01Z" duration="0.003274" asserts="0">
                  <properties />
                </test-case>
                <test-case id="2727" name="DiagnosticsRoundTripPreservesEveryReachableField" fullname="HybridCLR.Editor.AssemblyShadow.Tests.M03RuntimeApiTests.DiagnosticsRoundTripPreservesEveryReachableField" methodname="DiagnosticsRoundTripPreservesEveryReachableField" classname="HybridCLR.Editor.AssemblyShadow.Tests.M03RuntimeApiTests" runstate="Runnable" seed="1619228592" result="Passed" start-time="2026-09-16 03:28:01Z" end-time="2026-09-16 03:28:01Z" duration="0.001219" asserts="0">
                  <properties />
                </test-case>
                <test-case id="2726" name="DiagnosticsSchemaPreservesEveryReachableTypeAndField" fullname="HybridCLR.Editor.AssemblyShadow.Tests.M03RuntimeApiTests.DiagnosticsSchemaPreservesEveryReachableTypeAndField" methodname="DiagnosticsSchemaPreservesEveryReachableTypeAndField" classname="HybridCLR.Editor.AssemblyShadow.Tests.M03RuntimeApiTests" runstate="Runnable" seed="140991307" result="Passed" start-time="2026-09-16 03:28:01Z" end-time="2026-09-16 03:28:01Z" duration="0.001939" asserts="0">
                  <properties />
                </test-case>
                <test-case id="2728" name="DiagnosticsUnsignedFieldsMatchNativeContract" fullname="HybridCLR.Editor.AssemblyShadow.Tests.M03RuntimeApiTests.DiagnosticsUnsignedFieldsMatchNativeContract" methodname="DiagnosticsUnsignedFieldsMatchNativeContract" classname="HybridCLR.Editor.AssemblyShadow.Tests.M03RuntimeApiTests" runstate="Runnable" seed="1565369094" result="Passed" start-time="2026-09-16 03:28:01Z" end-time="2026-09-16 03:28:01Z" duration="0.004914" asserts="0">
                  <properties />
                </test-case>
                <test-suite type="ParameterizedMethod" id="2861" name="DiagnosticsUnsignedNumericTokensParseAndSerializeExactly" fullname="HybridCLR.Editor.AssemblyShadow.Tests.M03RuntimeApiTests.DiagnosticsUnsignedNumericTokensParseAndSerializeExactly" classname="HybridCLR.Editor.AssemblyShadow.Tests.M03RuntimeApiTests" runstate="Runnable" testcasecount="132" result="Passed" start-time="2026-09-16 03:28:01Z" end-time="2026-09-16 03:28:01Z" duration="0.034994" total="132" passed="132" failed="0" inconclusive="0" skipped="0" asserts="0">
                  <properties />
                  <test-case id="2729" name="UnsignedToken_AssemblyShadowDiagnostics_generation_0" fullname="HybridCLR.Editor.AssemblyShadow.Tests.M03RuntimeApiTests.UnsignedToken_AssemblyShadowDiagnostics_generation_0" methodname="DiagnosticsUnsignedNumericTokensParseAndSerializeExactly" classname="HybridCLR.Editor.AssemblyShadow.Tests.M03RuntimeApiTests" runstate="Runnable" seed="100489438" result="Passed" start-time="2026-09-16 03:28:01Z" end-time="2026-09-16 03:28:01Z" duration="0.002377" asserts="0">
                    <properties />
                  </test-case>
                  <test-case id="2730" name="UnsignedToken_AssemblyShadowDiagnostics_generation_1" fullname="HybridCLR.Editor.AssemblyShadow.Tests.M03RuntimeApiTests.UnsignedToken_AssemblyShadowDiagnostics_generation_1" methodname="DiagnosticsUnsignedNumericTokensParseAndSerializeExactly" classname="HybridCLR.Editor.AssemblyShadow.Tests.M03RuntimeApiTests" runstate="Runnable" seed="296979066" result="Passed" start-time="2026-09-16 03:28:01Z" end-time="2026-09-16 03:28:01Z" duration="0.000099" asserts="0">
                    <properties />
                  </test-case>
                  <test-case id="2731" name="UnsignedToken_AssemblyShadowDiagnostics_generation_4294967295" fullname="HybridCLR.Editor.AssemblyShadow.Tests.M03RuntimeApiTests.UnsignedToken_AssemblyShadowDiagnostics_generation_4294967295" methodname="DiagnosticsUnsignedNumericTokensParseAndSerializeExactly" classname="HybridCLR.Editor.AssemblyShadow.Tests.M03RuntimeApiTests" runstate="Runnable" seed="2135117311" result="Passed" start-time="2026-09-16 03:28:01Z" end-time="2026-09-16 03:28:01Z" duration="0.000095" asserts="0">
                    <properties />
                  </test-case>
                  <test-case id="2732" name="UnsignedToken_AssemblyShadowDiagnostics_generation_4294967296" fullname="HybridCLR.Editor.AssemblyShadow.Tests.M03RuntimeApiTests.UnsignedToken_AssemblyShadowDiagnostics_generation_4294967296" methodname="DiagnosticsUnsignedNumericTokensParseAndSerializeExactly" classname="HybridCLR.Editor.AssemblyShadow.Tests.M03RuntimeApiTests" runstate="Runnable" seed="672467743" result="Passed" start-time="2026-09-16 03:28:01Z" end-time="2026-09-16 03:28:01Z" duration="0.000088" asserts="0">
                    <properties />
                  </test-case>
                  <test-case id="2733" name="UnsignedToken_AssemblyShadowDiagnostics_generation_4294967297" fullname="HybridCLR.Editor.AssemblyShadow.Tests.M03RuntimeApiTests.UnsignedToken_AssemblyShadowDiagnostics_generation_4294967297" methodname="DiagnosticsUnsignedNumericTokensParseAndSerializeExactly" classname="HybridCLR.Editor.AssemblyShadow.Tests.M03RuntimeApiTests" runstate="Runnable" seed="1279545624" result="Passed" start-time="2026-09-16 03:28:01Z" end-time="2026-09-16 03:28:01Z" duration="0.000091" asserts="0">
                    <properties />
                  </test-case>
                  <test-case id="2734" name="UnsignedToken_AssemblyShadowDiagnostics_generation_9007199254740991" fullname="HybridCLR.Editor.AssemblyShadow.Tests.M03RuntimeApiTests.UnsignedToken_AssemblyShadowDiagnostics_generation_9007199254740991" methodname="DiagnosticsUnsignedNumericTokensParseAndSerializeExactly" classname="HybridCLR.Editor.AssemblyShadow.Tests.M03RuntimeApiTests" runstate="Runnable" seed="1536689771" result="Passed" start-time="2026-09-16 03:28:01Z" end-time="2026-09-16 03:28:01Z" duration="0.000091" asserts="0">
                    <properties />
                  </test-case>
                  <test-case id="2735" name="UnsignedToken_AssemblyShadowDiagnostics_generation_9007199254740992" fullname="HybridCLR.Editor.AssemblyShadow.Tests.M03RuntimeApiTests.UnsignedToken_AssemblyShadowDiagnostics_generation_9007199254740992" methodname="DiagnosticsUnsignedNumericTokensParseAndSerializeExactly" classname="HybridCLR.Editor.AssemblyShadow.Tests.M03RuntimeApiTests" runstate="Runnable" seed="967791042" result="Passed" start-time="2026-09-16 03:28:01Z" end-time="2026-09-16 03:28:01Z" duration="0.000086" asserts="0">
                    <properties />
                  </test-case>
                  <test-case id="2736" name="UnsignedToken_AssemblyShadowDiagnostics_generation_9007199254740993" fullname="HybridCLR.Editor.AssemblyShadow.Tests.M03RuntimeApiTests.UnsignedToken_AssemblyShadowDiagnostics_generation_9007199254740993" methodname="DiagnosticsUnsignedNumericTokensParseAndSerializeExactly" classname="HybridCLR.Editor.AssemblyShadow.Tests.M03RuntimeApiTests" runstate="Runnable" seed="220204277" result="Passed" start-time="2026-09-16 03:28:01Z" end-time="2026-09-16 03:28:01Z" duration="0.000088" asserts="0">
                    <properties />
                  </test-case>
                  <test-case id="2737" name="UnsignedToken_AssemblyShadowDiagnostics_generation_9223372036854775807" fullname="HybridCLR.Editor.AssemblyShadow.Tests.M03RuntimeApiTests.UnsignedToken_AssemblyShadowDiagnostics_generation_9223372036854775807" methodname="DiagnosticsUnsignedNumericTokensParseAndSerializeExactly" classname="HybridCLR.Editor.AssemblyShadow.Tests.M03RuntimeApiTests" runstate="Runnable" seed="770019128" result="Passed" start-time="2026-09-16 03:28:01Z" end-time="2026-09-16 03:28:01Z" duration="0.000111" asserts="0">
                    <properties />
                  </test-case>
                  <test-case id="2738" name="UnsignedToken_AssemblyShadowDiagnostics_generation_9223372036854775808" fullname="HybridCLR.Editor.AssemblyShadow.Tests.M03RuntimeApiTests.UnsignedToken_AssemblyShadowDiagnostics_generation_9223372036854775808" methodname="DiagnosticsUnsignedNumericTokensParseAndSerializeExactly" classname="HybridCLR.Editor.AssemblyShadow.Tests.M03RuntimeApiTests" runstate="Runnable" seed="2057144092" result="Passed" start-time="2026-09-16 03:28:01Z" end-time="2026-09-16 03:28:01Z" duration="0.000087" asserts="0">
                    <properties />
                  </test-case>
                  <test-case id="2739" name="UnsignedToken_AssemblyShadowDiagnostics_generation_18199233411598851025" fullname="HybridCLR.Editor.AssemblyShadow.Tests.M03RuntimeApiTests.UnsignedToken_AssemblyShadowDiagnostics_generation_18199233411598851025" methodname="DiagnosticsUnsignedNumericTokensParseAndSerializeExactly" classname="HybridCLR.Editor.AssemblyShadow.Tests.M03RuntimeApiTests" runstate="Runnable" seed="881036275" result="Passed" start-time="2026-09-16 03:28:01Z" end-time="2026-09-16 03:28:01Z" duration="0.000093" asserts="0">
                    <properties />
                  </test-case>
                  <test-case id="2740" name="UnsignedToken_AssemblyShadowDiagnostics_generation_18446744073709551615" fullname="HybridCLR.Editor.AssemblyShadow.Tests.M03RuntimeApiTests.UnsignedToken_AssemblyShadowDiagnostics_generation_18446744073709551615" methodname="DiagnosticsUnsignedNumericTokensParseAndSerializeExactly" classname="HybridCLR.Editor.AssemblyShadow.Tests.M03RuntimeApiTests" runstate="Runnable" seed="1543665158" result="Passed" start-time="2026-09-16 03:28:01Z" end-time="2026-09-16 03:28:01Z" duration="0.000082" asserts="0">
                    <properties />
                  </test-case>
                  <test-case id="2741" name="UnsignedToken_AssemblyShadowDiagnostics_expected_0" fullname="HybridCLR.Editor.AssemblyShadow.Tests.M03RuntimeApiTests.UnsignedToken_AssemblyShadowDiagnostics_expected_0" methodname="DiagnosticsUnsignedNumericTokensParseAndSerializeExactly" classname="HybridCLR.Editor.AssemblyShadow.Tests.M03RuntimeApiTests" runstate="Runnable" seed="64790745" result="Passed" start-time="2026-09-16 03:28:01Z" end-time="2026-09-16 03:28:01Z" duration="0.000102" asserts="0">
                    <properties />
                  </test-case>
                  <test-case id="2742" name="UnsignedToken_AssemblyShadowDiagnostics_expected_1" fullname="HybridCLR.Editor.AssemblyShadow.Tests.M03RuntimeApiTests.UnsignedToken_AssemblyShadowDiagnostics_expected_1" methodname="DiagnosticsUnsignedNumericTokensParseAndSerializeExactly" classname="HybridCLR.Editor.AssemblyShadow.Tests.M03RuntimeApiTests" runstate="Runnable" seed="269124873" result="Passed" start-time="2026-09-16 03:28:01Z" end-time="2026-09-16 03:28:01Z" duration="0.000085" asserts="0">
                    <properties />
                  </test-case>
                  <test-case id="2743" name="UnsignedToken_AssemblyShadowDiagnostics_expected_4294967295" fullname="HybridCLR.Editor.AssemblyShadow.Tests.M03RuntimeApiTests.UnsignedToken_AssemblyShadowDiagnostics_expected_4294967295" methodname="DiagnosticsUnsignedNumericTokensParseAndSerializeExactly" classname="HybridCLR.Editor.AssemblyShadow.Tests.M03RuntimeApiTests" runstate="Runnable" seed="1987619685" result="Passed" start-time="2026-09-16 03:28:01Z" end-time="2026-09-16 03:28:01Z" duration="0.000083" asserts="0">
                    <properties />
                  </test-case>
                  <test-case id="2744" name="UnsignedToken_AssemblyShadowDiagnostics_expected_4294967296" fullname="HybridCLR.Editor.AssemblyShadow.Tests.M03RuntimeApiTests.UnsignedToken_AssemblyShadowDiagnostics_expected_4294967296" methodname="DiagnosticsUnsignedNumericTokensParseAndSerializeExactly" classname="HybridCLR.Editor.AssemblyShadow.Tests.M03RuntimeApiTests" runstate="Runnable" seed="2035010041" result="Passed" start-time="2026-09-16 03:28:01Z" end-time="2026-09-16 03:28:01Z" duration="0.000086" asserts="0">
                    <properties />
                  </test-case>
                  <test-case id="2745" name="UnsignedToken_AssemblyShadowDiagnostics_expected_4294967297" fullname="HybridCLR.Editor.AssemblyShadow.Tests.M03RuntimeApiTests.UnsignedToken_AssemblyShadowDiagnostics_expected_4294967297" methodname="DiagnosticsUnsignedNumericTokensParseAndSerializeExactly" classname="HybridCLR.Editor.AssemblyShadow.Tests.M03RuntimeApiTests" runstate="Runnable" seed="57010506" result="Passed" start-time="2026-09-16 03:28:01Z" end-time="2026-09-16 03:28:01Z" duration="0.000081" asserts="0">
                    <properties />
                  </test-case>
                  <test-case id="2746" name="UnsignedToken_AssemblyShadowDiagnostics_expected_9007199254740991" fullname="HybridCLR.Editor.AssemblyShadow.Tests.M03RuntimeApiTests.UnsignedToken_AssemblyShadowDiagnostics_expected_9007199254740991" methodname="DiagnosticsUnsignedNumericTokensParseAndSerializeExactly" classname="HybridCLR.Editor.AssemblyShadow.Tests.M03RuntimeApiTests" runstate="Runnable" seed="1984507879" result="Passed" start-time="2026-09-16 03:28:01Z" end-time="2026-09-16 03:28:01Z" duration="0.000083" asserts="0">
                    <properties />
                  </test-case>
                  <test-case id="2747" name="UnsignedToken_AssemblyShadowDiagnostics_expected_9007199254740992" fullname="HybridCLR.Editor.AssemblyShadow.Tests.M03RuntimeApiTests.UnsignedToken_AssemblyShadowDiagnostics_expected_9007199254740992" methodname="DiagnosticsUnsignedNumericTokensParseAndSerializeExactly" classname="HybridCLR.Editor.AssemblyShadow.Tests.M03RuntimeApiTests" runstate="Runnable" seed="1272632389" result="Passed" start-time="2026-09-16 03:28:01Z" end-time="2026-09-16 03:28:01Z" duration="0.000085" asserts="0">
                    <properties />
                  </test-case>
                  <test-case id="2748" name="UnsignedToken_AssemblyShadowDiagnostics_expected_9007199254740993" fullname="HybridCLR.Editor.AssemblyShadow.Tests.M03RuntimeApiTests.UnsignedToken_AssemblyShadowDiagnostics_expected_9007199254740993" methodname="DiagnosticsUnsignedNumericTokensParseAndSerializeExactly" classname="HybridCLR.Editor.AssemblyShadow.Tests.M03RuntimeApiTests" runstate="Runnable" seed="1237847962" result="Passed" start-time="2026-09-16 03:28:01Z" end-time="2026-09-16 03:28:01Z" duration="0.000086" asserts="0">
                    <properties />
                  </test-case>
                  <test-case id="2749" name="UnsignedToken_AssemblyShadowDiagnostics_expected_9223372036854775807" fullname="HybridCLR.Editor.AssemblyShadow.Tests.M03RuntimeApiTests.UnsignedToken_AssemblyShadowDiagnostics_expected_9223372036854775807" methodname="DiagnosticsUnsignedNumericTokensParseAndSerializeExactly" classname="HybridCLR.Editor.AssemblyShadow.Tests.M03RuntimeApiTests" runstate="Runnable" seed="1724414435" result="Passed" start-time="2026-09-16 03:28:01Z" end-time="2026-09-16 03:28:01Z" duration="0.000085" asserts="0">
                    <properties />
                  </test-case>
                  <test-case id="2750" name="UnsignedToken_AssemblyShadowDiagnostics_expected_9223372036854775808" fullname="HybridCLR.Editor.AssemblyShadow.Tests.M03RuntimeApiTests.UnsignedToken_AssemblyShadowDiagnostics_expected_9223372036854775808" methodname="DiagnosticsUnsignedNumericTokensParseAndSerializeExactly" classname="HybridCLR.Editor.AssemblyShadow.Tests.M03RuntimeApiTests" runstate="Runnable" seed="645930283" result="Passed" start-time="2026-09-16 03:28:01Z" end-time="2026-09-16 03:28:01Z" duration="0.000086" asserts="0">
                    <properties />
                  </test-case>
                  <test-case id="2751" name="UnsignedToken_AssemblyShadowDiagnostics_expected_18199233411598851025" fullname="HybridCLR.Editor.AssemblyShadow.Tests.M03RuntimeApiTests.UnsignedToken_AssemblyShadowDiagnostics_expected_18199233411598851025" methodname="DiagnosticsUnsignedNumericTokensParseAndSerializeExactly" classname="HybridCLR.Editor.AssemblyShadow.Tests.M03RuntimeApiTests" runstate="Runnable" seed="144958598" result="Passed" start-time="2026-09-16 03:28:01Z" end-time="2026-09-16 03:28:01Z" duration="0.000086" asserts="0">
                    <properties />
                  </test-case>
                  <test-case id="2752" name="UnsignedToken_AssemblyShadowDiagnostics_expected_18446744073709551615" fullname="HybridCLR.Editor.AssemblyShadow.Tests.M03RuntimeApiTests.UnsignedToken_AssemblyShadowDiagnostics_expected_18446744073709551615" methodname="DiagnosticsUnsignedNumericTokensParseAndSerializeExactly" classname="HybridCLR.Editor.AssemblyShadow.Tests.M03RuntimeApiTests" runstate="Runnable" seed="585509910" result="Passed" start-time="2026-09-16 03:28:01Z" end-time="2026-09-16 03:28:01Z" duration="0.000083" asserts="0">
                    <properties />
                  </test-case>
                  <test-case id="2753" name="UnsignedToken_AssemblyShadowDiagnostics_staged_0" fullname="HybridCLR.Editor.AssemblyShadow.Tests.M03RuntimeApiTests.UnsignedToken_AssemblyShadowDiagnostics_staged_0" methodname="DiagnosticsUnsignedNumericTokensParseAndSerializeExactly" classname="HybridCLR.Editor.AssemblyShadow.Tests.M03RuntimeApiTests" runstate="Runnable" seed="951162404" result="Passed" start-time="2026-09-16 03:28:01Z" end-time="2026-09-16 03:28:01Z" duration="0.000108" asserts="0">
                    <properties />
                  </test-case>
                  <test-case id="2754" name="UnsignedToken_AssemblyShadowDiagnostics_staged_1" fullname="HybridCLR.Editor.AssemblyShadow.Tests.M03RuntimeApiTests.UnsignedToken_AssemblyShadowDiagnostics_staged_1" methodname="DiagnosticsUnsignedNumericTokensParseAndSerializeExactly" classname="HybridCLR.Editor.AssemblyShadow.Tests.M03RuntimeApiTests" runstate="Runnable" seed="642184592" result="Passed" start-time="2026-09-16 03:28:01Z" end-time="2026-09-16 03:28:01Z" duration="0.000083" asserts="0">
                    <properties />
                  </test-case>
                  <test-case id="2755" name="UnsignedToken_AssemblyShadowDiagnostics_staged_4294967295" fullname="HybridCLR.Editor.AssemblyShadow.Tests.M03RuntimeApiTests.UnsignedToken_AssemblyShadowDiagnostics_staged_4294967295" methodname="DiagnosticsUnsignedNumericTokensParseAndSerializeExactly" classname="HybridCLR.Editor.AssemblyShadow.Tests.M03RuntimeApiTests" runstate="Runnable" seed="159980590" result="Passed" start-time="2026-09-16 03:28:01Z" end-time="2026-09-16 03:28:01Z" duration="0.000083" asserts="0">
                    <properties />
                  </test-case>
                  <test-case id="2756" name="UnsignedToken_AssemblyShadowDiagnostics_staged_4294967296" fullname="HybridCLR.Editor.AssemblyShadow.Tests.M03RuntimeApiTests.UnsignedToken_AssemblyShadowDiagnostics_staged_4294967296" methodname="DiagnosticsUnsignedNumericTokensParseAndSerializeExactly" classname="HybridCLR.Editor.AssemblyShadow.Tests.M03RuntimeApiTests" runstate="Runnable" seed="1789373142" result="Passed" start-time="2026-09-16 03:28:01Z" end-time="2026-09-16 03:28:01Z" duration="0.000083" asserts="0">
                    <properties />
                  </test-case>
                  <test-case id="2757" name="UnsignedToken_AssemblyShadowDiagnostics_staged_4294967297" fullname="HybridCLR.Editor.AssemblyShadow.Tests.M03RuntimeApiTests.UnsignedToken_AssemblyShadowDiagnostics_staged_4294967297" methodname="DiagnosticsUnsignedNumericTokensParseAndSerializeExactly" classname="HybridCLR.Editor.AssemblyShadow.Tests.M03RuntimeApiTests" runstate="Runnable" seed="1174682077" result="Passed" start-time="2026-09-16 03:28:01Z" end-time="2026-09-16 03:28:01Z" duration="0.000083" asserts="0">
                    <properties />
                  </test-case>
                  <test-case id="2758" name="UnsignedToken_AssemblyShadowDiagnostics_staged_9007199254740991" fullname="HybridCLR.Editor.AssemblyShadow.Tests.M03RuntimeApiTests.UnsignedToken_AssemblyShadowDiagnostics_staged_9007199254740991" methodname="DiagnosticsUnsignedNumericTokensParseAndSerializeExactly" classname="HybridCLR.Editor.AssemblyShadow.Tests.M03RuntimeApiTests" runstate="Runnable" seed="1208652527" result="Passed" start-time="2026-09-16 03:28:01Z" end-time="2026-09-16 03:28:01Z" duration="0.000081" asserts="0">
                    <properties />
                  </test-case>
                  <test-case id="2759" name="UnsignedToken_AssemblyShadowDiagnostics_staged_9007199254740992" fullname="HybridCLR.Editor.AssemblyShadow.Tests.M03RuntimeApiTests.UnsignedToken_AssemblyShadowDiagnostics_staged_9007199254740992" methodname="DiagnosticsUnsignedNumericTokensParseAndSerializeExactly" classname="HybridCLR.Editor.AssemblyShadow.Tests.M03RuntimeApiTests" runstate="Runnable" seed="793234110" result="Passed" start-time="2026-09-16 03:28:01Z" end-time="2026-09-16 03:28:01Z" duration="0.000085" asserts="0">
                    <properties />
                  </test-case>
                  <test-case id="2760" name="UnsignedToken_AssemblyShadowDiagnostics_staged_9007199254740993" fullname="HybridCLR.Editor.AssemblyShadow.Tests.M03RuntimeApiTests.UnsignedToken_AssemblyShadowDiagnostics_staged_9007199254740993" methodname="DiagnosticsUnsignedNumericTokensParseAndSerializeExactly" classname="HybridCLR.Editor.AssemblyShadow.Tests.M03RuntimeApiTests" runstate="Runnable" seed="525179086" result="Passed" start-time="2026-09-16 03:28:01Z" end-time="2026-09-16 03:28:01Z" duration="0.000087" asserts="0">
                    <properties />
                  </test-case>
                  <test-case id="2761" name="UnsignedToken_AssemblyShadowDiagnostics_staged_9223372036854775807" fullname="HybridCLR.Editor.AssemblyShadow.Tests.M03RuntimeApiTests.UnsignedToken_AssemblyShadowDiagnostics_staged_9223372036854775807" methodname="DiagnosticsUnsignedNumericTokensParseAndSerializeExactly" classname="HybridCLR.Editor.AssemblyShadow.Tests.M03RuntimeApiTests" runstate="Runnable" seed="1118755820" result="Passed" start-time="2026-09-16 03:28:01Z" end-time="2026-09-16 03:28:01Z" duration="0.000087" asserts="0">
                    <properties />
                  </test-case>
                  <test-case id="2762" name="UnsignedToken_AssemblyShadowDiagnostics_staged_9223372036854775808" fullname="HybridCLR.Editor.AssemblyShadow.Tests.M03RuntimeApiTests.UnsignedToken_AssemblyShadowDiagnostics_staged_9223372036854775808" methodname="DiagnosticsUnsignedNumericTokensParseAndSerializeExactly" classname="HybridCLR.Editor.AssemblyShadow.Tests.M03RuntimeApiTests" runstate="Runnable" seed="973383864" result="Passed" start-time="2026-09-16 03:28:01Z" end-time="2026-09-16 03:28:01Z" duration="0.000087" asserts="0">
                    <properties />
                  </test-case>
                  <test-case id="2763" name="UnsignedToken_AssemblyShadowDiagnostics_staged_18199233411598851025" fullname="HybridCLR.Editor.AssemblyShadow.Tests.M03RuntimeApiTests.UnsignedToken_AssemblyShadowDiagnostics_staged_18199233411598851025" methodname="DiagnosticsUnsignedNumericTokensParseAndSerializeExactly" classname="HybridCLR.Editor.AssemblyShadow.Tests.M03RuntimeApiTests" runstate="Runnable" seed="2106249646" result="Passed" start-time="2026-09-16 03:28:01Z" end-time="2026-09-16 03:28:01Z" duration="0.000089" asserts="0">
                    <properties />
                  </test-case>
                  <test-case id="2764" name="UnsignedToken_AssemblyShadowDiagnostics_staged_18446744073709551615" fullname="HybridCLR.Editor.AssemblyShadow.Tests.M03RuntimeApiTests.UnsignedToken_AssemblyShadowDiagnostics_staged_18446744073709551615" methodname="DiagnosticsUnsignedNumericTokensParseAndSerializeExactly" classname="HybridCLR.Editor.AssemblyShadow.Tests.M03RuntimeApiTests" runstate="Runnable" seed="685711743" result="Passed" start-time="2026-09-16 03:28:01Z" end-time="2026-09-16 03:28:01Z" duration="0.000089" asserts="0">
                    <properties />
                  </test-case>
                  <test-case id="2765" name="UnsignedToken_AssemblyShadowDiagnostics_retainedBytes_0" fullname="HybridCLR.Editor.AssemblyShadow.Tests.M03RuntimeApiTests.UnsignedToken_AssemblyShadowDiagnostics_retainedBytes_0" methodname="DiagnosticsUnsignedNumericTokensParseAndSerializeExactly" classname="HybridCLR.Editor.AssemblyShadow.Tests.M03RuntimeApiTests" runstate="Runnable" seed="1833227109" result="Passed" start-time="2026-09-16 03:28:01Z" end-time="2026-09-16 03:28:01Z" duration="0.000102" asserts="0">
                    <properties />
                  </test-case>
                  <test-case id="2766" name="UnsignedToken_AssemblyShadowDiagnostics_retainedBytes_1" fullname="HybridCLR.Editor.AssemblyShadow.Tests.M03RuntimeApiTests.UnsignedToken_AssemblyShadowDiagnostics_retainedBytes_1" methodname="DiagnosticsUnsignedNumericTokensParseAndSerializeExactly" classname="HybridCLR.Editor.AssemblyShadow.Tests.M03RuntimeApiTests" runstate="Runnable" seed="494515567" result="Passed" start-time="2026-09-16 03:28:01Z" end-time="2026-09-16 03:28:01Z" duration="0.000088" asserts="0">
                    <properties />
                  </test-case>
                  <test-case id="2767" name="UnsignedToken_AssemblyShadowDiagnostics_retainedBytes_4294967295" fullname="HybridCLR.Editor.AssemblyShadow.Tests.M03RuntimeApiTests.UnsignedToken_AssemblyShadowDiagnostics_retainedBytes_4294967295" methodname="DiagnosticsUnsignedNumericTokensParseAndSerializeExactly" classname="HybridCLR.Editor.AssemblyShadow.Tests.M03RuntimeApiTests" runstate="Runnable" seed="453176752" result="Passed" start-time="2026-09-16 03:28:01Z" end-time="2026-09-16 03:28:01Z" duration="0.000087" asserts="0">
                    <properties />
                  </test-case>
                  <test-case id="2768" name="UnsignedToken_AssemblyShadowDiagnostics_retainedBytes_4294967296" fullname="HybridCLR.Editor.AssemblyShadow.Tests.M03RuntimeApiTests.UnsignedToken_AssemblyShadowDiagnostics_retainedBytes_4294967296" methodname="DiagnosticsUnsignedNumericTokensParseAndSerializeExactly" classname="HybridCLR.Editor.AssemblyShadow.Tests.M03RuntimeApiTests" runstate="Runnable" seed="1064453534" result="Passed" start-time="2026-09-16 03:28:01Z" end-time="2026-09-16 03:28:01Z" duration="0.000088" asserts="0">
                    <properties />
                  </test-case>
                  <test-case id="2769" name="UnsignedToken_AssemblyShadowDiagnostics_retainedBytes_4294967297" fullname="HybridCLR.Editor.AssemblyShadow.Tests.M03RuntimeApiTests.UnsignedToken_AssemblyShadowDiagnostics_retainedBytes_4294967297" methodname="DiagnosticsUnsignedNumericTokensParseAndSerializeExactly" classname="HybridCLR.Editor.AssemblyShadow.Tests.M03RuntimeApiTests" runstate="Runnable" seed="291702370" result="Passed" start-time="2026-09-16 03:28:01Z" end-time="2026-09-16 03:28:01Z" duration="0.000095" asserts="0">
                    <properties />
                  </test-case>
                  <test-case id="2770" name="UnsignedToken_AssemblyShadowDiagnostics_retainedBytes_9007199254740991" fullname="HybridCLR.Editor.AssemblyShadow.Tests.M03RuntimeApiTests.UnsignedToken_AssemblyShadowDiagnostics_retainedBytes_9007199254740991" methodname="DiagnosticsUnsignedNumericTokensParseAndSerializeExactly" classname="HybridCLR.Editor.AssemblyShadow.Tests.M03RuntimeApiTests" runstate="Runnable" seed="559217589" result="Passed" start-time="2026-09-16 03:28:01Z" end-time="2026-09-16 03:28:01Z" duration="0.000087" asserts="0">
                    <properties />
                  </test-case>
                  <test-case id="2771" name="UnsignedToken_AssemblyShadowDiagnostics_retainedBytes_9007199254740992" fullname="HybridCLR.Editor.AssemblyShadow.Tests.M03RuntimeApiTests.UnsignedToken_AssemblyShadowDiagnostics_retainedBytes_9007199254740992" methodname="DiagnosticsUnsignedNumericTokensParseAndSerializeExactly" classname="HybridCLR.Editor.AssemblyShadow.Tests.M03RuntimeApiTests" runstate="Runnable" seed="74809036" result="Passed" start-time="2026-09-16 03:28:01Z" end-time="2026-09-16 03:28:01Z" duration="0.000087" asserts="0">
                    <properties />
                  </test-case>
                  <test-case id="2772" name="UnsignedToken_AssemblyShadowDiagnostics_retainedBytes_9007199254740993" fullname="HybridCLR.Editor.AssemblyShadow.Tests.M03RuntimeApiTests.UnsignedToken_AssemblyShadowDiagnostics_retainedBytes_9007199254740993" methodname="DiagnosticsUnsignedNumericTokensParseAndSerializeExactly" classname="HybridCLR.Editor.AssemblyShadow.Tests.M03RuntimeApiTests" runstate="Runnable" seed="586091150" result="Passed" start-time="2026-09-16 03:28:01Z" end-time="2026-09-16 03:28:01Z" duration="0.000090" asserts="0">
                    <properties />
                  </test-case>
                  <test-case id="2773" name="UnsignedToken_AssemblyShadowDiagnostics_retainedBytes_9223372036854775807" fullname="HybridCLR.Editor.AssemblyShadow.Tests.M03RuntimeApiTests.UnsignedToken_AssemblyShadowDiagnostics_retainedBytes_9223372036854775807" methodname="DiagnosticsUnsignedNumericTokensParseAndSerializeExactly" classname="HybridCLR.Editor.AssemblyShadow.Tests.M03RuntimeApiTests" runstate="Runnable" seed="1648894723" result="Passed" start-time="2026-09-16 03:28:01Z" end-time="2026-09-16 03:28:01Z" duration="0.000084" asserts="0">
                    <properties />
                  </test-case>
                  <test-case id="2774" name="UnsignedToken_AssemblyShadowDiagnostics_retainedBytes_9223372036854775808" fullname="HybridCLR.Editor.AssemblyShadow.Tests.M03RuntimeApiTests.UnsignedToken_AssemblyShadowDiagnostics_retainedBytes_9223372036854775808" methodname="DiagnosticsUnsignedNumericTokensParseAndSerializeExactly" classname="HybridCLR.Editor.AssemblyShadow.Tests.M03RuntimeApiTests" runstate="Runnable" seed="1586969001" result="Passed" start-time="2026-09-16 03:28:01Z" end-time="2026-09-16 03:28:01Z" duration="0.000087" asserts="0">
                    <properties />
                  </test-case>
                  <test-case id="2775" name="UnsignedToken_AssemblyShadowDiagnostics_retainedBytes_18199233411598851025" fullname="HybridCLR.Editor.AssemblyShadow.Tests.M03RuntimeApiTests.UnsignedToken_AssemblyShadowDiagnostics_retainedBytes_18199233411598851025" methodname="DiagnosticsUnsignedNumericTokensParseAndSerializeExactly" classname="HybridCLR.Editor.AssemblyShadow.Tests.M03RuntimeApiTests" runstate="Runnable" seed="1228302079" result="Passed" start-time="2026-09-16 03:28:01Z" end-time="2026-09-16 03:28:01Z" duration="0.000086" asserts="0">
                    <properties />
                  </test-case>
                  <test-case id="2776" name="UnsignedToken_AssemblyShadowDiagnostics_retainedBytes_18446744073709551615" fullname="HybridCLR.Editor.AssemblyShadow.Tests.M03RuntimeApiTests.UnsignedToken_AssemblyShadowDiagnostics_retainedBytes_18446744073709551615" methodname="DiagnosticsUnsignedNumericTokensParseAndSerializeExactly" classname="HybridCLR.Editor.AssemblyShadow.Tests.M03RuntimeApiTests" runstate="Runnable" seed="265198075" result="Passed" start-time="2026-09-16 03:28:01Z" end-time="2026-09-16 03:28:01Z" duration="0.000086" asserts="0">
                    <properties />
                  </test-case>
                  <test-case id="2777" name="UnsignedToken_AssemblyShadowDiagnostics_enumerationGeneration_0" fullname="HybridCLR.Editor.AssemblyShadow.Tests.M03RuntimeApiTests.UnsignedToken_AssemblyShadowDiagnostics_enumerationGeneration_0" methodname="DiagnosticsUnsignedNumericTokensParseAndSerializeExactly" classname="HybridCLR.Editor.AssemblyShadow.Tests.M03RuntimeApiTests" runstate="Runnable" seed="488399167" result="Passed" start-time="2026-09-16 03:28:01Z" end-time="2026-09-16 03:28:01Z" duration="0.000109" asserts="0">
                    <properties />
                  </test-case>
                  <test-case id="2778" name="UnsignedToken_AssemblyShadowDiagnostics_enumerationGeneration_1" fullname="HybridCLR.Editor.AssemblyShadow.Tests.M03RuntimeApiTests.UnsignedToken_AssemblyShadowDiagnostics_enumerationGeneration_1" methodname="DiagnosticsUnsignedNumericTokensParseAndSerializeExactly" classname="HybridCLR.Editor.AssemblyShadow.Tests.M03RuntimeApiTests" runstate="Runnable" seed="1410953860" result="Passed" start-time="2026-09-16 03:28:01Z" end-time="2026-09-16 03:28:01Z" duration="0.000085" asserts="0">
                    <properties />
                  </test-case>
                  <test-case id="2779" name="UnsignedToken_AssemblyShadowDiagnostics_enumerationGeneration_4294967295" fullname="HybridCLR.Editor.AssemblyShadow.Tests.M03RuntimeApiTests.UnsignedToken_AssemblyShadowDiagnostics_enumerationGeneration_4294967295" methodname="DiagnosticsUnsignedNumericTokensParseAndSerializeExactly" classname="HybridCLR.Editor.AssemblyShadow.Tests.M03RuntimeApiTests" runstate="Runnable" seed="577020180" result="Passed" start-time="2026-09-16 03:28:01Z" end-time="2026-09-16 03:28:01Z" duration="0.000085" asserts="0">
                    <properties />
                  </test-case>
                  <test-case id="2780" name="UnsignedToken_AssemblyShadowDiagnostics_enumerationGeneration_4294967296" fullname="HybridCLR.Editor.AssemblyShadow.Tests.M03RuntimeApiTests.UnsignedToken_AssemblyShadowDiagnostics_enumerationGeneration_4294967296" methodname="DiagnosticsUnsignedNumericTokensParseAndSerializeExactly" classname="HybridCLR.Editor.AssemblyShadow.Tests.M03RuntimeApiTests" runstate="Runnable" seed="652059071" result="Passed" start-time="2026-09-16 03:28:01Z" end-time="2026-09-16 03:28:01Z" duration="0.000086" asserts="0">
                    <properties />
                  </test-case>
                  <test-case id="2781" name="UnsignedToken_AssemblyShadowDiagnostics_enumerationGeneration_4294967297" fullname="HybridCLR.Editor.AssemblyShadow.Tests.M03RuntimeApiTests.UnsignedToken_AssemblyShadowDiagnostics_enumerationGeneration_4294967297" methodname="DiagnosticsUnsignedNumericTokensParseAndSerializeExactly" classname="HybridCLR.Editor.AssemblyShadow.Tests.M03RuntimeApiTests" runstate="Runnable" seed="789389319" result="Passed" start-time="2026-09-16 03:28:01Z" end-time="2026-09-16 03:28:01Z" duration="0.000083" asserts="0">
                    <properties />
                  </test-case>
                  <test-case id="2782" name="UnsignedToken_AssemblyShadowDiagnostics_enumerationGeneration_9007199254740991" fullname="HybridCLR.Editor.AssemblyShadow.Tests.M03RuntimeApiTests.UnsignedToken_AssemblyShadowDiagnostics_enumerationGeneration_9007199254740991" methodname="DiagnosticsUnsignedNumericTokensParseAndSerializeExactly" classname="HybridCLR.Editor.AssemblyShadow.Tests.M03RuntimeApiTests" runstate="Runnable" seed="1376210610" result="Passed" start-time="2026-09-16 03:28:01Z" end-time="2026-09-16 03:28:01Z" duration="0.000093" asserts="0">
                    <properties />
                  </test-case>
                  <test-case id="2783" name="UnsignedToken_AssemblyShadowDiagnostics_enumerationGeneration_9007199254740992" fullname="HybridCLR.Editor.AssemblyShadow.Tests.M03RuntimeApiTests.UnsignedToken_AssemblyShadowDiagnostics_enumerationGeneration_9007199254740992" methodname="DiagnosticsUnsignedNumericTokensParseAndSerializeExactly" classname="HybridCLR.Editor.AssemblyShadow.Tests.M03RuntimeApiTests" runstate="Runnable" seed="603105714" result="Passed" start-time="2026-09-16 03:28:01Z" end-time="2026-09-16 03:28:01Z" duration="0.000084" asserts="0">
                    <properties />
                  </test-case>
                  <test-case id="2784" name="UnsignedToken_AssemblyShadowDiagnostics_enumerationGeneration_9007199254740993" fullname="HybridCLR.Editor.AssemblyShadow.Tests.M03RuntimeApiTests.UnsignedToken_AssemblyShadowDiagnostics_enumerationGeneration_9007199254740993" methodname="DiagnosticsUnsignedNumericTokensParseAndSerializeExactly" classname="HybridCLR.Editor.AssemblyShadow.Tests.M03RuntimeApiTests" runstate="Runnable" seed="1602042802" result="Passed" start-time="2026-09-16 03:28:01Z" end-time="2026-09-16 03:28:01Z" duration="0.000100" asserts="0">
                    <properties />
                  </test-case>
                  <test-case id="2785" name="UnsignedToken_AssemblyShadowDiagnostics_enumerationGeneration_9223372036854775807" fullname="HybridCLR.Editor.AssemblyShadow.Tests.M03RuntimeApiTests.UnsignedToken_AssemblyShadowDiagnostics_enumerationGeneration_9223372036854775807" methodname="DiagnosticsUnsignedNumericTokensParseAndSerializeExactly" classname="HybridCLR.Editor.AssemblyShadow.Tests.M03RuntimeApiTests" runstate="Runnable" seed="152020468" result="Passed" start-time="2026-09-16 03:28:01Z" end-time="2026-09-16 03:28:01Z" duration="0.000086" asserts="0">
                    <properties />
                  </test-case>
                  <test-case id="2786" name="UnsignedToken_AssemblyShadowDiagnostics_enumerationGeneration_9223372036854775808" fullname="HybridCLR.Editor.AssemblyShadow.Tests.M03RuntimeApiTests.UnsignedToken_AssemblyShadowDiagnostics_enumerationGeneration_9223372036854775808" methodname="DiagnosticsUnsignedNumericTokensParseAndSerializeExactly" classname="HybridCLR.Editor.AssemblyShadow.Tests.M03RuntimeApiTests" runstate="Runnable" seed="1549607401" result="Passed" start-time="2026-09-16 03:28:01Z" end-time="2026-09-16 03:28:01Z" duration="0.000088" asserts="0">
                    <properties />
                  </test-case>
[...]
                  <properties />
                </test-case>
                <test-case id="3455" name="LinkedVerificationRejectsEveryGuardTemplateMutation" fullname="HybridCLR.Editor.AssemblyShadow.Tests.ReflectionBindingCodeGenTests.LinkedVerificationRejectsEveryGuardTemplateMutation" methodname="LinkedVerificationRejectsEveryGuardTemplateMutation" classname="HybridCLR.Editor.AssemblyShadow.Tests.ReflectionBindingCodeGenTests" runstate="Runnable" seed="1673334110" result="Passed" start-time="2026-09-16 03:29:27Z" end-time="2026-09-16 03:29:27Z" duration="0.031766" asserts="0">
                  <properties />
                </test-case>
                <test-case id="3456" name="LinkedVerificationRejectsSourceCallsiteBodyIdentityAndCardinalityChanges" fullname="HybridCLR.Editor.AssemblyShadow.Tests.ReflectionBindingCodeGenTests.LinkedVerificationRejectsSourceCallsiteBodyIdentityAndCardinalityChanges" methodname="LinkedVerificationRejectsSourceCallsiteBodyIdentityAndCardinalityChanges" classname="HybridCLR.Editor.AssemblyShadow.Tests.ReflectionBindingCodeGenTests" runstate="Runnable" seed="1542590528" result="Passed" start-time="2026-09-16 03:29:27Z" end-time="2026-09-16 03:29:27Z" duration="0.042200" asserts="0">
                  <properties />
                </test-case>
                <test-case id="3454" name="LinkedVerificationRejectsWrongProviderVersionTokenAndNonforwardedTypes" fullname="HybridCLR.Editor.AssemblyShadow.Tests.ReflectionBindingCodeGenTests.LinkedVerificationRejectsWrongProviderVersionTokenAndNonforwardedTypes" methodname="LinkedVerificationRejectsWrongProviderVersionTokenAndNonforwardedTypes" classname="HybridCLR.Editor.AssemblyShadow.Tests.ReflectionBindingCodeGenTests" runstate="Runnable" seed="493245645" result="Passed" start-time="2026-09-16 03:29:27Z" end-time="2026-09-16 03:29:27Z" duration="0.030783" asserts="0">
                  <properties />
                </test-case>
                <test-case id="3451" name="LinkedVerificationUsesExactPerTypeForwardersIncludingNestedTypes" fullname="HybridCLR.Editor.AssemblyShadow.Tests.ReflectionBindingCodeGenTests.LinkedVerificationUsesExactPerTypeForwardersIncludingNestedTypes" methodname="LinkedVerificationUsesExactPerTypeForwardersIncludingNestedTypes" classname="HybridCLR.Editor.AssemblyShadow.Tests.ReflectionBindingCodeGenTests" runstate="Runnable" seed="107777315" result="Passed" start-time="2026-09-16 03:29:27Z" end-time="2026-09-16 03:29:27Z" duration="0.008192" asserts="0">
                  <properties />
                </test-case>
                <test-case id="3442" name="MissingAmbiguousAndAdditionalGeneratedSitesAreRejected" fullname="HybridCLR.Editor.AssemblyShadow.Tests.ReflectionBindingCodeGenTests.MissingAmbiguousAndAdditionalGeneratedSitesAreRejected" methodname="MissingAmbiguousAndAdditionalGeneratedSitesAreRejected" classname="HybridCLR.Editor.AssemblyShadow.Tests.ReflectionBindingCodeGenTests" runstate="Runnable" seed="1082224874" result="Passed" start-time="2026-09-16 03:29:27Z" end-time="2026-09-16 03:29:27Z" duration="0.005291" asserts="0">
                  <properties />
                </test-case>
                <test-case id="3450" name="RawConfigurationDefineBindsExactBytesAndProjectRoot" fullname="HybridCLR.Editor.AssemblyShadow.Tests.ReflectionBindingCodeGenTests.RawConfigurationDefineBindsExactBytesAndProjectRoot" methodname="RawConfigurationDefineBindsExactBytesAndProjectRoot" classname="HybridCLR.Editor.AssemblyShadow.Tests.ReflectionBindingCodeGenTests" runstate="Runnable" seed="485172826" result="Passed" start-time="2026-09-16 03:29:27Z" end-time="2026-09-16 03:29:27Z" duration="0.008239" asserts="0">
                  <properties />
                </test-case>
                <test-case id="3438" name="SchemaFourFixedProviderCompilerVariantsAreCanonicalAndFailClosed" fullname="HybridCLR.Editor.AssemblyShadow.Tests.ReflectionBindingCodeGenTests.SchemaFourFixedProviderCompilerVariantsAreCanonicalAndFailClosed" methodname="SchemaFourFixedProviderCompilerVariantsAreCanonicalAndFailClosed" classname="HybridCLR.Editor.AssemblyShadow.Tests.ReflectionBindingCodeGenTests" runstate="Runnable" seed="430196977" result="Passed" start-time="2026-09-16 03:29:27Z" end-time="2026-09-16 03:29:27Z" duration="0.008552" asserts="0">
                  <properties />
                </test-case>
                <test-case id="3437" name="SchemaThreeMethodVariantsAreCanonicalHashedAndValidated" fullname="HybridCLR.Editor.AssemblyShadow.Tests.ReflectionBindingCodeGenTests.SchemaThreeMethodVariantsAreCanonicalHashedAndValidated" methodname="SchemaThreeMethodVariantsAreCanonicalHashedAndValidated" classname="HybridCLR.Editor.AssemblyShadow.Tests.ReflectionBindingCodeGenTests" runstate="Runnable" seed="302806209" result="Passed" start-time="2026-09-16 03:29:27Z" end-time="2026-09-16 03:29:27Z" duration="0.001598" asserts="0">
                  <properties />
                </test-case>
                <test-case id="3436" name="SchemaThreeSelectsOneFullMethodVariantAndRejectsUnknownCompilerBodies" fullname="HybridCLR.Editor.AssemblyShadow.Tests.ReflectionBindingCodeGenTests.SchemaThreeSelectsOneFullMethodVariantAndRejectsUnknownCompilerBodies" methodname="SchemaThreeSelectsOneFullMethodVariantAndRejectsUnknownCompilerBodies" classname="HybridCLR.Editor.AssemblyShadow.Tests.ReflectionBindingCodeGenTests" runstate="Runnable" seed="1643126222" result="Passed" start-time="2026-09-16 03:29:27Z" end-time="2026-09-16 03:29:27Z" duration="0.004536" asserts="0">
                  <properties />
                </test-case>
                <test-case id="3441" name="StaleConfigurationReprocessingAndStrongNamesAreRejected" fullname="HybridCLR.Editor.AssemblyShadow.Tests.ReflectionBindingCodeGenTests.StaleConfigurationReprocessingAndStrongNamesAreRejected" methodname="StaleConfigurationReprocessingAndStrongNamesAreRejected" classname="HybridCLR.Editor.AssemblyShadow.Tests.ReflectionBindingCodeGenTests" runstate="Runnable" seed="1961687149" result="Passed" start-time="2026-09-16 03:29:27Z" end-time="2026-09-16 03:29:27Z" duration="0.002968" asserts="0">
                  <properties />
                </test-case>
                <test-case id="3443" name="VerifyRejectsNewUnguardedLookupInConfiguredMethod" fullname="HybridCLR.Editor.AssemblyShadow.Tests.ReflectionBindingCodeGenTests.VerifyRejectsNewUnguardedLookupInConfiguredMethod" methodname="VerifyRejectsNewUnguardedLookupInConfiguredMethod" classname="HybridCLR.Editor.AssemblyShadow.Tests.ReflectionBindingCodeGenTests" runstate="Runnable" seed="197437764" result="Passed" start-time="2026-09-16 03:29:27Z" end-time="2026-09-16 03:29:27Z" duration="0.003494" asserts="0">
                  <properties />
                </test-case>
                <test-case id="3435" name="WrongFingerprintIndexAndOverloadFailClosed" fullname="HybridCLR.Editor.AssemblyShadow.Tests.ReflectionBindingCodeGenTests.WrongFingerprintIndexAndOverloadFailClosed" methodname="WrongFingerprintIndexAndOverloadFailClosed" classname="HybridCLR.Editor.AssemblyShadow.Tests.ReflectionBindingCodeGenTests" runstate="Runnable" seed="549587630" result="Passed" start-time="2026-09-16 03:29:27Z" end-time="2026-09-16 03:29:27Z" duration="0.003456" asserts="0">
                  <properties />
                </test-case>
              </test-suite>
              <test-suite type="TestFixture" id="3459" name="ReflectionPdbConstantsTests" fullname="HybridCLR.Editor.AssemblyShadow.Tests.ReflectionPdbConstantsTests" classname="HybridCLR.Editor.AssemblyShadow.Tests.ReflectionPdbConstantsTests" runstate="Runnable" testcasecount="14" result="Passed" start-time="2026-09-16 03:29:27Z" end-time="2026-09-16 03:29:27Z" duration="0.055976" total="14" passed="14" failed="0" inconclusive="0" skipped="0" asserts="0">
                <properties />
                <test-case id="3466" name="ByteIdenticalReferenceAliasesAreAccepted" fullname="HybridCLR.Editor.AssemblyShadow.Tests.ReflectionPdbConstantsTests.ByteIdenticalReferenceAliasesAreAccepted" methodname="ByteIdenticalReferenceAliasesAreAccepted" classname="HybridCLR.Editor.AssemblyShadow.Tests.ReflectionPdbConstantsTests" runstate="Runnable" seed="2145936063" result="Passed" start-time="2026-09-16 03:29:27Z" end-time="2026-09-16 03:29:27Z" duration="0.003761" asserts="0">
                  <properties />
                </test-case>
                <test-case id="3469" name="ClassWithNumericValueIsNotRewrittenToNull" fullname="HybridCLR.Editor.AssemblyShadow.Tests.ReflectionPdbConstantsTests.ClassWithNumericValueIsNotRewrittenToNull" methodname="ClassWithNumericValueIsNotRewrittenToNull" classname="HybridCLR.Editor.AssemblyShadow.Tests.ReflectionPdbConstantsTests" runstate="Runnable" seed="2011639826" result="Passed" start-time="2026-09-16 03:29:27Z" end-time="2026-09-16 03:29:27Z" duration="0.001875" asserts="0">
                  <properties />
                </test-case>
                <test-case id="3465" name="ConflictingDuplicateReferenceIdentityFails" fullname="HybridCLR.Editor.AssemblyShadow.Tests.ReflectionPdbConstantsTests.ConflictingDuplicateReferenceIdentityFails" methodname="ConflictingDuplicateReferenceIdentityFails" classname="HybridCLR.Editor.AssemblyShadow.Tests.ReflectionPdbConstantsTests" runstate="Runnable" seed="2024595704" result="Passed" start-time="2026-09-16 03:29:27Z" end-time="2026-09-16 03:29:27Z" duration="0.001722" asserts="0">
                  <properties />
                </test-case>
                <test-case id="3473" name="ConstantValueMutationChangesSnapshot" fullname="HybridCLR.Editor.AssemblyShadow.Tests.ReflectionPdbConstantsTests.ConstantValueMutationChangesSnapshot" methodname="ConstantValueMutationChangesSnapshot" classname="HybridCLR.Editor.AssemblyShadow.Tests.ReflectionPdbConstantsTests" runstate="Runnable" seed="1188271663" result="Passed" start-time="2026-09-16 03:29:27Z" end-time="2026-09-16 03:29:27Z" duration="0.001435" asserts="0">
                  <properties />
                </test-case>
                <test-case id="3468" name="DisposedResolverCannotBeReused" fullname="HybridCLR.Editor.AssemblyShadow.Tests.ReflectionPdbConstantsTests.DisposedResolverCannotBeReused" methodname="DisposedResolverCannotBeReused" classname="HybridCLR.Editor.AssemblyShadow.Tests.ReflectionPdbConstantsTests" runstate="Runnable" seed="1283368277" result="Passed" start-time="2026-09-16 03:29:27Z" end-time="2026-09-16 03:29:27Z" duration="0.004201" asserts="0">
                  <properties />
                </test-case>
                <test-case id="3461" name="DnlibAuthoredFixtureDoesNotRequireAFalseCounterexample" fullname="HybridCLR.Editor.AssemblyShadow.Tests.ReflectionPdbConstantsTests.DnlibAuthoredFixtureDoesNotRequireAFalseCounterexample" methodname="DnlibAuthoredFixtureDoesNotRequireAFalseCounterexample" classname="HybridCLR.Editor.AssemblyShadow.Tests.ReflectionPdbConstantsTests" runstate="Runnable" seed="658894653" result="Passed" start-time="2026-09-16 03:29:27Z" end-time="2026-09-16 03:29:27Z" duration="0.018091" asserts="0">
                  <properties />
                </test-case>
                <test-case id="3470" name="EnumUnderlyingValueTypeMustMatchExactly" fullname="HybridCLR.Editor.AssemblyShadow.Tests.ReflectionPdbConstantsTests.EnumUnderlyingValueTypeMustMatchExactly" methodname="EnumUnderlyingValueTypeMustMatchExactly" classname="HybridCLR.Editor.AssemblyShadow.Tests.ReflectionPdbConstantsTests" runstate="Runnable" seed="2023700382" result="Passed" start-time="2026-09-16 03:29:27Z" end-time="2026-09-16 03:29:27Z" duration="0.001231" asserts="0">
                  <properties />
                </test-case>
                <test-case id="3460" name="ExplicitCompilerReferencesPreserveExternalEnumAndOtherConstants" fullname="HybridCLR.Editor.AssemblyShadow.Tests.ReflectionPdbConstantsTests.ExplicitCompilerReferencesPreserveExternalEnumAndOtherConstants" methodname="ExplicitCompilerReferencesPreserveExternalEnumAndOtherConstants" classname="HybridCLR.Editor.AssemblyShadow.Tests.ReflectionPdbConstantsTests" runstate="Runnable" seed="844710461" result="Passed" start-time="2026-09-16 03:29:27Z" end-time="2026-09-16 03:29:27Z" duration="0.004015" asserts="0">
                  <properties />
                </test-case>
                <test-case id="3463" name="IdenticalInputsAreDeterministic" fullname="HybridCLR.Editor.AssemblyShadow.Tests.ReflectionPdbConstantsTests.IdenticalInputsAreDeterministic" methodname="IdenticalInputsAreDeterministic" classname="HybridCLR.Editor.AssemblyShadow.Tests.ReflectionPdbConstantsTests" runstate="Runnable" seed="1570615618" result="Passed" start-time="2026-09-16 03:29:27Z" end-time="2026-09-16 03:29:27Z" duration="0.006431" asserts="0">
                  <properties />
                </test-case>
                <test-case id="3472" name="NullClassConstantRemainsUntouched" fullname="HybridCLR.Editor.AssemblyShadow.Tests.ReflectionPdbConstantsTests.NullClassConstantRemainsUntouched" methodname="NullClassConstantRemainsUntouched" classname="HybridCLR.Editor.AssemblyShadow.Tests.ReflectionPdbConstantsTests" runstate="Runnable" seed="719142425" result="Passed" start-time="2026-09-16 03:29:27Z" end-time="2026-09-16 03:29:27Z" duration="0.000889" asserts="0">
                  <properties />
                </test-case>
                <test-case id="3467" name="RelativeCompilerReferencesAreRejected" fullname="HybridCLR.Editor.AssemblyShadow.Tests.ReflectionPdbConstantsTests.RelativeCompilerReferencesAreRejected" methodname="RelativeCompilerReferencesAreRejected" classname="HybridCLR.Editor.AssemblyShadow.Tests.ReflectionPdbConstantsTests" runstate="Runnable" seed="1468681284" result="Passed" start-time="2026-09-16 03:29:27Z" end-time="2026-09-16 03:29:27Z" duration="0.000870" asserts="0">
                  <properties />
                </test-case>
                <test-case id="3471" name="ResolvedClassSigEnumCanBeNormalizedWithoutChangingValue" fullname="HybridCLR.Editor.AssemblyShadow.Tests.ReflectionPdbConstantsTests.ResolvedClassSigEnumCanBeNormalizedWithoutChangingValue" methodname="ResolvedClassSigEnumCanBeNormalizedWithoutChangingValue" classname="HybridCLR.Editor.AssemblyShadow.Tests.ReflectionPdbConstantsTests" runstate="Runnable" seed="2078130938" result="Passed" start-time="2026-09-16 03:29:27Z" end-time="2026-09-16 03:29:27Z" duration="0.001205" asserts="0">
                  <properties />
                </test-case>
                <test-case id="3464" name="ResolverDoesNotSubstituteAnotherAssemblyVersion" fullname="HybridCLR.Editor.AssemblyShadow.Tests.ReflectionPdbConstantsTests.ResolverDoesNotSubstituteAnotherAssemblyVersion" methodname="ResolverDoesNotSubstituteAnotherAssemblyVersion" classname="HybridCLR.Editor.AssemblyShadow.Tests.ReflectionPdbConstantsTests" runstate="Runnable" seed="688230585" result="Passed" start-time="2026-09-16 03:29:27Z" end-time="2026-09-16 03:29:27Z" duration="0.001001" asserts="0">
                  <properties />
                </test-case>
                <test-case id="3462" name="RouteBIsExplicitAndRetainsEquivalentConstants" fullname="HybridCLR.Editor.AssemblyShadow.Tests.ReflectionPdbConstantsTests.RouteBIsExplicitAndRetainsEquivalentConstants" methodname="RouteBIsExplicitAndRetainsEquivalentConstants" classname="HybridCLR.Editor.AssemblyShadow.Tests.ReflectionPdbConstantsTests" runstate="Runnable" seed="454665008" result="Passed" start-time="2026-09-16 03:29:27Z" end-time="2026-09-16 03:29:27Z" duration="0.006660" asserts="0">
                  <properties />
                </test-case>
              </test-suite>
              <test-suite type="TestFixture" id="3474" name="ReflectionPdbFailureCaptureTests" fullname="HybridCLR.Editor.AssemblyShadow.Tests.ReflectionPdbFailureCaptureTests" classname="HybridCLR.Editor.AssemblyShadow.Tests.ReflectionPdbFailureCaptureTests" runstate="Runnable" testcasecount="6" result="Passed" start-time="2026-09-16 03:29:27Z" end-time="2026-09-16 03:29:27Z" duration="0.215544" total="6" passed="6" failed="0" inconclusive="0" skipped="0" asserts="0">
                <properties />
                <test-case id="3475" name="CapturesAreUniqueAndDoNotGrantAcceptance" fullname="HybridCLR.Editor.AssemblyShadow.Tests.ReflectionPdbFailureCaptureTests.CapturesAreUniqueAndDoNotGrantAcceptance" methodname="CapturesAreUniqueAndDoNotGrantAcceptance" classname="HybridCLR.Editor.AssemblyShadow.Tests.ReflectionPdbFailureCaptureTests" runstate="Runnable" seed="787555188" result="Passed" start-time="2026-09-16 03:29:27Z" end-time="2026-09-16 03:29:27Z" duration="0.066888" asserts="0">
                  <properties />
                </test-case>
                <test-case id="3477" name="ChangedInputBytesFailHashVerification" fullname="HybridCLR.Editor.AssemblyShadow.Tests.ReflectionPdbFailureCaptureTests.ChangedInputBytesFailHashVerification" methodname="ChangedInputBytesFailHashVerification" classname="HybridCLR.Editor.AssemblyShadow.Tests.ReflectionPdbFailureCaptureTests" runstate="Runnable" seed="1167530618" result="Passed" start-time="2026-09-16 03:29:27Z" end-time="2026-09-16 03:29:27Z" duration="0.018917" asserts="0">
                  <properties />
                </test-case>
                <test-case id="3478" name="ExtraMembersFailMembershipVerification" fullname="HybridCLR.Editor.AssemblyShadow.Tests.ReflectionPdbFailureCaptureTests.ExtraMembersFailMembershipVerification" methodname="ExtraMembersFailMembershipVerification" classname="HybridCLR.Editor.AssemblyShadow.Tests.ReflectionPdbFailureCaptureTests" runstate="Runnable" seed="185198930" result="Passed" start-time="2026-09-16 03:29:27Z" end-time="2026-09-16 03:29:27Z" duration="0.035882" asserts="0">
                  <properties />
                </test-case>
                <test-case id="3476" name="FullInnerExceptionIsRetained" fullname="HybridCLR.Editor.AssemblyShadow.Tests.ReflectionPdbFailureCaptureTests.FullInnerExceptionIsRetained" methodname="FullInnerExceptionIsRetained" classname="HybridCLR.Editor.AssemblyShadow.Tests.ReflectionPdbFailureCaptureTests" runstate="Runnable" seed="377354187" result="Passed" start-time="2026-09-16 03:29:27Z" end-time="2026-09-16 03:29:27Z" duration="0.037272" asserts="0">
                  <properties />
                </test-case>
                <test-case id="3479" name="MissingReferencesRemainUnavailable" fullname="HybridCLR.Editor.AssemblyShadow.Tests.ReflectionPdbFailureCaptureTests.MissingReferencesRemainUnavailable" methodname="MissingReferencesRemainUnavailable" classname="HybridCLR.Editor.AssemblyShadow.Tests.ReflectionPdbFailureCaptureTests" runstate="Runnable" seed="1286798803" result="Passed" start-time="2026-09-16 03:29:27Z" end-time="2026-09-16 03:29:27Z" duration="0.018290" asserts="0">
                  <properties />
                </test-case>
                <test-case id="3480" name="ProjectRelativeCompilerReferenceIsCapturedFromExactRoot" fullname="HybridCLR.Editor.AssemblyShadow.Tests.ReflectionPdbFailureCaptureTests.ProjectRelativeCompilerReferenceIsCapturedFromExactRoot" methodname="ProjectRelativeCompilerReferenceIsCapturedFromExactRoot" classname="HybridCLR.Editor.AssemblyShadow.Tests.ReflectionPdbFailureCaptureTests" runstate="Runnable" seed="581930253" result="Passed" start-time="2026-09-16 03:29:27Z" end-time="2026-09-16 03:29:27Z" duration="0.036550" asserts="0">
                  <properties />
                </test-case>
              </test-suite>
            </test-suite>
          </test-suite>
        </test-suite>
      </test-suite>
    </test-suite>
  </test-suite>
</test-run>