<?xml version="1.0" encoding="utf-8"?>
<test-run id="2" testcasecount="1076" result="Passed" total="1076" passed="1076" failed="0" inconclusive="0" skipped="0" asserts="0" engine-version="3.5.0.0" clr-version="4.0.30319.42000" start-time="2026-09-20 01:32:00Z" end-time="2026-09-20 01:34:09Z" duration="128.4860857">
  <test-suite type="TestSuite" id="2250" name="AssemblyShadowBaseline" fullname="AssemblyShadowBaseline" runstate="Runnable" testcasecount="1114" result="Passed" start-time="2026-09-20 01:32:00Z" end-time="2026-09-20 01:34:09Z" duration="128.486086" total="1076" passed="1076" failed="0" inconclusive="0" skipped="0" asserts="0">
    <properties />
    <test-suite type="Assembly" id="2664" name="AssemblyShadowDemo.EditorTests.dll" fullname="/Users/ah/GitHub/hybridclr/assembly_shadow_h1r/hybridclr_demo/Library/ScriptAssemblies/AssemblyShadowDemo.EditorTests.dll" runstate="Runnable" testcasecount="356" result="Passed" start-time="2026-09-20 01:32:00Z" end-time="2026-09-20 01:32:38Z" duration="38.307431" total="356" passed="356" failed="0" inconclusive="0" skipped="0" asserts="0">
      <properties>
        <property name="_PID" value="73457" />
        <property name="_APPDOMAIN" value="Unity Child Domain" />
        <property name="platform" value="EditMode" />
      </properties>
      <test-suite type="TestSuite" id="2665" name="AssemblyShadowDemo" fullname="AssemblyShadowDemo" runstate="Runnable" testcasecount="356" result="Passed" start-time="2026-09-20 01:32:00Z" end-time="2026-09-20 01:32:38Z" duration="38.302898" total="356" passed="356" failed="0" inconclusive="0" skipped="0" asserts="0">
        <properties />
        <test-suite type="TestSuite" id="2666" name="EditorTests" fullname="AssemblyShadowDemo.EditorTests" runstate="Runnable" testcasecount="356" result="Passed" start-time="2026-09-20 01:32:00Z" end-time="2026-09-20 01:32:38Z" duration="38.291222" total="356" passed="356" failed="0" inconclusive="0" skipped="0" asserts="0">
          <properties />
          <test-suite type="TestFixture" id="2251" name="H1CompilerProvenanceTests" fullname="AssemblyShadowDemo.EditorTests.H1CompilerProvenanceTests" classname="AssemblyShadowDemo.EditorTests.H1CompilerProvenanceTests" runstate="Runnable" testcasecount="1" result="Passed" start-time="2026-09-20 01:32:00Z" end-time="2026-09-20 01:32:00Z" duration="0.054416" total="1" passed="1" failed="0" inconclusive="0" skipped="0" asserts="0">
            <properties />
            <test-case id="2252" name="RetainedBeeGraphShapeContainsNativeCompilerAndLinkActions" fullname="AssemblyShadowDemo.EditorTests.H1CompilerProvenanceTests.RetainedBeeGraphShapeContainsNativeCompilerAndLinkActions" methodname="RetainedBeeGraphShapeContainsNativeCompilerAndLinkActions" classname="AssemblyShadowDemo.EditorTests.H1CompilerProvenanceTests" runstate="Runnable" seed="891991708" result="Passed" start-time="2026-09-20 01:32:00Z" end-time="2026-09-20 01:32:00Z" duration="0.045013" asserts="0">
              <properties />
            </test-case>
          </test-suite>
          <test-suite type="TestFixture" id="2253" name="H1CountEarlyStartupTests" fullname="AssemblyShadowDemo.EditorTests.H1CountEarlyStartupTests" classname="AssemblyShadowDemo.EditorTests.H1CountEarlyStartupTests" runstate="Runnable" testcasecount="6" result="Passed" start-time="2026-09-20 01:32:00Z" end-time="2026-09-20 01:32:00Z" duration="0.022575" total="6" passed="6" failed="0" inconclusive="0" skipped="0" asserts="0">
            <properties />
            <test-case id="2256" name="ArgumentsValidateOutcomeCountHashAndDuplicates" fullname="AssemblyShadowDemo.EditorTests.H1CountEarlyStartupTests.ArgumentsValidateOutcomeCountHashAndDuplicates" methodname="ArgumentsValidateOutcomeCountHashAndDuplicates" classname="AssemblyShadowDemo.EditorTests.H1CountEarlyStartupTests" runstate="Runnable" seed="1153713292" result="Passed" start-time="2026-09-20 01:32:00Z" end-time="2026-09-20 01:32:00Z" duration="0.004811" asserts="0">
              <properties />
            </test-case>
            <test-case id="2258" name="EmptyAndOversizedFilesAreRejectedBeforeAllocation" fullname="AssemblyShadowDemo.EditorTests.H1CountEarlyStartupTests.EmptyAndOversizedFilesAreRejectedBeforeAllocation" methodname="EmptyAndOversizedFilesAreRejectedBeforeAllocation" classname="AssemblyShadowDemo.EditorTests.H1CountEarlyStartupTests" runstate="Runnable" seed="1535396167" result="Passed" start-time="2026-09-20 01:32:00Z" end-time="2026-09-20 01:32:00Z" duration="0.002237" asserts="0">
              <properties />
            </test-case>
            <test-case id="2255" name="MissingOrDuplicatePathFailsClosed" fullname="AssemblyShadowDemo.EditorTests.H1CountEarlyStartupTests.MissingOrDuplicatePathFailsClosed" methodname="MissingOrDuplicatePathFailsClosed" classname="AssemblyShadowDemo.EditorTests.H1CountEarlyStartupTests" runstate="Runnable" seed="1495382346" result="Passed" start-time="2026-09-20 01:32:00Z" end-time="2026-09-20 01:32:00Z" duration="0.004852" asserts="0">
              <properties />
            </test-case>
            <test-case id="2254" name="OrdinaryGatewayReturnsWithoutNativeCallsOrReceipt" fullname="AssemblyShadowDemo.EditorTests.H1CountEarlyStartupTests.OrdinaryGatewayReturnsWithoutNativeCallsOrReceipt" methodname="OrdinaryGatewayReturnsWithoutNativeCallsOrReceipt" classname="AssemblyShadowDemo.EditorTests.H1CountEarlyStartupTests" runstate="Runnable" seed="2039601201" result="Passed" start-time="2026-09-20 01:32:00Z" end-time="2026-09-20 01:32:00Z" duration="0.000260" asserts="0">
              <properties />
            </test-case>
            <test-case id="2257" name="ReceiptCodecEscapesNativeJsonAndAuthenticatesAllFields" fullname="AssemblyShadowDemo.EditorTests.H1CountEarlyStartupTests.ReceiptCodecEscapesNativeJsonAndAuthenticatesAllFields" methodname="ReceiptCodecEscapesNativeJsonAndAuthenticatesAllFields" classname="AssemblyShadowDemo.EditorTests.H1CountEarlyStartupTests" runstate="Runnable" seed="187105181" result="Passed" start-time="2026-09-20 01:32:00Z" end-time="2026-09-20 01:32:00Z" duration="0.002123" asserts="0">
              <properties />
            </test-case>
            <test-case id="2259" name="StartupSourceAndBuildKeepThePreCatalogContract" fullname="AssemblyShadowDemo.EditorTests.H1CountEarlyStartupTests.StartupSourceAndBuildKeepThePreCatalogContract" methodname="StartupSourceAndBuildKeepThePreCatalogContract" classname="AssemblyShadowDemo.EditorTests.H1CountEarlyStartupTests" runstate="Runnable" seed="1954578399" result="Passed" start-time="2026-09-20 01:32:00Z" end-time="2026-09-20 01:32:00Z" duration="0.002434" asserts="0">
              <properties />
            </test-case>
          </test-suite>
          <test-suite type="TestFixture" id="2260" name="H1CountNativeDiagnosticsTests" fullname="AssemblyShadowDemo.EditorTests.H1CountNativeDiagnosticsTests" classname="AssemblyShadowDemo.EditorTests.H1CountNativeDiagnosticsTests" runstate="Runnable" testcasecount="6" result="Passed" start-time="2026-09-20 01:32:00Z" end-time="2026-09-20 01:32:00Z" duration="0.013334" total="6" passed="6" failed="0" inconclusive="0" skipped="0" asserts="0">
            <properties />
            <test-case id="2264" name="BothFeatureModesMaterializeEveryNonzeroFieldExactly" fullname="AssemblyShadowDemo.EditorTests.H1CountNativeDiagnosticsTests.BothFeatureModesMaterializeEveryNonzeroFieldExactly" methodname="BothFeatureModesMaterializeEveryNonzeroFieldExactly" classname="AssemblyShadowDemo.EditorTests.H1CountNativeDiagnosticsTests" runstate="Runnable" seed="924771986" result="Passed" start-time="2026-09-20 01:32:00Z" end-time="2026-09-20 01:32:00Z" duration="0.005932" asserts="0">
              <properties />
            </test-case>
            <test-case id="2263" name="CounterWrongPrimitiveTypeIsRejected" fullname="AssemblyShadowDemo.EditorTests.H1CountNativeDiagnosticsTests.CounterWrongPrimitiveTypeIsRejected" methodname="CounterWrongPrimitiveTypeIsRejected" classname="AssemblyShadowDemo.EditorTests.H1CountNativeDiagnosticsTests" runstate="Runnable" seed="1841117571" result="Passed" start-time="2026-09-20 01:32:00Z" end-time="2026-09-20 01:32:00Z" duration="0.001492" asserts="0">
              <properties />
            </test-case>
            <test-case id="2265" name="CountRunnerUsesNativeIdentityBridgeInsteadOfUnsupportedManagedModuleProbe" fullname="AssemblyShadowDemo.EditorTests.H1CountNativeDiagnosticsTests.CountRunnerUsesNativeIdentityBridgeInsteadOfUnsupportedManagedModuleProbe" methodname="CountRunnerUsesNativeIdentityBridgeInsteadOfUnsupportedManagedModuleProbe" classname="AssemblyShadowDemo.EditorTests.H1CountNativeDiagnosticsTests" runstate="Runnable" seed="554619866" result="Passed" start-time="2026-09-20 01:32:00Z" end-time="2026-09-20 01:32:00Z" duration="0.001422" asserts="0">
              <properties />
            </test-case>
            <test-case id="2262" name="DuplicateRootCounterIsRejected" fullname="AssemblyShadowDemo.EditorTests.H1CountNativeDiagnosticsTests.DuplicateRootCounterIsRejected" methodname="DuplicateRootCounterIsRejected" classname="AssemblyShadowDemo.EditorTests.H1CountNativeDiagnosticsTests" runstate="Runnable" seed="2033683138" result="Passed" start-time="2026-09-20 01:32:00Z" end-time="2026-09-20 01:32:00Z" duration="0.000583" asserts="0">
              <properties />
            </test-case>
            <test-case id="2261" name="MissingRootCountersAreRejectedEvenWhenNestedUnknownFieldsQuoteTheirNames" fullname="AssemblyShadowDemo.EditorTests.H1CountNativeDiagnosticsTests.MissingRootCountersAreRejectedEvenWhenNestedUnknownFieldsQuoteTheirNames" methodname="MissingRootCountersAreRejectedEvenWhenNestedUnknownFieldsQuoteTheirNames" classname="AssemblyShadowDemo.EditorTests.H1CountNativeDiagnosticsTests" runstate="Runnable" seed="2063132627" result="Passed" start-time="2026-09-20 01:32:00Z" end-time="2026-09-20 01:32:00Z" duration="0.000564" asserts="0">
              <properties />
            </test-case>
            <test-case id="2266" name="NativeIdentityInventoryMaterializesExactFields" fullname="AssemblyShadowDemo.EditorTests.H1CountNativeDiagnosticsTests.NativeIdentityInventoryMaterializesExactFields" methodname="NativeIdentityInventoryMaterializesExactFields" classname="AssemblyShadowDemo.EditorTests.H1CountNativeDiagnosticsTests" runstate="Runnable" seed="1467345056" result="Passed" start-time="2026-09-20 01:32:00Z" end-time="2026-09-20 01:32:00Z" duration="0.001680" asserts="0">
              <properties />
            </test-case>
          </test-suite>
          <test-suite type="TestFixture" id="2267" name="H1EvidenceProcessTests" fullname="AssemblyShadowDemo.EditorTests.H1EvidenceProcessTests" classname="AssemblyShadowDemo.EditorTests.H1EvidenceProcessTests" runstate="Runnable" testcasecount="10" result="Passed" start-time="2026-09-20 01:32:00Z" end-time="2026-09-20 01:32:00Z" duration="0.005780" total="10" passed="10" failed="0" inconclusive="0" skipped="0" asserts="0">
            <properties />
            <test-case id="2278" name="CompilerCaptureRetainsResponseAndMacroFields" fullname="AssemblyShadowDemo.EditorTests.H1EvidenceProcessTests.CompilerCaptureRetainsResponseAndMacroFields" methodname="CompilerCaptureRetainsResponseAndMacroFields" classname="AssemblyShadowDemo.EditorTests.H1EvidenceProcessTests" runstate="Runnable" seed="88713580" result="Passed" start-time="2026-09-20 01:32:00Z" end-time="2026-09-20 01:32:00Z" duration="0.001296" asserts="0">
              <properties />
            </test-case>
            <test-case id="2279" name="EmptyCaptureDoesNotCreateProvenance" fullname="AssemblyShadowDemo.EditorTests.H1EvidenceProcessTests.EmptyCaptureDoesNotCreateProvenance" methodname="EmptyCaptureDoesNotCreateProvenance" classname="AssemblyShadowDemo.EditorTests.H1EvidenceProcessTests" runstate="Runnable" seed="155740631" result="Passed" start-time="2026-09-20 01:32:00Z" end-time="2026-09-20 01:32:00Z" duration="0.000507" asserts="0">
              <properties />
            </test-case>
            <test-suite type="ParameterizedMethod" id="2272" name="ExplicitArgumentsAreQuoted" fullname="AssemblyShadowDemo.EditorTests.H1EvidenceProcessTests.ExplicitArgumentsAreQuoted" classname="AssemblyShadowDemo.EditorTests.H1EvidenceProcessTests" runstate="Runnable" testcasecount="4" result="Passed" start-time="2026-09-20 01:32:00Z" end-time="2026-09-20 01:32:00Z" duration="0.001328" total="4" passed="4" failed="0" inconclusive="0" skipped="0" asserts="0">
              <properties />
              <test-case id="2268" name="ExplicitArgumentsAreQuoted(&quot;&quot;,&quot;\&quot;\&quot;&quot;)" fullname="AssemblyShadowDemo.EditorTests.H1EvidenceProcessTests.ExplicitArgumentsAreQuoted(&quot;&quot;,&quot;\&quot;\&quot;&quot;)" methodname="ExplicitArgumentsAreQuoted" classname="AssemblyShadowDemo.EditorTests.H1EvidenceProcessTests" runstate="Runnable" seed="1957308729" result="Passed" start-time="2026-09-20 01:32:00Z" end-time="2026-09-20 01:32:00Z" duration="0.000244" asserts="0">
                <properties />
              </test-case>
              <test-case id="2269" name="ExplicitArgumentsAreQuoted(&quot;/tmp/build path/test.py&quot;,&quot;\&quot;/tmp/build path/test.py\&quot;&quot;)" fullname="AssemblyShadowDemo.EditorTests.H1EvidenceProcessTests.ExplicitArgumentsAreQuoted(&quot;/tmp/build path/test.py&quot;,&quot;\&quot;/tmp/build path/test.py\&quot;&quot;)" methodname="ExplicitArgumentsAreQuoted" classname="AssemblyShadowDemo.EditorTests.H1EvidenceProcessTests" runstate="Runnable" seed="857283364" result="Passed" start-time="2026-09-20 01:32:00Z" end-time="2026-09-20 01:32:00Z" duration="0.000048" asserts="0">
                <properties />
              </test-case>
              <test-case id="2270" name="ExplicitArgumentsAreQuoted(&quot;a\&quot;b&quot;,&quot;\&quot;a\\\&quot;b\&quot;&quot;)" fullname="AssemblyShadowDemo.EditorTests.H1EvidenceProcessTests.ExplicitArgumentsAreQuoted(&quot;a\&quot;b&quot;,&quot;\&quot;a\\\&quot;b\&quot;&quot;)" methodname="ExplicitArgumentsAreQuoted" classname="AssemblyShadowDemo.EditorTests.H1EvidenceProcessTests" runstate="Runnable" seed="809089476" result="Passed" start-time="2026-09-20 01:32:00Z" end-time="2026-09-20 01:32:00Z" duration="0.000041" asserts="0">
                <properties />
              </test-case>
              <test-case id="2271" name="ExplicitArgumentsAreQuoted(&quot;a\\b&quot;,&quot;\&quot;a\\\\b\&quot;&quot;)" fullname="AssemblyShadowDemo.EditorTests.H1EvidenceProcessTests.ExplicitArgumentsAreQuoted(&quot;a\\b&quot;,&quot;\&quot;a\\\\b\&quot;&quot;)" methodname="ExplicitArgumentsAreQuoted" classname="AssemblyShadowDemo.EditorTests.H1EvidenceProcessTests" runstate="Runnable" seed="974386097" result="Passed" start-time="2026-09-20 01:32:00Z" end-time="2026-09-20 01:32:00Z" duration="0.000042" asserts="0">
                <properties />
              </test-case>
            </test-suite>
            <test-suite type="ParameterizedMethod" id="2277" name="InvalidArgumentsAreRejected" fullname="AssemblyShadowDemo.EditorTests.H1EvidenceProcessTests.InvalidArgumentsAreRejected" classname="AssemblyShadowDemo.EditorTests.H1EvidenceProcessTests" runstate="Runnable" testcasecount="4" result="Passed" start-time="2026-09-20 01:32:00Z" end-time="2026-09-20 01:32:00Z" duration="0.001126" total="4" passed="4" failed="0" inconclusive="0" skipped="0" asserts="0">
              <properties />
              <test-case id="2273" name="InvalidArgumentsAreRejected(null)" fullname="AssemblyShadowDemo.EditorTests.H1EvidenceProcessTests.InvalidArgumentsAreRejected(null)" methodname="InvalidArgumentsAreRejected" classname="AssemblyShadowDemo.EditorTests.H1EvidenceProcessTests" runstate="Runnable" seed="979876210" result="Passed" start-time="2026-09-20 01:32:00Z" end-time="2026-09-20 01:32:00Z" duration="0.000240" asserts="0">
                <properties />
              </test-case>
              <test-case id="2274" name="InvalidArgumentsAreRejected(&quot;a\nb&quot;)" fullname="AssemblyShadowDemo.EditorTests.H1EvidenceProcessTests.InvalidArgumentsAreRejected(&quot;a\nb&quot;)" methodname="InvalidArgumentsAreRejected" classname="AssemblyShadowDemo.EditorTests.H1EvidenceProcessTests" runstate="Runnable" seed="1427044510" result="Passed" start-time="2026-09-20 01:32:00Z" end-time="2026-09-20 01:32:00Z" duration="0.000066" asserts="0">
                <properties />
              </test-case>
              <test-case id="2275" name="InvalidArgumentsAreRejected(&quot;a\rb&quot;)" fullname="AssemblyShadowDemo.EditorTests.H1EvidenceProcessTests.InvalidArgumentsAreRejected(&quot;a\rb&quot;)" methodname="InvalidArgumentsAreRejected" classname="AssemblyShadowDemo.EditorTests.H1EvidenceProcessTests" runstate="Runnable" seed="256375198" result="Passed" start-time="2026-09-20 01:32:00Z" end-time="2026-09-20 01:32:00Z" duration="0.000043" asserts="0">
                <properties />
              </test-case>
              <test-case id="2276" name="InvalidArgumentsAreRejected(&quot;a\0b&quot;)" fullname="AssemblyShadowDemo.EditorTests.H1EvidenceProcessTests.InvalidArgumentsAreRejected(&quot;a\0b&quot;)" methodname="InvalidArgumentsAreRejected" classname="AssemblyShadowDemo.EditorTests.H1EvidenceProcessTests" runstate="Runnable" seed="891501895" result="Passed" start-time="2026-09-20 01:32:00Z" end-time="2026-09-20 01:32:00Z" duration="0.000045" asserts="0">
                <properties />
              </test-case>
            </test-suite>
          </test-suite>
          <test-suite type="TestFixture" id="2280" name="H1PchEvidenceProcessTests" fullname="AssemblyShadowDemo.EditorTests.H1PchEvidenceProcessTests" classname="AssemblyShadowDemo.EditorTests.H1PchEvidenceProcessTests" runstate="Runnable" testcasecount="4" result="Passed" start-time="2026-09-20 01:32:00Z" end-time="2026-09-20 01:32:00Z" duration="0.002124" total="4" passed="4" failed="0" inconclusive="0" skipped="0" asserts="0">
            <properties />
            <test-case id="2285" name="CompilerReceiptPreservesPchSidecarFields" fullname="AssemblyShadowDemo.EditorTests.H1PchEvidenceProcessTests.CompilerReceiptPreservesPchSidecarFields" methodname="CompilerReceiptPreservesPchSidecarFields" classname="AssemblyShadowDemo.EditorTests.H1PchEvidenceProcessTests" runstate="Runnable" seed="875359048" result="Passed" start-time="2026-09-20 01:32:00Z" end-time="2026-09-20 01:32:00Z" duration="0.000184" asserts="0">
              <properties />
            </test-case>
            <test-suite type="ParameterizedMethod" id="2284" name="InvalidTimeoutFailsBeforeStartingAnyProcess" fullname="AssemblyShadowDemo.EditorTests.H1PchEvidenceProcessTests.InvalidTimeoutFailsBeforeStartingAnyProcess" classname="AssemblyShadowDemo.EditorTests.H1PchEvidenceProcessTests" runstate="Runnable" testcasecount="3" result="Passed" start-time="2026-09-20 01:32:00Z" end-time="2026-09-20 01:32:00Z" duration="0.001291" total="3" passed="3" failed="0" inconclusive="0" skipped="0" asserts="0">
              <properties />
              <test-case id="2281" name="InvalidTimeoutFailsBeforeStartingAnyProcess(0)" fullname="AssemblyShadowDemo.EditorTests.H1PchEvidenceProcessTests.InvalidTimeoutFailsBeforeStartingAnyProcess(0)" methodname="InvalidTimeoutFailsBeforeStartingAnyProcess" classname="AssemblyShadowDemo.EditorTests.H1PchEvidenceProcessTests" runstate="Runnable" seed="388454627" result="Passed" start-time="2026-09-20 01:32:00Z" end-time="2026-09-20 01:32:00Z" duration="0.000654" asserts="0">
                <properties />
              </test-case>
              <test-case id="2282" name="InvalidTimeoutFailsBeforeStartingAnyProcess(999)" fullname="AssemblyShadowDemo.EditorTests.H1PchEvidenceProcessTests.InvalidTimeoutFailsBeforeStartingAnyProcess(999)" methodname="InvalidTimeoutFailsBeforeStartingAnyProcess" classname="AssemblyShadowDemo.EditorTests.H1PchEvidenceProcessTests" runstate="Runnable" seed="1233015610" result="Passed" start-time="2026-09-20 01:32:00Z" end-time="2026-09-20 01:32:00Z" duration="0.000048" asserts="0">
                <properties />
              </test-case>
              <test-case id="2283" name="InvalidTimeoutFailsBeforeStartingAnyProcess(1800001)" fullname="AssemblyShadowDemo.EditorTests.H1PchEvidenceProcessTests.InvalidTimeoutFailsBeforeStartingAnyProcess(1800001)" methodname="InvalidTimeoutFailsBeforeStartingAnyProcess" classname="AssemblyShadowDemo.EditorTests.H1PchEvidenceProcessTests" runstate="Runnable" seed="1845598970" result="Passed" start-time="2026-09-20 01:32:00Z" end-time="2026-09-20 01:32:00Z" duration="0.000047" asserts="0">
                <properties />
              </test-case>
            </test-suite>
          </test-suite>
          <test-suite type="TestFixture" id="2286" name="H1WitnessRuntimeEvidenceTests" fullname="AssemblyShadowDemo.EditorTests.H1WitnessRuntimeEvidenceTests" classname="AssemblyShadowDemo.EditorTests.H1WitnessRuntimeEvidenceTests" runstate="Runnable" testcasecount="2" result="Passed" start-time="2026-09-20 01:32:00Z" end-time="2026-09-20 01:32:00Z" duration="0.001236" total="2" passed="2" failed="0" inconclusive="0" skipped="0" asserts="0">
            <properties />
            <test-case id="2287" name="DedicatedWitnessNegativeEvidenceSurvivesSerialization" fullname="AssemblyShadowDemo.EditorTests.H1WitnessRuntimeEvidenceTests.DedicatedWitnessNegativeEvidenceSurvivesSerialization" methodname="DedicatedWitnessNegativeEvidenceSurvivesSerialization" classname="AssemblyShadowDemo.EditorTests.H1WitnessRuntimeEvidenceTests" runstate="Runnable" seed="1205194810" result="Passed" start-time="2026-09-20 01:32:00Z" end-time="2026-09-20 01:32:00Z" duration="0.000434" asserts="0">
              <properties />
            </test-case>
            <test-case id="2288" name="HistoricalOrIncompleteResultDoesNotDefaultToWitnessPass" fullname="AssemblyShadowDemo.EditorTests.H1WitnessRuntimeEvidenceTests.HistoricalOrIncompleteResultDoesNotDefaultToWitnessPass" methodname="HistoricalOrIncompleteResultDoesNotDefaultToWitnessPass" classname="AssemblyShadowDemo.EditorTests.H1WitnessRuntimeEvidenceTests" runstate="Runnable" seed="760494501" result="Passed" start-time="2026-09-20 01:32:00Z" end-time="2026-09-20 01:32:00Z" duration="0.000135" asserts="0">
              <properties />
            </test-case>
          </test-suite>
          <test-suite type="TestFixture" id="2289" name="M01EditorValidationTests" fullname="AssemblyShadowDemo.EditorTests.M01EditorValidationTests" classname="AssemblyShadowDemo.EditorTests.M01EditorValidationTests" runstate="Runnable" testcasecount="1" result="Passed" start-time="2026-09-20 01:32:00Z" end-time="2026-09-20 01:32:00Z" duration="0.013882" total="1" passed="1" failed="0" inconclusive="0" skipped="0" asserts="0">
            <properties />
            <test-case id="2290" name="M01EditorValidationPasses" fullname="AssemblyShadowDemo.EditorTests.M01EditorValidationTests.M01EditorValidationPasses" methodname="M01EditorValidationPasses" classname="AssemblyShadowDemo.EditorTests.M01EditorValidationTests" runstate="Runnable" seed="661516444" result="Passed" start-time="2026-09-20 01:32:00Z" end-time="2026-09-20 01:32:00Z" duration="0.013445" asserts="0">
              <properties />
              <output><![CDATA[[AssemblyShadow M01] Editor validation: {"runtimeEvidence":false,"passed":true,"tests":[{"name":"bootstrap_has_no_business_references","passed":true,"error":""},{"name":"baseline_aot_configuration","passed":true,"error":""},{"name":"asset_guids_and_serialized_values","passed":true,"error":""},{"name":"immutable_manifest_and_bundle_hashes","passed":true,"error":""},{"name":"patch_abi_when_present","passed":true,"error":""}]}
]]></output>
            </test-case>
          </test-suite>
          <test-suite type="TestFixture" id="2291" name="M02DependencyFixtureTests" fullname="AssemblyShadowDemo.EditorTests.M02DependencyFixtureTests" classname="AssemblyShadowDemo.EditorTests.M02DependencyFixtureTests" runstate="Runnable" testcasecount="2" result="Passed" start-time="2026-09-20 01:32:00Z" end-time="2026-09-20 01:32:00Z" duration="0.030670" total="2" passed="2" failed="0" inconclusive="0" skipped="0" asserts="0">
            <properties />
            <test-case id="2292" name="ActualAssemblyReferenceRetainsCompleteP03Closure" fullname="AssemblyShadowDemo.EditorTests.M02DependencyFixtureTests.ActualAssemblyReferenceRetainsCompleteP03Closure" methodname="ActualAssemblyReferenceRetainsCompleteP03Closure" classname="AssemblyShadowDemo.EditorTests.M02DependencyFixtureTests" runstate="Runnable" seed="1637652746" result="Passed" start-time="2026-09-20 01:32:00Z" end-time="2026-09-20 01:32:00Z" duration="0.017958" asserts="0">
              <properties />
            </test-case>
            <test-case id="2293" name="ModuleContractUsesAssemblyReferenceWithoutDuplicateDeclaration" fullname="AssemblyShadowDemo.EditorTests.M02DependencyFixtureTests.ModuleContractUsesAssemblyReferenceWithoutDuplicateDeclaration" methodname="ModuleContractUsesAssemblyReferenceWithoutDuplicateDeclaration" classname="AssemblyShadowDemo.EditorTests.M02DependencyFixtureTests" runstate="Runnable" seed="2048199778" result="Passed" start-time="2026-09-20 01:32:00Z" end-time="2026-09-20 01:32:00Z" duration="0.011431" asserts="0">
              <properties />
            </test-case>
          </test-suite>
          <test-suite type="TestFixture" id="2294" name="M02ReflectionBindingValidationTests" fullname="AssemblyShadowDemo.EditorTests.M02ReflectionBindingValidationTests" classname="AssemblyShadowDemo.EditorTests.M02ReflectionBindingValidationTests" runstate="Runnable" testcasecount="3" result="Passed" start-time="2026-09-20 01:32:00Z" end-time="2026-09-20 01:32:00Z" duration="0.175173" total="3" passed="3" failed="0" inconclusive="0" skipped="0" asserts="0">
            <properties />
            <test-case id="2296" name="EditorDomainRemainsUnmodified" fullname="AssemblyShadowDemo.EditorTests.M02ReflectionBindingValidationTests.EditorDomainRemainsUnmodified" methodname="EditorDomainRemainsUnmodified" classname="AssemblyShadowDemo.EditorTests.M02ReflectionBindingValidationTests" runstate="Runnable" seed="2141375930" result="Passed" start-time="2026-09-20 01:32:00Z" end-time="2026-09-20 01:32:00Z" duration="0.035908" asserts="0">
              <properties />
            </test-case>
            <test-case id="2295" name="FiniteDomainMatchesActualSerializedPrefab" fullname="AssemblyShadowDemo.EditorTests.M02ReflectionBindingValidationTests.FiniteDomainMatchesActualSerializedPrefab" methodname="FiniteDomainMatchesActualSerializedPrefab" classname="AssemblyShadowDemo.EditorTests.M02ReflectionBindingValidationTests" runstate="Runnable" seed="2124430899" result="Passed" start-time="2026-09-20 01:32:00Z" end-time="2026-09-20 01:32:00Z" duration="0.135608" asserts="0">
              <properties />
              <output><![CDATA[[AssemblyShadow M02] All 26 serialized URP prefab type names match the finite Player contract.
]]></output>
            </test-case>
            <test-case id="2297" name="RuntimeProbeRejectsSiteSetAndH1WitnessMutations" fullname="AssemblyShadowDemo.EditorTests.M02ReflectionBindingValidationTests.RuntimeProbeRejectsSiteSetAndH1WitnessMutations" methodname="RuntimeProbeRejectsSiteSetAndH1WitnessMutations" classname="AssemblyShadowDemo.EditorTests.M02ReflectionBindingValidationTests" runstate="Runnable" seed="2087585032" result="Passed" start-time="2026-09-20 01:32:00Z" end-time="2026-09-20 01:32:00Z" duration="0.002205" asserts="0">
              <properties />
            </test-case>
          </test-suite>
          <test-suite type="TestFixture" id="2298" name="M02StructuralPatchCompilationTests" fullname="AssemblyShadowDemo.EditorTests.M02StructuralPatchCompilationTests" classname="AssemblyShadowDemo.EditorTests.M02StructuralPatchCompilationTests" runstate="Runnable" testcasecount="22" result="Passed" start-time="2026-09-20 01:32:00Z" end-time="2026-09-20 01:32:00Z" duration="0.025457" total="22" passed="22" failed="0" inconclusive="0" skipped="0" asserts="0">
            <properties />
            <test-suite type="ParameterizedMethod" id="2317" name="ByteRestoreAllowsOnlyRecordedTargetSerialization" fullname="AssemblyShadowDemo.EditorTests.M02StructuralPatchCompilationTests.ByteRestoreAllowsOnlyRecordedTargetSerialization" classname="AssemblyShadowDemo.EditorTests.M02StructuralPatchCompilationTests" runstate="Runnable" testcasecount="5" result="Passed" start-time="2026-09-20 01:32:00Z" end-time="2026-09-20 01:32:00Z" duration="0.003714" total="5" passed="5" failed="0" inconclusive="0" skipped="0" asserts="0">
              <properties />
              <test-case id="2312" name="ByteRestoreAllowsOnlyRecordedTargetSerialization(&quot;  scriptingDefineSymbols: {}\n&quot;,&quot;  scriptingDefineSymbols:\n    Standalone: \n&quot;,&quot;&quot;,&quot;&quot;)" fullname="AssemblyShadowDemo.EditorTests.M02StructuralPatchCompilationTests.ByteRestoreAllowsOnlyRecordedTargetSerialization(&quot;  scriptingDefineSymbols: {}\n&quot;,&quot;  scriptingDefineSymbols:\n    Standalone: \n&quot;,&quot;&quot;,&quot;&quot;)" methodname="ByteRestoreAllowsOnlyRecordedTargetSerialization" classname="AssemblyShadowDemo.EditorTests.M02StructuralPatchCompilationTests" runstate="Runnable" seed="1226000740" result="Passed" start-time="2026-09-20 01:32:00Z" end-time="2026-09-20 01:32:00Z" duration="0.002225" asserts="0">
                <properties />
              </test-case>
              <test-case id="2313" name="ByteRestoreAllowsOnlyRecordedTargetSerialization(&quot;  scriptingDefineSymbols: {}\n&quot;,&quot;  scriptingDefineSymbols:\n    Standalone: ASSEMBLY_SHADOW_P05\n&quot;,&quot;&quot;,&quot;ASSEMBLY_SHADOW_P05&quot;)" fullname="AssemblyShadowDemo.EditorTests.M02StructuralPatchCompilationTests.ByteRestoreAllowsOnlyRecordedTargetSerialization(&quot;  scriptingDefineSymbols: {}\n&quot;,&quot;  scriptingDefineSymbols:\n    Standalone: ASSEMBLY_SHADOW_P05\n&quot;,&quot;&quot;,&quot;ASSEMBLY_SHADOW_P05&quot;)" methodname="ByteRestoreAllowsOnlyRecordedTargetSerialization" classname="AssemblyShadowDemo.EditorTests.M02StructuralPatchCompilationTests" runstate="Runnable" seed="20662469" result="Passed" start-time="2026-09-20 01:32:00Z" end-time="2026-09-20 01:32:00Z" duration="0.000106" asserts="0">
                <properties />
              </test-case>
              <test-case id="2314" name="ByteRestoreAllowsOnlyRecordedTargetSerialization(&quot;  scriptingDefineSymbols:\n    Android: MOBILE;USER\n&quot;,&quot;  scriptingDefineSymbols:\n    Android: MOBILE;USER\n    Standalone: \n&quot;,&quot;&quot;,&quot;&quot;)" fullname="AssemblyShadowDemo.EditorTests.M02StructuralPatchCompilationTests.ByteRestoreAllowsOnlyRecordedTargetSerialization(&quot;  scriptingDefineSymbols:\n    Android: MOBILE;USER\n&quot;,&quot;  scriptingDefineSymbols:\n    Android: MOBILE;USER\n    Standalone: \n&quot;,&quot;&quot;,&quot;&quot;)" methodname="ByteRestoreAllowsOnlyRecordedTargetSerialization" classname="AssemblyShadowDemo.EditorTests.M02StructuralPatchCompilationTests" runstate="Runnable" seed="86817191" result="Passed" start-time="2026-09-20 01:32:00Z" end-time="2026-09-20 01:32:00Z" duration="0.000092" asserts="0">
                <properties />
              </test-case>
              <test-case id="2315" name="ByteRestoreAllowsOnlyRecordedTargetSerialization(&quot;  scriptingDefineSymbols:\n    Standalone: USER_FIRST;USER_SECOND\n    Android: MOBILE\n&quot;,&quot;  scriptingDefineSymbols:\n    Standalone: USER_FIRST;USER_SECOND;ASSEMBLY_SHADOW_P05\n    Android: MOBILE\n&quot;,&quot;USER_FIRST;USER_SECOND&quot;,&quot;USER_FIRST;USER_SECOND;ASSEMBLY_SHADOW_P05&quot;)" fullname="AssemblyShadowDemo.EditorTests.M02StructuralPatchCompilationTests.ByteRestoreAllowsOnlyRecordedTargetSerialization(&quot;  scriptingDefineSymbols:\n    Standalone: USER_FIRST;USER_SECOND\n    Android: MOBILE\n&quot;,&quot;  scriptingDefineSymbols:\n    Standalone: USER_FIRST;USER_SECOND;ASSEMBLY_SHADOW_P05\n    Android: MOBILE\n&quot;,&quot;USER_FIRST;USER_SECOND&quot;,&quot;USER_FIRST;USER_SECOND;ASSEMBLY_SHADOW_P05&quot;)" methodname="ByteRestoreAllowsOnlyRecordedTargetSerialization" classname="AssemblyShadowDemo.EditorTests.M02StructuralPatchCompilationTests" runstate="Runnable" seed="1008928779" result="Passed" start-time="2026-09-20 01:32:00Z" end-time="2026-09-20 01:32:00Z" duration="0.000100" asserts="0">
                <properties />
              </test-case>
              <test-case id="2316" name="ByteRestoreAllowsOnlyRecordedTargetSerialization(&quot;  scriptingDefineSymbols:\n    Standalone: USER\n&quot;,&quot;  scriptingDefineSymbols:\n    Standalone: USER\n&quot;,&quot;USER&quot;,&quot;USER&quot;)" fullname="AssemblyShadowDemo.EditorTests.M02StructuralPatchCompilationTests.ByteRestoreAllowsOnlyRecordedTargetSerialization(&quot;  scriptingDefineSymbols:\n    Standalone: USER\n&quot;,&quot;  scriptingDefineSymbols:\n    Standalone: USER\n&quot;,&quot;USER&quot;,&quot;USER&quot;)" methodname="ByteRestoreAllowsOnlyRecordedTargetSerialization" classname="AssemblyShadowDemo.EditorTests.M02StructuralPatchCompilationTests" runstate="Runnable" seed="158470961" result="Passed" start-time="2026-09-20 01:32:00Z" end-time="2026-09-20 01:32:00Z" duration="0.000079" asserts="0">
                <properties />
              </test-case>
            </test-suite>
            <test-case id="2325" name="ByteRestoreCannotDeleteOriginalNonemptyTargetEntry" fullname="AssemblyShadowDemo.EditorTests.M02StructuralPatchCompilationTests.ByteRestoreCannotDeleteOriginalNonemptyTargetEntry" methodname="ByteRestoreCannotDeleteOriginalNonemptyTargetEntry" classname="AssemblyShadowDemo.EditorTests.M02StructuralPatchCompilationTests" runstate="Runnable" seed="517290582" result="Passed" start-time="2026-09-20 01:32:00Z" end-time="2026-09-20 01:32:00Z" duration="0.001519" asserts="0">
              <properties />
            </test-case>
            <test-case id="2318" name="ByteRestorePreservesBomAndWindowsNewlines" fullname="AssemblyShadowDemo.EditorTests.M02StructuralPatchCompilationTests.ByteRestorePreservesBomAndWindowsNewlines" methodname="ByteRestorePreservesBomAndWindowsNewlines" classname="AssemblyShadowDemo.EditorTests.M02StructuralPatchCompilationTests" runstate="Runnable" seed="468426689" result="Passed" start-time="2026-09-20 01:32:00Z" end-time="2026-09-20 01:32:00Z" duration="0.000330" asserts="0">
              <properties />
            </test-case>
            <test-case id="2319" name="ByteRestoreRejectsConcurrentUnrelatedSettingsChanges" fullname="AssemblyShadowDemo.EditorTests.M02StructuralPatchCompilationTests.ByteRestoreRejectsConcurrentUnrelatedSettingsChanges" methodname="ByteRestoreRejectsConcurrentUnrelatedSettingsChanges" classname="AssemblyShadowDemo.EditorTests.M02StructuralPatchCompilationTests" runstate="Runnable" seed="1403258459" result="Passed" start-time="2026-09-20 01:32:00Z" end-time="2026-09-20 01:32:00Z" duration="0.000368" asserts="0">
              <properties />
            </test-case>
            <test-suite type="ParameterizedMethod" id="2324" name="ByteRestoreRejectsUnexpectedDefineValueOrYamlShape" fullname="AssemblyShadowDemo.EditorTests.M02StructuralPatchCompilationTests.ByteRestoreRejectsUnexpectedDefineValueOrYamlShape" classname="AssemblyShadowDemo.EditorTests.M02StructuralPatchCompilationTests" runstate="Runnable" testcasecount="4" result="Passed" start-time="2026-09-20 01:32:00Z" end-time="2026-09-20 01:32:00Z" duration="0.001590" total="4" passed="4" failed="0" inconclusive="0" skipped="0" asserts="0">
              <properties />
              <test-case id="2320" name="ByteRestoreRejectsUnexpectedDefineValueOrYamlShape(&quot;  scriptingDefineSymbols:\n    Standalone: CONCURRENT\n&quot;,&quot;StructuralSettingsDefines&quot;)" fullname="AssemblyShadowDemo.EditorTests.M02StructuralPatchCompilationTests.ByteRestoreRejectsUnexpectedDefineValueOrYamlShape(&quot;  scriptingDefineSymbols:\n    Standalone: CONCURRENT\n&quot;,&quot;StructuralSettingsDefines&quot;)" methodname="ByteRestoreRejectsUnexpectedDefineValueOrYamlShape" classname="AssemblyShadowDemo.EditorTests.M02StructuralPatchCompilationTests" runstate="Runnable" seed="1545808453" result="Passed" start-time="2026-09-20 01:32:00Z" end-time="2026-09-20 01:32:00Z" duration="0.000218" asserts="0">
                <properties />
              </test-case>
              <test-case id="2321" name="ByteRestoreRejectsUnexpectedDefineValueOrYamlShape(&quot;  scriptingDefineSymbols:\n    Standalone: \n    Standalone: \n&quot;,&quot;StructuralSettingsShape&quot;)" fullname="AssemblyShadowDemo.EditorTests.M02StructuralPatchCompilationTests.ByteRestoreRejectsUnexpectedDefineValueOrYamlShape(&quot;  scriptingDefineSymbols:\n    Standalone: \n    Standalone: \n&quot;,&quot;StructuralSettingsShape&quot;)" methodname="ByteRestoreRejectsUnexpectedDefineValueOrYamlShape" classname="AssemblyShadowDemo.EditorTests.M02StructuralPatchCompilationTests" runstate="Runnable" seed="2097379335" result="Passed" start-time="2026-09-20 01:32:00Z" end-time="2026-09-20 01:32:00Z" duration="0.000107" asserts="0">
                <properties />
              </test-case>
              <test-case id="2322" name="ByteRestoreRejectsUnexpectedDefineValueOrYamlShape(&quot;  scriptingDefineSymbols: {}\n  scriptingDefineSymbols: {}\n&quot;,&quot;StructuralSettingsShape&quot;)" fullname="AssemblyShadowDemo.EditorTests.M02StructuralPatchCompilationTests.ByteRestoreRejectsUnexpectedDefineValueOrYamlShape(&quot;  scriptingDefineSymbols: {}\n  scriptingDefineSymbols: {}\n&quot;,&quot;StructuralSettingsShape&quot;)" methodname="ByteRestoreRejectsUnexpectedDefineValueOrYamlShape" classname="AssemblyShadowDemo.EditorTests.M02StructuralPatchCompilationTests" runstate="Runnable" seed="677205324" result="Passed" start-time="2026-09-20 01:32:00Z" end-time="2026-09-20 01:32:00Z" duration="0.000091" asserts="0">
                <properties />
              </test-case>
              <test-case id="2323" name="ByteRestoreRejectsUnexpectedDefineValueOrYamlShape(&quot;  scriptingDefineSymbols:\n    Standalone:\n      - USER\n&quot;,&quot;StructuralSettingsShape&quot;)" fullname="AssemblyShadowDemo.EditorTests.M02StructuralPatchCompilationTests.ByteRestoreRejectsUnexpectedDefineValueOrYamlShape(&quot;  scriptingDefineSymbols:\n    Standalone:\n      - USER\n&quot;,&quot;StructuralSettingsShape&quot;)" methodname="ByteRestoreRejectsUnexpectedDefineValueOrYamlShape" classname="AssemblyShadowDemo.EditorTests.M02StructuralPatchCompilationTests" runstate="Runnable" seed="943944309" result="Passed" start-time="2026-09-20 01:32:00Z" end-time="2026-09-20 01:32:00Z" duration="0.000231" asserts="0">
                <properties />
              </test-case>
            </test-suite>
            <test-suite type="ParameterizedMethod" id="2305" name="PreexistingPatchSymbolsRequireExplicitUserResolution" fullname="AssemblyShadowDemo.EditorTests.M02StructuralPatchCompilationTests.PreexistingPatchSymbolsRequireExplicitUserResolution" classname="AssemblyShadowDemo.EditorTests.M02StructuralPatchCompilationTests" runstate="Runnable" testcasecount="3" result="Passed" start-time="2026-09-20 01:32:00Z" end-time="2026-09-20 01:32:00Z" duration="0.001360" total="3" passed="3" failed="0" inconclusive="0" skipped="0" asserts="0">
              <properties />
              <test-case id="2302" name="PreexistingPatchSymbolsRequireExplicitUserResolution(&quot;ASSEMBLY_SHADOW_P01&quot;)" fullname="AssemblyShadowDemo.EditorTests.M02StructuralPatchCompilationTests.PreexistingPatchSymbolsRequireExplicitUserResolution(&quot;ASSEMBLY_SHADOW_P01&quot;)" methodname="PreexistingPatchSymbolsRequireExplicitUserResolution" classname="AssemblyShadowDemo.EditorTests.M02StructuralPatchCompilationTests" runstate="Runnable" seed="798318765" result="Passed" start-time="2026-09-20 01:32:00Z" end-time="2026-09-20 01:32:00Z" duration="0.000583" asserts="0">
                <properties />
              </test-case>
              <test-case id="2303" name="PreexistingPatchSymbolsRequireExplicitUserResolution(&quot;USER;ASSEMBLY_SHADOW_P05&quot;)" fullname="AssemblyShadowDemo.EditorTests.M02StructuralPatchCompilationTests.PreexistingPatchSymbolsRequireExplicitUserResolution(&quot;USER;ASSEMBLY_SHADOW_P05&quot;)" methodname="PreexistingPatchSymbolsRequireExplicitUserResolution" classname="AssemblyShadowDemo.EditorTests.M02StructuralPatchCompilationTests" runstate="Runnable" seed="620518318" result="Passed" start-time="2026-09-20 01:32:00Z" end-time="2026-09-20 01:32:00Z" duration="0.000083" asserts="0">
                <properties />
              </test-case>
              <test-case id="2304" name="PreexistingPatchSymbolsRequireExplicitUserResolution(&quot;ASSEMBLY_SHADOW_P99&quot;)" fullname="AssemblyShadowDemo.EditorTests.M02StructuralPatchCompilationTests.PreexistingPatchSymbolsRequireExplicitUserResolution(&quot;ASSEMBLY_SHADOW_P99&quot;)" methodname="PreexistingPatchSymbolsRequireExplicitUserResolution" classname="AssemblyShadowDemo.EditorTests.M02StructuralPatchCompilationTests" runstate="Runnable" seed="1181341632" result="Passed" start-time="2026-09-20 01:32:00Z" end-time="2026-09-20 01:32:00Z" duration="0.000082" asserts="0">
                <properties />
              </test-case>
            </test-suite>
            <test-case id="2310" name="RecoveryHandlesFailureBeforeAndAfterSettingsMutation" fullname="AssemblyShadowDemo.EditorTests.M02StructuralPatchCompilationTests.RecoveryHandlesFailureBeforeAndAfterSettingsMutation" methodname="RecoveryHandlesFailureBeforeAndAfterSettingsMutation" classname="AssemblyShadowDemo.EditorTests.M02StructuralPatchCompilationTests" runstate="Runnable" seed="185403036" result="Passed" start-time="2026-09-20 01:32:00Z" end-time="2026-09-20 01:32:00Z" duration="0.000580" asserts="0">
              <properties />
            </test-case>
            <test-case id="2311" name="RunArgumentRequiresOneExistingImmediateGuidChild" fullname="AssemblyShadowDemo.EditorTests.M02StructuralPatchCompilationTests.RunArgumentRequiresOneExistingImmediateGuidChild" methodname="RunArgumentRequiresOneExistingImmediateGuidChild" classname="AssemblyShadowDemo.EditorTests.M02StructuralPatchCompilationTests" runstate="Runnable" seed="1188226380" result="Passed" start-time="2026-09-20 01:32:00Z" end-time="2026-09-20 01:32:00Z" duration="0.005420" asserts="0">
              <properties />
            </test-case>
            <test-suite type="ParameterizedMethod" id="2309" name="StagingNeverSilentlyNormalizesUserDefines" fullname="AssemblyShadowDemo.EditorTests.M02StructuralPatchCompilationTests.StagingNeverSilentlyNormalizesUserDefines" classname="AssemblyShadowDemo.EditorTests.M02StructuralPatchCompilationTests" runstate="Runnable" testcasecount="3" result="Passed" start-time="2026-09-20 01:32:00Z" end-time="2026-09-20 01:32:00Z" duration="0.001156" total="3" passed="3" failed="0" inconclusive="0" skipped="0" asserts="0">
              <properties />
              <test-case id="2306" name="StagingNeverSilentlyNormalizesUserDefines(&quot;USER;USER&quot;)" fullname="AssemblyShadowDemo.EditorTests.M02StructuralPatchCompilationTests.StagingNeverSilentlyNormalizesUserDefines(&quot;USER;USER&quot;)" methodname="StagingNeverSilentlyNormalizesUserDefines" classname="AssemblyShadowDemo.EditorTests.M02StructuralPatchCompilationTests" runstate="Runnable" seed="2021196609" result="Passed" start-time="2026-09-20 01:32:00Z" end-time="2026-09-20 01:32:00Z" duration="0.000216" asserts="0">
                <properties />
              </test-case>
              <test-case id="2307" name="StagingNeverSilentlyNormalizesUserDefines(&quot;USER; OTHER&quot;)" fullname="AssemblyShadowDemo.EditorTests.M02StructuralPatchCompilationTests.StagingNeverSilentlyNormalizesUserDefines(&quot;USER; OTHER&quot;)" methodname="StagingNeverSilentlyNormalizesUserDefines" classname="AssemblyShadowDemo.EditorTests.M02StructuralPatchCompilationTests" runstate="Runnable" seed="1376182288" result="Passed" start-time="2026-09-20 01:32:00Z" end-time="2026-09-20 01:32:00Z" duration="0.000075" asserts="0">
                <properties />
              </test-case>
              <test-case id="2308" name="StagingNeverSilentlyNormalizesUserDefines(&quot;USER;&quot;)" fullname="AssemblyShadowDemo.EditorTests.M02StructuralPatchCompilationTests.StagingNeverSilentlyNormalizesUserDefines(&quot;USER;&quot;)" methodname="StagingNeverSilentlyNormalizesUserDefines" classname="AssemblyShadowDemo.EditorTests.M02StructuralPatchCompilationTests" runstate="Runnable" seed="1203018589" result="Passed" start-time="2026-09-20 01:32:00Z" end-time="2026-09-20 01:32:00Z" duration="0.000071" asserts="0">
                <properties />
              </test-case>
            </test-suite>
            <test-suite type="ParameterizedMethod" id="2301" name="StagingPreservesOriginalDefineOrder" fullname="AssemblyShadowDemo.EditorTests.M02StructuralPatchCompilationTests.StagingPreservesOriginalDefineOrder" classname="AssemblyShadowDemo.EditorTests.M02StructuralPatchCompilationTests" runstate="Runnable" testcasecount="2" result="Passed" start-time="2026-09-20 01:32:00Z" end-time="2026-09-20 01:32:00Z" duration="0.000582" total="2" passed="2" failed="0" inconclusive="0" skipped="0" asserts="0">
              <properties />
              <test-case id="2299" name="StagingPreservesOriginalDefineOrder(&quot;&quot;,&quot;ASSEMBLY_SHADOW_P05&quot;)" fullname="AssemblyShadowDemo.EditorTests.M02StructuralPatchCompilationTests.StagingPreservesOriginalDefineOrder(&quot;&quot;,&quot;ASSEMBLY_SHADOW_P05&quot;)" methodname="StagingPreservesOriginalDefineOrder" classname="AssemblyShadowDemo.EditorTests.M02StructuralPatchCompilationTests" runstate="Runnable" seed="1802799465" result="Passed" start-time="2026-09-20 01:32:00Z" end-time="2026-09-20 01:32:00Z" duration="0.000087" asserts="0">
                <properties />
              </test-case>
              <test-case id="2300" name="StagingPreservesOriginalDefineOrder(&quot;USER_FIRST;USER_SECOND&quot;,&quot;USER_FIRST;USER_SECOND;ASSEMBLY_SHADOW_P05&quot;)" fullname="AssemblyShadowDemo.EditorTests.M02StructuralPatchCompilationTests.StagingPreservesOriginalDefineOrder(&quot;USER_FIRST;USER_SECOND&quot;,&quot;USER_FIRST;USER_SECOND;ASSEMBLY_SHADOW_P05&quot;)" methodname="StagingPreservesOriginalDefineOrder" classname="AssemblyShadowDemo.EditorTests.M02StructuralPatchCompilationTests" runstate="Runnable" seed="1006134436" result="Passed" start-time="2026-09-20 01:32:00Z" end-time="2026-09-20 01:32:00Z" duration="0.000051" asserts="0">
                <properties />
              </test-case>
            </test-suite>
          </test-suite>
          <test-suite type="TestFixture" id="2326" name="M03CompilerLibraryTests" fullname="AssemblyShadowDemo.EditorTests.M03CompilerLibraryTests" classname="AssemblyShadowDemo.EditorTests.M03CompilerLibraryTests" runstate="Runnable" testcasecount="8" result="Passed" start-time="2026-09-20 01:32:00Z" end-time="2026-09-20 01:32:02Z" duration="1.308279" total="8" passed="8" failed="0" inconclusive="0" skipped="0" asserts="0">
            <properties />
            <test-case id="2328" name="CapturedInputRoleCanMatchButFilteredRoleCannot" fullname="AssemblyShadowDemo.EditorTests.M03CompilerLibraryTests.CapturedInputRoleCanMatchButFilteredRoleCannot" methodname="CapturedInputRoleCanMatchButFilteredRoleCannot" classname="AssemblyShadowDemo.EditorTests.M03CompilerLibraryTests" runstate="Runnable" seed="1481408861" result="Passed" start-time="2026-09-20 01:32:00Z" end-time="2026-09-20 01:32:01Z" duration="0.147079" asserts="0">
              <properties />
            </test-case>
            <test-case id="2329" name="ChangedCapturedBytesFailEvenAfterSelfRehashing" fullname="AssemblyShadowDemo.EditorTests.M03CompilerLibraryTests.ChangedCapturedBytesFailEvenAfterSelfRehashing" methodname="ChangedCapturedBytesFailEvenAfterSelfRehashing" classname="AssemblyShadowDemo.EditorTests.M03CompilerLibraryTests" runstate="Runnable" seed="257293088" result="Passed" start-time="2026-09-20 01:32:01Z" end-time="2026-09-20 01:32:01Z" duration="0.164420" asserts="0">
              <properties />
            </test-case>
            <test-case id="2330" name="ChangedInstalledBytesFailEvenWithSameAssemblyIdentity" fullname="AssemblyShadowDemo.EditorTests.M03CompilerLibraryTests.ChangedInstalledBytesFailEvenWithSameAssemblyIdentity" methodname="ChangedInstalledBytesFailEvenWithSameAssemblyIdentity" classname="AssemblyShadowDemo.EditorTests.M03CompilerLibraryTests" runstate="Runnable" seed="344456958" result="Passed" start-time="2026-09-20 01:32:01Z" end-time="2026-09-20 01:32:01Z" duration="0.119366" asserts="0">
              <properties />
            </test-case>
            <test-case id="2331" name="ConflictingCompilerLocationsAreRejected" fullname="AssemblyShadowDemo.EditorTests.M03CompilerLibraryTests.ConflictingCompilerLocationsAreRejected" methodname="ConflictingCompilerLocationsAreRejected" classname="AssemblyShadowDemo.EditorTests.M03CompilerLibraryTests" runstate="Runnable" seed="929597946" result="Passed" start-time="2026-09-20 01:32:01Z" end-time="2026-09-20 01:32:01Z" duration="0.182949" asserts="0">
              <properties />
            </test-case>
            <test-case id="2327" name="InstalledCompilerBytesAndIdentityProduceBoundEvidence" fullname="AssemblyShadowDemo.EditorTests.M03CompilerLibraryTests.InstalledCompilerBytesAndIdentityProduceBoundEvidence" methodname="InstalledCompilerBytesAndIdentityProduceBoundEvidence" classname="AssemblyShadowDemo.EditorTests.M03CompilerLibraryTests" runstate="Runnable" seed="1422793225" result="Passed" start-time="2026-09-20 01:32:01Z" end-time="2026-09-20 01:32:01Z" duration="0.180677" asserts="0">
              <properties />
            </test-case>
            <test-case id="2332" name="InstalledFileNeedsActualCompilerMembershipAndExternalNamesGrantNothing" fullname="AssemblyShadowDemo.EditorTests.M03CompilerLibraryTests.InstalledFileNeedsActualCompilerMembershipAndExternalNamesGrantNothing" methodname="InstalledFileNeedsActualCompilerMembershipAndExternalNamesGrantNothing" classname="AssemblyShadowDemo.EditorTests.M03CompilerLibraryTests" runstate="Runnable" seed="1479034462" result="Passed" start-time="2026-09-20 01:32:01Z" end-time="2026-09-20 01:32:01Z" duration="0.205816" asserts="0">
              <properties />
            </test-case>
            <test-case id="2334" name="ProductionEntryRequiresVerifiedTargetFrameworkBinding" fullname="AssemblyShadowDemo.EditorTests.M03CompilerLibraryTests.ProductionEntryRequiresVerifiedTargetFrameworkBinding" methodname="ProductionEntryRequiresVerifiedTargetFrameworkBinding" classname="AssemblyShadowDemo.EditorTests.M03CompilerLibraryTests" runstate="Runnable" seed="910722567" result="Passed" start-time="2026-09-20 01:32:01Z" end-time="2026-09-20 01:32:02Z" duration="0.078313" asserts="0">
              <properties />
            </test-case>
            <test-case id="2333" name="SnapshotHashRoleAndIdentityAreChecked" fullname="AssemblyShadowDemo.EditorTests.M03CompilerLibraryTests.SnapshotHashRoleAndIdentityAreChecked" methodname="SnapshotHashRoleAndIdentityAreChecked" classname="AssemblyShadowDemo.EditorTests.M03CompilerLibraryTests" runstate="Runnable" seed="1056440403" result="Passed" start-time="2026-09-20 01:32:02Z" end-time="2026-09-20 01:32:02Z" duration="0.227155" asserts="0">
              <properties />
            </test-case>
          </test-suite>
          <test-suite type="TestFixture" id="2335" name="M03DiagnosticSchemaTests" fullname="AssemblyShadowDemo.EditorTests.M03DiagnosticSchemaTests" classname="AssemblyShadowDemo.EditorTests.M03DiagnosticSchemaTests" runstate="Runnable" testcasecount="7" result="Passed" start-time="2026-09-20 01:32:02Z" end-time="2026-09-20 01:32:02Z" duration="0.090061" total="7" passed="7" failed="0" inconclusive="0" skipped="0" asserts="0">
            <properties />
            <test-case id="2336" name="ActualDiagnosticMetadataSurvivesWithDifferentMvid" fullname="AssemblyShadowDemo.EditorTests.M03DiagnosticSchemaTests.ActualDiagnosticMetadataSurvivesWithDifferentMvid" methodname="ActualDiagnosticMetadataSurvivesWithDifferentMvid" classname="AssemblyShadowDemo.EditorTests.M03DiagnosticSchemaTests" runstate="Runnable" seed="169076349" result="Passed" start-time="2026-09-20 01:32:02Z" end-time="2026-09-20 01:32:02Z" duration="0.017446" asserts="0">
              <properties />
            </test-case>
            <test-case id="2342" name="BothBuildAndReplayCheckTheLinkedSchema" fullname="AssemblyShadowDemo.EditorTests.M03DiagnosticSchemaTests.BothBuildAndReplayCheckTheLinkedSchema" methodname="BothBuildAndReplayCheckTheLinkedSchema" classname="AssemblyShadowDemo.EditorTests.M03DiagnosticSchemaTests" runstate="Runnable" seed="1131736351" result="Passed" start-time="2026-09-20 01:32:02Z" end-time="2026-09-20 01:32:02Z" duration="0.000663" asserts="0">
              <properties />
            </test-case>
            <test-case id="2339" name="ChangedTypeFlagsAndExtraFieldsAreRejected" fullname="AssemblyShadowDemo.EditorTests.M03DiagnosticSchemaTests.ChangedTypeFlagsAndExtraFieldsAreRejected" methodname="ChangedTypeFlagsAndExtraFieldsAreRejected" classname="AssemblyShadowDemo.EditorTests.M03DiagnosticSchemaTests" runstate="Runnable" seed="1391701037" result="Passed" start-time="2026-09-20 01:32:02Z" end-time="2026-09-20 01:32:02Z" duration="0.005232" asserts="0">
              <properties />
            </test-case>
            <test-case id="2337" name="EveryRemovedSchemaFieldIsRejected" fullname="AssemblyShadowDemo.EditorTests.M03DiagnosticSchemaTests.EveryRemovedSchemaFieldIsRejected" methodname="EveryRemovedSchemaFieldIsRejected" classname="AssemblyShadowDemo.EditorTests.M03DiagnosticSchemaTests" runstate="Runnable" seed="665234800" result="Passed" start-time="2026-09-20 01:32:02Z" end-time="2026-09-20 01:32:02Z" duration="0.054034" asserts="0">
              <properties />
            </test-case>
            <test-case id="2338" name="MissingNestedTypeIsRejected" fullname="AssemblyShadowDemo.EditorTests.M03DiagnosticSchemaTests.MissingNestedTypeIsRejected" methodname="MissingNestedTypeIsRejected" classname="AssemblyShadowDemo.EditorTests.M03DiagnosticSchemaTests" runstate="Runnable" seed="825145910" result="Passed" start-time="2026-09-20 01:32:02Z" end-time="2026-09-20 01:32:02Z" duration="0.001159" asserts="0">
              <properties />
            </test-case>
            <test-case id="2340" name="NewReachableDtoIsComparedWithoutUpdatingAnAllowlist" fullname="AssemblyShadowDemo.EditorTests.M03DiagnosticSchemaTests.NewReachableDtoIsComparedWithoutUpdatingAnAllowlist" methodname="NewReachableDtoIsComparedWithoutUpdatingAnAllowlist" classname="AssemblyShadowDemo.EditorTests.M03DiagnosticSchemaTests" runstate="Runnable" seed="1721841091" result="Passed" start-time="2026-09-20 01:32:02Z" end-time="2026-09-20 01:32:02Z" duration="0.007318" asserts="0">
              <properties />
            </test-case>
            <test-case id="2341" name="WrongRuntimeAndClaimlessSnapshotAreRejected" fullname="AssemblyShadowDemo.EditorTests.M03DiagnosticSchemaTests.WrongRuntimeAndClaimlessSnapshotAreRejected" methodname="WrongRuntimeAndClaimlessSnapshotAreRejected" classname="AssemblyShadowDemo.EditorTests.M03DiagnosticSchemaTests" runstate="Runnable" seed="2125271680" result="Passed" start-time="2026-09-20 01:32:02Z" end-time="2026-09-20 01:32:02Z" duration="0.001165" asserts="0">
              <properties />
            </test-case>
          </test-suite>
          <test-suite type="TestFixture" id="2343" name="M03TransactionTests" fullname="AssemblyShadowDemo.EditorTests.M03TransactionTests" classname="AssemblyShadowDemo.EditorTests.M03TransactionTests" runstate="Runnable" testcasecount="20" result="Passed" start-time="2026-09-20 01:32:02Z" end-time="2026-09-20 01:32:02Z" duration="0.033094" total="20" passed="20" failed="0" inconclusive="0" skipped="0" asserts="0">
            <properties />
            <test-case id="2350" name="AllDeclaredOperationsReturnErrorCodesAndEditorNeverSimulatesSuccess" fullname="AssemblyShadowDemo.EditorTests.M03TransactionTests.AllDeclaredOperationsReturnErrorCodesAndEditorNeverSimulatesSuccess" methodname="AllDeclaredOperationsReturnErrorCodesAndEditorNeverSimulatesSuccess" classname="AssemblyShadowDemo.EditorTests.M03TransactionTests" runstate="Runnable" seed="486108565" result="Passed" start-time="2026-09-20 01:32:02Z" end-time="2026-09-20 01:32:02Z" duration="0.002373" asserts="0">
              <properties />
            </test-case>
            <test-case id="2346" name="BootstrapUsesStringBoundaryAndNoCandidateTypeTokens" fullname="AssemblyShadowDemo.EditorTests.M03TransactionTests.BootstrapUsesStringBoundaryAndNoCandidateTypeTokens" methodname="BootstrapUsesStringBoundaryAndNoCandidateTypeTokens" classname="AssemblyShadowDemo.EditorTests.M03TransactionTests" runstate="Runnable" seed="1513867333" result="Passed" start-time="2026-09-20 01:32:02Z" end-time="2026-09-20 01:32:02Z" duration="0.000939" asserts="0">
              <properties />
            </test-case>
            <test-case id="2344" name="CandidateOrderMatchesM02AndProviderFirstClosure" fullname="AssemblyShadowDemo.EditorTests.M03TransactionTests.CandidateOrderMatchesM02AndProviderFirstClosure" methodname="CandidateOrderMatchesM02AndProviderFirstClosure" classname="AssemblyShadowDemo.EditorTests.M03TransactionTests" runstate="Runnable" seed="2128350834" result="Passed" start-time="2026-09-20 01:32:02Z" end-time="2026-09-20 01:32:02Z" duration="0.000508" asserts="0">
              <properties />
            </test-case>
            <test-case id="2363" name="ConcurrentLoadRequiresVerifiedMscorlibAndAcceptsIdentityCase" fullname="AssemblyShadowDemo.EditorTests.M03TransactionTests.ConcurrentLoadRequiresVerifiedMscorlibAndAcceptsIdentityCase" methodname="ConcurrentLoadRequiresVerifiedMscorlibAndAcceptsIdentityCase" classname="AssemblyShadowDemo.EditorTests.M03TransactionTests" runstate="Runnable" seed="1000155011" result="Passed" start-time="2026-09-20 01:32:02Z" end-time="2026-09-20 01:32:02Z" duration="0.000779" asserts="0">
              <properties />
            </test-case>
            <test-case id="2360" name="EditorReplayNeverOverwritesExistingEvidence" fullname="AssemblyShadowDemo.EditorTests.M03TransactionTests.EditorReplayNeverOverwritesExistingEvidence" methodname="EditorReplayNeverOverwritesExistingEvidence" classname="AssemblyShadowDemo.EditorTests.M03TransactionTests" runstate="Runnable" seed="700225925" result="Passed" start-time="2026-09-20 01:32:02Z" end-time="2026-09-20 01:32:02Z" duration="0.001895" asserts="0">
              <properties />
            </test-case>
            <test-case id="2359" name="EditorValidationReplaysCompilationAndLinkedProof" fullname="AssemblyShadowDemo.EditorTests.M03TransactionTests.EditorValidationReplaysCompilationAndLinkedProof" methodname="EditorValidationReplaysCompilationAndLinkedProof" classname="AssemblyShadowDemo.EditorTests.M03TransactionTests" runstate="Runnable" seed="1775749126" result="Passed" start-time="2026-09-20 01:32:02Z" end-time="2026-09-20 01:32:02Z" duration="0.000880" asserts="0">
              <properties />
            </test-case>
            <test-case id="2361" name="FailedEditorReplayDoesNotCreatePassingReceipt" fullname="AssemblyShadowDemo.EditorTests.M03TransactionTests.FailedEditorReplayDoesNotCreatePassingReceipt" methodname="FailedEditorReplayDoesNotCreatePassingReceipt" classname="AssemblyShadowDemo.EditorTests.M03TransactionTests" runstate="Runnable" seed="1212948393" result="Passed" start-time="2026-09-20 01:32:02Z" end-time="2026-09-20 01:32:02Z" duration="0.000509" asserts="0">
              <properties />
            </test-case>
            <test-case id="2358" name="FeatureDisabledProbeRequiresCompleteNativeDiagnostics" fullname="AssemblyShadowDemo.EditorTests.M03TransactionTests.FeatureDisabledProbeRequiresCompleteNativeDiagnostics" methodname="FeatureDisabledProbeRequiresCompleteNativeDiagnostics" classname="AssemblyShadowDemo.EditorTests.M03TransactionTests" runstate="Runnable" seed="1188210308" result="Passed" start-time="2026-09-20 01:32:02Z" end-time="2026-09-20 01:32:02Z" duration="0.002969" asserts="0">
              <properties />
            </test-case>
            <test-case id="2347" name="FixtureBuildDefinesOnlyOptIntoInitializers" fullname="AssemblyShadowDemo.EditorTests.M03TransactionTests.FixtureBuildDefinesOnlyOptIntoInitializers" methodname="FixtureBuildDefinesOnlyOptIntoInitializers" classname="AssemblyShadowDemo.EditorTests.M03TransactionTests" runstate="Runnable" seed="1447802713" result="Passed" start-time="2026-09-20 01:32:02Z" end-time="2026-09-20 01:32:02Z" duration="0.000087" asserts="0">
              <properties />
            </test-case>
            <test-case id="2345" name="InitializerFixturesAreExcludedUnlessExplicitlyDefined" fullname="AssemblyShadowDemo.EditorTests.M03TransactionTests.InitializerFixturesAreExcludedUnlessExplicitlyDefined" methodname="InitializerFixturesAreExcludedUnlessExplicitlyDefined" classname="AssemblyShadowDemo.EditorTests.M03TransactionTests" runstate="Runnable" seed="499819896" result="Passed" start-time="2026-09-20 01:32:02Z" end-time="2026-09-20 01:32:02Z" duration="0.000845" asserts="0">
              <properties />
            </test-case>
            <test-case id="2348" name="InitializerOutputNamesAreUniqueAndDeterministic" fullname="AssemblyShadowDemo.EditorTests.M03TransactionTests.InitializerOutputNamesAreUniqueAndDeterministic" methodname="InitializerOutputNamesAreUniqueAndDeterministic" classname="AssemblyShadowDemo.EditorTests.M03TransactionTests" runstate="Runnable" seed="80333751" result="Passed" start-time="2026-09-20 01:32:02Z" end-time="2026-09-20 01:32:02Z" duration="0.003129" asserts="0">
              <properties />
            </test-case>
            <test-case id="2351" name="ProbeCannotAliasThePrototypeOrTurnAnUnprovenFailureGreen" fullname="AssemblyShadowDemo.EditorTests.M03TransactionTests.ProbeCannotAliasThePrototypeOrTurnAnUnprovenFailureGreen" methodname="ProbeCannotAliasThePrototypeOrTurnAnUnprovenFailureGreen" classname="AssemblyShadowDemo.EditorTests.M03TransactionTests" runstate="Runnable" seed="1553768099" result="Passed" start-time="2026-09-20 01:32:02Z" end-time="2026-09-20 01:32:02Z" duration="0.002589" asserts="0">
              <properties />
            </test-case>
            <test-suite type="ParameterizedMethod" id="2357" name="ProbeDiagnosticCountersRetainTheFullUnsignedNativeRange" fullname="AssemblyShadowDemo.EditorTests.M03TransactionTests.ProbeDiagnosticCountersRetainTheFullUnsignedNativeRange" classname="AssemblyShadowDemo.EditorTests.M03TransactionTests" runstate="Runnable" testcasecount="4" result="Passed" start-time="2026-09-20 01:32:02Z" end-time="2026-09-20 01:32:02Z" duration="0.002025" total="4" passed="4" failed="0" inconclusive="0" skipped="0" asserts="0">
              <properties />
              <test-case id="2353" name="ProbeDiagnosticCountersRetainTheFullUnsignedNativeRange(&quot;FallbackMarker&quot;,&quot;generation&quot;)" fullname="AssemblyShadowDemo.EditorTests.M03TransactionTests.ProbeDiagnosticCountersRetainTheFullUnsignedNativeRange(&quot;FallbackMarker&quot;,&quot;generation&quot;)" methodname="ProbeDiagnosticCountersRetainTheFullUnsignedNativeRange" classname="AssemblyShadowDemo.EditorTests.M03TransactionTests" runstate="Runnable" seed="2115171224" result="Passed" start-time="2026-09-20 01:32:02Z" end-time="2026-09-20 01:32:02Z" duration="0.000371" asserts="0">
                <properties />
              </test-case>
              <test-case id="2354" name="ProbeDiagnosticCountersRetainTheFullUnsignedNativeRange(&quot;InitializerEvent&quot;,&quot;generation&quot;)" fullname="AssemblyShadowDemo.EditorTests.M03TransactionTests.ProbeDiagnosticCountersRetainTheFullUnsignedNativeRange(&quot;InitializerEvent&quot;,&quot;generation&quot;)" methodname="ProbeDiagnosticCountersRetainTheFullUnsignedNativeRange" classname="AssemblyShadowDemo.EditorTests.M03TransactionTests" runstate="Runnable" seed="490764269" result="Passed" start-time="2026-09-20 01:32:02Z" end-time="2026-09-20 01:32:02Z" duration="0.000110" asserts="0">
                <properties />
              </test-case>
              <test-case id="2355" name="ProbeDiagnosticCountersRetainTheFullUnsignedNativeRange(&quot;StressSample&quot;,&quot;generation&quot;)" fullname="AssemblyShadowDemo.EditorTests.M03TransactionTests.ProbeDiagnosticCountersRetainTheFullUnsignedNativeRange(&quot;StressSample&quot;,&quot;generation&quot;)" methodname="ProbeDiagnosticCountersRetainTheFullUnsignedNativeRange" classname="AssemblyShadowDemo.EditorTests.M03TransactionTests" runstate="Runnable" seed="1255437142" result="Passed" start-time="2026-09-20 01:32:02Z" end-time="2026-09-20 01:32:02Z" duration="0.000103" asserts="0">
                <properties />
              </test-case>
              <test-case id="2356" name="ProbeDiagnosticCountersRetainTheFullUnsignedNativeRange(&quot;StressSample&quot;,&quot;enumerationGeneration&quot;)" fullname="AssemblyShadowDemo.EditorTests.M03TransactionTests.ProbeDiagnosticCountersRetainTheFullUnsignedNativeRange(&quot;StressSample&quot;,&quot;enumerationGeneration&quot;)" methodname="ProbeDiagnosticCountersRetainTheFullUnsignedNativeRange" classname="AssemblyShadowDemo.EditorTests.M03TransactionTests" runstate="Runnable" seed="2076748124" result="Passed" start-time="2026-09-20 01:32:02Z" end-time="2026-09-20 01:32:02Z" duration="0.000080" asserts="0">
                <properties />
              </test-case>
            </test-suite>
            <test-case id="2352" name="RuntimeArtifactDtosRemainCompatibleWithAuthoritativeEditorFields" fullname="AssemblyShadowDemo.EditorTests.M03TransactionTests.RuntimeArtifactDtosRemainCompatibleWithAuthoritativeEditorFields" methodname="RuntimeArtifactDtosRemainCompatibleWithAuthoritativeEditorFields" classname="AssemblyShadowDemo.EditorTests.M03TransactionTests" runstate="Runnable" seed="1633495570" result="Passed" start-time="2026-09-20 01:32:02Z" end-time="2026-09-20 01:32:02Z" duration="0.000844" asserts="0">
              <properties />
            </test-case>
            <test-case id="2349" name="RuntimeEnumsKeepTheNativeAbiIntegers" fullname="AssemblyShadowDemo.EditorTests.M03TransactionTests.RuntimeEnumsKeepTheNativeAbiIntegers" methodname="RuntimeEnumsKeepTheNativeAbiIntegers" classname="AssemblyShadowDemo.EditorTests.M03TransactionTests" runstate="Runnable" seed="1909904639" result="Passed" start-time="2026-09-20 01:32:02Z" end-time="2026-09-20 01:32:02Z" duration="0.001367" asserts="0">
              <properties />
            </test-case>
            <test-case id="2362" name="RuntimeExactSetValidationRejectsMissingExtraAndDuplicateMembers" fullname="AssemblyShadowDemo.EditorTests.M03TransactionTests.RuntimeExactSetValidationRejectsMissingExtraAndDuplicateMembers" methodname="RuntimeExactSetValidationRejectsMissingExtraAndDuplicateMembers" classname="AssemblyShadowDemo.EditorTests.M03TransactionTests" runstate="Runnable" seed="1414312660" result="Passed" start-time="2026-09-20 01:32:02Z" end-time="2026-09-20 01:32:02Z" duration="0.000814" asserts="0">
              <properties />
            </test-case>
            <test-case id="2364" name="RuntimeSourcePinsRecomputeTheSameAbiAsTheEditor" fullname="AssemblyShadowDemo.EditorTests.M03TransactionTests.RuntimeSourcePinsRecomputeTheSameAbiAsTheEditor" methodname="RuntimeSourcePinsRecomputeTheSameAbiAsTheEditor" classname="AssemblyShadowDemo.EditorTests.M03TransactionTests" runstate="Runnable" seed="346553487" result="Passed" start-time="2026-09-20 01:32:02Z" end-time="2026-09-20 01:32:02Z" duration="0.001181" asserts="0">
              <properties />
            </test-case>
          </test-suite>
          <test-suite type="TestFixture" id="2365" name="M04EditorEvidenceTests" fullname="AssemblyShadowDemo.EditorTests.M04EditorEvidenceTests" classname="AssemblyShadowDemo.EditorTests.M04EditorEvidenceTests" runstate="Runnable" testcasecount="19" result="Passed" start-time="2026-09-20 01:32:02Z" end-time="2026-09-20 01:32:02Z" duration="0.212363" total="19" passed="19" failed="0" inconclusive="0" skipped="0" asserts="0">
            <properties />
            <test-case id="2383" name="ActualBootstrapDtoSchemaSurvivesAnUnstrippedMetadataRoundtrip" fullname="AssemblyShadowDemo.EditorTests.M04EditorEvidenceTests.ActualBootstrapDtoSchemaSurvivesAnUnstrippedMetadataRoundtrip" methodname="ActualBootstrapDtoSchemaSurvivesAnUnstrippedMetadataRoundtrip" classname="AssemblyShadowDemo.EditorTests.M04EditorEvidenceTests" runstate="Runnable" seed="1633742505" result="Passed" start-time="2026-09-20 01:32:02Z" end-time="2026-09-20 01:32:02Z" duration="0.023014" asserts="0">
              <properties />
            </test-case>
            <test-case id="2378" name="ArraysAndListsCanWrapCapturedDtosWithoutSkippingTheDto" fullname="AssemblyShadowDemo.EditorTests.M04EditorEvidenceTests.ArraysAndListsCanWrapCapturedDtosWithoutSkippingTheDto" methodname="ArraysAndListsCanWrapCapturedDtosWithoutSkippingTheDto" classname="AssemblyShadowDemo.EditorTests.M04EditorEvidenceTests" runstate="Runnable" seed="1173221973" result="Passed" start-time="2026-09-20 01:32:02Z" end-time="2026-09-20 01:32:02Z" duration="0.004392" asserts="0">
              <properties />
            </test-case>
            <test-case id="2382" name="BuildAndReplayKeepMilestoneBoundariesAndActualProofCalls" fullname="AssemblyShadowDemo.EditorTests.M04EditorEvidenceTests.BuildAndReplayKeepMilestoneBoundariesAndActualProofCalls" methodname="BuildAndReplayKeepMilestoneBoundariesAndActualProofCalls" classname="AssemblyShadowDemo.EditorTests.M04EditorEvidenceTests" runstate="Runnable" seed="542776449" result="Passed" start-time="2026-09-20 01:32:02Z" end-time="2026-09-20 01:32:02Z" duration="0.001941" asserts="0">
              <properties />
            </test-case>
            <test-case id="2369" name="CanonicalLinkedFilenameStillReportsDeclaredAssemblyCasing" fullname="AssemblyShadowDemo.EditorTests.M04EditorEvidenceTests.CanonicalLinkedFilenameStillReportsDeclaredAssemblyCasing" methodname="CanonicalLinkedFilenameStillReportsDeclaredAssemblyCasing" classname="AssemblyShadowDemo.EditorTests.M04EditorEvidenceTests" runstate="Runnable" seed="2089277002" result="Passed" start-time="2026-09-20 01:32:02Z" end-time="2026-09-20 01:32:02Z" duration="0.086616" asserts="0">
              <properties />
            </test-case>
            <test-case id="2380" name="CapturedExternalNativeDtoIsComparedAndUncapturedProviderIsRejected" fullname="AssemblyShadowDemo.EditorTests.M04EditorEvidenceTests.CapturedExternalNativeDtoIsComparedAndUncapturedProviderIsRejected" methodname="CapturedExternalNativeDtoIsComparedAndUncapturedProviderIsRejected" classname="AssemblyShadowDemo.EditorTests.M04EditorEvidenceTests" runstate="Runnable" seed="1472178014" result="Passed" start-time="2026-09-20 01:32:02Z" end-time="2026-09-20 01:32:02Z" duration="0.001989" asserts="0">
              <properties />
            </test-case>
            <test-case id="2374" name="ChangedSchemaFlagsTypesExtraFieldsAndMissingRootsAreRejected" fullname="AssemblyShadowDemo.EditorTests.M04EditorEvidenceTests.ChangedSchemaFlagsTypesExtraFieldsAndMissingRootsAreRejected" methodname="ChangedSchemaFlagsTypesExtraFieldsAndMissingRootsAreRejected" classname="AssemblyShadowDemo.EditorTests.M04EditorEvidenceTests" runstate="Runnable" seed="1153594131" result="Passed" start-time="2026-09-20 01:32:02Z" end-time="2026-09-20 01:32:02Z" duration="0.001783" asserts="0">
              <properties />
            </test-case>
            <test-case id="2366" name="DeclaredReferencesPreserveAbsentFacadeVersionsTokensAndRowOrder" fullname="AssemblyShadowDemo.EditorTests.M04EditorEvidenceTests.DeclaredReferencesPreserveAbsentFacadeVersionsTokensAndRowOrder" methodname="DeclaredReferencesPreserveAbsentFacadeVersionsTokensAndRowOrder" classname="AssemblyShadowDemo.EditorTests.M04EditorEvidenceTests" runstate="Runnable" seed="216524150" result="Passed" start-time="2026-09-20 01:32:02Z" end-time="2026-09-20 01:32:02Z" duration="0.007661" asserts="0">
              <properties />
            </test-case>
            <test-case id="2367" name="EveryAssemblyAndReferenceIdentityFieldIsRecomputed" fullname="AssemblyShadowDemo.EditorTests.M04EditorEvidenceTests.EveryAssemblyAndReferenceIdentityFieldIsRecomputed" methodname="EveryAssemblyAndReferenceIdentityFieldIsRecomputed" classname="AssemblyShadowDemo.EditorTests.M04EditorEvidenceTests" runstate="Runnable" seed="1385679355" result="Passed" start-time="2026-09-20 01:32:02Z" end-time="2026-09-20 01:32:02Z" duration="0.010205" asserts="0">
              <properties />
            </test-case>
            <test-case id="2384" name="EveryM04JsonInputHasAnExplicitCapturedSchemaRoot" fullname="AssemblyShadowDemo.EditorTests.M04EditorEvidenceTests.EveryM04JsonInputHasAnExplicitCapturedSchemaRoot" methodname="EveryM04JsonInputHasAnExplicitCapturedSchemaRoot" classname="AssemblyShadowDemo.EditorTests.M04EditorEvidenceTests" runstate="Runnable" seed="1718265636" result="Passed" start-time="2026-09-20 01:32:02Z" end-time="2026-09-20 01:32:02Z" duration="0.021355" asserts="0">
              <properties />
            </test-case>
            <test-case id="2377" name="LinkedListOwnerCannotHideBehindCoreLibrarySignatureEquivalence" fullname="AssemblyShadowDemo.EditorTests.M04EditorEvidenceTests.LinkedListOwnerCannotHideBehindCoreLibrarySignatureEquivalence" methodname="LinkedListOwnerCannotHideBehindCoreLibrarySignatureEquivalence" classname="AssemblyShadowDemo.EditorTests.M04EditorEvidenceTests" runstate="Runnable" seed="692953976" result="Passed" start-time="2026-09-20 01:32:02Z" end-time="2026-09-20 01:32:02Z" duration="0.001473" asserts="0">
              <properties />
            </test-case>
            <test-case id="2375" name="ListsTraverseNestedDtoFieldsAndRejectLostNestedEvidence" fullname="AssemblyShadowDemo.EditorTests.M04EditorEvidenceTests.ListsTraverseNestedDtoFieldsAndRejectLostNestedEvidence" methodname="ListsTraverseNestedDtoFieldsAndRejectLostNestedEvidence" classname="AssemblyShadowDemo.EditorTests.M04EditorEvidenceTests" runstate="Runnable" seed="1822765224" result="Passed" start-time="2026-09-20 01:32:02Z" end-time="2026-09-20 01:32:02Z" duration="0.012062" asserts="0">
              <properties />
            </test-case>
            <test-case id="2379" name="M03DoesNotAcquireM04ListAdmission" fullname="AssemblyShadowDemo.EditorTests.M04EditorEvidenceTests.M03DoesNotAcquireM04ListAdmission" methodname="M03DoesNotAcquireM04ListAdmission" classname="AssemblyShadowDemo.EditorTests.M04EditorEvidenceTests" runstate="Runnable" seed="711202477" result="Passed" start-time="2026-09-20 01:32:02Z" end-time="2026-09-20 01:32:02Z" duration="0.005959" asserts="0">
              <properties />
            </test-case>
            <test-case id="2370" name="MissingZeroIndexAndOtherRawIdentityMembersAreRejected" fullname="AssemblyShadowDemo.EditorTests.M04EditorEvidenceTests.MissingZeroIndexAndOtherRawIdentityMembersAreRejected" methodname="MissingZeroIndexAndOtherRawIdentityMembersAreRejected" classname="AssemblyShadowDemo.EditorTests.M04EditorEvidenceTests" runstate="Runnable" seed="145196341" result="Passed" start-time="2026-09-20 01:32:02Z" end-time="2026-09-20 01:32:02Z" duration="0.010048" asserts="0">
              <properties />
            </test-case>
            <test-case id="2376" name="OnlyClosedSingleArgumentCoreLibraryListsAreSupported" fullname="AssemblyShadowDemo.EditorTests.M04EditorEvidenceTests.OnlyClosedSingleArgumentCoreLibraryListsAreSupported" methodname="OnlyClosedSingleArgumentCoreLibraryListsAreSupported" classname="AssemblyShadowDemo.EditorTests.M04EditorEvidenceTests" runstate="Runnable" seed="275397228" result="Passed" start-time="2026-09-20 01:32:02Z" end-time="2026-09-20 01:32:02Z" duration="0.002583" asserts="0">
              <properties />
            </test-case>
            <test-case id="2372" name="PlaceholderNamesComeOnlyFromOneUnambiguousGeneratedRegion" fullname="AssemblyShadowDemo.EditorTests.M04EditorEvidenceTests.PlaceholderNamesComeOnlyFromOneUnambiguousGeneratedRegion" methodname="PlaceholderNamesComeOnlyFromOneUnambiguousGeneratedRegion" classname="AssemblyShadowDemo.EditorTests.M04EditorEvidenceTests" runstate="Runnable" seed="986238930" result="Passed" start-time="2026-09-20 01:32:02Z" end-time="2026-09-20 01:32:02Z" duration="0.001102" asserts="0">
              <properties />
            </test-case>
            <test-case id="2368" name="ProviderSubstitutionMissingRowsReorderingAndRelativePathsAreRejected" fullname="AssemblyShadowDemo.EditorTests.M04EditorEvidenceTests.ProviderSubstitutionMissingRowsReorderingAndRelativePathsAreRejected" methodname="ProviderSubstitutionMissingRowsReorderingAndRelativePathsAreRejected" classname="AssemblyShadowDemo.EditorTests.M04EditorEvidenceTests" runstate="Runnable" seed="1000573037" result="Passed" start-time="2026-09-20 01:32:02Z" end-time="2026-09-20 01:32:02Z" duration="0.005404" asserts="0">
              <properties />
            </test-case>
            <test-case id="2381" name="ReplayRefusesToOverwriteExistingEvidence" fullname="AssemblyShadowDemo.EditorTests.M04EditorEvidenceTests.ReplayRefusesToOverwriteExistingEvidence" methodname="ReplayRefusesToOverwriteExistingEvidence" classname="AssemblyShadowDemo.EditorTests.M04EditorEvidenceTests" runstate="Runnable" seed="2132439281" result="Passed" start-time="2026-09-20 01:32:02Z" end-time="2026-09-20 01:32:02Z" duration="0.001521" asserts="0">
              <properties />
            </test-case>
            <test-case id="2373" name="SchemaPreservesEveryNestedFieldRegardlessOfItsDefaultValue" fullname="AssemblyShadowDemo.EditorTests.M04EditorEvidenceTests.SchemaPreservesEveryNestedFieldRegardlessOfItsDefaultValue" methodname="SchemaPreservesEveryNestedFieldRegardlessOfItsDefaultValue" classname="AssemblyShadowDemo.EditorTests.M04EditorEvidenceTests" runstate="Runnable" seed="1767628017" result="Passed" start-time="2026-09-20 01:32:02Z" end-time="2026-09-20 01:32:02Z" duration="0.008644" asserts="0">
              <properties />
            </test-case>
            <test-case id="2371" name="TypedFalseDoesNotStandInForAMissingRawBoolean" fullname="AssemblyShadowDemo.EditorTests.M04EditorEvidenceTests.TypedFalseDoesNotStandInForAMissingRawBoolean" methodname="TypedFalseDoesNotStandInForAMissingRawBoolean" classname="AssemblyShadowDemo.EditorTests.M04EditorEvidenceTests" runstate="Runnable" seed="536235249" result="Passed" start-time="2026-09-20 01:32:02Z" end-time="2026-09-20 01:32:02Z" duration="0.000259" asserts="0">
              <properties />
            </test-case>
          </test-suite>
          <test-suite type="TestFixture" id="2385" name="M04NativeMetadataTests" fullname="AssemblyShadowDemo.EditorTests.M04NativeMetadataTests" classname="AssemblyShadowDemo.EditorTests.M04NativeMetadataTests" runstate="Runnable" testcasecount="8" result="Passed" start-time="2026-09-20 01:32:02Z" end-time="2026-09-20 01:32:02Z" duration="0.029379" total="8" passed="8" failed="0" inconclusive="0" skipped="0" asserts="0">
            <properties />
[...]
                  <properties />
                </test-case>
                <test-case id="3467" name="LinkedVerificationRejectsEveryGuardTemplateMutation" fullname="HybridCLR.Editor.AssemblyShadow.Tests.ReflectionBindingCodeGenTests.LinkedVerificationRejectsEveryGuardTemplateMutation" methodname="LinkedVerificationRejectsEveryGuardTemplateMutation" classname="HybridCLR.Editor.AssemblyShadow.Tests.ReflectionBindingCodeGenTests" runstate="Runnable" seed="1911093910" result="Passed" start-time="2026-09-20 01:34:08Z" end-time="2026-09-20 01:34:08Z" duration="0.035947" asserts="0">
                  <properties />
                </test-case>
                <test-case id="3468" name="LinkedVerificationRejectsSourceCallsiteBodyIdentityAndCardinalityChanges" fullname="HybridCLR.Editor.AssemblyShadow.Tests.ReflectionBindingCodeGenTests.LinkedVerificationRejectsSourceCallsiteBodyIdentityAndCardinalityChanges" methodname="LinkedVerificationRejectsSourceCallsiteBodyIdentityAndCardinalityChanges" classname="HybridCLR.Editor.AssemblyShadow.Tests.ReflectionBindingCodeGenTests" runstate="Runnable" seed="1343542915" result="Passed" start-time="2026-09-20 01:34:08Z" end-time="2026-09-20 01:34:08Z" duration="0.049155" asserts="0">
                  <properties />
                </test-case>
                <test-case id="3466" name="LinkedVerificationRejectsWrongProviderVersionTokenAndNonforwardedTypes" fullname="HybridCLR.Editor.AssemblyShadow.Tests.ReflectionBindingCodeGenTests.LinkedVerificationRejectsWrongProviderVersionTokenAndNonforwardedTypes" methodname="LinkedVerificationRejectsWrongProviderVersionTokenAndNonforwardedTypes" classname="HybridCLR.Editor.AssemblyShadow.Tests.ReflectionBindingCodeGenTests" runstate="Runnable" seed="1189417334" result="Passed" start-time="2026-09-20 01:34:08Z" end-time="2026-09-20 01:34:08Z" duration="0.027933" asserts="0">
                  <properties />
                </test-case>
                <test-case id="3463" name="LinkedVerificationUsesExactPerTypeForwardersIncludingNestedTypes" fullname="HybridCLR.Editor.AssemblyShadow.Tests.ReflectionBindingCodeGenTests.LinkedVerificationUsesExactPerTypeForwardersIncludingNestedTypes" methodname="LinkedVerificationUsesExactPerTypeForwardersIncludingNestedTypes" classname="HybridCLR.Editor.AssemblyShadow.Tests.ReflectionBindingCodeGenTests" runstate="Runnable" seed="879477804" result="Passed" start-time="2026-09-20 01:34:08Z" end-time="2026-09-20 01:34:08Z" duration="0.018499" asserts="0">
                  <properties />
                </test-case>
                <test-case id="3454" name="MissingAmbiguousAndAdditionalGeneratedSitesAreRejected" fullname="HybridCLR.Editor.AssemblyShadow.Tests.ReflectionBindingCodeGenTests.MissingAmbiguousAndAdditionalGeneratedSitesAreRejected" methodname="MissingAmbiguousAndAdditionalGeneratedSitesAreRejected" classname="HybridCLR.Editor.AssemblyShadow.Tests.ReflectionBindingCodeGenTests" runstate="Runnable" seed="1607665226" result="Passed" start-time="2026-09-20 01:34:08Z" end-time="2026-09-20 01:34:08Z" duration="0.007075" asserts="0">
                  <properties />
                </test-case>
                <test-case id="3462" name="RawConfigurationDefineBindsExactBytesAndProjectRoot" fullname="HybridCLR.Editor.AssemblyShadow.Tests.ReflectionBindingCodeGenTests.RawConfigurationDefineBindsExactBytesAndProjectRoot" methodname="RawConfigurationDefineBindsExactBytesAndProjectRoot" classname="HybridCLR.Editor.AssemblyShadow.Tests.ReflectionBindingCodeGenTests" runstate="Runnable" seed="857538883" result="Passed" start-time="2026-09-20 01:34:08Z" end-time="2026-09-20 01:34:08Z" duration="0.006051" asserts="0">
                  <properties />
                </test-case>
                <test-case id="3450" name="SchemaFourFixedProviderCompilerVariantsAreCanonicalAndFailClosed" fullname="HybridCLR.Editor.AssemblyShadow.Tests.ReflectionBindingCodeGenTests.SchemaFourFixedProviderCompilerVariantsAreCanonicalAndFailClosed" methodname="SchemaFourFixedProviderCompilerVariantsAreCanonicalAndFailClosed" classname="HybridCLR.Editor.AssemblyShadow.Tests.ReflectionBindingCodeGenTests" runstate="Runnable" seed="626120688" result="Passed" start-time="2026-09-20 01:34:08Z" end-time="2026-09-20 01:34:08Z" duration="0.003029" asserts="0">
                  <properties />
                </test-case>
                <test-case id="3449" name="SchemaThreeMethodVariantsAreCanonicalHashedAndValidated" fullname="HybridCLR.Editor.AssemblyShadow.Tests.ReflectionBindingCodeGenTests.SchemaThreeMethodVariantsAreCanonicalHashedAndValidated" methodname="SchemaThreeMethodVariantsAreCanonicalHashedAndValidated" classname="HybridCLR.Editor.AssemblyShadow.Tests.ReflectionBindingCodeGenTests" runstate="Runnable" seed="925673973" result="Passed" start-time="2026-09-20 01:34:08Z" end-time="2026-09-20 01:34:08Z" duration="0.002289" asserts="0">
                  <properties />
                </test-case>
                <test-case id="3448" name="SchemaThreeSelectsOneFullMethodVariantAndRejectsUnknownCompilerBodies" fullname="HybridCLR.Editor.AssemblyShadow.Tests.ReflectionBindingCodeGenTests.SchemaThreeSelectsOneFullMethodVariantAndRejectsUnknownCompilerBodies" methodname="SchemaThreeSelectsOneFullMethodVariantAndRejectsUnknownCompilerBodies" classname="HybridCLR.Editor.AssemblyShadow.Tests.ReflectionBindingCodeGenTests" runstate="Runnable" seed="1966035707" result="Passed" start-time="2026-09-20 01:34:08Z" end-time="2026-09-20 01:34:08Z" duration="0.008707" asserts="0">
                  <properties />
                </test-case>
                <test-case id="3453" name="StaleConfigurationReprocessingAndStrongNamesAreRejected" fullname="HybridCLR.Editor.AssemblyShadow.Tests.ReflectionBindingCodeGenTests.StaleConfigurationReprocessingAndStrongNamesAreRejected" methodname="StaleConfigurationReprocessingAndStrongNamesAreRejected" classname="HybridCLR.Editor.AssemblyShadow.Tests.ReflectionBindingCodeGenTests" runstate="Runnable" seed="1989154833" result="Passed" start-time="2026-09-20 01:34:08Z" end-time="2026-09-20 01:34:08Z" duration="0.014887" asserts="0">
                  <properties />
                </test-case>
                <test-case id="3455" name="VerifyRejectsNewUnguardedLookupInConfiguredMethod" fullname="HybridCLR.Editor.AssemblyShadow.Tests.ReflectionBindingCodeGenTests.VerifyRejectsNewUnguardedLookupInConfiguredMethod" methodname="VerifyRejectsNewUnguardedLookupInConfiguredMethod" classname="HybridCLR.Editor.AssemblyShadow.Tests.ReflectionBindingCodeGenTests" runstate="Runnable" seed="336076467" result="Passed" start-time="2026-09-20 01:34:08Z" end-time="2026-09-20 01:34:08Z" duration="0.004385" asserts="0">
                  <properties />
                </test-case>
                <test-case id="3447" name="WrongFingerprintIndexAndOverloadFailClosed" fullname="HybridCLR.Editor.AssemblyShadow.Tests.ReflectionBindingCodeGenTests.WrongFingerprintIndexAndOverloadFailClosed" methodname="WrongFingerprintIndexAndOverloadFailClosed" classname="HybridCLR.Editor.AssemblyShadow.Tests.ReflectionBindingCodeGenTests" runstate="Runnable" seed="601575988" result="Passed" start-time="2026-09-20 01:34:08Z" end-time="2026-09-20 01:34:08Z" duration="0.004328" asserts="0">
                  <properties />
                </test-case>
              </test-suite>
              <test-suite type="TestFixture" id="3471" name="ReflectionPdbConstantsTests" fullname="HybridCLR.Editor.AssemblyShadow.Tests.ReflectionPdbConstantsTests" classname="HybridCLR.Editor.AssemblyShadow.Tests.ReflectionPdbConstantsTests" runstate="Runnable" testcasecount="14" result="Passed" start-time="2026-09-20 01:34:08Z" end-time="2026-09-20 01:34:08Z" duration="0.062936" total="14" passed="14" failed="0" inconclusive="0" skipped="0" asserts="0">
                <properties />
                <test-case id="3478" name="ByteIdenticalReferenceAliasesAreAccepted" fullname="HybridCLR.Editor.AssemblyShadow.Tests.ReflectionPdbConstantsTests.ByteIdenticalReferenceAliasesAreAccepted" methodname="ByteIdenticalReferenceAliasesAreAccepted" classname="HybridCLR.Editor.AssemblyShadow.Tests.ReflectionPdbConstantsTests" runstate="Runnable" seed="1534845140" result="Passed" start-time="2026-09-20 01:34:08Z" end-time="2026-09-20 01:34:08Z" duration="0.003663" asserts="0">
                  <properties />
                </test-case>
                <test-case id="3481" name="ClassWithNumericValueIsNotRewrittenToNull" fullname="HybridCLR.Editor.AssemblyShadow.Tests.ReflectionPdbConstantsTests.ClassWithNumericValueIsNotRewrittenToNull" methodname="ClassWithNumericValueIsNotRewrittenToNull" classname="HybridCLR.Editor.AssemblyShadow.Tests.ReflectionPdbConstantsTests" runstate="Runnable" seed="246946635" result="Passed" start-time="2026-09-20 01:34:08Z" end-time="2026-09-20 01:34:08Z" duration="0.001815" asserts="0">
                  <properties />
                </test-case>
                <test-case id="3477" name="ConflictingDuplicateReferenceIdentityFails" fullname="HybridCLR.Editor.AssemblyShadow.Tests.ReflectionPdbConstantsTests.ConflictingDuplicateReferenceIdentityFails" methodname="ConflictingDuplicateReferenceIdentityFails" classname="HybridCLR.Editor.AssemblyShadow.Tests.ReflectionPdbConstantsTests" runstate="Runnable" seed="579141893" result="Passed" start-time="2026-09-20 01:34:08Z" end-time="2026-09-20 01:34:08Z" duration="0.001744" asserts="0">
                  <properties />
                </test-case>
                <test-case id="3485" name="ConstantValueMutationChangesSnapshot" fullname="HybridCLR.Editor.AssemblyShadow.Tests.ReflectionPdbConstantsTests.ConstantValueMutationChangesSnapshot" methodname="ConstantValueMutationChangesSnapshot" classname="HybridCLR.Editor.AssemblyShadow.Tests.ReflectionPdbConstantsTests" runstate="Runnable" seed="1048981069" result="Passed" start-time="2026-09-20 01:34:08Z" end-time="2026-09-20 01:34:08Z" duration="0.001430" asserts="0">
                  <properties />
                </test-case>
                <test-case id="3480" name="DisposedResolverCannotBeReused" fullname="HybridCLR.Editor.AssemblyShadow.Tests.ReflectionPdbConstantsTests.DisposedResolverCannotBeReused" methodname="DisposedResolverCannotBeReused" classname="HybridCLR.Editor.AssemblyShadow.Tests.ReflectionPdbConstantsTests" runstate="Runnable" seed="87741809" result="Passed" start-time="2026-09-20 01:34:08Z" end-time="2026-09-20 01:34:08Z" duration="0.001164" asserts="0">
                  <properties />
                </test-case>
                <test-case id="3473" name="DnlibAuthoredFixtureDoesNotRequireAFalseCounterexample" fullname="HybridCLR.Editor.AssemblyShadow.Tests.ReflectionPdbConstantsTests.DnlibAuthoredFixtureDoesNotRequireAFalseCounterexample" methodname="DnlibAuthoredFixtureDoesNotRequireAFalseCounterexample" classname="HybridCLR.Editor.AssemblyShadow.Tests.ReflectionPdbConstantsTests" runstate="Runnable" seed="1466539801" result="Passed" start-time="2026-09-20 01:34:08Z" end-time="2026-09-20 01:34:08Z" duration="0.010636" asserts="0">
                  <properties />
                </test-case>
                <test-case id="3482" name="EnumUnderlyingValueTypeMustMatchExactly" fullname="HybridCLR.Editor.AssemblyShadow.Tests.ReflectionPdbConstantsTests.EnumUnderlyingValueTypeMustMatchExactly" methodname="EnumUnderlyingValueTypeMustMatchExactly" classname="HybridCLR.Editor.AssemblyShadow.Tests.ReflectionPdbConstantsTests" runstate="Runnable" seed="1383500111" result="Passed" start-time="2026-09-20 01:34:08Z" end-time="2026-09-20 01:34:08Z" duration="0.001335" asserts="0">
                  <properties />
                </test-case>
                <test-case id="3472" name="ExplicitCompilerReferencesPreserveExternalEnumAndOtherConstants" fullname="HybridCLR.Editor.AssemblyShadow.Tests.ReflectionPdbConstantsTests.ExplicitCompilerReferencesPreserveExternalEnumAndOtherConstants" methodname="ExplicitCompilerReferencesPreserveExternalEnumAndOtherConstants" classname="HybridCLR.Editor.AssemblyShadow.Tests.ReflectionPdbConstantsTests" runstate="Runnable" seed="1201541706" result="Passed" start-time="2026-09-20 01:34:08Z" end-time="2026-09-20 01:34:08Z" duration="0.004387" asserts="0">
                  <properties />
                </test-case>
                <test-case id="3475" name="IdenticalInputsAreDeterministic" fullname="HybridCLR.Editor.AssemblyShadow.Tests.ReflectionPdbConstantsTests.IdenticalInputsAreDeterministic" methodname="IdenticalInputsAreDeterministic" classname="HybridCLR.Editor.AssemblyShadow.Tests.ReflectionPdbConstantsTests" runstate="Runnable" seed="762204373" result="Passed" start-time="2026-09-20 01:34:08Z" end-time="2026-09-20 01:34:08Z" duration="0.011134" asserts="0">
                  <properties />
                </test-case>
                <test-case id="3484" name="NullClassConstantRemainsUntouched" fullname="HybridCLR.Editor.AssemblyShadow.Tests.ReflectionPdbConstantsTests.NullClassConstantRemainsUntouched" methodname="NullClassConstantRemainsUntouched" classname="HybridCLR.Editor.AssemblyShadow.Tests.ReflectionPdbConstantsTests" runstate="Runnable" seed="1352357495" result="Passed" start-time="2026-09-20 01:34:08Z" end-time="2026-09-20 01:34:08Z" duration="0.001549" asserts="0">
                  <properties />
                </test-case>
                <test-case id="3479" name="RelativeCompilerReferencesAreRejected" fullname="HybridCLR.Editor.AssemblyShadow.Tests.ReflectionPdbConstantsTests.RelativeCompilerReferencesAreRejected" methodname="RelativeCompilerReferencesAreRejected" classname="HybridCLR.Editor.AssemblyShadow.Tests.ReflectionPdbConstantsTests" runstate="Runnable" seed="1632163489" result="Passed" start-time="2026-09-20 01:34:08Z" end-time="2026-09-20 01:34:08Z" duration="0.001118" asserts="0">
                  <properties />
                </test-case>
                <test-case id="3483" name="ResolvedClassSigEnumCanBeNormalizedWithoutChangingValue" fullname="HybridCLR.Editor.AssemblyShadow.Tests.ReflectionPdbConstantsTests.ResolvedClassSigEnumCanBeNormalizedWithoutChangingValue" methodname="ResolvedClassSigEnumCanBeNormalizedWithoutChangingValue" classname="HybridCLR.Editor.AssemblyShadow.Tests.ReflectionPdbConstantsTests" runstate="Runnable" seed="1872471934" result="Passed" start-time="2026-09-20 01:34:08Z" end-time="2026-09-20 01:34:08Z" duration="0.003429" asserts="0">
                  <properties />
                </test-case>
                <test-case id="3476" name="ResolverDoesNotSubstituteAnotherAssemblyVersion" fullname="HybridCLR.Editor.AssemblyShadow.Tests.ReflectionPdbConstantsTests.ResolverDoesNotSubstituteAnotherAssemblyVersion" methodname="ResolverDoesNotSubstituteAnotherAssemblyVersion" classname="HybridCLR.Editor.AssemblyShadow.Tests.ReflectionPdbConstantsTests" runstate="Runnable" seed="2076592396" result="Passed" start-time="2026-09-20 01:34:08Z" end-time="2026-09-20 01:34:08Z" duration="0.008448" asserts="0">
                  <properties />
                </test-case>
                <test-case id="3474" name="RouteBIsExplicitAndRetainsEquivalentConstants" fullname="HybridCLR.Editor.AssemblyShadow.Tests.ReflectionPdbConstantsTests.RouteBIsExplicitAndRetainsEquivalentConstants" methodname="RouteBIsExplicitAndRetainsEquivalentConstants" classname="HybridCLR.Editor.AssemblyShadow.Tests.ReflectionPdbConstantsTests" runstate="Runnable" seed="904917436" result="Passed" start-time="2026-09-20 01:34:08Z" end-time="2026-09-20 01:34:08Z" duration="0.007498" asserts="0">
                  <properties />
                </test-case>
              </test-suite>
              <test-suite type="TestFixture" id="3486" name="ReflectionPdbFailureCaptureTests" fullname="HybridCLR.Editor.AssemblyShadow.Tests.ReflectionPdbFailureCaptureTests" classname="HybridCLR.Editor.AssemblyShadow.Tests.ReflectionPdbFailureCaptureTests" runstate="Runnable" testcasecount="6" result="Passed" start-time="2026-09-20 01:34:08Z" end-time="2026-09-20 01:34:09Z" duration="0.232032" total="6" passed="6" failed="0" inconclusive="0" skipped="0" asserts="0">
                <properties />
                <test-case id="3487" name="CapturesAreUniqueAndDoNotGrantAcceptance" fullname="HybridCLR.Editor.AssemblyShadow.Tests.ReflectionPdbFailureCaptureTests.CapturesAreUniqueAndDoNotGrantAcceptance" methodname="CapturesAreUniqueAndDoNotGrantAcceptance" classname="HybridCLR.Editor.AssemblyShadow.Tests.ReflectionPdbFailureCaptureTests" runstate="Runnable" seed="1315658581" result="Passed" start-time="2026-09-20 01:34:08Z" end-time="2026-09-20 01:34:08Z" duration="0.056328" asserts="0">
                  <properties />
                </test-case>
                <test-case id="3489" name="ChangedInputBytesFailHashVerification" fullname="HybridCLR.Editor.AssemblyShadow.Tests.ReflectionPdbFailureCaptureTests.ChangedInputBytesFailHashVerification" methodname="ChangedInputBytesFailHashVerification" classname="HybridCLR.Editor.AssemblyShadow.Tests.ReflectionPdbFailureCaptureTests" runstate="Runnable" seed="163202670" result="Passed" start-time="2026-09-20 01:34:08Z" end-time="2026-09-20 01:34:08Z" duration="0.023249" asserts="0">
                  <properties />
                </test-case>
                <test-case id="3490" name="ExtraMembersFailMembershipVerification" fullname="HybridCLR.Editor.AssemblyShadow.Tests.ReflectionPdbFailureCaptureTests.ExtraMembersFailMembershipVerification" methodname="ExtraMembersFailMembershipVerification" classname="HybridCLR.Editor.AssemblyShadow.Tests.ReflectionPdbFailureCaptureTests" runstate="Runnable" seed="1311534062" result="Passed" start-time="2026-09-20 01:34:08Z" end-time="2026-09-20 01:34:08Z" duration="0.052656" asserts="0">
                  <properties />
                </test-case>
                <test-case id="3488" name="FullInnerExceptionIsRetained" fullname="HybridCLR.Editor.AssemblyShadow.Tests.ReflectionPdbFailureCaptureTests.FullInnerExceptionIsRetained" methodname="FullInnerExceptionIsRetained" classname="HybridCLR.Editor.AssemblyShadow.Tests.ReflectionPdbFailureCaptureTests" runstate="Runnable" seed="643936043" result="Passed" start-time="2026-09-20 01:34:08Z" end-time="2026-09-20 01:34:08Z" duration="0.033045" asserts="0">
                  <properties />
                </test-case>
                <test-case id="3491" name="MissingReferencesRemainUnavailable" fullname="HybridCLR.Editor.AssemblyShadow.Tests.ReflectionPdbFailureCaptureTests.MissingReferencesRemainUnavailable" methodname="MissingReferencesRemainUnavailable" classname="HybridCLR.Editor.AssemblyShadow.Tests.ReflectionPdbFailureCaptureTests" runstate="Runnable" seed="361846964" result="Passed" start-time="2026-09-20 01:34:08Z" end-time="2026-09-20 01:34:09Z" duration="0.019374" asserts="0">
                  <properties />
                </test-case>
                <test-case id="3492" name="ProjectRelativeCompilerReferenceIsCapturedFromExactRoot" fullname="HybridCLR.Editor.AssemblyShadow.Tests.ReflectionPdbFailureCaptureTests.ProjectRelativeCompilerReferenceIsCapturedFromExactRoot" methodname="ProjectRelativeCompilerReferenceIsCapturedFromExactRoot" classname="HybridCLR.Editor.AssemblyShadow.Tests.ReflectionPdbFailureCaptureTests" runstate="Runnable" seed="969008961" result="Passed" start-time="2026-09-20 01:34:09Z" end-time="2026-09-20 01:34:09Z" duration="0.044778" asserts="0">
                  <properties />
                </test-case>
              </test-suite>
            </test-suite>
          </test-suite>
        </test-suite>
      </test-suite>
    </test-suite>
  </test-suite>
</test-run>