<?xml version="1.0" encoding="utf-8"?>
<test-run id="2" testcasecount="1076" result="Passed" total="1076" passed="1076" failed="0" inconclusive="0" skipped="0" asserts="0" engine-version="3.5.0.0" clr-version="4.0.30319.42000" start-time="2026-09-21 11:05:26Z" end-time="2026-09-21 11:07:24Z" duration="118.108427">
  <test-suite type="TestSuite" id="2250" name="AssemblyShadowBaseline" fullname="AssemblyShadowBaseline" runstate="Runnable" testcasecount="1114" result="Passed" start-time="2026-09-21 11:05:26Z" end-time="2026-09-21 11:07:24Z" duration="118.108427" total="1076" passed="1076" failed="0" inconclusive="0" skipped="0" asserts="0">
    <properties />
    <test-suite type="Assembly" id="2664" name="AssemblyShadowDemo.EditorTests.dll" fullname="/Users/ah/GitHub/hybridclr/hybridclr_demo/Library/ScriptAssemblies/AssemblyShadowDemo.EditorTests.dll" runstate="Runnable" testcasecount="356" result="Passed" start-time="2026-09-21 11:05:26Z" end-time="2026-09-21 11:05:55Z" duration="29.106406" total="356" passed="356" failed="0" inconclusive="0" skipped="0" asserts="0">
      <properties>
        <property name="_PID" value="66974" />
        <property name="_APPDOMAIN" value="Unity Child Domain" />
        <property name="platform" value="EditMode" />
      </properties>
      <test-suite type="TestSuite" id="2665" name="AssemblyShadowDemo" fullname="AssemblyShadowDemo" runstate="Runnable" testcasecount="356" result="Passed" start-time="2026-09-21 11:05:26Z" end-time="2026-09-21 11:05:55Z" duration="29.102433" total="356" passed="356" failed="0" inconclusive="0" skipped="0" asserts="0">
        <properties />
        <test-suite type="TestSuite" id="2666" name="EditorTests" fullname="AssemblyShadowDemo.EditorTests" runstate="Runnable" testcasecount="356" result="Passed" start-time="2026-09-21 11:05:26Z" end-time="2026-09-21 11:05:55Z" duration="29.091629" total="356" passed="356" failed="0" inconclusive="0" skipped="0" asserts="0">
          <properties />
          <test-suite type="TestFixture" id="2251" name="H1CompilerProvenanceTests" fullname="AssemblyShadowDemo.EditorTests.H1CompilerProvenanceTests" classname="AssemblyShadowDemo.EditorTests.H1CompilerProvenanceTests" runstate="Runnable" testcasecount="1" result="Passed" start-time="2026-09-21 11:05:26Z" end-time="2026-09-21 11:05:26Z" duration="0.051183" total="1" passed="1" failed="0" inconclusive="0" skipped="0" asserts="0">
            <properties />
            <test-case id="2252" name="RetainedBeeGraphShapeContainsNativeCompilerAndLinkActions" fullname="AssemblyShadowDemo.EditorTests.H1CompilerProvenanceTests.RetainedBeeGraphShapeContainsNativeCompilerAndLinkActions" methodname="RetainedBeeGraphShapeContainsNativeCompilerAndLinkActions" classname="AssemblyShadowDemo.EditorTests.H1CompilerProvenanceTests" runstate="Runnable" seed="631988230" result="Passed" start-time="2026-09-21 11:05:26Z" end-time="2026-09-21 11:05:26Z" duration="0.042406" asserts="0">
              <properties />
            </test-case>
          </test-suite>
          <test-suite type="TestFixture" id="2253" name="H1CountEarlyStartupTests" fullname="AssemblyShadowDemo.EditorTests.H1CountEarlyStartupTests" classname="AssemblyShadowDemo.EditorTests.H1CountEarlyStartupTests" runstate="Runnable" testcasecount="6" result="Passed" start-time="2026-09-21 11:05:26Z" end-time="2026-09-21 11:05:26Z" duration="0.020030" total="6" passed="6" failed="0" inconclusive="0" skipped="0" asserts="0">
            <properties />
            <test-case id="2256" name="ArgumentsValidateOutcomeCountHashAndDuplicates" fullname="AssemblyShadowDemo.EditorTests.H1CountEarlyStartupTests.ArgumentsValidateOutcomeCountHashAndDuplicates" methodname="ArgumentsValidateOutcomeCountHashAndDuplicates" classname="AssemblyShadowDemo.EditorTests.H1CountEarlyStartupTests" runstate="Runnable" seed="1086183240" result="Passed" start-time="2026-09-21 11:05:26Z" end-time="2026-09-21 11:05:26Z" duration="0.004486" asserts="0">
              <properties />
            </test-case>
            <test-case id="2258" name="EmptyAndOversizedFilesAreRejectedBeforeAllocation" fullname="AssemblyShadowDemo.EditorTests.H1CountEarlyStartupTests.EmptyAndOversizedFilesAreRejectedBeforeAllocation" methodname="EmptyAndOversizedFilesAreRejectedBeforeAllocation" classname="AssemblyShadowDemo.EditorTests.H1CountEarlyStartupTests" runstate="Runnable" seed="681195936" result="Passed" start-time="2026-09-21 11:05:26Z" end-time="2026-09-21 11:05:26Z" duration="0.002649" asserts="0">
              <properties />
            </test-case>
            <test-case id="2255" name="MissingOrDuplicatePathFailsClosed" fullname="AssemblyShadowDemo.EditorTests.H1CountEarlyStartupTests.MissingOrDuplicatePathFailsClosed" methodname="MissingOrDuplicatePathFailsClosed" classname="AssemblyShadowDemo.EditorTests.H1CountEarlyStartupTests" runstate="Runnable" seed="1435431486" result="Passed" start-time="2026-09-21 11:05:26Z" end-time="2026-09-21 11:05:26Z" duration="0.004917" asserts="0">
              <properties />
            </test-case>
            <test-case id="2254" name="OrdinaryGatewayReturnsWithoutNativeCallsOrReceipt" fullname="AssemblyShadowDemo.EditorTests.H1CountEarlyStartupTests.OrdinaryGatewayReturnsWithoutNativeCallsOrReceipt" methodname="OrdinaryGatewayReturnsWithoutNativeCallsOrReceipt" classname="AssemblyShadowDemo.EditorTests.H1CountEarlyStartupTests" runstate="Runnable" seed="692248571" result="Passed" start-time="2026-09-21 11:05:26Z" end-time="2026-09-21 11:05:26Z" duration="0.000280" asserts="0">
              <properties />
            </test-case>
            <test-case id="2257" name="ReceiptCodecEscapesNativeJsonAndAuthenticatesAllFields" fullname="AssemblyShadowDemo.EditorTests.H1CountEarlyStartupTests.ReceiptCodecEscapesNativeJsonAndAuthenticatesAllFields" methodname="ReceiptCodecEscapesNativeJsonAndAuthenticatesAllFields" classname="AssemblyShadowDemo.EditorTests.H1CountEarlyStartupTests" runstate="Runnable" seed="620726646" result="Passed" start-time="2026-09-21 11:05:26Z" end-time="2026-09-21 11:05:26Z" duration="0.002145" asserts="0">
              <properties />
            </test-case>
            <test-case id="2259" name="StartupSourceAndBuildKeepThePreCatalogContract" fullname="AssemblyShadowDemo.EditorTests.H1CountEarlyStartupTests.StartupSourceAndBuildKeepThePreCatalogContract" methodname="StartupSourceAndBuildKeepThePreCatalogContract" classname="AssemblyShadowDemo.EditorTests.H1CountEarlyStartupTests" runstate="Runnable" seed="1725195554" result="Passed" start-time="2026-09-21 11:05:26Z" end-time="2026-09-21 11:05:26Z" duration="0.003503" asserts="0">
              <properties />
            </test-case>
          </test-suite>
          <test-suite type="TestFixture" id="2260" name="H1CountNativeDiagnosticsTests" fullname="AssemblyShadowDemo.EditorTests.H1CountNativeDiagnosticsTests" classname="AssemblyShadowDemo.EditorTests.H1CountNativeDiagnosticsTests" runstate="Runnable" testcasecount="6" result="Passed" start-time="2026-09-21 11:05:26Z" end-time="2026-09-21 11:05:26Z" duration="0.013392" total="6" passed="6" failed="0" inconclusive="0" skipped="0" asserts="0">
            <properties />
            <test-case id="2264" name="BothFeatureModesMaterializeEveryNonzeroFieldExactly" fullname="AssemblyShadowDemo.EditorTests.H1CountNativeDiagnosticsTests.BothFeatureModesMaterializeEveryNonzeroFieldExactly" methodname="BothFeatureModesMaterializeEveryNonzeroFieldExactly" classname="AssemblyShadowDemo.EditorTests.H1CountNativeDiagnosticsTests" runstate="Runnable" seed="1647053665" result="Passed" start-time="2026-09-21 11:05:26Z" end-time="2026-09-21 11:05:26Z" duration="0.005574" asserts="0">
              <properties />
            </test-case>
            <test-case id="2263" name="CounterWrongPrimitiveTypeIsRejected" fullname="AssemblyShadowDemo.EditorTests.H1CountNativeDiagnosticsTests.CounterWrongPrimitiveTypeIsRejected" methodname="CounterWrongPrimitiveTypeIsRejected" classname="AssemblyShadowDemo.EditorTests.H1CountNativeDiagnosticsTests" runstate="Runnable" seed="1614276063" result="Passed" start-time="2026-09-21 11:05:26Z" end-time="2026-09-21 11:05:26Z" duration="0.001466" asserts="0">
              <properties />
            </test-case>
            <test-case id="2265" name="CountRunnerUsesNativeIdentityBridgeInsteadOfUnsupportedManagedModuleProbe" fullname="AssemblyShadowDemo.EditorTests.H1CountNativeDiagnosticsTests.CountRunnerUsesNativeIdentityBridgeInsteadOfUnsupportedManagedModuleProbe" methodname="CountRunnerUsesNativeIdentityBridgeInsteadOfUnsupportedManagedModuleProbe" classname="AssemblyShadowDemo.EditorTests.H1CountNativeDiagnosticsTests" runstate="Runnable" seed="4227062" result="Passed" start-time="2026-09-21 11:05:26Z" end-time="2026-09-21 11:05:26Z" duration="0.002105" asserts="0">
              <properties />
            </test-case>
            <test-case id="2262" name="DuplicateRootCounterIsRejected" fullname="AssemblyShadowDemo.EditorTests.H1CountNativeDiagnosticsTests.DuplicateRootCounterIsRejected" methodname="DuplicateRootCounterIsRejected" classname="AssemblyShadowDemo.EditorTests.H1CountNativeDiagnosticsTests" runstate="Runnable" seed="888528904" result="Passed" start-time="2026-09-21 11:05:26Z" end-time="2026-09-21 11:05:26Z" duration="0.000622" asserts="0">
              <properties />
            </test-case>
            <test-case id="2261" name="MissingRootCountersAreRejectedEvenWhenNestedUnknownFieldsQuoteTheirNames" fullname="AssemblyShadowDemo.EditorTests.H1CountNativeDiagnosticsTests.MissingRootCountersAreRejectedEvenWhenNestedUnknownFieldsQuoteTheirNames" methodname="MissingRootCountersAreRejectedEvenWhenNestedUnknownFieldsQuoteTheirNames" classname="AssemblyShadowDemo.EditorTests.H1CountNativeDiagnosticsTests" runstate="Runnable" seed="2014338509" result="Passed" start-time="2026-09-21 11:05:26Z" end-time="2026-09-21 11:05:26Z" duration="0.000532" asserts="0">
              <properties />
            </test-case>
            <test-case id="2266" name="NativeIdentityInventoryMaterializesExactFields" fullname="AssemblyShadowDemo.EditorTests.H1CountNativeDiagnosticsTests.NativeIdentityInventoryMaterializesExactFields" methodname="NativeIdentityInventoryMaterializesExactFields" classname="AssemblyShadowDemo.EditorTests.H1CountNativeDiagnosticsTests" runstate="Runnable" seed="889041584" result="Passed" start-time="2026-09-21 11:05:26Z" end-time="2026-09-21 11:05:26Z" duration="0.001482" asserts="0">
              <properties />
            </test-case>
          </test-suite>
          <test-suite type="TestFixture" id="2267" name="H1EvidenceProcessTests" fullname="AssemblyShadowDemo.EditorTests.H1EvidenceProcessTests" classname="AssemblyShadowDemo.EditorTests.H1EvidenceProcessTests" runstate="Runnable" testcasecount="10" result="Passed" start-time="2026-09-21 11:05:26Z" end-time="2026-09-21 11:05:26Z" duration="0.005079" total="10" passed="10" failed="0" inconclusive="0" skipped="0" asserts="0">
            <properties />
            <test-case id="2278" name="CompilerCaptureRetainsResponseAndMacroFields" fullname="AssemblyShadowDemo.EditorTests.H1EvidenceProcessTests.CompilerCaptureRetainsResponseAndMacroFields" methodname="CompilerCaptureRetainsResponseAndMacroFields" classname="AssemblyShadowDemo.EditorTests.H1EvidenceProcessTests" runstate="Runnable" seed="1526866276" result="Passed" start-time="2026-09-21 11:05:26Z" end-time="2026-09-21 11:05:26Z" duration="0.001009" asserts="0">
              <properties />
            </test-case>
            <test-case id="2279" name="EmptyCaptureDoesNotCreateProvenance" fullname="AssemblyShadowDemo.EditorTests.H1EvidenceProcessTests.EmptyCaptureDoesNotCreateProvenance" methodname="EmptyCaptureDoesNotCreateProvenance" classname="AssemblyShadowDemo.EditorTests.H1EvidenceProcessTests" runstate="Runnable" seed="514715208" result="Passed" start-time="2026-09-21 11:05:26Z" end-time="2026-09-21 11:05:26Z" duration="0.000511" asserts="0">
              <properties />
            </test-case>
            <test-suite type="ParameterizedMethod" id="2272" name="ExplicitArgumentsAreQuoted" fullname="AssemblyShadowDemo.EditorTests.H1EvidenceProcessTests.ExplicitArgumentsAreQuoted" classname="AssemblyShadowDemo.EditorTests.H1EvidenceProcessTests" runstate="Runnable" testcasecount="4" result="Passed" start-time="2026-09-21 11:05:26Z" end-time="2026-09-21 11:05:26Z" duration="0.001210" total="4" passed="4" failed="0" inconclusive="0" skipped="0" asserts="0">
              <properties />
              <test-case id="2268" name="ExplicitArgumentsAreQuoted(&quot;&quot;,&quot;\&quot;\&quot;&quot;)" fullname="AssemblyShadowDemo.EditorTests.H1EvidenceProcessTests.ExplicitArgumentsAreQuoted(&quot;&quot;,&quot;\&quot;\&quot;&quot;)" methodname="ExplicitArgumentsAreQuoted" classname="AssemblyShadowDemo.EditorTests.H1EvidenceProcessTests" runstate="Runnable" seed="677652265" result="Passed" start-time="2026-09-21 11:05:26Z" end-time="2026-09-21 11:05:26Z" duration="0.000223" asserts="0">
                <properties />
              </test-case>
              <test-case id="2269" name="ExplicitArgumentsAreQuoted(&quot;/tmp/build path/test.py&quot;,&quot;\&quot;/tmp/build path/test.py\&quot;&quot;)" fullname="AssemblyShadowDemo.EditorTests.H1EvidenceProcessTests.ExplicitArgumentsAreQuoted(&quot;/tmp/build path/test.py&quot;,&quot;\&quot;/tmp/build path/test.py\&quot;&quot;)" methodname="ExplicitArgumentsAreQuoted" classname="AssemblyShadowDemo.EditorTests.H1EvidenceProcessTests" runstate="Runnable" seed="1674260821" result="Passed" start-time="2026-09-21 11:05:26Z" end-time="2026-09-21 11:05:26Z" duration="0.000049" asserts="0">
                <properties />
              </test-case>
              <test-case id="2270" name="ExplicitArgumentsAreQuoted(&quot;a\&quot;b&quot;,&quot;\&quot;a\\\&quot;b\&quot;&quot;)" fullname="AssemblyShadowDemo.EditorTests.H1EvidenceProcessTests.ExplicitArgumentsAreQuoted(&quot;a\&quot;b&quot;,&quot;\&quot;a\\\&quot;b\&quot;&quot;)" methodname="ExplicitArgumentsAreQuoted" classname="AssemblyShadowDemo.EditorTests.H1EvidenceProcessTests" runstate="Runnable" seed="847623060" result="Passed" start-time="2026-09-21 11:05:26Z" end-time="2026-09-21 11:05:26Z" duration="0.000043" asserts="0">
                <properties />
              </test-case>
              <test-case id="2271" name="ExplicitArgumentsAreQuoted(&quot;a\\b&quot;,&quot;\&quot;a\\\\b\&quot;&quot;)" fullname="AssemblyShadowDemo.EditorTests.H1EvidenceProcessTests.ExplicitArgumentsAreQuoted(&quot;a\\b&quot;,&quot;\&quot;a\\\\b\&quot;&quot;)" methodname="ExplicitArgumentsAreQuoted" classname="AssemblyShadowDemo.EditorTests.H1EvidenceProcessTests" runstate="Runnable" seed="1611915285" result="Passed" start-time="2026-09-21 11:05:26Z" end-time="2026-09-21 11:05:26Z" duration="0.000047" asserts="0">
                <properties />
              </test-case>
            </test-suite>
            <test-suite type="ParameterizedMethod" id="2277" name="InvalidArgumentsAreRejected" fullname="AssemblyShadowDemo.EditorTests.H1EvidenceProcessTests.InvalidArgumentsAreRejected" classname="AssemblyShadowDemo.EditorTests.H1EvidenceProcessTests" runstate="Runnable" testcasecount="4" result="Passed" start-time="2026-09-21 11:05:26Z" end-time="2026-09-21 11:05:26Z" duration="0.001107" total="4" passed="4" failed="0" inconclusive="0" skipped="0" asserts="0">
              <properties />
              <test-case id="2273" name="InvalidArgumentsAreRejected(null)" fullname="AssemblyShadowDemo.EditorTests.H1EvidenceProcessTests.InvalidArgumentsAreRejected(null)" methodname="InvalidArgumentsAreRejected" classname="AssemblyShadowDemo.EditorTests.H1EvidenceProcessTests" runstate="Runnable" seed="668822030" result="Passed" start-time="2026-09-21 11:05:26Z" end-time="2026-09-21 11:05:26Z" duration="0.000188" asserts="0">
                <properties />
              </test-case>
              <test-case id="2274" name="InvalidArgumentsAreRejected(&quot;a\nb&quot;)" fullname="AssemblyShadowDemo.EditorTests.H1EvidenceProcessTests.InvalidArgumentsAreRejected(&quot;a\nb&quot;)" methodname="InvalidArgumentsAreRejected" classname="AssemblyShadowDemo.EditorTests.H1EvidenceProcessTests" runstate="Runnable" seed="1240255893" result="Passed" start-time="2026-09-21 11:05:26Z" end-time="2026-09-21 11:05:26Z" duration="0.000045" asserts="0">
                <properties />
              </test-case>
              <test-case id="2275" name="InvalidArgumentsAreRejected(&quot;a\rb&quot;)" fullname="AssemblyShadowDemo.EditorTests.H1EvidenceProcessTests.InvalidArgumentsAreRejected(&quot;a\rb&quot;)" methodname="InvalidArgumentsAreRejected" classname="AssemblyShadowDemo.EditorTests.H1EvidenceProcessTests" runstate="Runnable" seed="2001082346" result="Passed" start-time="2026-09-21 11:05:26Z" end-time="2026-09-21 11:05:26Z" duration="0.000048" asserts="0">
                <properties />
              </test-case>
              <test-case id="2276" name="InvalidArgumentsAreRejected(&quot;a\0b&quot;)" fullname="AssemblyShadowDemo.EditorTests.H1EvidenceProcessTests.InvalidArgumentsAreRejected(&quot;a\0b&quot;)" methodname="InvalidArgumentsAreRejected" classname="AssemblyShadowDemo.EditorTests.H1EvidenceProcessTests" runstate="Runnable" seed="368778695" result="Passed" start-time="2026-09-21 11:05:26Z" end-time="2026-09-21 11:05:26Z" duration="0.000047" asserts="0">
                <properties />
              </test-case>
            </test-suite>
          </test-suite>
          <test-suite type="TestFixture" id="2280" name="H1PchEvidenceProcessTests" fullname="AssemblyShadowDemo.EditorTests.H1PchEvidenceProcessTests" classname="AssemblyShadowDemo.EditorTests.H1PchEvidenceProcessTests" runstate="Runnable" testcasecount="4" result="Passed" start-time="2026-09-21 11:05:26Z" end-time="2026-09-21 11:05:26Z" duration="0.002069" total="4" passed="4" failed="0" inconclusive="0" skipped="0" asserts="0">
            <properties />
            <test-case id="2285" name="CompilerReceiptPreservesPchSidecarFields" fullname="AssemblyShadowDemo.EditorTests.H1PchEvidenceProcessTests.CompilerReceiptPreservesPchSidecarFields" methodname="CompilerReceiptPreservesPchSidecarFields" classname="AssemblyShadowDemo.EditorTests.H1PchEvidenceProcessTests" runstate="Runnable" seed="2092663489" result="Passed" start-time="2026-09-21 11:05:26Z" end-time="2026-09-21 11:05:26Z" duration="0.000170" asserts="0">
              <properties />
            </test-case>
            <test-suite type="ParameterizedMethod" id="2284" name="InvalidTimeoutFailsBeforeStartingAnyProcess" fullname="AssemblyShadowDemo.EditorTests.H1PchEvidenceProcessTests.InvalidTimeoutFailsBeforeStartingAnyProcess" classname="AssemblyShadowDemo.EditorTests.H1PchEvidenceProcessTests" runstate="Runnable" testcasecount="3" result="Passed" start-time="2026-09-21 11:05:26Z" end-time="2026-09-21 11:05:26Z" duration="0.001317" total="3" passed="3" failed="0" inconclusive="0" skipped="0" asserts="0">
              <properties />
              <test-case id="2281" name="InvalidTimeoutFailsBeforeStartingAnyProcess(0)" fullname="AssemblyShadowDemo.EditorTests.H1PchEvidenceProcessTests.InvalidTimeoutFailsBeforeStartingAnyProcess(0)" methodname="InvalidTimeoutFailsBeforeStartingAnyProcess" classname="AssemblyShadowDemo.EditorTests.H1PchEvidenceProcessTests" runstate="Runnable" seed="177245267" result="Passed" start-time="2026-09-21 11:05:26Z" end-time="2026-09-21 11:05:26Z" duration="0.000639" asserts="0">
                <properties />
              </test-case>
              <test-case id="2282" name="InvalidTimeoutFailsBeforeStartingAnyProcess(999)" fullname="AssemblyShadowDemo.EditorTests.H1PchEvidenceProcessTests.InvalidTimeoutFailsBeforeStartingAnyProcess(999)" methodname="InvalidTimeoutFailsBeforeStartingAnyProcess" classname="AssemblyShadowDemo.EditorTests.H1PchEvidenceProcessTests" runstate="Runnable" seed="1615172489" result="Passed" start-time="2026-09-21 11:05:26Z" end-time="2026-09-21 11:05:26Z" duration="0.000048" asserts="0">
                <properties />
              </test-case>
              <test-case id="2283" name="InvalidTimeoutFailsBeforeStartingAnyProcess(1800001)" fullname="AssemblyShadowDemo.EditorTests.H1PchEvidenceProcessTests.InvalidTimeoutFailsBeforeStartingAnyProcess(1800001)" methodname="InvalidTimeoutFailsBeforeStartingAnyProcess" classname="AssemblyShadowDemo.EditorTests.H1PchEvidenceProcessTests" runstate="Runnable" seed="1148556845" result="Passed" start-time="2026-09-21 11:05:26Z" end-time="2026-09-21 11:05:26Z" duration="0.000046" asserts="0">
                <properties />
              </test-case>
            </test-suite>
          </test-suite>
          <test-suite type="TestFixture" id="2286" name="H1WitnessRuntimeEvidenceTests" fullname="AssemblyShadowDemo.EditorTests.H1WitnessRuntimeEvidenceTests" classname="AssemblyShadowDemo.EditorTests.H1WitnessRuntimeEvidenceTests" runstate="Runnable" testcasecount="2" result="Passed" start-time="2026-09-21 11:05:26Z" end-time="2026-09-21 11:05:26Z" duration="0.001090" total="2" passed="2" failed="0" inconclusive="0" skipped="0" asserts="0">
            <properties />
            <test-case id="2287" name="DedicatedWitnessNegativeEvidenceSurvivesSerialization" fullname="AssemblyShadowDemo.EditorTests.H1WitnessRuntimeEvidenceTests.DedicatedWitnessNegativeEvidenceSurvivesSerialization" methodname="DedicatedWitnessNegativeEvidenceSurvivesSerialization" classname="AssemblyShadowDemo.EditorTests.H1WitnessRuntimeEvidenceTests" runstate="Runnable" seed="714314574" result="Passed" start-time="2026-09-21 11:05:26Z" end-time="2026-09-21 11:05:26Z" duration="0.000409" asserts="0">
              <properties />
            </test-case>
            <test-case id="2288" name="HistoricalOrIncompleteResultDoesNotDefaultToWitnessPass" fullname="AssemblyShadowDemo.EditorTests.H1WitnessRuntimeEvidenceTests.HistoricalOrIncompleteResultDoesNotDefaultToWitnessPass" methodname="HistoricalOrIncompleteResultDoesNotDefaultToWitnessPass" classname="AssemblyShadowDemo.EditorTests.H1WitnessRuntimeEvidenceTests" runstate="Runnable" seed="1599160543" result="Passed" start-time="2026-09-21 11:05:26Z" end-time="2026-09-21 11:05:26Z" duration="0.000128" asserts="0">
              <properties />
            </test-case>
          </test-suite>
          <test-suite type="TestFixture" id="2289" name="M01EditorValidationTests" fullname="AssemblyShadowDemo.EditorTests.M01EditorValidationTests" classname="AssemblyShadowDemo.EditorTests.M01EditorValidationTests" runstate="Runnable" testcasecount="1" result="Passed" start-time="2026-09-21 11:05:26Z" end-time="2026-09-21 11:05:26Z" duration="0.014405" total="1" passed="1" failed="0" inconclusive="0" skipped="0" asserts="0">
            <properties />
            <test-case id="2290" name="M01EditorValidationPasses" fullname="AssemblyShadowDemo.EditorTests.M01EditorValidationTests.M01EditorValidationPasses" methodname="M01EditorValidationPasses" classname="AssemblyShadowDemo.EditorTests.M01EditorValidationTests" runstate="Runnable" seed="1578888056" result="Passed" start-time="2026-09-21 11:05:26Z" end-time="2026-09-21 11:05:26Z" duration="0.013904" asserts="0">
              <properties />
              <output><![CDATA[[AssemblyShadow M01] Editor validation: {"runtimeEvidence":false,"passed":true,"tests":[{"name":"bootstrap_has_no_business_references","passed":true,"error":""},{"name":"baseline_aot_configuration","passed":true,"error":""},{"name":"asset_guids_and_serialized_values","passed":true,"error":""},{"name":"immutable_manifest_and_bundle_hashes","passed":true,"error":""},{"name":"patch_abi_when_present","passed":true,"error":""}]}
]]></output>
            </test-case>
          </test-suite>
          <test-suite type="TestFixture" id="2291" name="M02DependencyFixtureTests" fullname="AssemblyShadowDemo.EditorTests.M02DependencyFixtureTests" classname="AssemblyShadowDemo.EditorTests.M02DependencyFixtureTests" runstate="Runnable" testcasecount="2" result="Passed" start-time="2026-09-21 11:05:26Z" end-time="2026-09-21 11:05:26Z" duration="0.029331" total="2" passed="2" failed="0" inconclusive="0" skipped="0" asserts="0">
            <properties />
            <test-case id="2292" name="ActualAssemblyReferenceRetainsCompleteP03Closure" fullname="AssemblyShadowDemo.EditorTests.M02DependencyFixtureTests.ActualAssemblyReferenceRetainsCompleteP03Closure" methodname="ActualAssemblyReferenceRetainsCompleteP03Closure" classname="AssemblyShadowDemo.EditorTests.M02DependencyFixtureTests" runstate="Runnable" seed="1291051913" result="Passed" start-time="2026-09-21 11:05:26Z" end-time="2026-09-21 11:05:26Z" duration="0.017054" asserts="0">
              <properties />
            </test-case>
            <test-case id="2293" name="ModuleContractUsesAssemblyReferenceWithoutDuplicateDeclaration" fullname="AssemblyShadowDemo.EditorTests.M02DependencyFixtureTests.ModuleContractUsesAssemblyReferenceWithoutDuplicateDeclaration" methodname="ModuleContractUsesAssemblyReferenceWithoutDuplicateDeclaration" classname="AssemblyShadowDemo.EditorTests.M02DependencyFixtureTests" runstate="Runnable" seed="290023717" result="Passed" start-time="2026-09-21 11:05:26Z" end-time="2026-09-21 11:05:26Z" duration="0.011203" asserts="0">
              <properties />
            </test-case>
          </test-suite>
          <test-suite type="TestFixture" id="2294" name="M02ReflectionBindingValidationTests" fullname="AssemblyShadowDemo.EditorTests.M02ReflectionBindingValidationTests" classname="AssemblyShadowDemo.EditorTests.M02ReflectionBindingValidationTests" runstate="Runnable" testcasecount="3" result="Passed" start-time="2026-09-21 11:05:26Z" end-time="2026-09-21 11:05:26Z" duration="0.162277" total="3" passed="3" failed="0" inconclusive="0" skipped="0" asserts="0">
            <properties />
            <test-case id="2296" name="EditorDomainRemainsUnmodified" fullname="AssemblyShadowDemo.EditorTests.M02ReflectionBindingValidationTests.EditorDomainRemainsUnmodified" methodname="EditorDomainRemainsUnmodified" classname="AssemblyShadowDemo.EditorTests.M02ReflectionBindingValidationTests" runstate="Runnable" seed="2101614610" result="Passed" start-time="2026-09-21 11:05:26Z" end-time="2026-09-21 11:05:26Z" duration="0.030696" asserts="0">
              <properties />
            </test-case>
            <test-case id="2295" name="FiniteDomainMatchesActualSerializedPrefab" fullname="AssemblyShadowDemo.EditorTests.M02ReflectionBindingValidationTests.FiniteDomainMatchesActualSerializedPrefab" methodname="FiniteDomainMatchesActualSerializedPrefab" classname="AssemblyShadowDemo.EditorTests.M02ReflectionBindingValidationTests" runstate="Runnable" seed="1396841820" result="Passed" start-time="2026-09-21 11:05:26Z" end-time="2026-09-21 11:05:26Z" duration="0.128327" asserts="0">
              <properties />
              <output><![CDATA[[AssemblyShadow M02] All 26 serialized URP prefab type names match the finite Player contract.
]]></output>
            </test-case>
            <test-case id="2297" name="RuntimeProbeRejectsSiteSetAndH1WitnessMutations" fullname="AssemblyShadowDemo.EditorTests.M02ReflectionBindingValidationTests.RuntimeProbeRejectsSiteSetAndH1WitnessMutations" methodname="RuntimeProbeRejectsSiteSetAndH1WitnessMutations" classname="AssemblyShadowDemo.EditorTests.M02ReflectionBindingValidationTests" runstate="Runnable" seed="1976194953" result="Passed" start-time="2026-09-21 11:05:26Z" end-time="2026-09-21 11:05:26Z" duration="0.002061" asserts="0">
              <properties />
            </test-case>
          </test-suite>
          <test-suite type="TestFixture" id="2298" name="M02StructuralPatchCompilationTests" fullname="AssemblyShadowDemo.EditorTests.M02StructuralPatchCompilationTests" classname="AssemblyShadowDemo.EditorTests.M02StructuralPatchCompilationTests" runstate="Runnable" testcasecount="22" result="Passed" start-time="2026-09-21 11:05:26Z" end-time="2026-09-21 11:05:26Z" duration="0.018743" total="22" passed="22" failed="0" inconclusive="0" skipped="0" asserts="0">
            <properties />
            <test-suite type="ParameterizedMethod" id="2317" name="ByteRestoreAllowsOnlyRecordedTargetSerialization" fullname="AssemblyShadowDemo.EditorTests.M02StructuralPatchCompilationTests.ByteRestoreAllowsOnlyRecordedTargetSerialization" classname="AssemblyShadowDemo.EditorTests.M02StructuralPatchCompilationTests" runstate="Runnable" testcasecount="5" result="Passed" start-time="2026-09-21 11:05:26Z" end-time="2026-09-21 11:05:26Z" duration="0.003211" total="5" passed="5" failed="0" inconclusive="0" skipped="0" asserts="0">
              <properties />
              <test-case id="2312" name="ByteRestoreAllowsOnlyRecordedTargetSerialization(&quot;  scriptingDefineSymbols: {}\n&quot;,&quot;  scriptingDefineSymbols:\n    Standalone: \n&quot;,&quot;&quot;,&quot;&quot;)" fullname="AssemblyShadowDemo.EditorTests.M02StructuralPatchCompilationTests.ByteRestoreAllowsOnlyRecordedTargetSerialization(&quot;  scriptingDefineSymbols: {}\n&quot;,&quot;  scriptingDefineSymbols:\n    Standalone: \n&quot;,&quot;&quot;,&quot;&quot;)" methodname="ByteRestoreAllowsOnlyRecordedTargetSerialization" classname="AssemblyShadowDemo.EditorTests.M02StructuralPatchCompilationTests" runstate="Runnable" seed="263549153" result="Passed" start-time="2026-09-21 11:05:26Z" end-time="2026-09-21 11:05:26Z" duration="0.001858" asserts="0">
                <properties />
              </test-case>
              <test-case id="2313" name="ByteRestoreAllowsOnlyRecordedTargetSerialization(&quot;  scriptingDefineSymbols: {}\n&quot;,&quot;  scriptingDefineSymbols:\n    Standalone: ASSEMBLY_SHADOW_P05\n&quot;,&quot;&quot;,&quot;ASSEMBLY_SHADOW_P05&quot;)" fullname="AssemblyShadowDemo.EditorTests.M02StructuralPatchCompilationTests.ByteRestoreAllowsOnlyRecordedTargetSerialization(&quot;  scriptingDefineSymbols: {}\n&quot;,&quot;  scriptingDefineSymbols:\n    Standalone: ASSEMBLY_SHADOW_P05\n&quot;,&quot;&quot;,&quot;ASSEMBLY_SHADOW_P05&quot;)" methodname="ByteRestoreAllowsOnlyRecordedTargetSerialization" classname="AssemblyShadowDemo.EditorTests.M02StructuralPatchCompilationTests" runstate="Runnable" seed="1734711924" result="Passed" start-time="2026-09-21 11:05:26Z" end-time="2026-09-21 11:05:26Z" duration="0.000090" asserts="0">
                <properties />
              </test-case>
              <test-case id="2314" name="ByteRestoreAllowsOnlyRecordedTargetSerialization(&quot;  scriptingDefineSymbols:\n    Android: MOBILE;USER\n&quot;,&quot;  scriptingDefineSymbols:\n    Android: MOBILE;USER\n    Standalone: \n&quot;,&quot;&quot;,&quot;&quot;)" fullname="AssemblyShadowDemo.EditorTests.M02StructuralPatchCompilationTests.ByteRestoreAllowsOnlyRecordedTargetSerialization(&quot;  scriptingDefineSymbols:\n    Android: MOBILE;USER\n&quot;,&quot;  scriptingDefineSymbols:\n    Android: MOBILE;USER\n    Standalone: \n&quot;,&quot;&quot;,&quot;&quot;)" methodname="ByteRestoreAllowsOnlyRecordedTargetSerialization" classname="AssemblyShadowDemo.EditorTests.M02StructuralPatchCompilationTests" runstate="Runnable" seed="2013770615" result="Passed" start-time="2026-09-21 11:05:26Z" end-time="2026-09-21 11:05:26Z" duration="0.000094" asserts="0">
                <properties />
              </test-case>
              <test-case id="2315" name="ByteRestoreAllowsOnlyRecordedTargetSerialization(&quot;  scriptingDefineSymbols:\n    Standalone: USER_FIRST;USER_SECOND\n    Android: MOBILE\n&quot;,&quot;  scriptingDefineSymbols:\n    Standalone: USER_FIRST;USER_SECOND;ASSEMBLY_SHADOW_P05\n    Android: MOBILE\n&quot;,&quot;USER_FIRST;USER_SECOND&quot;,&quot;USER_FIRST;USER_SECOND;ASSEMBLY_SHADOW_P05&quot;)" fullname="AssemblyShadowDemo.EditorTests.M02StructuralPatchCompilationTests.ByteRestoreAllowsOnlyRecordedTargetSerialization(&quot;  scriptingDefineSymbols:\n    Standalone: USER_FIRST;USER_SECOND\n    Android: MOBILE\n&quot;,&quot;  scriptingDefineSymbols:\n    Standalone: USER_FIRST;USER_SECOND;ASSEMBLY_SHADOW_P05\n    Android: MOBILE\n&quot;,&quot;USER_FIRST;USER_SECOND&quot;,&quot;USER_FIRST;USER_SECOND;ASSEMBLY_SHADOW_P05&quot;)" methodname="ByteRestoreAllowsOnlyRecordedTargetSerialization" classname="AssemblyShadowDemo.EditorTests.M02StructuralPatchCompilationTests" runstate="Runnable" seed="937967434" result="Passed" start-time="2026-09-21 11:05:26Z" end-time="2026-09-21 11:05:26Z" duration="0.000101" asserts="0">
                <properties />
              </test-case>
              <test-case id="2316" name="ByteRestoreAllowsOnlyRecordedTargetSerialization(&quot;  scriptingDefineSymbols:\n    Standalone: USER\n&quot;,&quot;  scriptingDefineSymbols:\n    Standalone: USER\n&quot;,&quot;USER&quot;,&quot;USER&quot;)" fullname="AssemblyShadowDemo.EditorTests.M02StructuralPatchCompilationTests.ByteRestoreAllowsOnlyRecordedTargetSerialization(&quot;  scriptingDefineSymbols:\n    Standalone: USER\n&quot;,&quot;  scriptingDefineSymbols:\n    Standalone: USER\n&quot;,&quot;USER&quot;,&quot;USER&quot;)" methodname="ByteRestoreAllowsOnlyRecordedTargetSerialization" classname="AssemblyShadowDemo.EditorTests.M02StructuralPatchCompilationTests" runstate="Runnable" seed="1614655566" result="Passed" start-time="2026-09-21 11:05:26Z" end-time="2026-09-21 11:05:26Z" duration="0.000073" asserts="0">
                <properties />
              </test-case>
            </test-suite>
            <test-case id="2325" name="ByteRestoreCannotDeleteOriginalNonemptyTargetEntry" fullname="AssemblyShadowDemo.EditorTests.M02StructuralPatchCompilationTests.ByteRestoreCannotDeleteOriginalNonemptyTargetEntry" methodname="ByteRestoreCannotDeleteOriginalNonemptyTargetEntry" classname="AssemblyShadowDemo.EditorTests.M02StructuralPatchCompilationTests" runstate="Runnable" seed="817064683" result="Passed" start-time="2026-09-21 11:05:26Z" end-time="2026-09-21 11:05:26Z" duration="0.001452" asserts="0">
              <properties />
            </test-case>
            <test-case id="2318" name="ByteRestorePreservesBomAndWindowsNewlines" fullname="AssemblyShadowDemo.EditorTests.M02StructuralPatchCompilationTests.ByteRestorePreservesBomAndWindowsNewlines" methodname="ByteRestorePreservesBomAndWindowsNewlines" classname="AssemblyShadowDemo.EditorTests.M02StructuralPatchCompilationTests" runstate="Runnable" seed="1529161615" result="Passed" start-time="2026-09-21 11:05:26Z" end-time="2026-09-21 11:05:26Z" duration="0.000303" asserts="0">
              <properties />
            </test-case>
            <test-case id="2319" name="ByteRestoreRejectsConcurrentUnrelatedSettingsChanges" fullname="AssemblyShadowDemo.EditorTests.M02StructuralPatchCompilationTests.ByteRestoreRejectsConcurrentUnrelatedSettingsChanges" methodname="ByteRestoreRejectsConcurrentUnrelatedSettingsChanges" classname="AssemblyShadowDemo.EditorTests.M02StructuralPatchCompilationTests" runstate="Runnable" seed="1411912024" result="Passed" start-time="2026-09-21 11:05:26Z" end-time="2026-09-21 11:05:26Z" duration="0.000356" asserts="0">
              <properties />
            </test-case>
            <test-suite type="ParameterizedMethod" id="2324" name="ByteRestoreRejectsUnexpectedDefineValueOrYamlShape" fullname="AssemblyShadowDemo.EditorTests.M02StructuralPatchCompilationTests.ByteRestoreRejectsUnexpectedDefineValueOrYamlShape" classname="AssemblyShadowDemo.EditorTests.M02StructuralPatchCompilationTests" runstate="Runnable" testcasecount="4" result="Passed" start-time="2026-09-21 11:05:26Z" end-time="2026-09-21 11:05:26Z" duration="0.001520" total="4" passed="4" failed="0" inconclusive="0" skipped="0" asserts="0">
              <properties />
              <test-case id="2320" name="ByteRestoreRejectsUnexpectedDefineValueOrYamlShape(&quot;  scriptingDefineSymbols:\n    Standalone: CONCURRENT\n&quot;,&quot;StructuralSettingsDefines&quot;)" fullname="AssemblyShadowDemo.EditorTests.M02StructuralPatchCompilationTests.ByteRestoreRejectsUnexpectedDefineValueOrYamlShape(&quot;  scriptingDefineSymbols:\n    Standalone: CONCURRENT\n&quot;,&quot;StructuralSettingsDefines&quot;)" methodname="ByteRestoreRejectsUnexpectedDefineValueOrYamlShape" classname="AssemblyShadowDemo.EditorTests.M02StructuralPatchCompilationTests" runstate="Runnable" seed="781732063" result="Passed" start-time="2026-09-21 11:05:26Z" end-time="2026-09-21 11:05:26Z" duration="0.000205" asserts="0">
                <properties />
              </test-case>
              <test-case id="2321" name="ByteRestoreRejectsUnexpectedDefineValueOrYamlShape(&quot;  scriptingDefineSymbols:\n    Standalone: \n    Standalone: \n&quot;,&quot;StructuralSettingsShape&quot;)" fullname="AssemblyShadowDemo.EditorTests.M02StructuralPatchCompilationTests.ByteRestoreRejectsUnexpectedDefineValueOrYamlShape(&quot;  scriptingDefineSymbols:\n    Standalone: \n    Standalone: \n&quot;,&quot;StructuralSettingsShape&quot;)" methodname="ByteRestoreRejectsUnexpectedDefineValueOrYamlShape" classname="AssemblyShadowDemo.EditorTests.M02StructuralPatchCompilationTests" runstate="Runnable" seed="418310797" result="Passed" start-time="2026-09-21 11:05:26Z" end-time="2026-09-21 11:05:26Z" duration="0.000098" asserts="0">
                <properties />
              </test-case>
              <test-case id="2322" name="ByteRestoreRejectsUnexpectedDefineValueOrYamlShape(&quot;  scriptingDefineSymbols: {}\n  scriptingDefineSymbols: {}\n&quot;,&quot;StructuralSettingsShape&quot;)" fullname="AssemblyShadowDemo.EditorTests.M02StructuralPatchCompilationTests.ByteRestoreRejectsUnexpectedDefineValueOrYamlShape(&quot;  scriptingDefineSymbols: {}\n  scriptingDefineSymbols: {}\n&quot;,&quot;StructuralSettingsShape&quot;)" methodname="ByteRestoreRejectsUnexpectedDefineValueOrYamlShape" classname="AssemblyShadowDemo.EditorTests.M02StructuralPatchCompilationTests" runstate="Runnable" seed="297715167" result="Passed" start-time="2026-09-21 11:05:26Z" end-time="2026-09-21 11:05:26Z" duration="0.000082" asserts="0">
                <properties />
              </test-case>
              <test-case id="2323" name="ByteRestoreRejectsUnexpectedDefineValueOrYamlShape(&quot;  scriptingDefineSymbols:\n    Standalone:\n      - USER\n&quot;,&quot;StructuralSettingsShape&quot;)" fullname="AssemblyShadowDemo.EditorTests.M02StructuralPatchCompilationTests.ByteRestoreRejectsUnexpectedDefineValueOrYamlShape(&quot;  scriptingDefineSymbols:\n    Standalone:\n      - USER\n&quot;,&quot;StructuralSettingsShape&quot;)" methodname="ByteRestoreRejectsUnexpectedDefineValueOrYamlShape" classname="AssemblyShadowDemo.EditorTests.M02StructuralPatchCompilationTests" runstate="Runnable" seed="1129567580" result="Passed" start-time="2026-09-21 11:05:26Z" end-time="2026-09-21 11:05:26Z" duration="0.000213" asserts="0">
                <properties />
              </test-case>
            </test-suite>
            <test-suite type="ParameterizedMethod" id="2305" name="PreexistingPatchSymbolsRequireExplicitUserResolution" fullname="AssemblyShadowDemo.EditorTests.M02StructuralPatchCompilationTests.PreexistingPatchSymbolsRequireExplicitUserResolution" classname="AssemblyShadowDemo.EditorTests.M02StructuralPatchCompilationTests" runstate="Runnable" testcasecount="3" result="Passed" start-time="2026-09-21 11:05:26Z" end-time="2026-09-21 11:05:26Z" duration="0.001320" total="3" passed="3" failed="0" inconclusive="0" skipped="0" asserts="0">
              <properties />
              <test-case id="2302" name="PreexistingPatchSymbolsRequireExplicitUserResolution(&quot;ASSEMBLY_SHADOW_P01&quot;)" fullname="AssemblyShadowDemo.EditorTests.M02StructuralPatchCompilationTests.PreexistingPatchSymbolsRequireExplicitUserResolution(&quot;ASSEMBLY_SHADOW_P01&quot;)" methodname="PreexistingPatchSymbolsRequireExplicitUserResolution" classname="AssemblyShadowDemo.EditorTests.M02StructuralPatchCompilationTests" runstate="Runnable" seed="1814779245" result="Passed" start-time="2026-09-21 11:05:26Z" end-time="2026-09-21 11:05:26Z" duration="0.000507" asserts="0">
                <properties />
              </test-case>
              <test-case id="2303" name="PreexistingPatchSymbolsRequireExplicitUserResolution(&quot;USER;ASSEMBLY_SHADOW_P05&quot;)" fullname="AssemblyShadowDemo.EditorTests.M02StructuralPatchCompilationTests.PreexistingPatchSymbolsRequireExplicitUserResolution(&quot;USER;ASSEMBLY_SHADOW_P05&quot;)" methodname="PreexistingPatchSymbolsRequireExplicitUserResolution" classname="AssemblyShadowDemo.EditorTests.M02StructuralPatchCompilationTests" runstate="Runnable" seed="1772375478" result="Passed" start-time="2026-09-21 11:05:26Z" end-time="2026-09-21 11:05:26Z" duration="0.000078" asserts="0">
                <properties />
              </test-case>
              <test-case id="2304" name="PreexistingPatchSymbolsRequireExplicitUserResolution(&quot;ASSEMBLY_SHADOW_P99&quot;)" fullname="AssemblyShadowDemo.EditorTests.M02StructuralPatchCompilationTests.PreexistingPatchSymbolsRequireExplicitUserResolution(&quot;ASSEMBLY_SHADOW_P99&quot;)" methodname="PreexistingPatchSymbolsRequireExplicitUserResolution" classname="AssemblyShadowDemo.EditorTests.M02StructuralPatchCompilationTests" runstate="Runnable" seed="1300080285" result="Passed" start-time="2026-09-21 11:05:26Z" end-time="2026-09-21 11:05:26Z" duration="0.000072" asserts="0">
                <properties />
              </test-case>
            </test-suite>
            <test-case id="2310" name="RecoveryHandlesFailureBeforeAndAfterSettingsMutation" fullname="AssemblyShadowDemo.EditorTests.M02StructuralPatchCompilationTests.RecoveryHandlesFailureBeforeAndAfterSettingsMutation" methodname="RecoveryHandlesFailureBeforeAndAfterSettingsMutation" classname="AssemblyShadowDemo.EditorTests.M02StructuralPatchCompilationTests" runstate="Runnable" seed="1087606207" result="Passed" start-time="2026-09-21 11:05:26Z" end-time="2026-09-21 11:05:26Z" duration="0.000538" asserts="0">
              <properties />
            </test-case>
            <test-case id="2311" name="RunArgumentRequiresOneExistingImmediateGuidChild" fullname="AssemblyShadowDemo.EditorTests.M02StructuralPatchCompilationTests.RunArgumentRequiresOneExistingImmediateGuidChild" methodname="RunArgumentRequiresOneExistingImmediateGuidChild" classname="AssemblyShadowDemo.EditorTests.M02StructuralPatchCompilationTests" runstate="Runnable" seed="47846935" result="Passed" start-time="2026-09-21 11:05:26Z" end-time="2026-09-21 11:05:26Z" duration="0.005270" asserts="0">
              <properties />
            </test-case>
            <test-suite type="ParameterizedMethod" id="2309" name="StagingNeverSilentlyNormalizesUserDefines" fullname="AssemblyShadowDemo.EditorTests.M02StructuralPatchCompilationTests.StagingNeverSilentlyNormalizesUserDefines" classname="AssemblyShadowDemo.EditorTests.M02StructuralPatchCompilationTests" runstate="Runnable" testcasecount="3" result="Passed" start-time="2026-09-21 11:05:26Z" end-time="2026-09-21 11:05:26Z" duration="0.000979" total="3" passed="3" failed="0" inconclusive="0" skipped="0" asserts="0">
              <properties />
              <test-case id="2306" name="StagingNeverSilentlyNormalizesUserDefines(&quot;USER;USER&quot;)" fullname="AssemblyShadowDemo.EditorTests.M02StructuralPatchCompilationTests.StagingNeverSilentlyNormalizesUserDefines(&quot;USER;USER&quot;)" methodname="StagingNeverSilentlyNormalizesUserDefines" classname="AssemblyShadowDemo.EditorTests.M02StructuralPatchCompilationTests" runstate="Runnable" seed="1197089193" result="Passed" start-time="2026-09-21 11:05:26Z" end-time="2026-09-21 11:05:26Z" duration="0.000191" asserts="0">
                <properties />
              </test-case>
              <test-case id="2307" name="StagingNeverSilentlyNormalizesUserDefines(&quot;USER; OTHER&quot;)" fullname="AssemblyShadowDemo.EditorTests.M02StructuralPatchCompilationTests.StagingNeverSilentlyNormalizesUserDefines(&quot;USER; OTHER&quot;)" methodname="StagingNeverSilentlyNormalizesUserDefines" classname="AssemblyShadowDemo.EditorTests.M02StructuralPatchCompilationTests" runstate="Runnable" seed="586718072" result="Passed" start-time="2026-09-21 11:05:26Z" end-time="2026-09-21 11:05:26Z" duration="0.000073" asserts="0">
                <properties />
              </test-case>
              <test-case id="2308" name="StagingNeverSilentlyNormalizesUserDefines(&quot;USER;&quot;)" fullname="AssemblyShadowDemo.EditorTests.M02StructuralPatchCompilationTests.StagingNeverSilentlyNormalizesUserDefines(&quot;USER;&quot;)" methodname="StagingNeverSilentlyNormalizesUserDefines" classname="AssemblyShadowDemo.EditorTests.M02StructuralPatchCompilationTests" runstate="Runnable" seed="1853105398" result="Passed" start-time="2026-09-21 11:05:26Z" end-time="2026-09-21 11:05:26Z" duration="0.000070" asserts="0">
                <properties />
              </test-case>
            </test-suite>
            <test-suite type="ParameterizedMethod" id="2301" name="StagingPreservesOriginalDefineOrder" fullname="AssemblyShadowDemo.EditorTests.M02StructuralPatchCompilationTests.StagingPreservesOriginalDefineOrder" classname="AssemblyShadowDemo.EditorTests.M02StructuralPatchCompilationTests" runstate="Runnable" testcasecount="2" result="Passed" start-time="2026-09-21 11:05:26Z" end-time="2026-09-21 11:05:26Z" duration="0.000570" total="2" passed="2" failed="0" inconclusive="0" skipped="0" asserts="0">
              <properties />
              <test-case id="2299" name="StagingPreservesOriginalDefineOrder(&quot;&quot;,&quot;ASSEMBLY_SHADOW_P05&quot;)" fullname="AssemblyShadowDemo.EditorTests.M02StructuralPatchCompilationTests.StagingPreservesOriginalDefineOrder(&quot;&quot;,&quot;ASSEMBLY_SHADOW_P05&quot;)" methodname="StagingPreservesOriginalDefineOrder" classname="AssemblyShadowDemo.EditorTests.M02StructuralPatchCompilationTests" runstate="Runnable" seed="194207759" result="Passed" start-time="2026-09-21 11:05:26Z" end-time="2026-09-21 11:05:26Z" duration="0.000082" asserts="0">
                <properties />
              </test-case>
              <test-case id="2300" name="StagingPreservesOriginalDefineOrder(&quot;USER_FIRST;USER_SECOND&quot;,&quot;USER_FIRST;USER_SECOND;ASSEMBLY_SHADOW_P05&quot;)" fullname="AssemblyShadowDemo.EditorTests.M02StructuralPatchCompilationTests.StagingPreservesOriginalDefineOrder(&quot;USER_FIRST;USER_SECOND&quot;,&quot;USER_FIRST;USER_SECOND;ASSEMBLY_SHADOW_P05&quot;)" methodname="StagingPreservesOriginalDefineOrder" classname="AssemblyShadowDemo.EditorTests.M02StructuralPatchCompilationTests" runstate="Runnable" seed="476883293" result="Passed" start-time="2026-09-21 11:05:26Z" end-time="2026-09-21 11:05:26Z" duration="0.000052" asserts="0">
                <properties />
              </test-case>
            </test-suite>
          </test-suite>
          <test-suite type="TestFixture" id="2326" name="M03CompilerLibraryTests" fullname="AssemblyShadowDemo.EditorTests.M03CompilerLibraryTests" classname="AssemblyShadowDemo.EditorTests.M03CompilerLibraryTests" runstate="Runnable" testcasecount="8" result="Passed" start-time="2026-09-21 11:05:26Z" end-time="2026-09-21 11:05:28Z" duration="1.278811" total="8" passed="8" failed="0" inconclusive="0" skipped="0" asserts="0">
            <properties />
            <test-case id="2328" name="CapturedInputRoleCanMatchButFilteredRoleCannot" fullname="AssemblyShadowDemo.EditorTests.M03CompilerLibraryTests.CapturedInputRoleCanMatchButFilteredRoleCannot" methodname="CapturedInputRoleCanMatchButFilteredRoleCannot" classname="AssemblyShadowDemo.EditorTests.M03CompilerLibraryTests" runstate="Runnable" seed="1820836883" result="Passed" start-time="2026-09-21 11:05:26Z" end-time="2026-09-21 11:05:27Z" duration="0.145240" asserts="0">
              <properties />
            </test-case>
            <test-case id="2329" name="ChangedCapturedBytesFailEvenAfterSelfRehashing" fullname="AssemblyShadowDemo.EditorTests.M03CompilerLibraryTests.ChangedCapturedBytesFailEvenAfterSelfRehashing" methodname="ChangedCapturedBytesFailEvenAfterSelfRehashing" classname="AssemblyShadowDemo.EditorTests.M03CompilerLibraryTests" runstate="Runnable" seed="2143997512" result="Passed" start-time="2026-09-21 11:05:27Z" end-time="2026-09-21 11:05:27Z" duration="0.163322" asserts="0">
              <properties />
            </test-case>
            <test-case id="2330" name="ChangedInstalledBytesFailEvenWithSameAssemblyIdentity" fullname="AssemblyShadowDemo.EditorTests.M03CompilerLibraryTests.ChangedInstalledBytesFailEvenWithSameAssemblyIdentity" methodname="ChangedInstalledBytesFailEvenWithSameAssemblyIdentity" classname="AssemblyShadowDemo.EditorTests.M03CompilerLibraryTests" runstate="Runnable" seed="1590869403" result="Passed" start-time="2026-09-21 11:05:27Z" end-time="2026-09-21 11:05:27Z" duration="0.115231" asserts="0">
              <properties />
            </test-case>
            <test-case id="2331" name="ConflictingCompilerLocationsAreRejected" fullname="AssemblyShadowDemo.EditorTests.M03CompilerLibraryTests.ConflictingCompilerLocationsAreRejected" methodname="ConflictingCompilerLocationsAreRejected" classname="AssemblyShadowDemo.EditorTests.M03CompilerLibraryTests" runstate="Runnable" seed="129143747" result="Passed" start-time="2026-09-21 11:05:27Z" end-time="2026-09-21 11:05:27Z" duration="0.181222" asserts="0">
              <properties />
            </test-case>
            <test-case id="2327" name="InstalledCompilerBytesAndIdentityProduceBoundEvidence" fullname="AssemblyShadowDemo.EditorTests.M03CompilerLibraryTests.InstalledCompilerBytesAndIdentityProduceBoundEvidence" methodname="InstalledCompilerBytesAndIdentityProduceBoundEvidence" classname="AssemblyShadowDemo.EditorTests.M03CompilerLibraryTests" runstate="Runnable" seed="1323704357" result="Passed" start-time="2026-09-21 11:05:27Z" end-time="2026-09-21 11:05:27Z" duration="0.186601" asserts="0">
              <properties />
            </test-case>
            <test-case id="2332" name="InstalledFileNeedsActualCompilerMembershipAndExternalNamesGrantNothing" fullname="AssemblyShadowDemo.EditorTests.M03CompilerLibraryTests.InstalledFileNeedsActualCompilerMembershipAndExternalNamesGrantNothing" methodname="InstalledFileNeedsActualCompilerMembershipAndExternalNamesGrantNothing" classname="AssemblyShadowDemo.EditorTests.M03CompilerLibraryTests" runstate="Runnable" seed="1801078575" result="Passed" start-time="2026-09-21 11:05:27Z" end-time="2026-09-21 11:05:27Z" duration="0.194110" asserts="0">
              <properties />
            </test-case>
            <test-case id="2334" name="ProductionEntryRequiresVerifiedTargetFrameworkBinding" fullname="AssemblyShadowDemo.EditorTests.M03CompilerLibraryTests.ProductionEntryRequiresVerifiedTargetFrameworkBinding" methodname="ProductionEntryRequiresVerifiedTargetFrameworkBinding" classname="AssemblyShadowDemo.EditorTests.M03CompilerLibraryTests" runstate="Runnable" seed="1452069101" result="Passed" start-time="2026-09-21 11:05:27Z" end-time="2026-09-21 11:05:27Z" duration="0.069750" asserts="0">
              <properties />
            </test-case>
            <test-case id="2333" name="SnapshotHashRoleAndIdentityAreChecked" fullname="AssemblyShadowDemo.EditorTests.M03CompilerLibraryTests.SnapshotHashRoleAndIdentityAreChecked" methodname="SnapshotHashRoleAndIdentityAreChecked" classname="AssemblyShadowDemo.EditorTests.M03CompilerLibraryTests" runstate="Runnable" seed="139147739" result="Passed" start-time="2026-09-21 11:05:27Z" end-time="2026-09-21 11:05:28Z" duration="0.221243" asserts="0">
              <properties />
            </test-case>
          </test-suite>
          <test-suite type="TestFixture" id="2335" name="M03DiagnosticSchemaTests" fullname="AssemblyShadowDemo.EditorTests.M03DiagnosticSchemaTests" classname="AssemblyShadowDemo.EditorTests.M03DiagnosticSchemaTests" runstate="Runnable" testcasecount="7" result="Passed" start-time="2026-09-21 11:05:28Z" end-time="2026-09-21 11:05:28Z" duration="0.090111" total="7" passed="7" failed="0" inconclusive="0" skipped="0" asserts="0">
            <properties />
            <test-case id="2336" name="ActualDiagnosticMetadataSurvivesWithDifferentMvid" fullname="AssemblyShadowDemo.EditorTests.M03DiagnosticSchemaTests.ActualDiagnosticMetadataSurvivesWithDifferentMvid" methodname="ActualDiagnosticMetadataSurvivesWithDifferentMvid" classname="AssemblyShadowDemo.EditorTests.M03DiagnosticSchemaTests" runstate="Runnable" seed="874363920" result="Passed" start-time="2026-09-21 11:05:28Z" end-time="2026-09-21 11:05:28Z" duration="0.016667" asserts="0">
              <properties />
            </test-case>
            <test-case id="2342" name="BothBuildAndReplayCheckTheLinkedSchema" fullname="AssemblyShadowDemo.EditorTests.M03DiagnosticSchemaTests.BothBuildAndReplayCheckTheLinkedSchema" methodname="BothBuildAndReplayCheckTheLinkedSchema" classname="AssemblyShadowDemo.EditorTests.M03DiagnosticSchemaTests" runstate="Runnable" seed="1047893127" result="Passed" start-time="2026-09-21 11:05:28Z" end-time="2026-09-21 11:05:28Z" duration="0.002200" asserts="0">
              <properties />
            </test-case>
            <test-case id="2339" name="ChangedTypeFlagsAndExtraFieldsAreRejected" fullname="AssemblyShadowDemo.EditorTests.M03DiagnosticSchemaTests.ChangedTypeFlagsAndExtraFieldsAreRejected" methodname="ChangedTypeFlagsAndExtraFieldsAreRejected" classname="AssemblyShadowDemo.EditorTests.M03DiagnosticSchemaTests" runstate="Runnable" seed="1338073511" result="Passed" start-time="2026-09-21 11:05:28Z" end-time="2026-09-21 11:05:28Z" duration="0.004582" asserts="0">
              <properties />
            </test-case>
            <test-case id="2337" name="EveryRemovedSchemaFieldIsRejected" fullname="AssemblyShadowDemo.EditorTests.M03DiagnosticSchemaTests.EveryRemovedSchemaFieldIsRejected" methodname="EveryRemovedSchemaFieldIsRejected" classname="AssemblyShadowDemo.EditorTests.M03DiagnosticSchemaTests" runstate="Runnable" seed="846906500" result="Passed" start-time="2026-09-21 11:05:28Z" end-time="2026-09-21 11:05:28Z" duration="0.057702" asserts="0">
              <properties />
            </test-case>
            <test-case id="2338" name="MissingNestedTypeIsRejected" fullname="AssemblyShadowDemo.EditorTests.M03DiagnosticSchemaTests.MissingNestedTypeIsRejected" methodname="MissingNestedTypeIsRejected" classname="AssemblyShadowDemo.EditorTests.M03DiagnosticSchemaTests" runstate="Runnable" seed="57994820" result="Passed" start-time="2026-09-21 11:05:28Z" end-time="2026-09-21 11:05:28Z" duration="0.001064" asserts="0">
              <properties />
            </test-case>
            <test-case id="2340" name="NewReachableDtoIsComparedWithoutUpdatingAnAllowlist" fullname="AssemblyShadowDemo.EditorTests.M03DiagnosticSchemaTests.NewReachableDtoIsComparedWithoutUpdatingAnAllowlist" methodname="NewReachableDtoIsComparedWithoutUpdatingAnAllowlist" classname="AssemblyShadowDemo.EditorTests.M03DiagnosticSchemaTests" runstate="Runnable" seed="1683042311" result="Passed" start-time="2026-09-21 11:05:28Z" end-time="2026-09-21 11:05:28Z" duration="0.004019" asserts="0">
              <properties />
            </test-case>
            <test-case id="2341" name="WrongRuntimeAndClaimlessSnapshotAreRejected" fullname="AssemblyShadowDemo.EditorTests.M03DiagnosticSchemaTests.WrongRuntimeAndClaimlessSnapshotAreRejected" methodname="WrongRuntimeAndClaimlessSnapshotAreRejected" classname="AssemblyShadowDemo.EditorTests.M03DiagnosticSchemaTests" runstate="Runnable" seed="1741718450" result="Passed" start-time="2026-09-21 11:05:28Z" end-time="2026-09-21 11:05:28Z" duration="0.001026" asserts="0">
              <properties />
            </test-case>
          </test-suite>
          <test-suite type="TestFixture" id="2343" name="M03TransactionTests" fullname="AssemblyShadowDemo.EditorTests.M03TransactionTests" classname="AssemblyShadowDemo.EditorTests.M03TransactionTests" runstate="Runnable" testcasecount="20" result="Passed" start-time="2026-09-21 11:05:28Z" end-time="2026-09-21 11:05:28Z" duration="0.028006" total="20" passed="20" failed="0" inconclusive="0" skipped="0" asserts="0">
            <properties />
            <test-case id="2350" name="AllDeclaredOperationsReturnErrorCodesAndEditorNeverSimulatesSuccess" fullname="AssemblyShadowDemo.EditorTests.M03TransactionTests.AllDeclaredOperationsReturnErrorCodesAndEditorNeverSimulatesSuccess" methodname="AllDeclaredOperationsReturnErrorCodesAndEditorNeverSimulatesSuccess" classname="AssemblyShadowDemo.EditorTests.M03TransactionTests" runstate="Runnable" seed="328485835" result="Passed" start-time="2026-09-21 11:05:28Z" end-time="2026-09-21 11:05:28Z" duration="0.002086" asserts="0">
              <properties />
            </test-case>
            <test-case id="2346" name="BootstrapUsesStringBoundaryAndNoCandidateTypeTokens" fullname="AssemblyShadowDemo.EditorTests.M03TransactionTests.BootstrapUsesStringBoundaryAndNoCandidateTypeTokens" methodname="BootstrapUsesStringBoundaryAndNoCandidateTypeTokens" classname="AssemblyShadowDemo.EditorTests.M03TransactionTests" runstate="Runnable" seed="1966500498" result="Passed" start-time="2026-09-21 11:05:28Z" end-time="2026-09-21 11:05:28Z" duration="0.001714" asserts="0">
              <properties />
            </test-case>
            <test-case id="2344" name="CandidateOrderMatchesM02AndProviderFirstClosure" fullname="AssemblyShadowDemo.EditorTests.M03TransactionTests.CandidateOrderMatchesM02AndProviderFirstClosure" methodname="CandidateOrderMatchesM02AndProviderFirstClosure" classname="AssemblyShadowDemo.EditorTests.M03TransactionTests" runstate="Runnable" seed="555020580" result="Passed" start-time="2026-09-21 11:05:28Z" end-time="2026-09-21 11:05:28Z" duration="0.000475" asserts="0">
              <properties />
            </test-case>
            <test-case id="2363" name="ConcurrentLoadRequiresVerifiedMscorlibAndAcceptsIdentityCase" fullname="AssemblyShadowDemo.EditorTests.M03TransactionTests.ConcurrentLoadRequiresVerifiedMscorlibAndAcceptsIdentityCase" methodname="ConcurrentLoadRequiresVerifiedMscorlibAndAcceptsIdentityCase" classname="AssemblyShadowDemo.EditorTests.M03TransactionTests" runstate="Runnable" seed="806056315" result="Passed" start-time="2026-09-21 11:05:28Z" end-time="2026-09-21 11:05:28Z" duration="0.000763" asserts="0">
              <properties />
            </test-case>
            <test-case id="2360" name="EditorReplayNeverOverwritesExistingEvidence" fullname="AssemblyShadowDemo.EditorTests.M03TransactionTests.EditorReplayNeverOverwritesExistingEvidence" methodname="EditorReplayNeverOverwritesExistingEvidence" classname="AssemblyShadowDemo.EditorTests.M03TransactionTests" runstate="Runnable" seed="163180525" result="Passed" start-time="2026-09-21 11:05:28Z" end-time="2026-09-21 11:05:28Z" duration="0.001903" asserts="0">
              <properties />
            </test-case>
            <test-case id="2359" name="EditorValidationReplaysCompilationAndLinkedProof" fullname="AssemblyShadowDemo.EditorTests.M03TransactionTests.EditorValidationReplaysCompilationAndLinkedProof" methodname="EditorValidationReplaysCompilationAndLinkedProof" classname="AssemblyShadowDemo.EditorTests.M03TransactionTests" runstate="Runnable" seed="1932023283" result="Passed" start-time="2026-09-21 11:05:28Z" end-time="2026-09-21 11:05:28Z" duration="0.000851" asserts="0">
              <properties />
            </test-case>
            <test-case id="2361" name="FailedEditorReplayDoesNotCreatePassingReceipt" fullname="AssemblyShadowDemo.EditorTests.M03TransactionTests.FailedEditorReplayDoesNotCreatePassingReceipt" methodname="FailedEditorReplayDoesNotCreatePassingReceipt" classname="AssemblyShadowDemo.EditorTests.M03TransactionTests" runstate="Runnable" seed="693870952" result="Passed" start-time="2026-09-21 11:05:28Z" end-time="2026-09-21 11:05:28Z" duration="0.000617" asserts="0">
              <properties />
            </test-case>
            <test-case id="2358" name="FeatureDisabledProbeRequiresCompleteNativeDiagnostics" fullname="AssemblyShadowDemo.EditorTests.M03TransactionTests.FeatureDisabledProbeRequiresCompleteNativeDiagnostics" methodname="FeatureDisabledProbeRequiresCompleteNativeDiagnostics" classname="AssemblyShadowDemo.EditorTests.M03TransactionTests" runstate="Runnable" seed="1366987997" result="Passed" start-time="2026-09-21 11:05:28Z" end-time="2026-09-21 11:05:28Z" duration="0.002748" asserts="0">
              <properties />
            </test-case>
            <test-case id="2347" name="FixtureBuildDefinesOnlyOptIntoInitializers" fullname="AssemblyShadowDemo.EditorTests.M03TransactionTests.FixtureBuildDefinesOnlyOptIntoInitializers" methodname="FixtureBuildDefinesOnlyOptIntoInitializers" classname="AssemblyShadowDemo.EditorTests.M03TransactionTests" runstate="Runnable" seed="1005680533" result="Passed" start-time="2026-09-21 11:05:28Z" end-time="2026-09-21 11:05:28Z" duration="0.000087" asserts="0">
              <properties />
            </test-case>
            <test-case id="2345" name="InitializerFixturesAreExcludedUnlessExplicitlyDefined" fullname="AssemblyShadowDemo.EditorTests.M03TransactionTests.InitializerFixturesAreExcludedUnlessExplicitlyDefined" methodname="InitializerFixturesAreExcludedUnlessExplicitlyDefined" classname="AssemblyShadowDemo.EditorTests.M03TransactionTests" runstate="Runnable" seed="307307879" result="Passed" start-time="2026-09-21 11:05:28Z" end-time="2026-09-21 11:05:28Z" duration="0.002043" asserts="0">
              <properties />
            </test-case>
            <test-case id="2348" name="InitializerOutputNamesAreUniqueAndDeterministic" fullname="AssemblyShadowDemo.EditorTests.M03TransactionTests.InitializerOutputNamesAreUniqueAndDeterministic" methodname="InitializerOutputNamesAreUniqueAndDeterministic" classname="AssemblyShadowDemo.EditorTests.M03TransactionTests" runstate="Runnable" seed="1723096898" result="Passed" start-time="2026-09-21 11:05:28Z" end-time="2026-09-21 11:05:28Z" duration="0.003168" asserts="0">
              <properties />
            </test-case>
            <test-case id="2351" name="ProbeCannotAliasThePrototypeOrTurnAnUnprovenFailureGreen" fullname="AssemblyShadowDemo.EditorTests.M03TransactionTests.ProbeCannotAliasThePrototypeOrTurnAnUnprovenFailureGreen" methodname="ProbeCannotAliasThePrototypeOrTurnAnUnprovenFailureGreen" classname="AssemblyShadowDemo.EditorTests.M03TransactionTests" runstate="Runnable" seed="64036049" result="Passed" start-time="2026-09-21 11:05:28Z" end-time="2026-09-21 11:05:28Z" duration="0.002580" asserts="0">
              <properties />
            </test-case>
            <test-suite type="ParameterizedMethod" id="2357" name="ProbeDiagnosticCountersRetainTheFullUnsignedNativeRange" fullname="AssemblyShadowDemo.EditorTests.M03TransactionTests.ProbeDiagnosticCountersRetainTheFullUnsignedNativeRange" classname="AssemblyShadowDemo.EditorTests.M03TransactionTests" runstate="Runnable" testcasecount="4" result="Passed" start-time="2026-09-21 11:05:28Z" end-time="2026-09-21 11:05:28Z" duration="0.001578" total="4" passed="4" failed="0" inconclusive="0" skipped="0" asserts="0">
              <properties />
              <test-case id="2353" name="ProbeDiagnosticCountersRetainTheFullUnsignedNativeRange(&quot;FallbackMarker&quot;,&quot;generation&quot;)" fullname="AssemblyShadowDemo.EditorTests.M03TransactionTests.ProbeDiagnosticCountersRetainTheFullUnsignedNativeRange(&quot;FallbackMarker&quot;,&quot;generation&quot;)" methodname="ProbeDiagnosticCountersRetainTheFullUnsignedNativeRange" classname="AssemblyShadowDemo.EditorTests.M03TransactionTests" runstate="Runnable" seed="1726960707" result="Passed" start-time="2026-09-21 11:05:28Z" end-time="2026-09-21 11:05:28Z" duration="0.000338" asserts="0">
                <properties />
              </test-case>
              <test-case id="2354" name="ProbeDiagnosticCountersRetainTheFullUnsignedNativeRange(&quot;InitializerEvent&quot;,&quot;generation&quot;)" fullname="AssemblyShadowDemo.EditorTests.M03TransactionTests.ProbeDiagnosticCountersRetainTheFullUnsignedNativeRange(&quot;InitializerEvent&quot;,&quot;generation&quot;)" methodname="ProbeDiagnosticCountersRetainTheFullUnsignedNativeRange" classname="AssemblyShadowDemo.EditorTests.M03TransactionTests" runstate="Runnable" seed="2104508482" result="Passed" start-time="2026-09-21 11:05:28Z" end-time="2026-09-21 11:05:28Z" duration="0.000111" asserts="0">
                <properties />
              </test-case>
              <test-case id="2355" name="ProbeDiagnosticCountersRetainTheFullUnsignedNativeRange(&quot;StressSample&quot;,&quot;generation&quot;)" fullname="AssemblyShadowDemo.EditorTests.M03TransactionTests.ProbeDiagnosticCountersRetainTheFullUnsignedNativeRange(&quot;StressSample&quot;,&quot;generation&quot;)" methodname="ProbeDiagnosticCountersRetainTheFullUnsignedNativeRange" classname="AssemblyShadowDemo.EditorTests.M03TransactionTests" runstate="Runnable" seed="1599303007" result="Passed" start-time="2026-09-21 11:05:28Z" end-time="2026-09-21 11:05:28Z" duration="0.000099" asserts="0">
                <properties />
              </test-case>
              <test-case id="2356" name="ProbeDiagnosticCountersRetainTheFullUnsignedNativeRange(&quot;StressSample&quot;,&quot;enumerationGeneration&quot;)" fullname="AssemblyShadowDemo.EditorTests.M03TransactionTests.ProbeDiagnosticCountersRetainTheFullUnsignedNativeRange(&quot;StressSample&quot;,&quot;enumerationGeneration&quot;)" methodname="ProbeDiagnosticCountersRetainTheFullUnsignedNativeRange" classname="AssemblyShadowDemo.EditorTests.M03TransactionTests" runstate="Runnable" seed="2109704016" result="Passed" start-time="2026-09-21 11:05:28Z" end-time="2026-09-21 11:05:28Z" duration="0.000070" asserts="0">
                <properties />
              </test-case>
            </test-suite>
            <test-case id="2352" name="RuntimeArtifactDtosRemainCompatibleWithAuthoritativeEditorFields" fullname="AssemblyShadowDemo.EditorTests.M03TransactionTests.RuntimeArtifactDtosRemainCompatibleWithAuthoritativeEditorFields" methodname="RuntimeArtifactDtosRemainCompatibleWithAuthoritativeEditorFields" classname="AssemblyShadowDemo.EditorTests.M03TransactionTests" runstate="Runnable" seed="994668016" result="Passed" start-time="2026-09-21 11:05:28Z" end-time="2026-09-21 11:05:28Z" duration="0.000831" asserts="0">
              <properties />
            </test-case>
            <test-case id="2349" name="RuntimeEnumsKeepTheNativeAbiIntegers" fullname="AssemblyShadowDemo.EditorTests.M03TransactionTests.RuntimeEnumsKeepTheNativeAbiIntegers" methodname="RuntimeEnumsKeepTheNativeAbiIntegers" classname="AssemblyShadowDemo.EditorTests.M03TransactionTests" runstate="Runnable" seed="1627546653" result="Passed" start-time="2026-09-21 11:05:28Z" end-time="2026-09-21 11:05:28Z" duration="0.001287" asserts="0">
              <properties />
            </test-case>
            <test-case id="2362" name="RuntimeExactSetValidationRejectsMissingExtraAndDuplicateMembers" fullname="AssemblyShadowDemo.EditorTests.M03TransactionTests.RuntimeExactSetValidationRejectsMissingExtraAndDuplicateMembers" methodname="RuntimeExactSetValidationRejectsMissingExtraAndDuplicateMembers" classname="AssemblyShadowDemo.EditorTests.M03TransactionTests" runstate="Runnable" seed="713742118" result="Passed" start-time="2026-09-21 11:05:28Z" end-time="2026-09-21 11:05:28Z" duration="0.000647" asserts="0">
              <properties />
            </test-case>
            <test-case id="2364" name="RuntimeSourcePinsRecomputeTheSameAbiAsTheEditor" fullname="AssemblyShadowDemo.EditorTests.M03TransactionTests.RuntimeSourcePinsRecomputeTheSameAbiAsTheEditor" methodname="RuntimeSourcePinsRecomputeTheSameAbiAsTheEditor" classname="AssemblyShadowDemo.EditorTests.M03TransactionTests" runstate="Runnable" seed="1556577341" result="Passed" start-time="2026-09-21 11:05:28Z" end-time="2026-09-21 11:05:28Z" duration="0.001216" asserts="0">
              <properties />
            </test-case>
          </test-suite>
          <test-suite type="TestFixture" id="2365" name="M04EditorEvidenceTests" fullname="AssemblyShadowDemo.EditorTests.M04EditorEvidenceTests" classname="AssemblyShadowDemo.EditorTests.M04EditorEvidenceTests" runstate="Runnable" testcasecount="19" result="Passed" start-time="2026-09-21 11:05:28Z" end-time="2026-09-21 11:05:28Z" duration="0.214021" total="19" passed="19" failed="0" inconclusive="0" skipped="0" asserts="0">
            <properties />
            <test-case id="2383" name="ActualBootstrapDtoSchemaSurvivesAnUnstrippedMetadataRoundtrip" fullname="AssemblyShadowDemo.EditorTests.M04EditorEvidenceTests.ActualBootstrapDtoSchemaSurvivesAnUnstrippedMetadataRoundtrip" methodname="ActualBootstrapDtoSchemaSurvivesAnUnstrippedMetadataRoundtrip" classname="AssemblyShadowDemo.EditorTests.M04EditorEvidenceTests" runstate="Runnable" seed="2120089118" result="Passed" start-time="2026-09-21 11:05:28Z" end-time="2026-09-21 11:05:28Z" duration="0.026736" asserts="0">
              <properties />
            </test-case>
            <test-case id="2378" name="ArraysAndListsCanWrapCapturedDtosWithoutSkippingTheDto" fullname="AssemblyShadowDemo.EditorTests.M04EditorEvidenceTests.ArraysAndListsCanWrapCapturedDtosWithoutSkippingTheDto" methodname="ArraysAndListsCanWrapCapturedDtosWithoutSkippingTheDto" classname="AssemblyShadowDemo.EditorTests.M04EditorEvidenceTests" runstate="Runnable" seed="1387954355" result="Passed" start-time="2026-09-21 11:05:28Z" end-time="2026-09-21 11:05:28Z" duration="0.004233" asserts="0">
              <properties />
            </test-case>
            <test-case id="2382" name="BuildAndReplayKeepMilestoneBoundariesAndActualProofCalls" fullname="AssemblyShadowDemo.EditorTests.M04EditorEvidenceTests.BuildAndReplayKeepMilestoneBoundariesAndActualProofCalls" methodname="BuildAndReplayKeepMilestoneBoundariesAndActualProofCalls" classname="AssemblyShadowDemo.EditorTests.M04EditorEvidenceTests" runstate="Runnable" seed="2058874724" result="Passed" start-time="2026-09-21 11:05:28Z" end-time="2026-09-21 11:05:28Z" duration="0.003059" asserts="0">
              <properties />
            </test-case>
            <test-case id="2369" name="CanonicalLinkedFilenameStillReportsDeclaredAssemblyCasing" fullname="AssemblyShadowDemo.EditorTests.M04EditorEvidenceTests.CanonicalLinkedFilenameStillReportsDeclaredAssemblyCasing" methodname="CanonicalLinkedFilenameStillReportsDeclaredAssemblyCasing" classname="AssemblyShadowDemo.EditorTests.M04EditorEvidenceTests" runstate="Runnable" seed="1692599554" result="Passed" start-time="2026-09-21 11:05:28Z" end-time="2026-09-21 11:05:28Z" duration="0.086066" asserts="0">
              <properties />
            </test-case>
            <test-case id="2380" name="CapturedExternalNativeDtoIsComparedAndUncapturedProviderIsRejected" fullname="AssemblyShadowDemo.EditorTests.M04EditorEvidenceTests.CapturedExternalNativeDtoIsComparedAndUncapturedProviderIsRejected" methodname="CapturedExternalNativeDtoIsComparedAndUncapturedProviderIsRejected" classname="AssemblyShadowDemo.EditorTests.M04EditorEvidenceTests" runstate="Runnable" seed="1559033724" result="Passed" start-time="2026-09-21 11:05:28Z" end-time="2026-09-21 11:05:28Z" duration="0.002076" asserts="0">
              <properties />
            </test-case>
            <test-case id="2374" name="ChangedSchemaFlagsTypesExtraFieldsAndMissingRootsAreRejected" fullname="AssemblyShadowDemo.EditorTests.M04EditorEvidenceTests.ChangedSchemaFlagsTypesExtraFieldsAndMissingRootsAreRejected" methodname="ChangedSchemaFlagsTypesExtraFieldsAndMissingRootsAreRejected" classname="AssemblyShadowDemo.EditorTests.M04EditorEvidenceTests" runstate="Runnable" seed="18272804" result="Passed" start-time="2026-09-21 11:05:28Z" end-time="2026-09-21 11:05:28Z" duration="0.005193" asserts="0">
              <properties />
            </test-case>
            <test-case id="2366" name="DeclaredReferencesPreserveAbsentFacadeVersionsTokensAndRowOrder" fullname="AssemblyShadowDemo.EditorTests.M04EditorEvidenceTests.DeclaredReferencesPreserveAbsentFacadeVersionsTokensAndRowOrder" methodname="DeclaredReferencesPreserveAbsentFacadeVersionsTokensAndRowOrder" classname="AssemblyShadowDemo.EditorTests.M04EditorEvidenceTests" runstate="Runnable" seed="213777775" result="Passed" start-time="2026-09-21 11:05:28Z" end-time="2026-09-21 11:05:28Z" duration="0.012805" asserts="0">
              <properties />
            </test-case>
            <test-case id="2367" name="EveryAssemblyAndReferenceIdentityFieldIsRecomputed" fullname="AssemblyShadowDemo.EditorTests.M04EditorEvidenceTests.EveryAssemblyAndReferenceIdentityFieldIsRecomputed" methodname="EveryAssemblyAndReferenceIdentityFieldIsRecomputed" classname="AssemblyShadowDemo.EditorTests.M04EditorEvidenceTests" runstate="Runnable" seed="2042542341" result="Passed" start-time="2026-09-21 11:05:28Z" end-time="2026-09-21 11:05:28Z" duration="0.010084" asserts="0">
              <properties />
            </test-case>
            <test-case id="2384" name="EveryM04JsonInputHasAnExplicitCapturedSchemaRoot" fullname="AssemblyShadowDemo.EditorTests.M04EditorEvidenceTests.EveryM04JsonInputHasAnExplicitCapturedSchemaRoot" methodname="EveryM04JsonInputHasAnExplicitCapturedSchemaRoot" classname="AssemblyShadowDemo.EditorTests.M04EditorEvidenceTests" runstate="Runnable" seed="103373823" result="Passed" start-time="2026-09-21 11:05:28Z" end-time="2026-09-21 11:05:28Z" duration="0.015781" asserts="0">
              <properties />
            </test-case>
            <test-case id="2377" name="LinkedListOwnerCannotHideBehindCoreLibrarySignatureEquivalence" fullname="AssemblyShadowDemo.EditorTests.M04EditorEvidenceTests.LinkedListOwnerCannotHideBehindCoreLibrarySignatureEquivalence" methodname="LinkedListOwnerCannotHideBehindCoreLibrarySignatureEquivalence" classname="AssemblyShadowDemo.EditorTests.M04EditorEvidenceTests" runstate="Runnable" seed="1244364228" result="Passed" start-time="2026-09-21 11:05:28Z" end-time="2026-09-21 11:05:28Z" duration="0.000648" asserts="0">
              <properties />
            </test-case>
            <test-case id="2375" name="ListsTraverseNestedDtoFieldsAndRejectLostNestedEvidence" fullname="AssemblyShadowDemo.EditorTests.M04EditorEvidenceTests.ListsTraverseNestedDtoFieldsAndRejectLostNestedEvidence" methodname="ListsTraverseNestedDtoFieldsAndRejectLostNestedEvidence" classname="AssemblyShadowDemo.EditorTests.M04EditorEvidenceTests" runstate="Runnable" seed="1717686397" result="Passed" start-time="2026-09-21 11:05:28Z" end-time="2026-09-21 11:05:28Z" duration="0.002816" asserts="0">
              <properties />
            </test-case>
            <test-case id="2379" name="M03DoesNotAcquireM04ListAdmission" fullname="AssemblyShadowDemo.EditorTests.M04EditorEvidenceTests.M03DoesNotAcquireM04ListAdmission" methodname="M03DoesNotAcquireM04ListAdmission" classname="AssemblyShadowDemo.EditorTests.M04EditorEvidenceTests" runstate="Runnable" seed="639070657" result="Passed" start-time="2026-09-21 11:05:28Z" end-time="2026-09-21 11:05:28Z" duration="0.004272" asserts="0">
              <properties />
            </test-case>
            <test-case id="2370" name="MissingZeroIndexAndOtherRawIdentityMembersAreRejected" fullname="AssemblyShadowDemo.EditorTests.M04EditorEvidenceTests.MissingZeroIndexAndOtherRawIdentityMembersAreRejected" methodname="MissingZeroIndexAndOtherRawIdentityMembersAreRejected" classname="AssemblyShadowDemo.EditorTests.M04EditorEvidenceTests" runstate="Runnable" seed="1027054828" result="Passed" start-time="2026-09-21 11:05:28Z" end-time="2026-09-21 11:05:28Z" duration="0.009716" asserts="0">
              <properties />
            </test-case>
            <test-case id="2376" name="OnlyClosedSingleArgumentCoreLibraryListsAreSupported" fullname="AssemblyShadowDemo.EditorTests.M04EditorEvidenceTests.OnlyClosedSingleArgumentCoreLibraryListsAreSupported" methodname="OnlyClosedSingleArgumentCoreLibraryListsAreSupported" classname="AssemblyShadowDemo.EditorTests.M04EditorEvidenceTests" runstate="Runnable" seed="1990336685" result="Passed" start-time="2026-09-21 11:05:28Z" end-time="2026-09-21 11:05:28Z" duration="0.006685" asserts="0">
              <properties />
            </test-case>
            <test-case id="2372" name="PlaceholderNamesComeOnlyFromOneUnambiguousGeneratedRegion" fullname="AssemblyShadowDemo.EditorTests.M04EditorEvidenceTests.PlaceholderNamesComeOnlyFromOneUnambiguousGeneratedRegion" methodname="PlaceholderNamesComeOnlyFromOneUnambiguousGeneratedRegion" classname="AssemblyShadowDemo.EditorTests.M04EditorEvidenceTests" runstate="Runnable" seed="169604290" result="Passed" start-time="2026-09-21 11:05:28Z" end-time="2026-09-21 11:05:28Z" duration="0.001102" asserts="0">
              <properties />
            </test-case>
            <test-case id="2368" name="ProviderSubstitutionMissingRowsReorderingAndRelativePathsAreRejected" fullname="AssemblyShadowDemo.EditorTests.M04EditorEvidenceTests.ProviderSubstitutionMissingRowsReorderingAndRelativePathsAreRejected" methodname="ProviderSubstitutionMissingRowsReorderingAndRelativePathsAreRejected" classname="AssemblyShadowDemo.EditorTests.M04EditorEvidenceTests" runstate="Runnable" seed="2085679521" result="Passed" start-time="2026-09-21 11:05:28Z" end-time="2026-09-21 11:05:28Z" duration="0.004996" asserts="0">
              <properties />
            </test-case>
            <test-case id="2381" name="ReplayRefusesToOverwriteExistingEvidence" fullname="AssemblyShadowDemo.EditorTests.M04EditorEvidenceTests.ReplayRefusesToOverwriteExistingEvidence" methodname="ReplayRefusesToOverwriteExistingEvidence" classname="AssemblyShadowDemo.EditorTests.M04EditorEvidenceTests" runstate="Runnable" seed="848528360" result="Passed" start-time="2026-09-21 11:05:28Z" end-time="2026-09-21 11:05:28Z" duration="0.001489" asserts="0">
              <properties />
            </test-case>
            <test-case id="2373" name="SchemaPreservesEveryNestedFieldRegardlessOfItsDefaultValue" fullname="AssemblyShadowDemo.EditorTests.M04EditorEvidenceTests.SchemaPreservesEveryNestedFieldRegardlessOfItsDefaultValue" methodname="SchemaPreservesEveryNestedFieldRegardlessOfItsDefaultValue" classname="AssemblyShadowDemo.EditorTests.M04EditorEvidenceTests" runstate="Runnable" seed="706008513" result="Passed" start-time="2026-09-21 11:05:28Z" end-time="2026-09-21 11:05:28Z" duration="0.008288" asserts="0">
              <properties />
            </test-case>
            <test-case id="2371" name="TypedFalseDoesNotStandInForAMissingRawBoolean" fullname="AssemblyShadowDemo.EditorTests.M04EditorEvidenceTests.TypedFalseDoesNotStandInForAMissingRawBoolean" methodname="TypedFalseDoesNotStandInForAMissingRawBoolean" classname="AssemblyShadowDemo.EditorTests.M04EditorEvidenceTests" runstate="Runnable" seed="39241522" result="Passed" start-time="2026-09-21 11:05:28Z" end-time="2026-09-21 11:05:28Z" duration="0.000238" asserts="0">
              <properties />
            </test-case>
          </test-suite>
          <test-suite type="TestFixture" id="2385" name="M04NativeMetadataTests" fullname="AssemblyShadowDemo.EditorTests.M04NativeMetadataTests" classname="AssemblyShadowDemo.EditorTests.M04NativeMetadataTests" runstate="Runnable" testcasecount="8" result="Passed" start-time="2026-09-21 11:05:28Z" end-time="2026-09-21 11:05:28Z" duration="0.023437" total="8" passed="8" failed="0" inconclusive="0" skipped="0" asserts="0">
            <properties />
[...]
                  <properties />
                </test-case>
                <test-case id="3467" name="LinkedVerificationRejectsEveryGuardTemplateMutation" fullname="HybridCLR.Editor.AssemblyShadow.Tests.ReflectionBindingCodeGenTests.LinkedVerificationRejectsEveryGuardTemplateMutation" methodname="LinkedVerificationRejectsEveryGuardTemplateMutation" classname="HybridCLR.Editor.AssemblyShadow.Tests.ReflectionBindingCodeGenTests" runstate="Runnable" seed="1510015042" result="Passed" start-time="2026-09-21 11:07:24Z" end-time="2026-09-21 11:07:24Z" duration="0.037388" asserts="0">
                  <properties />
                </test-case>
                <test-case id="3468" name="LinkedVerificationRejectsSourceCallsiteBodyIdentityAndCardinalityChanges" fullname="HybridCLR.Editor.AssemblyShadow.Tests.ReflectionBindingCodeGenTests.LinkedVerificationRejectsSourceCallsiteBodyIdentityAndCardinalityChanges" methodname="LinkedVerificationRejectsSourceCallsiteBodyIdentityAndCardinalityChanges" classname="HybridCLR.Editor.AssemblyShadow.Tests.ReflectionBindingCodeGenTests" runstate="Runnable" seed="379459197" result="Passed" start-time="2026-09-21 11:07:24Z" end-time="2026-09-21 11:07:24Z" duration="0.037854" asserts="0">
                  <properties />
                </test-case>
                <test-case id="3466" name="LinkedVerificationRejectsWrongProviderVersionTokenAndNonforwardedTypes" fullname="HybridCLR.Editor.AssemblyShadow.Tests.ReflectionBindingCodeGenTests.LinkedVerificationRejectsWrongProviderVersionTokenAndNonforwardedTypes" methodname="LinkedVerificationRejectsWrongProviderVersionTokenAndNonforwardedTypes" classname="HybridCLR.Editor.AssemblyShadow.Tests.ReflectionBindingCodeGenTests" runstate="Runnable" seed="2142466875" result="Passed" start-time="2026-09-21 11:07:24Z" end-time="2026-09-21 11:07:24Z" duration="0.033173" asserts="0">
                  <properties />
                </test-case>
                <test-case id="3463" name="LinkedVerificationUsesExactPerTypeForwardersIncludingNestedTypes" fullname="HybridCLR.Editor.AssemblyShadow.Tests.ReflectionBindingCodeGenTests.LinkedVerificationUsesExactPerTypeForwardersIncludingNestedTypes" methodname="LinkedVerificationUsesExactPerTypeForwardersIncludingNestedTypes" classname="HybridCLR.Editor.AssemblyShadow.Tests.ReflectionBindingCodeGenTests" runstate="Runnable" seed="1559897491" result="Passed" start-time="2026-09-21 11:07:24Z" end-time="2026-09-21 11:07:24Z" duration="0.008345" asserts="0">
                  <properties />
                </test-case>
                <test-case id="3454" name="MissingAmbiguousAndAdditionalGeneratedSitesAreRejected" fullname="HybridCLR.Editor.AssemblyShadow.Tests.ReflectionBindingCodeGenTests.MissingAmbiguousAndAdditionalGeneratedSitesAreRejected" methodname="MissingAmbiguousAndAdditionalGeneratedSitesAreRejected" classname="HybridCLR.Editor.AssemblyShadow.Tests.ReflectionBindingCodeGenTests" runstate="Runnable" seed="1364771090" result="Passed" start-time="2026-09-21 11:07:24Z" end-time="2026-09-21 11:07:24Z" duration="0.005364" asserts="0">
                  <properties />
                </test-case>
                <test-case id="3462" name="RawConfigurationDefineBindsExactBytesAndProjectRoot" fullname="HybridCLR.Editor.AssemblyShadow.Tests.ReflectionBindingCodeGenTests.RawConfigurationDefineBindsExactBytesAndProjectRoot" methodname="RawConfigurationDefineBindsExactBytesAndProjectRoot" classname="HybridCLR.Editor.AssemblyShadow.Tests.ReflectionBindingCodeGenTests" runstate="Runnable" seed="217537780" result="Passed" start-time="2026-09-21 11:07:24Z" end-time="2026-09-21 11:07:24Z" duration="0.005418" asserts="0">
                  <properties />
                </test-case>
                <test-case id="3450" name="SchemaFourFixedProviderCompilerVariantsAreCanonicalAndFailClosed" fullname="HybridCLR.Editor.AssemblyShadow.Tests.ReflectionBindingCodeGenTests.SchemaFourFixedProviderCompilerVariantsAreCanonicalAndFailClosed" methodname="SchemaFourFixedProviderCompilerVariantsAreCanonicalAndFailClosed" classname="HybridCLR.Editor.AssemblyShadow.Tests.ReflectionBindingCodeGenTests" runstate="Runnable" seed="1925871938" result="Passed" start-time="2026-09-21 11:07:24Z" end-time="2026-09-21 11:07:24Z" duration="0.005224" asserts="0">
                  <properties />
                </test-case>
                <test-case id="3449" name="SchemaThreeMethodVariantsAreCanonicalHashedAndValidated" fullname="HybridCLR.Editor.AssemblyShadow.Tests.ReflectionBindingCodeGenTests.SchemaThreeMethodVariantsAreCanonicalHashedAndValidated" methodname="SchemaThreeMethodVariantsAreCanonicalHashedAndValidated" classname="HybridCLR.Editor.AssemblyShadow.Tests.ReflectionBindingCodeGenTests" runstate="Runnable" seed="875907722" result="Passed" start-time="2026-09-21 11:07:24Z" end-time="2026-09-21 11:07:24Z" duration="0.009262" asserts="0">
                  <properties />
                </test-case>
                <test-case id="3448" name="SchemaThreeSelectsOneFullMethodVariantAndRejectsUnknownCompilerBodies" fullname="HybridCLR.Editor.AssemblyShadow.Tests.ReflectionBindingCodeGenTests.SchemaThreeSelectsOneFullMethodVariantAndRejectsUnknownCompilerBodies" methodname="SchemaThreeSelectsOneFullMethodVariantAndRejectsUnknownCompilerBodies" classname="HybridCLR.Editor.AssemblyShadow.Tests.ReflectionBindingCodeGenTests" runstate="Runnable" seed="279076669" result="Passed" start-time="2026-09-21 11:07:24Z" end-time="2026-09-21 11:07:24Z" duration="0.004844" asserts="0">
                  <properties />
                </test-case>
                <test-case id="3453" name="StaleConfigurationReprocessingAndStrongNamesAreRejected" fullname="HybridCLR.Editor.AssemblyShadow.Tests.ReflectionBindingCodeGenTests.StaleConfigurationReprocessingAndStrongNamesAreRejected" methodname="StaleConfigurationReprocessingAndStrongNamesAreRejected" classname="HybridCLR.Editor.AssemblyShadow.Tests.ReflectionBindingCodeGenTests" runstate="Runnable" seed="755726998" result="Passed" start-time="2026-09-21 11:07:24Z" end-time="2026-09-21 11:07:24Z" duration="0.003050" asserts="0">
                  <properties />
                </test-case>
                <test-case id="3455" name="VerifyRejectsNewUnguardedLookupInConfiguredMethod" fullname="HybridCLR.Editor.AssemblyShadow.Tests.ReflectionBindingCodeGenTests.VerifyRejectsNewUnguardedLookupInConfiguredMethod" methodname="VerifyRejectsNewUnguardedLookupInConfiguredMethod" classname="HybridCLR.Editor.AssemblyShadow.Tests.ReflectionBindingCodeGenTests" runstate="Runnable" seed="1330205786" result="Passed" start-time="2026-09-21 11:07:24Z" end-time="2026-09-21 11:07:24Z" duration="0.003546" asserts="0">
                  <properties />
                </test-case>
                <test-case id="3447" name="WrongFingerprintIndexAndOverloadFailClosed" fullname="HybridCLR.Editor.AssemblyShadow.Tests.ReflectionBindingCodeGenTests.WrongFingerprintIndexAndOverloadFailClosed" methodname="WrongFingerprintIndexAndOverloadFailClosed" classname="HybridCLR.Editor.AssemblyShadow.Tests.ReflectionBindingCodeGenTests" runstate="Runnable" seed="1429414425" result="Passed" start-time="2026-09-21 11:07:24Z" end-time="2026-09-21 11:07:24Z" duration="0.003450" asserts="0">
                  <properties />
                </test-case>
              </test-suite>
              <test-suite type="TestFixture" id="3471" name="ReflectionPdbConstantsTests" fullname="HybridCLR.Editor.AssemblyShadow.Tests.ReflectionPdbConstantsTests" classname="HybridCLR.Editor.AssemblyShadow.Tests.ReflectionPdbConstantsTests" runstate="Runnable" testcasecount="14" result="Passed" start-time="2026-09-21 11:07:24Z" end-time="2026-09-21 11:07:24Z" duration="0.056877" total="14" passed="14" failed="0" inconclusive="0" skipped="0" asserts="0">
                <properties />
                <test-case id="3478" name="ByteIdenticalReferenceAliasesAreAccepted" fullname="HybridCLR.Editor.AssemblyShadow.Tests.ReflectionPdbConstantsTests.ByteIdenticalReferenceAliasesAreAccepted" methodname="ByteIdenticalReferenceAliasesAreAccepted" classname="HybridCLR.Editor.AssemblyShadow.Tests.ReflectionPdbConstantsTests" runstate="Runnable" seed="1805866538" result="Passed" start-time="2026-09-21 11:07:24Z" end-time="2026-09-21 11:07:24Z" duration="0.003787" asserts="0">
                  <properties />
                </test-case>
                <test-case id="3481" name="ClassWithNumericValueIsNotRewrittenToNull" fullname="HybridCLR.Editor.AssemblyShadow.Tests.ReflectionPdbConstantsTests.ClassWithNumericValueIsNotRewrittenToNull" methodname="ClassWithNumericValueIsNotRewrittenToNull" classname="HybridCLR.Editor.AssemblyShadow.Tests.ReflectionPdbConstantsTests" runstate="Runnable" seed="1522377800" result="Passed" start-time="2026-09-21 11:07:24Z" end-time="2026-09-21 11:07:24Z" duration="0.001843" asserts="0">
                  <properties />
                </test-case>
                <test-case id="3477" name="ConflictingDuplicateReferenceIdentityFails" fullname="HybridCLR.Editor.AssemblyShadow.Tests.ReflectionPdbConstantsTests.ConflictingDuplicateReferenceIdentityFails" methodname="ConflictingDuplicateReferenceIdentityFails" classname="HybridCLR.Editor.AssemblyShadow.Tests.ReflectionPdbConstantsTests" runstate="Runnable" seed="1991090941" result="Passed" start-time="2026-09-21 11:07:24Z" end-time="2026-09-21 11:07:24Z" duration="0.001751" asserts="0">
                  <properties />
                </test-case>
                <test-case id="3485" name="ConstantValueMutationChangesSnapshot" fullname="HybridCLR.Editor.AssemblyShadow.Tests.ReflectionPdbConstantsTests.ConstantValueMutationChangesSnapshot" methodname="ConstantValueMutationChangesSnapshot" classname="HybridCLR.Editor.AssemblyShadow.Tests.ReflectionPdbConstantsTests" runstate="Runnable" seed="824439312" result="Passed" start-time="2026-09-21 11:07:24Z" end-time="2026-09-21 11:07:24Z" duration="0.001465" asserts="0">
                  <properties />
                </test-case>
                <test-case id="3480" name="DisposedResolverCannotBeReused" fullname="HybridCLR.Editor.AssemblyShadow.Tests.ReflectionPdbConstantsTests.DisposedResolverCannotBeReused" methodname="DisposedResolverCannotBeReused" classname="HybridCLR.Editor.AssemblyShadow.Tests.ReflectionPdbConstantsTests" runstate="Runnable" seed="148113019" result="Passed" start-time="2026-09-21 11:07:24Z" end-time="2026-09-21 11:07:24Z" duration="0.001144" asserts="0">
                  <properties />
                </test-case>
                <test-case id="3473" name="DnlibAuthoredFixtureDoesNotRequireAFalseCounterexample" fullname="HybridCLR.Editor.AssemblyShadow.Tests.ReflectionPdbConstantsTests.DnlibAuthoredFixtureDoesNotRequireAFalseCounterexample" methodname="DnlibAuthoredFixtureDoesNotRequireAFalseCounterexample" classname="HybridCLR.Editor.AssemblyShadow.Tests.ReflectionPdbConstantsTests" runstate="Runnable" seed="1638803768" result="Passed" start-time="2026-09-21 11:07:24Z" end-time="2026-09-21 11:07:24Z" duration="0.013543" asserts="0">
                  <properties />
                </test-case>
                <test-case id="3482" name="EnumUnderlyingValueTypeMustMatchExactly" fullname="HybridCLR.Editor.AssemblyShadow.Tests.ReflectionPdbConstantsTests.EnumUnderlyingValueTypeMustMatchExactly" methodname="EnumUnderlyingValueTypeMustMatchExactly" classname="HybridCLR.Editor.AssemblyShadow.Tests.ReflectionPdbConstantsTests" runstate="Runnable" seed="1277392314" result="Passed" start-time="2026-09-21 11:07:24Z" end-time="2026-09-21 11:07:24Z" duration="0.001226" asserts="0">
                  <properties />
                </test-case>
                <test-case id="3472" name="ExplicitCompilerReferencesPreserveExternalEnumAndOtherConstants" fullname="HybridCLR.Editor.AssemblyShadow.Tests.ReflectionPdbConstantsTests.ExplicitCompilerReferencesPreserveExternalEnumAndOtherConstants" methodname="ExplicitCompilerReferencesPreserveExternalEnumAndOtherConstants" classname="HybridCLR.Editor.AssemblyShadow.Tests.ReflectionPdbConstantsTests" runstate="Runnable" seed="340287537" result="Passed" start-time="2026-09-21 11:07:24Z" end-time="2026-09-21 11:07:24Z" duration="0.012452" asserts="0">
                  <properties />
                </test-case>
                <test-case id="3475" name="IdenticalInputsAreDeterministic" fullname="HybridCLR.Editor.AssemblyShadow.Tests.ReflectionPdbConstantsTests.IdenticalInputsAreDeterministic" methodname="IdenticalInputsAreDeterministic" classname="HybridCLR.Editor.AssemblyShadow.Tests.ReflectionPdbConstantsTests" runstate="Runnable" seed="552777111" result="Passed" start-time="2026-09-21 11:07:24Z" end-time="2026-09-21 11:07:24Z" duration="0.006433" asserts="0">
                  <properties />
                </test-case>
                <test-case id="3484" name="NullClassConstantRemainsUntouched" fullname="HybridCLR.Editor.AssemblyShadow.Tests.ReflectionPdbConstantsTests.NullClassConstantRemainsUntouched" methodname="NullClassConstantRemainsUntouched" classname="HybridCLR.Editor.AssemblyShadow.Tests.ReflectionPdbConstantsTests" runstate="Runnable" seed="354843957" result="Passed" start-time="2026-09-21 11:07:24Z" end-time="2026-09-21 11:07:24Z" duration="0.000917" asserts="0">
                  <properties />
                </test-case>
                <test-case id="3479" name="RelativeCompilerReferencesAreRejected" fullname="HybridCLR.Editor.AssemblyShadow.Tests.ReflectionPdbConstantsTests.RelativeCompilerReferencesAreRejected" methodname="RelativeCompilerReferencesAreRejected" classname="HybridCLR.Editor.AssemblyShadow.Tests.ReflectionPdbConstantsTests" runstate="Runnable" seed="1304194371" result="Passed" start-time="2026-09-21 11:07:24Z" end-time="2026-09-21 11:07:24Z" duration="0.000863" asserts="0">
                  <properties />
                </test-case>
                <test-case id="3483" name="ResolvedClassSigEnumCanBeNormalizedWithoutChangingValue" fullname="HybridCLR.Editor.AssemblyShadow.Tests.ReflectionPdbConstantsTests.ResolvedClassSigEnumCanBeNormalizedWithoutChangingValue" methodname="ResolvedClassSigEnumCanBeNormalizedWithoutChangingValue" classname="HybridCLR.Editor.AssemblyShadow.Tests.ReflectionPdbConstantsTests" runstate="Runnable" seed="1433606928" result="Passed" start-time="2026-09-21 11:07:24Z" end-time="2026-09-21 11:07:24Z" duration="0.001149" asserts="0">
                  <properties />
                </test-case>
                <test-case id="3476" name="ResolverDoesNotSubstituteAnotherAssemblyVersion" fullname="HybridCLR.Editor.AssemblyShadow.Tests.ReflectionPdbConstantsTests.ResolverDoesNotSubstituteAnotherAssemblyVersion" methodname="ResolverDoesNotSubstituteAnotherAssemblyVersion" classname="HybridCLR.Editor.AssemblyShadow.Tests.ReflectionPdbConstantsTests" runstate="Runnable" seed="601837432" result="Passed" start-time="2026-09-21 11:07:24Z" end-time="2026-09-21 11:07:24Z" duration="0.001005" asserts="0">
                  <properties />
                </test-case>
                <test-case id="3474" name="RouteBIsExplicitAndRetainsEquivalentConstants" fullname="HybridCLR.Editor.AssemblyShadow.Tests.ReflectionPdbConstantsTests.RouteBIsExplicitAndRetainsEquivalentConstants" methodname="RouteBIsExplicitAndRetainsEquivalentConstants" classname="HybridCLR.Editor.AssemblyShadow.Tests.ReflectionPdbConstantsTests" runstate="Runnable" seed="120368478" result="Passed" start-time="2026-09-21 11:07:24Z" end-time="2026-09-21 11:07:24Z" duration="0.006668" asserts="0">
                  <properties />
                </test-case>
              </test-suite>
              <test-suite type="TestFixture" id="3486" name="ReflectionPdbFailureCaptureTests" fullname="HybridCLR.Editor.AssemblyShadow.Tests.ReflectionPdbFailureCaptureTests" classname="HybridCLR.Editor.AssemblyShadow.Tests.ReflectionPdbFailureCaptureTests" runstate="Runnable" testcasecount="6" result="Passed" start-time="2026-09-21 11:07:24Z" end-time="2026-09-21 11:07:24Z" duration="0.216463" total="6" passed="6" failed="0" inconclusive="0" skipped="0" asserts="0">
                <properties />
                <test-case id="3487" name="CapturesAreUniqueAndDoNotGrantAcceptance" fullname="HybridCLR.Editor.AssemblyShadow.Tests.ReflectionPdbFailureCaptureTests.CapturesAreUniqueAndDoNotGrantAcceptance" methodname="CapturesAreUniqueAndDoNotGrantAcceptance" classname="HybridCLR.Editor.AssemblyShadow.Tests.ReflectionPdbFailureCaptureTests" runstate="Runnable" seed="1723988214" result="Passed" start-time="2026-09-21 11:07:24Z" end-time="2026-09-21 11:07:24Z" duration="0.067864" asserts="0">
                  <properties />
                </test-case>
                <test-case id="3489" name="ChangedInputBytesFailHashVerification" fullname="HybridCLR.Editor.AssemblyShadow.Tests.ReflectionPdbFailureCaptureTests.ChangedInputBytesFailHashVerification" methodname="ChangedInputBytesFailHashVerification" classname="HybridCLR.Editor.AssemblyShadow.Tests.ReflectionPdbFailureCaptureTests" runstate="Runnable" seed="1064863632" result="Passed" start-time="2026-09-21 11:07:24Z" end-time="2026-09-21 11:07:24Z" duration="0.019018" asserts="0">
                  <properties />
                </test-case>
                <test-case id="3490" name="ExtraMembersFailMembershipVerification" fullname="HybridCLR.Editor.AssemblyShadow.Tests.ReflectionPdbFailureCaptureTests.ExtraMembersFailMembershipVerification" methodname="ExtraMembersFailMembershipVerification" classname="HybridCLR.Editor.AssemblyShadow.Tests.ReflectionPdbFailureCaptureTests" runstate="Runnable" seed="89673118" result="Passed" start-time="2026-09-21 11:07:24Z" end-time="2026-09-21 11:07:24Z" duration="0.032497" asserts="0">
                  <properties />
                </test-case>
                <test-case id="3488" name="FullInnerExceptionIsRetained" fullname="HybridCLR.Editor.AssemblyShadow.Tests.ReflectionPdbFailureCaptureTests.FullInnerExceptionIsRetained" methodname="FullInnerExceptionIsRetained" classname="HybridCLR.Editor.AssemblyShadow.Tests.ReflectionPdbFailureCaptureTests" runstate="Runnable" seed="1335752357" result="Passed" start-time="2026-09-21 11:07:24Z" end-time="2026-09-21 11:07:24Z" duration="0.036265" asserts="0">
                  <properties />
                </test-case>
                <test-case id="3491" name="MissingReferencesRemainUnavailable" fullname="HybridCLR.Editor.AssemblyShadow.Tests.ReflectionPdbFailureCaptureTests.MissingReferencesRemainUnavailable" methodname="MissingReferencesRemainUnavailable" classname="HybridCLR.Editor.AssemblyShadow.Tests.ReflectionPdbFailureCaptureTests" runstate="Runnable" seed="45916866" result="Passed" start-time="2026-09-21 11:07:24Z" end-time="2026-09-21 11:07:24Z" duration="0.024623" asserts="0">
                  <properties />
                </test-case>
                <test-case id="3492" name="ProjectRelativeCompilerReferenceIsCapturedFromExactRoot" fullname="HybridCLR.Editor.AssemblyShadow.Tests.ReflectionPdbFailureCaptureTests.ProjectRelativeCompilerReferenceIsCapturedFromExactRoot" methodname="ProjectRelativeCompilerReferenceIsCapturedFromExactRoot" classname="HybridCLR.Editor.AssemblyShadow.Tests.ReflectionPdbFailureCaptureTests" runstate="Runnable" seed="1573050941" result="Passed" start-time="2026-09-21 11:07:24Z" end-time="2026-09-21 11:07:24Z" duration="0.034194" asserts="0">
                  <properties />
                </test-case>
              </test-suite>
            </test-suite>
          </test-suite>
        </test-suite>
      </test-suite>
    </test-suite>
  </test-suite>
</test-run>