<?xml version="1.0" encoding="utf-8"?>
<test-run id="2" testcasecount="1076" result="Failed(Child)" total="1076" passed="1071" failed="5" inconclusive="0" skipped="0" asserts="0" engine-version="3.5.0.0" clr-version="4.0.30319.42000" start-time="2026-09-21 11:01:56Z" end-time="2026-09-21 11:03:59Z" duration="123.49128">
  <test-suite type="TestSuite" id="2250" name="AssemblyShadowBaseline" fullname="AssemblyShadowBaseline" runstate="Runnable" testcasecount="1114" result="Failed" site="Child" start-time="2026-09-21 11:01:56Z" end-time="2026-09-21 11:03:59Z" duration="123.491280" total="1076" passed="1071" failed="5" inconclusive="0" skipped="0" asserts="0">
    <properties />
    <failure>
      <message><![CDATA[One or more child tests had errors]]></message>
    </failure>
    <test-suite type="Assembly" id="2664" name="AssemblyShadowDemo.EditorTests.dll" fullname="/Users/ah/GitHub/hybridclr/hybridclr_demo/Library/ScriptAssemblies/AssemblyShadowDemo.EditorTests.dll" runstate="Runnable" testcasecount="356" result="Failed" site="Child" start-time="2026-09-21 11:01:56Z" end-time="2026-09-21 11:02:30Z" duration="34.211291" total="356" passed="351" failed="5" inconclusive="0" skipped="0" asserts="0">
      <properties>
        <property name="_PID" value="66538" />
        <property name="_APPDOMAIN" value="Unity Child Domain" />
        <property name="platform" value="EditMode" />
      </properties>
      <failure>
        <message><![CDATA[One or more child tests had errors]]></message>
      </failure>
      <test-suite type="TestSuite" id="2665" name="AssemblyShadowDemo" fullname="AssemblyShadowDemo" runstate="Runnable" testcasecount="356" result="Failed" site="Child" start-time="2026-09-21 11:01:56Z" end-time="2026-09-21 11:02:30Z" duration="34.200213" total="356" passed="351" failed="5" inconclusive="0" skipped="0" asserts="0">
        <properties />
        <failure>
          <message><![CDATA[One or more child tests had errors]]></message>
        </failure>
        <test-suite type="TestSuite" id="2666" name="EditorTests" fullname="AssemblyShadowDemo.EditorTests" runstate="Runnable" testcasecount="356" result="Failed" site="Child" start-time="2026-09-21 11:01:56Z" end-time="2026-09-21 11:02:30Z" duration="34.195984" total="356" passed="351" failed="5" inconclusive="0" skipped="0" asserts="0">
          <properties />
          <failure>
            <message><![CDATA[One or more child tests had errors]]></message>
          </failure>
          <test-suite type="TestFixture" id="2251" name="H1CompilerProvenanceTests" fullname="AssemblyShadowDemo.EditorTests.H1CompilerProvenanceTests" classname="AssemblyShadowDemo.EditorTests.H1CompilerProvenanceTests" runstate="Runnable" testcasecount="1" result="Passed" start-time="2026-09-21 11:01:56Z" end-time="2026-09-21 11:01:56Z" duration="0.051039" total="1" passed="1" failed="0" inconclusive="0" skipped="0" asserts="0">
            <properties />
            <test-case id="2252" name="RetainedBeeGraphShapeContainsNativeCompilerAndLinkActions" fullname="AssemblyShadowDemo.EditorTests.H1CompilerProvenanceTests.RetainedBeeGraphShapeContainsNativeCompilerAndLinkActions" methodname="RetainedBeeGraphShapeContainsNativeCompilerAndLinkActions" classname="AssemblyShadowDemo.EditorTests.H1CompilerProvenanceTests" runstate="Runnable" seed="587703220" result="Passed" start-time="2026-09-21 11:01:56Z" end-time="2026-09-21 11:01:56Z" duration="0.041718" asserts="0">
              <properties />
            </test-case>
          </test-suite>
          <test-suite type="TestFixture" id="2253" name="H1CountEarlyStartupTests" fullname="AssemblyShadowDemo.EditorTests.H1CountEarlyStartupTests" classname="AssemblyShadowDemo.EditorTests.H1CountEarlyStartupTests" runstate="Runnable" testcasecount="6" result="Passed" start-time="2026-09-21 11:01:56Z" end-time="2026-09-21 11:01:56Z" duration="0.021251" total="6" passed="6" failed="0" inconclusive="0" skipped="0" asserts="0">
            <properties />
            <test-case id="2256" name="ArgumentsValidateOutcomeCountHashAndDuplicates" fullname="AssemblyShadowDemo.EditorTests.H1CountEarlyStartupTests.ArgumentsValidateOutcomeCountHashAndDuplicates" methodname="ArgumentsValidateOutcomeCountHashAndDuplicates" classname="AssemblyShadowDemo.EditorTests.H1CountEarlyStartupTests" runstate="Runnable" seed="1122994765" result="Passed" start-time="2026-09-21 11:01:56Z" end-time="2026-09-21 11:01:56Z" duration="0.005023" asserts="0">
              <properties />
            </test-case>
            <test-case id="2258" name="EmptyAndOversizedFilesAreRejectedBeforeAllocation" fullname="AssemblyShadowDemo.EditorTests.H1CountEarlyStartupTests.EmptyAndOversizedFilesAreRejectedBeforeAllocation" methodname="EmptyAndOversizedFilesAreRejectedBeforeAllocation" classname="AssemblyShadowDemo.EditorTests.H1CountEarlyStartupTests" runstate="Runnable" seed="617055463" result="Passed" start-time="2026-09-21 11:01:56Z" end-time="2026-09-21 11:01:56Z" duration="0.002967" asserts="0">
              <properties />
            </test-case>
            <test-case id="2255" name="MissingOrDuplicatePathFailsClosed" fullname="AssemblyShadowDemo.EditorTests.H1CountEarlyStartupTests.MissingOrDuplicatePathFailsClosed" methodname="MissingOrDuplicatePathFailsClosed" classname="AssemblyShadowDemo.EditorTests.H1CountEarlyStartupTests" runstate="Runnable" seed="1315425965" result="Passed" start-time="2026-09-21 11:01:56Z" end-time="2026-09-21 11:01:56Z" duration="0.005087" asserts="0">
              <properties />
            </test-case>
            <test-case id="2254" name="OrdinaryGatewayReturnsWithoutNativeCallsOrReceipt" fullname="AssemblyShadowDemo.EditorTests.H1CountEarlyStartupTests.OrdinaryGatewayReturnsWithoutNativeCallsOrReceipt" methodname="OrdinaryGatewayReturnsWithoutNativeCallsOrReceipt" classname="AssemblyShadowDemo.EditorTests.H1CountEarlyStartupTests" runstate="Runnable" seed="1705487928" result="Passed" start-time="2026-09-21 11:01:56Z" end-time="2026-09-21 11:01:56Z" duration="0.000294" asserts="0">
              <properties />
            </test-case>
            <test-case id="2257" name="ReceiptCodecEscapesNativeJsonAndAuthenticatesAllFields" fullname="AssemblyShadowDemo.EditorTests.H1CountEarlyStartupTests.ReceiptCodecEscapesNativeJsonAndAuthenticatesAllFields" methodname="ReceiptCodecEscapesNativeJsonAndAuthenticatesAllFields" classname="AssemblyShadowDemo.EditorTests.H1CountEarlyStartupTests" runstate="Runnable" seed="429347212" result="Passed" start-time="2026-09-21 11:01:56Z" end-time="2026-09-21 11:01:56Z" duration="0.002288" asserts="0">
              <properties />
            </test-case>
            <test-case id="2259" name="StartupSourceAndBuildKeepThePreCatalogContract" fullname="AssemblyShadowDemo.EditorTests.H1CountEarlyStartupTests.StartupSourceAndBuildKeepThePreCatalogContract" methodname="StartupSourceAndBuildKeepThePreCatalogContract" classname="AssemblyShadowDemo.EditorTests.H1CountEarlyStartupTests" runstate="Runnable" seed="1175615951" result="Passed" start-time="2026-09-21 11:01:56Z" end-time="2026-09-21 11:01:56Z" duration="0.003374" asserts="0">
              <properties />
            </test-case>
          </test-suite>
          <test-suite type="TestFixture" id="2260" name="H1CountNativeDiagnosticsTests" fullname="AssemblyShadowDemo.EditorTests.H1CountNativeDiagnosticsTests" classname="AssemblyShadowDemo.EditorTests.H1CountNativeDiagnosticsTests" runstate="Runnable" testcasecount="6" result="Passed" start-time="2026-09-21 11:01:56Z" end-time="2026-09-21 11:01:56Z" duration="0.012892" total="6" passed="6" failed="0" inconclusive="0" skipped="0" asserts="0">
            <properties />
            <test-case id="2264" name="BothFeatureModesMaterializeEveryNonzeroFieldExactly" fullname="AssemblyShadowDemo.EditorTests.H1CountNativeDiagnosticsTests.BothFeatureModesMaterializeEveryNonzeroFieldExactly" methodname="BothFeatureModesMaterializeEveryNonzeroFieldExactly" classname="AssemblyShadowDemo.EditorTests.H1CountNativeDiagnosticsTests" runstate="Runnable" seed="1857963162" result="Passed" start-time="2026-09-21 11:01:56Z" end-time="2026-09-21 11:01:56Z" duration="0.005403" asserts="0">
              <properties />
            </test-case>
            <test-case id="2263" name="CounterWrongPrimitiveTypeIsRejected" fullname="AssemblyShadowDemo.EditorTests.H1CountNativeDiagnosticsTests.CounterWrongPrimitiveTypeIsRejected" methodname="CounterWrongPrimitiveTypeIsRejected" classname="AssemblyShadowDemo.EditorTests.H1CountNativeDiagnosticsTests" runstate="Runnable" seed="1382403128" result="Passed" start-time="2026-09-21 11:01:56Z" end-time="2026-09-21 11:01:56Z" duration="0.001425" asserts="0">
              <properties />
            </test-case>
            <test-case id="2265" name="CountRunnerUsesNativeIdentityBridgeInsteadOfUnsupportedManagedModuleProbe" fullname="AssemblyShadowDemo.EditorTests.H1CountNativeDiagnosticsTests.CountRunnerUsesNativeIdentityBridgeInsteadOfUnsupportedManagedModuleProbe" methodname="CountRunnerUsesNativeIdentityBridgeInsteadOfUnsupportedManagedModuleProbe" classname="AssemblyShadowDemo.EditorTests.H1CountNativeDiagnosticsTests" runstate="Runnable" seed="698373828" result="Passed" start-time="2026-09-21 11:01:56Z" end-time="2026-09-21 11:01:56Z" duration="0.002120" asserts="0">
              <properties />
            </test-case>
            <test-case id="2262" name="DuplicateRootCounterIsRejected" fullname="AssemblyShadowDemo.EditorTests.H1CountNativeDiagnosticsTests.DuplicateRootCounterIsRejected" methodname="DuplicateRootCounterIsRejected" classname="AssemblyShadowDemo.EditorTests.H1CountNativeDiagnosticsTests" runstate="Runnable" seed="1404462019" result="Passed" start-time="2026-09-21 11:01:56Z" end-time="2026-09-21 11:01:56Z" duration="0.000551" asserts="0">
              <properties />
            </test-case>
            <test-case id="2261" name="MissingRootCountersAreRejectedEvenWhenNestedUnknownFieldsQuoteTheirNames" fullname="AssemblyShadowDemo.EditorTests.H1CountNativeDiagnosticsTests.MissingRootCountersAreRejectedEvenWhenNestedUnknownFieldsQuoteTheirNames" methodname="MissingRootCountersAreRejectedEvenWhenNestedUnknownFieldsQuoteTheirNames" classname="AssemblyShadowDemo.EditorTests.H1CountNativeDiagnosticsTests" runstate="Runnable" seed="221011888" result="Passed" start-time="2026-09-21 11:01:56Z" end-time="2026-09-21 11:01:56Z" duration="0.000526" asserts="0">
              <properties />
            </test-case>
            <test-case id="2266" name="NativeIdentityInventoryMaterializesExactFields" fullname="AssemblyShadowDemo.EditorTests.H1CountNativeDiagnosticsTests.NativeIdentityInventoryMaterializesExactFields" methodname="NativeIdentityInventoryMaterializesExactFields" classname="AssemblyShadowDemo.EditorTests.H1CountNativeDiagnosticsTests" runstate="Runnable" seed="606568332" result="Passed" start-time="2026-09-21 11:01:56Z" end-time="2026-09-21 11:01:56Z" duration="0.001374" asserts="0">
              <properties />
            </test-case>
          </test-suite>
          <test-suite type="TestFixture" id="2267" name="H1EvidenceProcessTests" fullname="AssemblyShadowDemo.EditorTests.H1EvidenceProcessTests" classname="AssemblyShadowDemo.EditorTests.H1EvidenceProcessTests" runstate="Runnable" testcasecount="10" result="Passed" start-time="2026-09-21 11:01:56Z" end-time="2026-09-21 11:01:56Z" duration="0.004913" total="10" passed="10" failed="0" inconclusive="0" skipped="0" asserts="0">
            <properties />
            <test-case id="2278" name="CompilerCaptureRetainsResponseAndMacroFields" fullname="AssemblyShadowDemo.EditorTests.H1EvidenceProcessTests.CompilerCaptureRetainsResponseAndMacroFields" methodname="CompilerCaptureRetainsResponseAndMacroFields" classname="AssemblyShadowDemo.EditorTests.H1EvidenceProcessTests" runstate="Runnable" seed="74055664" result="Passed" start-time="2026-09-21 11:01:56Z" end-time="2026-09-21 11:01:56Z" duration="0.000955" asserts="0">
              <properties />
            </test-case>
            <test-case id="2279" name="EmptyCaptureDoesNotCreateProvenance" fullname="AssemblyShadowDemo.EditorTests.H1EvidenceProcessTests.EmptyCaptureDoesNotCreateProvenance" methodname="EmptyCaptureDoesNotCreateProvenance" classname="AssemblyShadowDemo.EditorTests.H1EvidenceProcessTests" runstate="Runnable" seed="1675372652" result="Passed" start-time="2026-09-21 11:01:56Z" end-time="2026-09-21 11:01:56Z" duration="0.000494" asserts="0">
              <properties />
            </test-case>
            <test-suite type="ParameterizedMethod" id="2272" name="ExplicitArgumentsAreQuoted" fullname="AssemblyShadowDemo.EditorTests.H1EvidenceProcessTests.ExplicitArgumentsAreQuoted" classname="AssemblyShadowDemo.EditorTests.H1EvidenceProcessTests" runstate="Runnable" testcasecount="4" result="Passed" start-time="2026-09-21 11:01:56Z" end-time="2026-09-21 11:01:56Z" duration="0.001177" total="4" passed="4" failed="0" inconclusive="0" skipped="0" asserts="0">
              <properties />
              <test-case id="2268" name="ExplicitArgumentsAreQuoted(&quot;&quot;,&quot;\&quot;\&quot;&quot;)" fullname="AssemblyShadowDemo.EditorTests.H1EvidenceProcessTests.ExplicitArgumentsAreQuoted(&quot;&quot;,&quot;\&quot;\&quot;&quot;)" methodname="ExplicitArgumentsAreQuoted" classname="AssemblyShadowDemo.EditorTests.H1EvidenceProcessTests" runstate="Runnable" seed="308150970" result="Passed" start-time="2026-09-21 11:01:56Z" end-time="2026-09-21 11:01:56Z" duration="0.000217" asserts="0">
                <properties />
              </test-case>
              <test-case id="2269" name="ExplicitArgumentsAreQuoted(&quot;/tmp/build path/test.py&quot;,&quot;\&quot;/tmp/build path/test.py\&quot;&quot;)" fullname="AssemblyShadowDemo.EditorTests.H1EvidenceProcessTests.ExplicitArgumentsAreQuoted(&quot;/tmp/build path/test.py&quot;,&quot;\&quot;/tmp/build path/test.py\&quot;&quot;)" methodname="ExplicitArgumentsAreQuoted" classname="AssemblyShadowDemo.EditorTests.H1EvidenceProcessTests" runstate="Runnable" seed="916474744" result="Passed" start-time="2026-09-21 11:01:56Z" end-time="2026-09-21 11:01:56Z" duration="0.000041" asserts="0">
                <properties />
              </test-case>
              <test-case id="2270" name="ExplicitArgumentsAreQuoted(&quot;a\&quot;b&quot;,&quot;\&quot;a\\\&quot;b\&quot;&quot;)" fullname="AssemblyShadowDemo.EditorTests.H1EvidenceProcessTests.ExplicitArgumentsAreQuoted(&quot;a\&quot;b&quot;,&quot;\&quot;a\\\&quot;b\&quot;&quot;)" methodname="ExplicitArgumentsAreQuoted" classname="AssemblyShadowDemo.EditorTests.H1EvidenceProcessTests" runstate="Runnable" seed="618578524" result="Passed" start-time="2026-09-21 11:01:56Z" end-time="2026-09-21 11:01:56Z" duration="0.000040" asserts="0">
                <properties />
              </test-case>
              <test-case id="2271" name="ExplicitArgumentsAreQuoted(&quot;a\\b&quot;,&quot;\&quot;a\\\\b\&quot;&quot;)" fullname="AssemblyShadowDemo.EditorTests.H1EvidenceProcessTests.ExplicitArgumentsAreQuoted(&quot;a\\b&quot;,&quot;\&quot;a\\\\b\&quot;&quot;)" methodname="ExplicitArgumentsAreQuoted" classname="AssemblyShadowDemo.EditorTests.H1EvidenceProcessTests" runstate="Runnable" seed="1972088328" result="Passed" start-time="2026-09-21 11:01:56Z" end-time="2026-09-21 11:01:56Z" duration="0.000039" asserts="0">
                <properties />
              </test-case>
            </test-suite>
            <test-suite type="ParameterizedMethod" id="2277" name="InvalidArgumentsAreRejected" fullname="AssemblyShadowDemo.EditorTests.H1EvidenceProcessTests.InvalidArgumentsAreRejected" classname="AssemblyShadowDemo.EditorTests.H1EvidenceProcessTests" runstate="Runnable" testcasecount="4" result="Passed" start-time="2026-09-21 11:01:56Z" end-time="2026-09-21 11:01:56Z" duration="0.001120" total="4" passed="4" failed="0" inconclusive="0" skipped="0" asserts="0">
              <properties />
              <test-case id="2273" name="InvalidArgumentsAreRejected(null)" fullname="AssemblyShadowDemo.EditorTests.H1EvidenceProcessTests.InvalidArgumentsAreRejected(null)" methodname="InvalidArgumentsAreRejected" classname="AssemblyShadowDemo.EditorTests.H1EvidenceProcessTests" runstate="Runnable" seed="1412287633" result="Passed" start-time="2026-09-21 11:01:56Z" end-time="2026-09-21 11:01:56Z" duration="0.000175" asserts="0">
                <properties />
              </test-case>
              <test-case id="2274" name="InvalidArgumentsAreRejected(&quot;a\nb&quot;)" fullname="AssemblyShadowDemo.EditorTests.H1EvidenceProcessTests.InvalidArgumentsAreRejected(&quot;a\nb&quot;)" methodname="InvalidArgumentsAreRejected" classname="AssemblyShadowDemo.EditorTests.H1EvidenceProcessTests" runstate="Runnable" seed="1814414089" result="Passed" start-time="2026-09-21 11:01:56Z" end-time="2026-09-21 11:01:56Z" duration="0.000049" asserts="0">
                <properties />
              </test-case>
              <test-case id="2275" name="InvalidArgumentsAreRejected(&quot;a\rb&quot;)" fullname="AssemblyShadowDemo.EditorTests.H1EvidenceProcessTests.InvalidArgumentsAreRejected(&quot;a\rb&quot;)" methodname="InvalidArgumentsAreRejected" classname="AssemblyShadowDemo.EditorTests.H1EvidenceProcessTests" runstate="Runnable" seed="1022807357" result="Passed" start-time="2026-09-21 11:01:56Z" end-time="2026-09-21 11:01:56Z" duration="0.000045" asserts="0">
                <properties />
              </test-case>
              <test-case id="2276" name="InvalidArgumentsAreRejected(&quot;a\0b&quot;)" fullname="AssemblyShadowDemo.EditorTests.H1EvidenceProcessTests.InvalidArgumentsAreRejected(&quot;a\0b&quot;)" methodname="InvalidArgumentsAreRejected" classname="AssemblyShadowDemo.EditorTests.H1EvidenceProcessTests" runstate="Runnable" seed="2132937599" result="Passed" start-time="2026-09-21 11:01:56Z" end-time="2026-09-21 11:01:56Z" duration="0.000049" asserts="0">
                <properties />
              </test-case>
            </test-suite>
          </test-suite>
          <test-suite type="TestFixture" id="2280" name="H1PchEvidenceProcessTests" fullname="AssemblyShadowDemo.EditorTests.H1PchEvidenceProcessTests" classname="AssemblyShadowDemo.EditorTests.H1PchEvidenceProcessTests" runstate="Runnable" testcasecount="4" result="Passed" start-time="2026-09-21 11:01:56Z" end-time="2026-09-21 11:01:56Z" duration="0.002059" total="4" passed="4" failed="0" inconclusive="0" skipped="0" asserts="0">
            <properties />
            <test-case id="2285" name="CompilerReceiptPreservesPchSidecarFields" fullname="AssemblyShadowDemo.EditorTests.H1PchEvidenceProcessTests.CompilerReceiptPreservesPchSidecarFields" methodname="CompilerReceiptPreservesPchSidecarFields" classname="AssemblyShadowDemo.EditorTests.H1PchEvidenceProcessTests" runstate="Runnable" seed="488805234" result="Passed" start-time="2026-09-21 11:01:56Z" end-time="2026-09-21 11:01:56Z" duration="0.000164" asserts="0">
              <properties />
            </test-case>
            <test-suite type="ParameterizedMethod" id="2284" name="InvalidTimeoutFailsBeforeStartingAnyProcess" fullname="AssemblyShadowDemo.EditorTests.H1PchEvidenceProcessTests.InvalidTimeoutFailsBeforeStartingAnyProcess" classname="AssemblyShadowDemo.EditorTests.H1PchEvidenceProcessTests" runstate="Runnable" testcasecount="3" result="Passed" start-time="2026-09-21 11:01:56Z" end-time="2026-09-21 11:01:56Z" duration="0.001316" total="3" passed="3" failed="0" inconclusive="0" skipped="0" asserts="0">
              <properties />
              <test-case id="2281" name="InvalidTimeoutFailsBeforeStartingAnyProcess(0)" fullname="AssemblyShadowDemo.EditorTests.H1PchEvidenceProcessTests.InvalidTimeoutFailsBeforeStartingAnyProcess(0)" methodname="InvalidTimeoutFailsBeforeStartingAnyProcess" classname="AssemblyShadowDemo.EditorTests.H1PchEvidenceProcessTests" runstate="Runnable" seed="1926286878" result="Passed" start-time="2026-09-21 11:01:56Z" end-time="2026-09-21 11:01:56Z" duration="0.000621" asserts="0">
                <properties />
              </test-case>
              <test-case id="2282" name="InvalidTimeoutFailsBeforeStartingAnyProcess(999)" fullname="AssemblyShadowDemo.EditorTests.H1PchEvidenceProcessTests.InvalidTimeoutFailsBeforeStartingAnyProcess(999)" methodname="InvalidTimeoutFailsBeforeStartingAnyProcess" classname="AssemblyShadowDemo.EditorTests.H1PchEvidenceProcessTests" runstate="Runnable" seed="1942813338" result="Passed" start-time="2026-09-21 11:01:56Z" end-time="2026-09-21 11:01:56Z" duration="0.000047" asserts="0">
                <properties />
              </test-case>
              <test-case id="2283" name="InvalidTimeoutFailsBeforeStartingAnyProcess(1800001)" fullname="AssemblyShadowDemo.EditorTests.H1PchEvidenceProcessTests.InvalidTimeoutFailsBeforeStartingAnyProcess(1800001)" methodname="InvalidTimeoutFailsBeforeStartingAnyProcess" classname="AssemblyShadowDemo.EditorTests.H1PchEvidenceProcessTests" runstate="Runnable" seed="1930544004" result="Passed" start-time="2026-09-21 11:01:56Z" end-time="2026-09-21 11:01:56Z" duration="0.000046" asserts="0">
                <properties />
              </test-case>
            </test-suite>
          </test-suite>
          <test-suite type="TestFixture" id="2286" name="H1WitnessRuntimeEvidenceTests" fullname="AssemblyShadowDemo.EditorTests.H1WitnessRuntimeEvidenceTests" classname="AssemblyShadowDemo.EditorTests.H1WitnessRuntimeEvidenceTests" runstate="Runnable" testcasecount="2" result="Passed" start-time="2026-09-21 11:01:56Z" end-time="2026-09-21 11:01:56Z" duration="0.001107" total="2" passed="2" failed="0" inconclusive="0" skipped="0" asserts="0">
            <properties />
            <test-case id="2287" name="DedicatedWitnessNegativeEvidenceSurvivesSerialization" fullname="AssemblyShadowDemo.EditorTests.H1WitnessRuntimeEvidenceTests.DedicatedWitnessNegativeEvidenceSurvivesSerialization" methodname="DedicatedWitnessNegativeEvidenceSurvivesSerialization" classname="AssemblyShadowDemo.EditorTests.H1WitnessRuntimeEvidenceTests" runstate="Runnable" seed="962842952" result="Passed" start-time="2026-09-21 11:01:56Z" end-time="2026-09-21 11:01:56Z" duration="0.000408" asserts="0">
              <properties />
            </test-case>
            <test-case id="2288" name="HistoricalOrIncompleteResultDoesNotDefaultToWitnessPass" fullname="AssemblyShadowDemo.EditorTests.H1WitnessRuntimeEvidenceTests.HistoricalOrIncompleteResultDoesNotDefaultToWitnessPass" methodname="HistoricalOrIncompleteResultDoesNotDefaultToWitnessPass" classname="AssemblyShadowDemo.EditorTests.H1WitnessRuntimeEvidenceTests" runstate="Runnable" seed="652010233" result="Passed" start-time="2026-09-21 11:01:56Z" end-time="2026-09-21 11:01:56Z" duration="0.000131" asserts="0">
              <properties />
            </test-case>
          </test-suite>
          <test-suite type="TestFixture" id="2289" name="M01EditorValidationTests" fullname="AssemblyShadowDemo.EditorTests.M01EditorValidationTests" classname="AssemblyShadowDemo.EditorTests.M01EditorValidationTests" runstate="Runnable" testcasecount="1" result="Passed" start-time="2026-09-21 11:01:56Z" end-time="2026-09-21 11:01:56Z" duration="0.015575" total="1" passed="1" failed="0" inconclusive="0" skipped="0" asserts="0">
            <properties />
            <test-case id="2290" name="M01EditorValidationPasses" fullname="AssemblyShadowDemo.EditorTests.M01EditorValidationTests.M01EditorValidationPasses" methodname="M01EditorValidationPasses" classname="AssemblyShadowDemo.EditorTests.M01EditorValidationTests" runstate="Runnable" seed="625359313" result="Passed" start-time="2026-09-21 11:01:56Z" end-time="2026-09-21 11:01:56Z" duration="0.015085" asserts="0">
              <properties />
              <output><![CDATA[[AssemblyShadow M01] Editor validation: {"runtimeEvidence":false,"passed":true,"tests":[{"name":"bootstrap_has_no_business_references","passed":true,"error":""},{"name":"baseline_aot_configuration","passed":true,"error":""},{"name":"asset_guids_and_serialized_values","passed":true,"error":""},{"name":"immutable_manifest_and_bundle_hashes","passed":true,"error":""},{"name":"patch_abi_when_present","passed":true,"error":""}]}
]]></output>
            </test-case>
          </test-suite>
          <test-suite type="TestFixture" id="2291" name="M02DependencyFixtureTests" fullname="AssemblyShadowDemo.EditorTests.M02DependencyFixtureTests" classname="AssemblyShadowDemo.EditorTests.M02DependencyFixtureTests" runstate="Runnable" testcasecount="2" result="Passed" start-time="2026-09-21 11:01:56Z" end-time="2026-09-21 11:01:56Z" duration="0.030081" total="2" passed="2" failed="0" inconclusive="0" skipped="0" asserts="0">
            <properties />
            <test-case id="2292" name="ActualAssemblyReferenceRetainsCompleteP03Closure" fullname="AssemblyShadowDemo.EditorTests.M02DependencyFixtureTests.ActualAssemblyReferenceRetainsCompleteP03Closure" methodname="ActualAssemblyReferenceRetainsCompleteP03Closure" classname="AssemblyShadowDemo.EditorTests.M02DependencyFixtureTests" runstate="Runnable" seed="1277052880" result="Passed" start-time="2026-09-21 11:01:56Z" end-time="2026-09-21 11:01:56Z" duration="0.017338" asserts="0">
              <properties />
            </test-case>
            <test-case id="2293" name="ModuleContractUsesAssemblyReferenceWithoutDuplicateDeclaration" fullname="AssemblyShadowDemo.EditorTests.M02DependencyFixtureTests.ModuleContractUsesAssemblyReferenceWithoutDuplicateDeclaration" methodname="ModuleContractUsesAssemblyReferenceWithoutDuplicateDeclaration" classname="AssemblyShadowDemo.EditorTests.M02DependencyFixtureTests" runstate="Runnable" seed="2019901055" result="Passed" start-time="2026-09-21 11:01:56Z" end-time="2026-09-21 11:01:56Z" duration="0.011766" asserts="0">
              <properties />
            </test-case>
          </test-suite>
          <test-suite type="TestFixture" id="2294" name="M02ReflectionBindingValidationTests" fullname="AssemblyShadowDemo.EditorTests.M02ReflectionBindingValidationTests" classname="AssemblyShadowDemo.EditorTests.M02ReflectionBindingValidationTests" runstate="Runnable" testcasecount="3" result="Passed" start-time="2026-09-21 11:01:56Z" end-time="2026-09-21 11:01:56Z" duration="0.169499" total="3" passed="3" failed="0" inconclusive="0" skipped="0" asserts="0">
            <properties />
            <test-case id="2296" name="EditorDomainRemainsUnmodified" fullname="AssemblyShadowDemo.EditorTests.M02ReflectionBindingValidationTests.EditorDomainRemainsUnmodified" methodname="EditorDomainRemainsUnmodified" classname="AssemblyShadowDemo.EditorTests.M02ReflectionBindingValidationTests" runstate="Runnable" seed="1791135315" result="Passed" start-time="2026-09-21 11:01:56Z" end-time="2026-09-21 11:01:56Z" duration="0.034025" asserts="0">
              <properties />
            </test-case>
            <test-case id="2295" name="FiniteDomainMatchesActualSerializedPrefab" fullname="AssemblyShadowDemo.EditorTests.M02ReflectionBindingValidationTests.FiniteDomainMatchesActualSerializedPrefab" methodname="FiniteDomainMatchesActualSerializedPrefab" classname="AssemblyShadowDemo.EditorTests.M02ReflectionBindingValidationTests" runstate="Runnable" seed="2081673134" result="Passed" start-time="2026-09-21 11:01:56Z" end-time="2026-09-21 11:01:56Z" duration="0.132208" asserts="0">
              <properties />
              <output><![CDATA[[AssemblyShadow M02] All 26 serialized URP prefab type names match the finite Player contract.
]]></output>
            </test-case>
            <test-case id="2297" name="RuntimeProbeRejectsSiteSetAndH1WitnessMutations" fullname="AssemblyShadowDemo.EditorTests.M02ReflectionBindingValidationTests.RuntimeProbeRejectsSiteSetAndH1WitnessMutations" methodname="RuntimeProbeRejectsSiteSetAndH1WitnessMutations" classname="AssemblyShadowDemo.EditorTests.M02ReflectionBindingValidationTests" runstate="Runnable" seed="2097122877" result="Passed" start-time="2026-09-21 11:01:56Z" end-time="2026-09-21 11:01:56Z" duration="0.002028" asserts="0">
              <properties />
            </test-case>
          </test-suite>
          <test-suite type="TestFixture" id="2298" name="M02StructuralPatchCompilationTests" fullname="AssemblyShadowDemo.EditorTests.M02StructuralPatchCompilationTests" classname="AssemblyShadowDemo.EditorTests.M02StructuralPatchCompilationTests" runstate="Runnable" testcasecount="22" result="Passed" start-time="2026-09-21 11:01:56Z" end-time="2026-09-21 11:01:56Z" duration="0.019119" total="22" passed="22" failed="0" inconclusive="0" skipped="0" asserts="0">
            <properties />
            <test-suite type="ParameterizedMethod" id="2317" name="ByteRestoreAllowsOnlyRecordedTargetSerialization" fullname="AssemblyShadowDemo.EditorTests.M02StructuralPatchCompilationTests.ByteRestoreAllowsOnlyRecordedTargetSerialization" classname="AssemblyShadowDemo.EditorTests.M02StructuralPatchCompilationTests" runstate="Runnable" testcasecount="5" result="Passed" start-time="2026-09-21 11:01:56Z" end-time="2026-09-21 11:01:56Z" duration="0.003380" total="5" passed="5" failed="0" inconclusive="0" skipped="0" asserts="0">
              <properties />
              <test-case id="2312" name="ByteRestoreAllowsOnlyRecordedTargetSerialization(&quot;  scriptingDefineSymbols: {}\n&quot;,&quot;  scriptingDefineSymbols:\n    Standalone: \n&quot;,&quot;&quot;,&quot;&quot;)" fullname="AssemblyShadowDemo.EditorTests.M02StructuralPatchCompilationTests.ByteRestoreAllowsOnlyRecordedTargetSerialization(&quot;  scriptingDefineSymbols: {}\n&quot;,&quot;  scriptingDefineSymbols:\n    Standalone: \n&quot;,&quot;&quot;,&quot;&quot;)" methodname="ByteRestoreAllowsOnlyRecordedTargetSerialization" classname="AssemblyShadowDemo.EditorTests.M02StructuralPatchCompilationTests" runstate="Runnable" seed="949675750" result="Passed" start-time="2026-09-21 11:01:56Z" end-time="2026-09-21 11:01:56Z" duration="0.001914" asserts="0">
                <properties />
              </test-case>
              <test-case id="2313" name="ByteRestoreAllowsOnlyRecordedTargetSerialization(&quot;  scriptingDefineSymbols: {}\n&quot;,&quot;  scriptingDefineSymbols:\n    Standalone: ASSEMBLY_SHADOW_P05\n&quot;,&quot;&quot;,&quot;ASSEMBLY_SHADOW_P05&quot;)" fullname="AssemblyShadowDemo.EditorTests.M02StructuralPatchCompilationTests.ByteRestoreAllowsOnlyRecordedTargetSerialization(&quot;  scriptingDefineSymbols: {}\n&quot;,&quot;  scriptingDefineSymbols:\n    Standalone: ASSEMBLY_SHADOW_P05\n&quot;,&quot;&quot;,&quot;ASSEMBLY_SHADOW_P05&quot;)" methodname="ByteRestoreAllowsOnlyRecordedTargetSerialization" classname="AssemblyShadowDemo.EditorTests.M02StructuralPatchCompilationTests" runstate="Runnable" seed="63568533" result="Passed" start-time="2026-09-21 11:01:56Z" end-time="2026-09-21 11:01:56Z" duration="0.000093" asserts="0">
                <properties />
              </test-case>
              <test-case id="2314" name="ByteRestoreAllowsOnlyRecordedTargetSerialization(&quot;  scriptingDefineSymbols:\n    Android: MOBILE;USER\n&quot;,&quot;  scriptingDefineSymbols:\n    Android: MOBILE;USER\n    Standalone: \n&quot;,&quot;&quot;,&quot;&quot;)" fullname="AssemblyShadowDemo.EditorTests.M02StructuralPatchCompilationTests.ByteRestoreAllowsOnlyRecordedTargetSerialization(&quot;  scriptingDefineSymbols:\n    Android: MOBILE;USER\n&quot;,&quot;  scriptingDefineSymbols:\n    Android: MOBILE;USER\n    Standalone: \n&quot;,&quot;&quot;,&quot;&quot;)" methodname="ByteRestoreAllowsOnlyRecordedTargetSerialization" classname="AssemblyShadowDemo.EditorTests.M02StructuralPatchCompilationTests" runstate="Runnable" seed="1183145051" result="Passed" start-time="2026-09-21 11:01:56Z" end-time="2026-09-21 11:01:56Z" duration="0.000096" asserts="0">
                <properties />
              </test-case>
              <test-case id="2315" name="ByteRestoreAllowsOnlyRecordedTargetSerialization(&quot;  scriptingDefineSymbols:\n    Standalone: USER_FIRST;USER_SECOND\n    Android: MOBILE\n&quot;,&quot;  scriptingDefineSymbols:\n    Standalone: USER_FIRST;USER_SECOND;ASSEMBLY_SHADOW_P05\n    Android: MOBILE\n&quot;,&quot;USER_FIRST;USER_SECOND&quot;,&quot;USER_FIRST;USER_SECOND;ASSEMBLY_SHADOW_P05&quot;)" fullname="AssemblyShadowDemo.EditorTests.M02StructuralPatchCompilationTests.ByteRestoreAllowsOnlyRecordedTargetSerialization(&quot;  scriptingDefineSymbols:\n    Standalone: USER_FIRST;USER_SECOND\n    Android: MOBILE\n&quot;,&quot;  scriptingDefineSymbols:\n    Standalone: USER_FIRST;USER_SECOND;ASSEMBLY_SHADOW_P05\n    Android: MOBILE\n&quot;,&quot;USER_FIRST;USER_SECOND&quot;,&quot;USER_FIRST;USER_SECOND;ASSEMBLY_SHADOW_P05&quot;)" methodname="ByteRestoreAllowsOnlyRecordedTargetSerialization" classname="AssemblyShadowDemo.EditorTests.M02StructuralPatchCompilationTests" runstate="Runnable" seed="632751313" result="Passed" start-time="2026-09-21 11:01:56Z" end-time="2026-09-21 11:01:56Z" duration="0.000107" asserts="0">
                <properties />
              </test-case>
              <test-case id="2316" name="ByteRestoreAllowsOnlyRecordedTargetSerialization(&quot;  scriptingDefineSymbols:\n    Standalone: USER\n&quot;,&quot;  scriptingDefineSymbols:\n    Standalone: USER\n&quot;,&quot;USER&quot;,&quot;USER&quot;)" fullname="AssemblyShadowDemo.EditorTests.M02StructuralPatchCompilationTests.ByteRestoreAllowsOnlyRecordedTargetSerialization(&quot;  scriptingDefineSymbols:\n    Standalone: USER\n&quot;,&quot;  scriptingDefineSymbols:\n    Standalone: USER\n&quot;,&quot;USER&quot;,&quot;USER&quot;)" methodname="ByteRestoreAllowsOnlyRecordedTargetSerialization" classname="AssemblyShadowDemo.EditorTests.M02StructuralPatchCompilationTests" runstate="Runnable" seed="807907671" result="Passed" start-time="2026-09-21 11:01:56Z" end-time="2026-09-21 11:01:56Z" duration="0.000075" asserts="0">
                <properties />
              </test-case>
            </test-suite>
            <test-case id="2325" name="ByteRestoreCannotDeleteOriginalNonemptyTargetEntry" fullname="AssemblyShadowDemo.EditorTests.M02StructuralPatchCompilationTests.ByteRestoreCannotDeleteOriginalNonemptyTargetEntry" methodname="ByteRestoreCannotDeleteOriginalNonemptyTargetEntry" classname="AssemblyShadowDemo.EditorTests.M02StructuralPatchCompilationTests" runstate="Runnable" seed="593223878" result="Passed" start-time="2026-09-21 11:01:56Z" end-time="2026-09-21 11:01:56Z" duration="0.001546" asserts="0">
              <properties />
            </test-case>
            <test-case id="2318" name="ByteRestorePreservesBomAndWindowsNewlines" fullname="AssemblyShadowDemo.EditorTests.M02StructuralPatchCompilationTests.ByteRestorePreservesBomAndWindowsNewlines" methodname="ByteRestorePreservesBomAndWindowsNewlines" classname="AssemblyShadowDemo.EditorTests.M02StructuralPatchCompilationTests" runstate="Runnable" seed="1135312622" result="Passed" start-time="2026-09-21 11:01:56Z" end-time="2026-09-21 11:01:56Z" duration="0.000326" asserts="0">
              <properties />
            </test-case>
            <test-case id="2319" name="ByteRestoreRejectsConcurrentUnrelatedSettingsChanges" fullname="AssemblyShadowDemo.EditorTests.M02StructuralPatchCompilationTests.ByteRestoreRejectsConcurrentUnrelatedSettingsChanges" methodname="ByteRestoreRejectsConcurrentUnrelatedSettingsChanges" classname="AssemblyShadowDemo.EditorTests.M02StructuralPatchCompilationTests" runstate="Runnable" seed="1750144767" result="Passed" start-time="2026-09-21 11:01:56Z" end-time="2026-09-21 11:01:56Z" duration="0.000381" asserts="0">
              <properties />
            </test-case>
            <test-suite type="ParameterizedMethod" id="2324" name="ByteRestoreRejectsUnexpectedDefineValueOrYamlShape" fullname="AssemblyShadowDemo.EditorTests.M02StructuralPatchCompilationTests.ByteRestoreRejectsUnexpectedDefineValueOrYamlShape" classname="AssemblyShadowDemo.EditorTests.M02StructuralPatchCompilationTests" runstate="Runnable" testcasecount="4" result="Passed" start-time="2026-09-21 11:01:56Z" end-time="2026-09-21 11:01:56Z" duration="0.001472" total="4" passed="4" failed="0" inconclusive="0" skipped="0" asserts="0">
              <properties />
              <test-case id="2320" name="ByteRestoreRejectsUnexpectedDefineValueOrYamlShape(&quot;  scriptingDefineSymbols:\n    Standalone: CONCURRENT\n&quot;,&quot;StructuralSettingsDefines&quot;)" fullname="AssemblyShadowDemo.EditorTests.M02StructuralPatchCompilationTests.ByteRestoreRejectsUnexpectedDefineValueOrYamlShape(&quot;  scriptingDefineSymbols:\n    Standalone: CONCURRENT\n&quot;,&quot;StructuralSettingsDefines&quot;)" methodname="ByteRestoreRejectsUnexpectedDefineValueOrYamlShape" classname="AssemblyShadowDemo.EditorTests.M02StructuralPatchCompilationTests" runstate="Runnable" seed="517870691" result="Passed" start-time="2026-09-21 11:01:56Z" end-time="2026-09-21 11:01:56Z" duration="0.000208" asserts="0">
                <properties />
              </test-case>
              <test-case id="2321" name="ByteRestoreRejectsUnexpectedDefineValueOrYamlShape(&quot;  scriptingDefineSymbols:\n    Standalone: \n    Standalone: \n&quot;,&quot;StructuralSettingsShape&quot;)" fullname="AssemblyShadowDemo.EditorTests.M02StructuralPatchCompilationTests.ByteRestoreRejectsUnexpectedDefineValueOrYamlShape(&quot;  scriptingDefineSymbols:\n    Standalone: \n    Standalone: \n&quot;,&quot;StructuralSettingsShape&quot;)" methodname="ByteRestoreRejectsUnexpectedDefineValueOrYamlShape" classname="AssemblyShadowDemo.EditorTests.M02StructuralPatchCompilationTests" runstate="Runnable" seed="1800686567" result="Passed" start-time="2026-09-21 11:01:56Z" end-time="2026-09-21 11:01:56Z" duration="0.000104" asserts="0">
                <properties />
              </test-case>
              <test-case id="2322" name="ByteRestoreRejectsUnexpectedDefineValueOrYamlShape(&quot;  scriptingDefineSymbols: {}\n  scriptingDefineSymbols: {}\n&quot;,&quot;StructuralSettingsShape&quot;)" fullname="AssemblyShadowDemo.EditorTests.M02StructuralPatchCompilationTests.ByteRestoreRejectsUnexpectedDefineValueOrYamlShape(&quot;  scriptingDefineSymbols: {}\n  scriptingDefineSymbols: {}\n&quot;,&quot;StructuralSettingsShape&quot;)" methodname="ByteRestoreRejectsUnexpectedDefineValueOrYamlShape" classname="AssemblyShadowDemo.EditorTests.M02StructuralPatchCompilationTests" runstate="Runnable" seed="425315621" result="Passed" start-time="2026-09-21 11:01:56Z" end-time="2026-09-21 11:01:56Z" duration="0.000092" asserts="0">
                <properties />
              </test-case>
              <test-case id="2323" name="ByteRestoreRejectsUnexpectedDefineValueOrYamlShape(&quot;  scriptingDefineSymbols:\n    Standalone:\n      - USER\n&quot;,&quot;StructuralSettingsShape&quot;)" fullname="AssemblyShadowDemo.EditorTests.M02StructuralPatchCompilationTests.ByteRestoreRejectsUnexpectedDefineValueOrYamlShape(&quot;  scriptingDefineSymbols:\n    Standalone:\n      - USER\n&quot;,&quot;StructuralSettingsShape&quot;)" methodname="ByteRestoreRejectsUnexpectedDefineValueOrYamlShape" classname="AssemblyShadowDemo.EditorTests.M02StructuralPatchCompilationTests" runstate="Runnable" seed="2034638557" result="Passed" start-time="2026-09-21 11:01:56Z" end-time="2026-09-21 11:01:56Z" duration="0.000202" asserts="0">
                <properties />
              </test-case>
            </test-suite>
            <test-suite type="ParameterizedMethod" id="2305" name="PreexistingPatchSymbolsRequireExplicitUserResolution" fullname="AssemblyShadowDemo.EditorTests.M02StructuralPatchCompilationTests.PreexistingPatchSymbolsRequireExplicitUserResolution" classname="AssemblyShadowDemo.EditorTests.M02StructuralPatchCompilationTests" runstate="Runnable" testcasecount="3" result="Passed" start-time="2026-09-21 11:01:56Z" end-time="2026-09-21 11:01:56Z" duration="0.001341" total="3" passed="3" failed="0" inconclusive="0" skipped="0" asserts="0">
              <properties />
              <test-case id="2302" name="PreexistingPatchSymbolsRequireExplicitUserResolution(&quot;ASSEMBLY_SHADOW_P01&quot;)" fullname="AssemblyShadowDemo.EditorTests.M02StructuralPatchCompilationTests.PreexistingPatchSymbolsRequireExplicitUserResolution(&quot;ASSEMBLY_SHADOW_P01&quot;)" methodname="PreexistingPatchSymbolsRequireExplicitUserResolution" classname="AssemblyShadowDemo.EditorTests.M02StructuralPatchCompilationTests" runstate="Runnable" seed="611970086" result="Passed" start-time="2026-09-21 11:01:56Z" end-time="2026-09-21 11:01:56Z" duration="0.000543" asserts="0">
                <properties />
              </test-case>
              <test-case id="2303" name="PreexistingPatchSymbolsRequireExplicitUserResolution(&quot;USER;ASSEMBLY_SHADOW_P05&quot;)" fullname="AssemblyShadowDemo.EditorTests.M02StructuralPatchCompilationTests.PreexistingPatchSymbolsRequireExplicitUserResolution(&quot;USER;ASSEMBLY_SHADOW_P05&quot;)" methodname="PreexistingPatchSymbolsRequireExplicitUserResolution" classname="AssemblyShadowDemo.EditorTests.M02StructuralPatchCompilationTests" runstate="Runnable" seed="992225464" result="Passed" start-time="2026-09-21 11:01:56Z" end-time="2026-09-21 11:01:56Z" duration="0.000083" asserts="0">
                <properties />
              </test-case>
              <test-case id="2304" name="PreexistingPatchSymbolsRequireExplicitUserResolution(&quot;ASSEMBLY_SHADOW_P99&quot;)" fullname="AssemblyShadowDemo.EditorTests.M02StructuralPatchCompilationTests.PreexistingPatchSymbolsRequireExplicitUserResolution(&quot;ASSEMBLY_SHADOW_P99&quot;)" methodname="PreexistingPatchSymbolsRequireExplicitUserResolution" classname="AssemblyShadowDemo.EditorTests.M02StructuralPatchCompilationTests" runstate="Runnable" seed="235619874" result="Passed" start-time="2026-09-21 11:01:56Z" end-time="2026-09-21 11:01:56Z" duration="0.000080" asserts="0">
                <properties />
              </test-case>
            </test-suite>
            <test-case id="2310" name="RecoveryHandlesFailureBeforeAndAfterSettingsMutation" fullname="AssemblyShadowDemo.EditorTests.M02StructuralPatchCompilationTests.RecoveryHandlesFailureBeforeAndAfterSettingsMutation" methodname="RecoveryHandlesFailureBeforeAndAfterSettingsMutation" classname="AssemblyShadowDemo.EditorTests.M02StructuralPatchCompilationTests" runstate="Runnable" seed="1704551755" result="Passed" start-time="2026-09-21 11:01:56Z" end-time="2026-09-21 11:01:56Z" duration="0.000597" asserts="0">
              <properties />
            </test-case>
            <test-case id="2311" name="RunArgumentRequiresOneExistingImmediateGuidChild" fullname="AssemblyShadowDemo.EditorTests.M02StructuralPatchCompilationTests.RunArgumentRequiresOneExistingImmediateGuidChild" methodname="RunArgumentRequiresOneExistingImmediateGuidChild" classname="AssemblyShadowDemo.EditorTests.M02StructuralPatchCompilationTests" runstate="Runnable" seed="2108747170" result="Passed" start-time="2026-09-21 11:01:56Z" end-time="2026-09-21 11:01:56Z" duration="0.005150" asserts="0">
              <properties />
            </test-case>
            <test-suite type="ParameterizedMethod" id="2309" name="StagingNeverSilentlyNormalizesUserDefines" fullname="AssemblyShadowDemo.EditorTests.M02StructuralPatchCompilationTests.StagingNeverSilentlyNormalizesUserDefines" classname="AssemblyShadowDemo.EditorTests.M02StructuralPatchCompilationTests" runstate="Runnable" testcasecount="3" result="Passed" start-time="2026-09-21 11:01:56Z" end-time="2026-09-21 11:01:56Z" duration="0.000997" total="3" passed="3" failed="0" inconclusive="0" skipped="0" asserts="0">
              <properties />
              <test-case id="2306" name="StagingNeverSilentlyNormalizesUserDefines(&quot;USER;USER&quot;)" fullname="AssemblyShadowDemo.EditorTests.M02StructuralPatchCompilationTests.StagingNeverSilentlyNormalizesUserDefines(&quot;USER;USER&quot;)" methodname="StagingNeverSilentlyNormalizesUserDefines" classname="AssemblyShadowDemo.EditorTests.M02StructuralPatchCompilationTests" runstate="Runnable" seed="1958829995" result="Passed" start-time="2026-09-21 11:01:56Z" end-time="2026-09-21 11:01:56Z" duration="0.000176" asserts="0">
                <properties />
              </test-case>
              <test-case id="2307" name="StagingNeverSilentlyNormalizesUserDefines(&quot;USER; OTHER&quot;)" fullname="AssemblyShadowDemo.EditorTests.M02StructuralPatchCompilationTests.StagingNeverSilentlyNormalizesUserDefines(&quot;USER; OTHER&quot;)" methodname="StagingNeverSilentlyNormalizesUserDefines" classname="AssemblyShadowDemo.EditorTests.M02StructuralPatchCompilationTests" runstate="Runnable" seed="2093278704" result="Passed" start-time="2026-09-21 11:01:56Z" end-time="2026-09-21 11:01:56Z" duration="0.000069" asserts="0">
                <properties />
              </test-case>
              <test-case id="2308" name="StagingNeverSilentlyNormalizesUserDefines(&quot;USER;&quot;)" fullname="AssemblyShadowDemo.EditorTests.M02StructuralPatchCompilationTests.StagingNeverSilentlyNormalizesUserDefines(&quot;USER;&quot;)" methodname="StagingNeverSilentlyNormalizesUserDefines" classname="AssemblyShadowDemo.EditorTests.M02StructuralPatchCompilationTests" runstate="Runnable" seed="983451907" result="Passed" start-time="2026-09-21 11:01:56Z" end-time="2026-09-21 11:01:56Z" duration="0.000065" asserts="0">
                <properties />
              </test-case>
            </test-suite>
            <test-suite type="ParameterizedMethod" id="2301" name="StagingPreservesOriginalDefineOrder" fullname="AssemblyShadowDemo.EditorTests.M02StructuralPatchCompilationTests.StagingPreservesOriginalDefineOrder" classname="AssemblyShadowDemo.EditorTests.M02StructuralPatchCompilationTests" runstate="Runnable" testcasecount="2" result="Passed" start-time="2026-09-21 11:01:56Z" end-time="2026-09-21 11:01:56Z" duration="0.000577" total="2" passed="2" failed="0" inconclusive="0" skipped="0" asserts="0">
              <properties />
              <test-case id="2299" name="StagingPreservesOriginalDefineOrder(&quot;&quot;,&quot;ASSEMBLY_SHADOW_P05&quot;)" fullname="AssemblyShadowDemo.EditorTests.M02StructuralPatchCompilationTests.StagingPreservesOriginalDefineOrder(&quot;&quot;,&quot;ASSEMBLY_SHADOW_P05&quot;)" methodname="StagingPreservesOriginalDefineOrder" classname="AssemblyShadowDemo.EditorTests.M02StructuralPatchCompilationTests" runstate="Runnable" seed="1618381901" result="Passed" start-time="2026-09-21 11:01:56Z" end-time="2026-09-21 11:01:56Z" duration="0.000083" asserts="0">
                <properties />
              </test-case>
              <test-case id="2300" name="StagingPreservesOriginalDefineOrder(&quot;USER_FIRST;USER_SECOND&quot;,&quot;USER_FIRST;USER_SECOND;ASSEMBLY_SHADOW_P05&quot;)" fullname="AssemblyShadowDemo.EditorTests.M02StructuralPatchCompilationTests.StagingPreservesOriginalDefineOrder(&quot;USER_FIRST;USER_SECOND&quot;,&quot;USER_FIRST;USER_SECOND;ASSEMBLY_SHADOW_P05&quot;)" methodname="StagingPreservesOriginalDefineOrder" classname="AssemblyShadowDemo.EditorTests.M02StructuralPatchCompilationTests" runstate="Runnable" seed="1888992519" result="Passed" start-time="2026-09-21 11:01:56Z" end-time="2026-09-21 11:01:56Z" duration="0.000052" asserts="0">
                <properties />
              </test-case>
            </test-suite>
          </test-suite>
          <test-suite type="TestFixture" id="2326" name="M03CompilerLibraryTests" fullname="AssemblyShadowDemo.EditorTests.M03CompilerLibraryTests" classname="AssemblyShadowDemo.EditorTests.M03CompilerLibraryTests" runstate="Runnable" testcasecount="8" result="Passed" start-time="2026-09-21 11:01:56Z" end-time="2026-09-21 11:01:58Z" duration="1.306254" total="8" passed="8" failed="0" inconclusive="0" skipped="0" asserts="0">
            <properties />
            <test-case id="2328" name="CapturedInputRoleCanMatchButFilteredRoleCannot" fullname="AssemblyShadowDemo.EditorTests.M03CompilerLibraryTests.CapturedInputRoleCanMatchButFilteredRoleCannot" methodname="CapturedInputRoleCanMatchButFilteredRoleCannot" classname="AssemblyShadowDemo.EditorTests.M03CompilerLibraryTests" runstate="Runnable" seed="1462903961" result="Passed" start-time="2026-09-21 11:01:56Z" end-time="2026-09-21 11:01:56Z" duration="0.147466" asserts="0">
              <properties />
            </test-case>
            <test-case id="2329" name="ChangedCapturedBytesFailEvenAfterSelfRehashing" fullname="AssemblyShadowDemo.EditorTests.M03CompilerLibraryTests.ChangedCapturedBytesFailEvenAfterSelfRehashing" methodname="ChangedCapturedBytesFailEvenAfterSelfRehashing" classname="AssemblyShadowDemo.EditorTests.M03CompilerLibraryTests" runstate="Runnable" seed="448561047" result="Passed" start-time="2026-09-21 11:01:56Z" end-time="2026-09-21 11:01:57Z" duration="0.164584" asserts="0">
              <properties />
            </test-case>
            <test-case id="2330" name="ChangedInstalledBytesFailEvenWithSameAssemblyIdentity" fullname="AssemblyShadowDemo.EditorTests.M03CompilerLibraryTests.ChangedInstalledBytesFailEvenWithSameAssemblyIdentity" methodname="ChangedInstalledBytesFailEvenWithSameAssemblyIdentity" classname="AssemblyShadowDemo.EditorTests.M03CompilerLibraryTests" runstate="Runnable" seed="1136485258" result="Passed" start-time="2026-09-21 11:01:57Z" end-time="2026-09-21 11:01:57Z" duration="0.119332" asserts="0">
              <properties />
            </test-case>
            <test-case id="2331" name="ConflictingCompilerLocationsAreRejected" fullname="AssemblyShadowDemo.EditorTests.M03CompilerLibraryTests.ConflictingCompilerLocationsAreRejected" methodname="ConflictingCompilerLocationsAreRejected" classname="AssemblyShadowDemo.EditorTests.M03CompilerLibraryTests" runstate="Runnable" seed="2058896888" result="Passed" start-time="2026-09-21 11:01:57Z" end-time="2026-09-21 11:01:57Z" duration="0.185719" asserts="0">
              <properties />
            </test-case>
            <test-case id="2327" name="InstalledCompilerBytesAndIdentityProduceBoundEvidence" fullname="AssemblyShadowDemo.EditorTests.M03CompilerLibraryTests.InstalledCompilerBytesAndIdentityProduceBoundEvidence" methodname="InstalledCompilerBytesAndIdentityProduceBoundEvidence" classname="AssemblyShadowDemo.EditorTests.M03CompilerLibraryTests" runstate="Runnable" seed="1572984773" result="Passed" start-time="2026-09-21 11:01:57Z" end-time="2026-09-21 11:01:57Z" duration="0.187268" asserts="0">
              <properties />
            </test-case>
            <test-case id="2332" name="InstalledFileNeedsActualCompilerMembershipAndExternalNamesGrantNothing" fullname="AssemblyShadowDemo.EditorTests.M03CompilerLibraryTests.InstalledFileNeedsActualCompilerMembershipAndExternalNamesGrantNothing" methodname="InstalledFileNeedsActualCompilerMembershipAndExternalNamesGrantNothing" classname="AssemblyShadowDemo.EditorTests.M03CompilerLibraryTests" runstate="Runnable" seed="1445666243" result="Passed" start-time="2026-09-21 11:01:57Z" end-time="2026-09-21 11:01:57Z" duration="0.196708" asserts="0">
              <properties />
            </test-case>
            <test-case id="2334" name="ProductionEntryRequiresVerifiedTargetFrameworkBinding" fullname="AssemblyShadowDemo.EditorTests.M03CompilerLibraryTests.ProductionEntryRequiresVerifiedTargetFrameworkBinding" methodname="ProductionEntryRequiresVerifiedTargetFrameworkBinding" classname="AssemblyShadowDemo.EditorTests.M03CompilerLibraryTests" runstate="Runnable" seed="641685961" result="Passed" start-time="2026-09-21 11:01:57Z" end-time="2026-09-21 11:01:57Z" duration="0.075037" asserts="0">
              <properties />
            </test-case>
            <test-case id="2333" name="SnapshotHashRoleAndIdentityAreChecked" fullname="AssemblyShadowDemo.EditorTests.M03CompilerLibraryTests.SnapshotHashRoleAndIdentityAreChecked" methodname="SnapshotHashRoleAndIdentityAreChecked" classname="AssemblyShadowDemo.EditorTests.M03CompilerLibraryTests" runstate="Runnable" seed="222586129" result="Passed" start-time="2026-09-21 11:01:57Z" end-time="2026-09-21 11:01:58Z" duration="0.228027" asserts="0">
              <properties />
            </test-case>
          </test-suite>
          <test-suite type="TestFixture" id="2335" name="M03DiagnosticSchemaTests" fullname="AssemblyShadowDemo.EditorTests.M03DiagnosticSchemaTests" classname="AssemblyShadowDemo.EditorTests.M03DiagnosticSchemaTests" runstate="Runnable" testcasecount="7" result="Passed" start-time="2026-09-21 11:01:58Z" end-time="2026-09-21 11:01:58Z" duration="0.111271" total="7" passed="7" failed="0" inconclusive="0" skipped="0" asserts="0">
            <properties />
            <test-case id="2336" name="ActualDiagnosticMetadataSurvivesWithDifferentMvid" fullname="AssemblyShadowDemo.EditorTests.M03DiagnosticSchemaTests.ActualDiagnosticMetadataSurvivesWithDifferentMvid" methodname="ActualDiagnosticMetadataSurvivesWithDifferentMvid" classname="AssemblyShadowDemo.EditorTests.M03DiagnosticSchemaTests" runstate="Runnable" seed="662766486" result="Passed" start-time="2026-09-21 11:01:58Z" end-time="2026-09-21 11:01:58Z" duration="0.017501" asserts="0">
              <properties />
            </test-case>
            <test-case id="2342" name="BothBuildAndReplayCheckTheLinkedSchema" fullname="AssemblyShadowDemo.EditorTests.M03DiagnosticSchemaTests.BothBuildAndReplayCheckTheLinkedSchema" methodname="BothBuildAndReplayCheckTheLinkedSchema" classname="AssemblyShadowDemo.EditorTests.M03DiagnosticSchemaTests" runstate="Runnable" seed="1278428673" result="Passed" start-time="2026-09-21 11:01:58Z" end-time="2026-09-21 11:01:58Z" duration="0.001636" asserts="0">
              <properties />
            </test-case>
            <test-case id="2339" name="ChangedTypeFlagsAndExtraFieldsAreRejected" fullname="AssemblyShadowDemo.EditorTests.M03DiagnosticSchemaTests.ChangedTypeFlagsAndExtraFieldsAreRejected" methodname="ChangedTypeFlagsAndExtraFieldsAreRejected" classname="AssemblyShadowDemo.EditorTests.M03DiagnosticSchemaTests" runstate="Runnable" seed="1417914323" result="Passed" start-time="2026-09-21 11:01:58Z" end-time="2026-09-21 11:01:58Z" duration="0.005889" asserts="0">
              <properties />
            </test-case>
            <test-case id="2337" name="EveryRemovedSchemaFieldIsRejected" fullname="AssemblyShadowDemo.EditorTests.M03DiagnosticSchemaTests.EveryRemovedSchemaFieldIsRejected" methodname="EveryRemovedSchemaFieldIsRejected" classname="AssemblyShadowDemo.EditorTests.M03DiagnosticSchemaTests" runstate="Runnable" seed="742360886" result="Passed" start-time="2026-09-21 11:01:58Z" end-time="2026-09-21 11:01:58Z" duration="0.072600" asserts="0">
              <properties />
            </test-case>
            <test-case id="2338" name="MissingNestedTypeIsRejected" fullname="AssemblyShadowDemo.EditorTests.M03DiagnosticSchemaTests.MissingNestedTypeIsRejected" methodname="MissingNestedTypeIsRejected" classname="AssemblyShadowDemo.EditorTests.M03DiagnosticSchemaTests" runstate="Runnable" seed="600418343" result="Passed" start-time="2026-09-21 11:01:58Z" end-time="2026-09-21 11:01:58Z" duration="0.005272" asserts="0">
              <properties />
            </test-case>
            <test-case id="2340" name="NewReachableDtoIsComparedWithoutUpdatingAnAllowlist" fullname="AssemblyShadowDemo.EditorTests.M03DiagnosticSchemaTests.NewReachableDtoIsComparedWithoutUpdatingAnAllowlist" methodname="NewReachableDtoIsComparedWithoutUpdatingAnAllowlist" classname="AssemblyShadowDemo.EditorTests.M03DiagnosticSchemaTests" runstate="Runnable" seed="876589377" result="Passed" start-time="2026-09-21 11:01:58Z" end-time="2026-09-21 11:01:58Z" duration="0.004505" asserts="0">
              <properties />
            </test-case>
            <test-case id="2341" name="WrongRuntimeAndClaimlessSnapshotAreRejected" fullname="AssemblyShadowDemo.EditorTests.M03DiagnosticSchemaTests.WrongRuntimeAndClaimlessSnapshotAreRejected" methodname="WrongRuntimeAndClaimlessSnapshotAreRejected" classname="AssemblyShadowDemo.EditorTests.M03DiagnosticSchemaTests" runstate="Runnable" seed="474125848" result="Passed" start-time="2026-09-21 11:01:58Z" end-time="2026-09-21 11:01:58Z" duration="0.001078" asserts="0">
              <properties />
            </test-case>
          </test-suite>
          <test-suite type="TestFixture" id="2343" name="M03TransactionTests" fullname="AssemblyShadowDemo.EditorTests.M03TransactionTests" classname="AssemblyShadowDemo.EditorTests.M03TransactionTests" runstate="Runnable" testcasecount="20" result="Passed" start-time="2026-09-21 11:01:58Z" end-time="2026-09-21 11:01:58Z" duration="0.029806" total="20" passed="20" failed="0" inconclusive="0" skipped="0" asserts="0">
            <properties />
            <test-case id="2350" name="AllDeclaredOperationsReturnErrorCodesAndEditorNeverSimulatesSuccess" fullname="AssemblyShadowDemo.EditorTests.M03TransactionTests.AllDeclaredOperationsReturnErrorCodesAndEditorNeverSimulatesSuccess" methodname="AllDeclaredOperationsReturnErrorCodesAndEditorNeverSimulatesSuccess" classname="AssemblyShadowDemo.EditorTests.M03TransactionTests" runstate="Runnable" seed="2141133346" result="Passed" start-time="2026-09-21 11:01:58Z" end-time="2026-09-21 11:01:58Z" duration="0.002211" asserts="0">
              <properties />
            </test-case>
            <test-case id="2346" name="BootstrapUsesStringBoundaryAndNoCandidateTypeTokens" fullname="AssemblyShadowDemo.EditorTests.M03TransactionTests.BootstrapUsesStringBoundaryAndNoCandidateTypeTokens" methodname="BootstrapUsesStringBoundaryAndNoCandidateTypeTokens" classname="AssemblyShadowDemo.EditorTests.M03TransactionTests" runstate="Runnable" seed="881482574" result="Passed" start-time="2026-09-21 11:01:58Z" end-time="2026-09-21 11:01:58Z" duration="0.001544" asserts="0">
              <properties />
            </test-case>
            <test-case id="2344" name="CandidateOrderMatchesM02AndProviderFirstClosure" fullname="AssemblyShadowDemo.EditorTests.M03TransactionTests.CandidateOrderMatchesM02AndProviderFirstClosure" methodname="CandidateOrderMatchesM02AndProviderFirstClosure" classname="AssemblyShadowDemo.EditorTests.M03TransactionTests" runstate="Runnable" seed="1082193572" result="Passed" start-time="2026-09-21 11:01:58Z" end-time="2026-09-21 11:01:58Z" duration="0.000534" asserts="0">
              <properties />
            </test-case>
            <test-case id="2363" name="ConcurrentLoadRequiresVerifiedMscorlibAndAcceptsIdentityCase" fullname="AssemblyShadowDemo.EditorTests.M03TransactionTests.ConcurrentLoadRequiresVerifiedMscorlibAndAcceptsIdentityCase" methodname="ConcurrentLoadRequiresVerifiedMscorlibAndAcceptsIdentityCase" classname="AssemblyShadowDemo.EditorTests.M03TransactionTests" runstate="Runnable" seed="479699161" result="Passed" start-time="2026-09-21 11:01:58Z" end-time="2026-09-21 11:01:58Z" duration="0.000756" asserts="0">
              <properties />
            </test-case>
            <test-case id="2360" name="EditorReplayNeverOverwritesExistingEvidence" fullname="AssemblyShadowDemo.EditorTests.M03TransactionTests.EditorReplayNeverOverwritesExistingEvidence" methodname="EditorReplayNeverOverwritesExistingEvidence" classname="AssemblyShadowDemo.EditorTests.M03TransactionTests" runstate="Runnable" seed="1222478018" result="Passed" start-time="2026-09-21 11:01:58Z" end-time="2026-09-21 11:01:58Z" duration="0.002010" asserts="0">
              <properties />
            </test-case>
            <test-case id="2359" name="EditorValidationReplaysCompilationAndLinkedProof" fullname="AssemblyShadowDemo.EditorTests.M03TransactionTests.EditorValidationReplaysCompilationAndLinkedProof" methodname="EditorValidationReplaysCompilationAndLinkedProof" classname="AssemblyShadowDemo.EditorTests.M03TransactionTests" runstate="Runnable" seed="767824205" result="Passed" start-time="2026-09-21 11:01:58Z" end-time="2026-09-21 11:01:58Z" duration="0.000866" asserts="0">
              <properties />
            </test-case>
            <test-case id="2361" name="FailedEditorReplayDoesNotCreatePassingReceipt" fullname="AssemblyShadowDemo.EditorTests.M03TransactionTests.FailedEditorReplayDoesNotCreatePassingReceipt" methodname="FailedEditorReplayDoesNotCreatePassingReceipt" classname="AssemblyShadowDemo.EditorTests.M03TransactionTests" runstate="Runnable" seed="768123218" result="Passed" start-time="2026-09-21 11:01:58Z" end-time="2026-09-21 11:01:58Z" duration="0.000864" asserts="0">
              <properties />
            </test-case>
            <test-case id="2358" name="FeatureDisabledProbeRequiresCompleteNativeDiagnostics" fullname="AssemblyShadowDemo.EditorTests.M03TransactionTests.FeatureDisabledProbeRequiresCompleteNativeDiagnostics" methodname="FeatureDisabledProbeRequiresCompleteNativeDiagnostics" classname="AssemblyShadowDemo.EditorTests.M03TransactionTests" runstate="Runnable" seed="846834768" result="Passed" start-time="2026-09-21 11:01:58Z" end-time="2026-09-21 11:01:58Z" duration="0.002810" asserts="0">
              <properties />
            </test-case>
            <test-case id="2347" name="FixtureBuildDefinesOnlyOptIntoInitializers" fullname="AssemblyShadowDemo.EditorTests.M03TransactionTests.FixtureBuildDefinesOnlyOptIntoInitializers" methodname="FixtureBuildDefinesOnlyOptIntoInitializers" classname="AssemblyShadowDemo.EditorTests.M03TransactionTests" runstate="Runnable" seed="1152178538" result="Passed" start-time="2026-09-21 11:01:58Z" end-time="2026-09-21 11:01:58Z" duration="0.000090" asserts="0">
              <properties />
            </test-case>
            <test-case id="2345" name="InitializerFixturesAreExcludedUnlessExplicitlyDefined" fullname="AssemblyShadowDemo.EditorTests.M03TransactionTests.InitializerFixturesAreExcludedUnlessExplicitlyDefined" methodname="InitializerFixturesAreExcludedUnlessExplicitlyDefined" classname="AssemblyShadowDemo.EditorTests.M03TransactionTests" runstate="Runnable" seed="1498834955" result="Passed" start-time="2026-09-21 11:01:58Z" end-time="2026-09-21 11:01:58Z" duration="0.002090" asserts="0">
              <properties />
            </test-case>
            <test-case id="2348" name="InitializerOutputNamesAreUniqueAndDeterministic" fullname="AssemblyShadowDemo.EditorTests.M03TransactionTests.InitializerOutputNamesAreUniqueAndDeterministic" methodname="InitializerOutputNamesAreUniqueAndDeterministic" classname="AssemblyShadowDemo.EditorTests.M03TransactionTests" runstate="Runnable" seed="113615948" result="Passed" start-time="2026-09-21 11:01:58Z" end-time="2026-09-21 11:01:58Z" duration="0.003295" asserts="0">
              <properties />
            </test-case>
            <test-case id="2351" name="ProbeCannotAliasThePrototypeOrTurnAnUnprovenFailureGreen" fullname="AssemblyShadowDemo.EditorTests.M03TransactionTests.ProbeCannotAliasThePrototypeOrTurnAnUnprovenFailureGreen" methodname="ProbeCannotAliasThePrototypeOrTurnAnUnprovenFailureGreen" classname="AssemblyShadowDemo.EditorTests.M03TransactionTests" runstate="Runnable" seed="1575093821" result="Passed" start-time="2026-09-21 11:01:58Z" end-time="2026-09-21 11:01:58Z" duration="0.002601" asserts="0">
              <properties />
            </test-case>
            <test-suite type="ParameterizedMethod" id="2357" name="ProbeDiagnosticCountersRetainTheFullUnsignedNativeRange" fullname="AssemblyShadowDemo.EditorTests.M03TransactionTests.ProbeDiagnosticCountersRetainTheFullUnsignedNativeRange" classname="AssemblyShadowDemo.EditorTests.M03TransactionTests" runstate="Runnable" testcasecount="4" result="Passed" start-time="2026-09-21 11:01:58Z" end-time="2026-09-21 11:01:58Z" duration="0.002105" total="4" passed="4" failed="0" inconclusive="0" skipped="0" asserts="0">
              <properties />
              <test-case id="2353" name="ProbeDiagnosticCountersRetainTheFullUnsignedNativeRange(&quot;FallbackMarker&quot;,&quot;generation&quot;)" fullname="AssemblyShadowDemo.EditorTests.M03TransactionTests.ProbeDiagnosticCountersRetainTheFullUnsignedNativeRange(&quot;FallbackMarker&quot;,&quot;generation&quot;)" methodname="ProbeDiagnosticCountersRetainTheFullUnsignedNativeRange" classname="AssemblyShadowDemo.EditorTests.M03TransactionTests" runstate="Runnable" seed="2091777765" result="Passed" start-time="2026-09-21 11:01:58Z" end-time="2026-09-21 11:01:58Z" duration="0.000394" asserts="0">
                <properties />
              </test-case>
              <test-case id="2354" name="ProbeDiagnosticCountersRetainTheFullUnsignedNativeRange(&quot;InitializerEvent&quot;,&quot;generation&quot;)" fullname="AssemblyShadowDemo.EditorTests.M03TransactionTests.ProbeDiagnosticCountersRetainTheFullUnsignedNativeRange(&quot;InitializerEvent&quot;,&quot;generation&quot;)" methodname="ProbeDiagnosticCountersRetainTheFullUnsignedNativeRange" classname="AssemblyShadowDemo.EditorTests.M03TransactionTests" runstate="Runnable" seed="1308055827" result="Passed" start-time="2026-09-21 11:01:58Z" end-time="2026-09-21 11:01:58Z" duration="0.000127" asserts="0">
                <properties />
              </test-case>
              <test-case id="2355" name="ProbeDiagnosticCountersRetainTheFullUnsignedNativeRange(&quot;StressSample&quot;,&quot;generation&quot;)" fullname="AssemblyShadowDemo.EditorTests.M03TransactionTests.ProbeDiagnosticCountersRetainTheFullUnsignedNativeRange(&quot;StressSample&quot;,&quot;generation&quot;)" methodname="ProbeDiagnosticCountersRetainTheFullUnsignedNativeRange" classname="AssemblyShadowDemo.EditorTests.M03TransactionTests" runstate="Runnable" seed="1392425930" result="Passed" start-time="2026-09-21 11:01:58Z" end-time="2026-09-21 11:01:58Z" duration="0.000103" asserts="0">
                <properties />
              </test-case>
              <test-case id="2356" name="ProbeDiagnosticCountersRetainTheFullUnsignedNativeRange(&quot;StressSample&quot;,&quot;enumerationGeneration&quot;)" fullname="AssemblyShadowDemo.EditorTests.M03TransactionTests.ProbeDiagnosticCountersRetainTheFullUnsignedNativeRange(&quot;StressSample&quot;,&quot;enumerationGeneration&quot;)" methodname="ProbeDiagnosticCountersRetainTheFullUnsignedNativeRange" classname="AssemblyShadowDemo.EditorTests.M03TransactionTests" runstate="Runnable" seed="168003381" result="Passed" start-time="2026-09-21 11:01:58Z" end-time="2026-09-21 11:01:58Z" duration="0.000079" asserts="0">
                <properties />
              </test-case>
            </test-suite>
            <test-case id="2352" name="RuntimeArtifactDtosRemainCompatibleWithAuthoritativeEditorFields" fullname="AssemblyShadowDemo.EditorTests.M03TransactionTests.RuntimeArtifactDtosRemainCompatibleWithAuthoritativeEditorFields" methodname="RuntimeArtifactDtosRemainCompatibleWithAuthoritativeEditorFields" classname="AssemblyShadowDemo.EditorTests.M03TransactionTests" runstate="Runnable" seed="1632048951" result="Passed" start-time="2026-09-21 11:01:58Z" end-time="2026-09-21 11:01:58Z" duration="0.000975" asserts="0">
              <properties />
            </test-case>
            <test-case id="2349" name="RuntimeEnumsKeepTheNativeAbiIntegers" fullname="AssemblyShadowDemo.EditorTests.M03TransactionTests.RuntimeEnumsKeepTheNativeAbiIntegers" methodname="RuntimeEnumsKeepTheNativeAbiIntegers" classname="AssemblyShadowDemo.EditorTests.M03TransactionTests" runstate="Runnable" seed="317969356" result="Passed" start-time="2026-09-21 11:01:58Z" end-time="2026-09-21 11:01:58Z" duration="0.001345" asserts="0">
              <properties />
            </test-case>
            <test-case id="2362" name="RuntimeExactSetValidationRejectsMissingExtraAndDuplicateMembers" fullname="AssemblyShadowDemo.EditorTests.M03TransactionTests.RuntimeExactSetValidationRejectsMissingExtraAndDuplicateMembers" methodname="RuntimeExactSetValidationRejectsMissingExtraAndDuplicateMembers" classname="AssemblyShadowDemo.EditorTests.M03TransactionTests" runstate="Runnable" seed="2122485793" result="Passed" start-time="2026-09-21 11:01:58Z" end-time="2026-09-21 11:01:58Z" duration="0.000758" asserts="0">
              <properties />
            </test-case>
            <test-case id="2364" name="RuntimeSourcePinsRecomputeTheSameAbiAsTheEditor" fullname="AssemblyShadowDemo.EditorTests.M03TransactionTests.RuntimeSourcePinsRecomputeTheSameAbiAsTheEditor" methodname="RuntimeSourcePinsRecomputeTheSameAbiAsTheEditor" classname="AssemblyShadowDemo.EditorTests.M03TransactionTests" runstate="Runnable" seed="509712282" result="Passed" start-time="2026-09-21 11:01:58Z" end-time="2026-09-21 11:01:58Z" duration="0.001190" asserts="0">
              <properties />
            </test-case>
          </test-suite>
          <test-suite type="TestFixture" id="2365" name="M04EditorEvidenceTests" fullname="AssemblyShadowDemo.EditorTests.M04EditorEvidenceTests" classname="AssemblyShadowDemo.EditorTests.M04EditorEvidenceTests" runstate="Runnable" testcasecount="19" result="Passed" start-time="2026-09-21 11:01:58Z" end-time="2026-09-21 11:01:58Z" duration="0.208066" total="19" passed="19" failed="0" inconclusive="0" skipped="0" asserts="0">
            <properties />
            <test-case id="2383" name="ActualBootstrapDtoSchemaSurvivesAnUnstrippedMetadataRoundtrip" fullname="AssemblyShadowDemo.EditorTests.M04EditorEvidenceTests.ActualBootstrapDtoSchemaSurvivesAnUnstrippedMetadataRoundtrip" methodname="ActualBootstrapDtoSchemaSurvivesAnUnstrippedMetadataRoundtrip" classname="AssemblyShadowDemo.EditorTests.M04EditorEvidenceTests" runstate="Runnable" seed="1176046284" result="Passed" start-time="2026-09-21 11:01:58Z" end-time="2026-09-21 11:01:58Z" duration="0.023581" asserts="0">
              <properties />
            </test-case>
            <test-case id="2378" name="ArraysAndListsCanWrapCapturedDtosWithoutSkippingTheDto" fullname="AssemblyShadowDemo.EditorTests.M04EditorEvidenceTests.ArraysAndListsCanWrapCapturedDtosWithoutSkippingTheDto" methodname="ArraysAndListsCanWrapCapturedDtosWithoutSkippingTheDto" classname="AssemblyShadowDemo.EditorTests.M04EditorEvidenceTests" runstate="Runnable" seed="1633068709" result="Passed" start-time="2026-09-21 11:01:58Z" end-time="2026-09-21 11:01:58Z" duration="0.004773" asserts="0">
              <properties />
            </test-case>
            <test-case id="2382" name="BuildAndReplayKeepMilestoneBoundariesAndActualProofCalls" fullname="AssemblyShadowDemo.EditorTests.M04EditorEvidenceTests.BuildAndReplayKeepMilestoneBoundariesAndActualProofCalls" methodname="BuildAndReplayKeepMilestoneBoundariesAndActualProofCalls" classname="AssemblyShadowDemo.EditorTests.M04EditorEvidenceTests" runstate="Runnable" seed="1483596296" result="Passed" start-time="2026-09-21 11:01:58Z" end-time="2026-09-21 11:01:58Z" duration="0.003132" asserts="0">
              <properties />
            </test-case>
            <test-case id="2369" name="CanonicalLinkedFilenameStillReportsDeclaredAssemblyCasing" fullname="AssemblyShadowDemo.EditorTests.M04EditorEvidenceTests.CanonicalLinkedFilenameStillReportsDeclaredAssemblyCasing" methodname="CanonicalLinkedFilenameStillReportsDeclaredAssemblyCasing" classname="AssemblyShadowDemo.EditorTests.M04EditorEvidenceTests" runstate="Runnable" seed="34289367" result="Passed" start-time="2026-09-21 11:01:58Z" end-time="2026-09-21 11:01:58Z" duration="0.087694" asserts="0">
              <properties />
            </test-case>
            <test-case id="2380" name="CapturedExternalNativeDtoIsComparedAndUncapturedProviderIsRejected" fullname="AssemblyShadowDemo.EditorTests.M04EditorEvidenceTests.CapturedExternalNativeDtoIsComparedAndUncapturedProviderIsRejected" methodname="CapturedExternalNativeDtoIsComparedAndUncapturedProviderIsRejected" classname="AssemblyShadowDemo.EditorTests.M04EditorEvidenceTests" runstate="Runnable" seed="341342859" result="Passed" start-time="2026-09-21 11:01:58Z" end-time="2026-09-21 11:01:58Z" duration="0.002107" asserts="0">
              <properties />
            </test-case>
            <test-case id="2374" name="ChangedSchemaFlagsTypesExtraFieldsAndMissingRootsAreRejected" fullname="AssemblyShadowDemo.EditorTests.M04EditorEvidenceTests.ChangedSchemaFlagsTypesExtraFieldsAndMissingRootsAreRejected" methodname="ChangedSchemaFlagsTypesExtraFieldsAndMissingRootsAreRejected" classname="AssemblyShadowDemo.EditorTests.M04EditorEvidenceTests" runstate="Runnable" seed="1934842326" result="Passed" start-time="2026-09-21 11:01:58Z" end-time="2026-09-21 11:01:58Z" duration="0.001787" asserts="0">
              <properties />
            </test-case>
            <test-case id="2366" name="DeclaredReferencesPreserveAbsentFacadeVersionsTokensAndRowOrder" fullname="AssemblyShadowDemo.EditorTests.M04EditorEvidenceTests.DeclaredReferencesPreserveAbsentFacadeVersionsTokensAndRowOrder" methodname="DeclaredReferencesPreserveAbsentFacadeVersionsTokensAndRowOrder" classname="AssemblyShadowDemo.EditorTests.M04EditorEvidenceTests" runstate="Runnable" seed="1307779123" result="Passed" start-time="2026-09-21 11:01:58Z" end-time="2026-09-21 11:01:58Z" duration="0.007874" asserts="0">
              <properties />
            </test-case>
            <test-case id="2367" name="EveryAssemblyAndReferenceIdentityFieldIsRecomputed" fullname="AssemblyShadowDemo.EditorTests.M04EditorEvidenceTests.EveryAssemblyAndReferenceIdentityFieldIsRecomputed" methodname="EveryAssemblyAndReferenceIdentityFieldIsRecomputed" classname="AssemblyShadowDemo.EditorTests.M04EditorEvidenceTests" runstate="Runnable" seed="1264465205" result="Passed" start-time="2026-09-21 11:01:58Z" end-time="2026-09-21 11:01:58Z" duration="0.013428" asserts="0">
              <properties />
            </test-case>
            <test-case id="2384" name="EveryM04JsonInputHasAnExplicitCapturedSchemaRoot" fullname="AssemblyShadowDemo.EditorTests.M04EditorEvidenceTests.EveryM04JsonInputHasAnExplicitCapturedSchemaRoot" methodname="EveryM04JsonInputHasAnExplicitCapturedSchemaRoot" classname="AssemblyShadowDemo.EditorTests.M04EditorEvidenceTests" runstate="Runnable" seed="1626650964" result="Passed" start-time="2026-09-21 11:01:58Z" end-time="2026-09-21 11:01:58Z" duration="0.023916" asserts="0">
              <properties />
            </test-case>
            <test-case id="2377" name="LinkedListOwnerCannotHideBehindCoreLibrarySignatureEquivalence" fullname="AssemblyShadowDemo.EditorTests.M04EditorEvidenceTests.LinkedListOwnerCannotHideBehindCoreLibrarySignatureEquivalence" methodname="LinkedListOwnerCannotHideBehindCoreLibrarySignatureEquivalence" classname="AssemblyShadowDemo.EditorTests.M04EditorEvidenceTests" runstate="Runnable" seed="1785557507" result="Passed" start-time="2026-09-21 11:01:58Z" end-time="2026-09-21 11:01:58Z" duration="0.000983" asserts="0">
              <properties />
            </test-case>
            <test-case id="2375" name="ListsTraverseNestedDtoFieldsAndRejectLostNestedEvidence" fullname="AssemblyShadowDemo.EditorTests.M04EditorEvidenceTests.ListsTraverseNestedDtoFieldsAndRejectLostNestedEvidence" methodname="ListsTraverseNestedDtoFieldsAndRejectLostNestedEvidence" classname="AssemblyShadowDemo.EditorTests.M04EditorEvidenceTests" runstate="Runnable" seed="1365698983" result="Passed" start-time="2026-09-21 11:01:58Z" end-time="2026-09-21 11:01:58Z" duration="0.003286" asserts="0">
              <properties />
            </test-case>
            <test-case id="2379" name="M03DoesNotAcquireM04ListAdmission" fullname="AssemblyShadowDemo.EditorTests.M04EditorEvidenceTests.M03DoesNotAcquireM04ListAdmission" methodname="M03DoesNotAcquireM04ListAdmission" classname="AssemblyShadowDemo.EditorTests.M04EditorEvidenceTests" runstate="Runnable" seed="936335473" result="Passed" start-time="2026-09-21 11:01:58Z" end-time="2026-09-21 11:01:58Z" duration="0.001527" asserts="0">
              <properties />
            </test-case>
            <test-case id="2370" name="MissingZeroIndexAndOtherRawIdentityMembersAreRejected" fullname="AssemblyShadowDemo.EditorTests.M04EditorEvidenceTests.MissingZeroIndexAndOtherRawIdentityMembersAreRejected" methodname="MissingZeroIndexAndOtherRawIdentityMembersAreRejected" classname="AssemblyShadowDemo.EditorTests.M04EditorEvidenceTests" runstate="Runnable" seed="980153423" result="Passed" start-time="2026-09-21 11:01:58Z" end-time="2026-09-21 11:01:58Z" duration="0.010391" asserts="0">
              <properties />
            </test-case>
            <test-case id="2376" name="OnlyClosedSingleArgumentCoreLibraryListsAreSupported" fullname="AssemblyShadowDemo.EditorTests.M04EditorEvidenceTests.OnlyClosedSingleArgumentCoreLibraryListsAreSupported" methodname="OnlyClosedSingleArgumentCoreLibraryListsAreSupported" classname="AssemblyShadowDemo.EditorTests.M04EditorEvidenceTests" runstate="Runnable" seed="1151899335" result="Passed" start-time="2026-09-21 11:01:58Z" end-time="2026-09-21 11:01:58Z" duration="0.002648" asserts="0">
              <properties />
            </test-case>
            <test-case id="2372" name="PlaceholderNamesComeOnlyFromOneUnambiguousGeneratedRegion" fullname="AssemblyShadowDemo.EditorTests.M04EditorEvidenceTests.PlaceholderNamesComeOnlyFromOneUnambiguousGeneratedRegion" methodname="PlaceholderNamesComeOnlyFromOneUnambiguousGeneratedRegion" classname="AssemblyShadowDemo.EditorTests.M04EditorEvidenceTests" runstate="Runnable" seed="2022269776" result="Passed" start-time="2026-09-21 11:01:58Z" end-time="2026-09-21 11:01:58Z" duration="0.001166" asserts="0">
              <properties />
            </test-case>
            <test-case id="2368" name="ProviderSubstitutionMissingRowsReorderingAndRelativePathsAreRejected" fullname="AssemblyShadowDemo.EditorTests.M04EditorEvidenceTests.ProviderSubstitutionMissingRowsReorderingAndRelativePathsAreRejected" methodname="ProviderSubstitutionMissingRowsReorderingAndRelativePathsAreRejected" classname="AssemblyShadowDemo.EditorTests.M04EditorEvidenceTests" runstate="Runnable" seed="2117651705" result="Passed" start-time="2026-09-21 11:01:58Z" end-time="2026-09-21 11:01:58Z" duration="0.005286" asserts="0">
              <properties />
            </test-case>
            <test-case id="2381" name="ReplayRefusesToOverwriteExistingEvidence" fullname="AssemblyShadowDemo.EditorTests.M04EditorEvidenceTests.ReplayRefusesToOverwriteExistingEvidence" methodname="ReplayRefusesToOverwriteExistingEvidence" classname="AssemblyShadowDemo.EditorTests.M04EditorEvidenceTests" runstate="Runnable" seed="841156174" result="Passed" start-time="2026-09-21 11:01:58Z" end-time="2026-09-21 11:01:58Z" duration="0.001605" asserts="0">
              <properties />
            </test-case>
            <test-case id="2373" name="SchemaPreservesEveryNestedFieldRegardlessOfItsDefaultValue" fullname="AssemblyShadowDemo.EditorTests.M04EditorEvidenceTests.SchemaPreservesEveryNestedFieldRegardlessOfItsDefaultValue" methodname="SchemaPreservesEveryNestedFieldRegardlessOfItsDefaultValue" classname="AssemblyShadowDemo.EditorTests.M04EditorEvidenceTests" runstate="Runnable" seed="229243045" result="Passed" start-time="2026-09-21 11:01:58Z" end-time="2026-09-21 11:01:58Z" duration="0.008526" asserts="0">
              <properties />
            </test-case>
            <test-case id="2371" name="TypedFalseDoesNotStandInForAMissingRawBoolean" fullname="AssemblyShadowDemo.EditorTests.M04EditorEvidenceTests.TypedFalseDoesNotStandInForAMissingRawBoolean" methodname="TypedFalseDoesNotStandInForAMissingRawBoolean" classname="AssemblyShadowDemo.EditorTests.M04EditorEvidenceTests" runstate="Runnable" seed="631676460" result="Passed" start-time="2026-09-21 11:01:58Z" end-time="2026-09-21 11:01:58Z" duration="0.000283" asserts="0">
              <properties />
            </test-case>
          </test-suite>
[...]
                  <properties />
                </test-case>
                <test-case id="3467" name="LinkedVerificationRejectsEveryGuardTemplateMutation" fullname="HybridCLR.Editor.AssemblyShadow.Tests.ReflectionBindingCodeGenTests.LinkedVerificationRejectsEveryGuardTemplateMutation" methodname="LinkedVerificationRejectsEveryGuardTemplateMutation" classname="HybridCLR.Editor.AssemblyShadow.Tests.ReflectionBindingCodeGenTests" runstate="Runnable" seed="1596926358" result="Passed" start-time="2026-09-21 11:03:59Z" end-time="2026-09-21 11:03:59Z" duration="0.034271" asserts="0">
                  <properties />
                </test-case>
                <test-case id="3468" name="LinkedVerificationRejectsSourceCallsiteBodyIdentityAndCardinalityChanges" fullname="HybridCLR.Editor.AssemblyShadow.Tests.ReflectionBindingCodeGenTests.LinkedVerificationRejectsSourceCallsiteBodyIdentityAndCardinalityChanges" methodname="LinkedVerificationRejectsSourceCallsiteBodyIdentityAndCardinalityChanges" classname="HybridCLR.Editor.AssemblyShadow.Tests.ReflectionBindingCodeGenTests" runstate="Runnable" seed="1420158538" result="Passed" start-time="2026-09-21 11:03:59Z" end-time="2026-09-21 11:03:59Z" duration="0.046238" asserts="0">
                  <properties />
                </test-case>
                <test-case id="3466" name="LinkedVerificationRejectsWrongProviderVersionTokenAndNonforwardedTypes" fullname="HybridCLR.Editor.AssemblyShadow.Tests.ReflectionBindingCodeGenTests.LinkedVerificationRejectsWrongProviderVersionTokenAndNonforwardedTypes" methodname="LinkedVerificationRejectsWrongProviderVersionTokenAndNonforwardedTypes" classname="HybridCLR.Editor.AssemblyShadow.Tests.ReflectionBindingCodeGenTests" runstate="Runnable" seed="690049047" result="Passed" start-time="2026-09-21 11:03:59Z" end-time="2026-09-21 11:03:59Z" duration="0.031592" asserts="0">
                  <properties />
                </test-case>
                <test-case id="3463" name="LinkedVerificationUsesExactPerTypeForwardersIncludingNestedTypes" fullname="HybridCLR.Editor.AssemblyShadow.Tests.ReflectionBindingCodeGenTests.LinkedVerificationUsesExactPerTypeForwardersIncludingNestedTypes" methodname="LinkedVerificationUsesExactPerTypeForwardersIncludingNestedTypes" classname="HybridCLR.Editor.AssemblyShadow.Tests.ReflectionBindingCodeGenTests" runstate="Runnable" seed="1313352212" result="Passed" start-time="2026-09-21 11:03:59Z" end-time="2026-09-21 11:03:59Z" duration="0.008669" asserts="0">
                  <properties />
                </test-case>
                <test-case id="3454" name="MissingAmbiguousAndAdditionalGeneratedSitesAreRejected" fullname="HybridCLR.Editor.AssemblyShadow.Tests.ReflectionBindingCodeGenTests.MissingAmbiguousAndAdditionalGeneratedSitesAreRejected" methodname="MissingAmbiguousAndAdditionalGeneratedSitesAreRejected" classname="HybridCLR.Editor.AssemblyShadow.Tests.ReflectionBindingCodeGenTests" runstate="Runnable" seed="541123141" result="Passed" start-time="2026-09-21 11:03:59Z" end-time="2026-09-21 11:03:59Z" duration="0.005375" asserts="0">
                  <properties />
                </test-case>
                <test-case id="3462" name="RawConfigurationDefineBindsExactBytesAndProjectRoot" fullname="HybridCLR.Editor.AssemblyShadow.Tests.ReflectionBindingCodeGenTests.RawConfigurationDefineBindsExactBytesAndProjectRoot" methodname="RawConfigurationDefineBindsExactBytesAndProjectRoot" classname="HybridCLR.Editor.AssemblyShadow.Tests.ReflectionBindingCodeGenTests" runstate="Runnable" seed="142919001" result="Passed" start-time="2026-09-21 11:03:59Z" end-time="2026-09-21 11:03:59Z" duration="0.005816" asserts="0">
                  <properties />
                </test-case>
                <test-case id="3450" name="SchemaFourFixedProviderCompilerVariantsAreCanonicalAndFailClosed" fullname="HybridCLR.Editor.AssemblyShadow.Tests.ReflectionBindingCodeGenTests.SchemaFourFixedProviderCompilerVariantsAreCanonicalAndFailClosed" methodname="SchemaFourFixedProviderCompilerVariantsAreCanonicalAndFailClosed" classname="HybridCLR.Editor.AssemblyShadow.Tests.ReflectionBindingCodeGenTests" runstate="Runnable" seed="205420996" result="Passed" start-time="2026-09-21 11:03:59Z" end-time="2026-09-21 11:03:59Z" duration="0.002187" asserts="0">
                  <properties />
                </test-case>
                <test-case id="3449" name="SchemaThreeMethodVariantsAreCanonicalHashedAndValidated" fullname="HybridCLR.Editor.AssemblyShadow.Tests.ReflectionBindingCodeGenTests.SchemaThreeMethodVariantsAreCanonicalHashedAndValidated" methodname="SchemaThreeMethodVariantsAreCanonicalHashedAndValidated" classname="HybridCLR.Editor.AssemblyShadow.Tests.ReflectionBindingCodeGenTests" runstate="Runnable" seed="1150717520" result="Passed" start-time="2026-09-21 11:03:59Z" end-time="2026-09-21 11:03:59Z" duration="0.001604" asserts="0">
                  <properties />
                </test-case>
                <test-case id="3448" name="SchemaThreeSelectsOneFullMethodVariantAndRejectsUnknownCompilerBodies" fullname="HybridCLR.Editor.AssemblyShadow.Tests.ReflectionBindingCodeGenTests.SchemaThreeSelectsOneFullMethodVariantAndRejectsUnknownCompilerBodies" methodname="SchemaThreeSelectsOneFullMethodVariantAndRejectsUnknownCompilerBodies" classname="HybridCLR.Editor.AssemblyShadow.Tests.ReflectionBindingCodeGenTests" runstate="Runnable" seed="1878139811" result="Passed" start-time="2026-09-21 11:03:59Z" end-time="2026-09-21 11:03:59Z" duration="0.015031" asserts="0">
                  <properties />
                </test-case>
                <test-case id="3453" name="StaleConfigurationReprocessingAndStrongNamesAreRejected" fullname="HybridCLR.Editor.AssemblyShadow.Tests.ReflectionBindingCodeGenTests.StaleConfigurationReprocessingAndStrongNamesAreRejected" methodname="StaleConfigurationReprocessingAndStrongNamesAreRejected" classname="HybridCLR.Editor.AssemblyShadow.Tests.ReflectionBindingCodeGenTests" runstate="Runnable" seed="768611694" result="Passed" start-time="2026-09-21 11:03:59Z" end-time="2026-09-21 11:03:59Z" duration="0.003159" asserts="0">
                  <properties />
                </test-case>
                <test-case id="3455" name="VerifyRejectsNewUnguardedLookupInConfiguredMethod" fullname="HybridCLR.Editor.AssemblyShadow.Tests.ReflectionBindingCodeGenTests.VerifyRejectsNewUnguardedLookupInConfiguredMethod" methodname="VerifyRejectsNewUnguardedLookupInConfiguredMethod" classname="HybridCLR.Editor.AssemblyShadow.Tests.ReflectionBindingCodeGenTests" runstate="Runnable" seed="1308919166" result="Passed" start-time="2026-09-21 11:03:59Z" end-time="2026-09-21 11:03:59Z" duration="0.003486" asserts="0">
                  <properties />
                </test-case>
                <test-case id="3447" name="WrongFingerprintIndexAndOverloadFailClosed" fullname="HybridCLR.Editor.AssemblyShadow.Tests.ReflectionBindingCodeGenTests.WrongFingerprintIndexAndOverloadFailClosed" methodname="WrongFingerprintIndexAndOverloadFailClosed" classname="HybridCLR.Editor.AssemblyShadow.Tests.ReflectionBindingCodeGenTests" runstate="Runnable" seed="1786256149" result="Passed" start-time="2026-09-21 11:03:59Z" end-time="2026-09-21 11:03:59Z" duration="0.003392" asserts="0">
                  <properties />
                </test-case>
              </test-suite>
              <test-suite type="TestFixture" id="3471" name="ReflectionPdbConstantsTests" fullname="HybridCLR.Editor.AssemblyShadow.Tests.ReflectionPdbConstantsTests" classname="HybridCLR.Editor.AssemblyShadow.Tests.ReflectionPdbConstantsTests" runstate="Runnable" testcasecount="14" result="Passed" start-time="2026-09-21 11:03:59Z" end-time="2026-09-21 11:03:59Z" duration="0.063323" total="14" passed="14" failed="0" inconclusive="0" skipped="0" asserts="0">
                <properties />
                <test-case id="3478" name="ByteIdenticalReferenceAliasesAreAccepted" fullname="HybridCLR.Editor.AssemblyShadow.Tests.ReflectionPdbConstantsTests.ByteIdenticalReferenceAliasesAreAccepted" methodname="ByteIdenticalReferenceAliasesAreAccepted" classname="HybridCLR.Editor.AssemblyShadow.Tests.ReflectionPdbConstantsTests" runstate="Runnable" seed="1983599821" result="Passed" start-time="2026-09-21 11:03:59Z" end-time="2026-09-21 11:03:59Z" duration="0.004186" asserts="0">
                  <properties />
                </test-case>
                <test-case id="3481" name="ClassWithNumericValueIsNotRewrittenToNull" fullname="HybridCLR.Editor.AssemblyShadow.Tests.ReflectionPdbConstantsTests.ClassWithNumericValueIsNotRewrittenToNull" methodname="ClassWithNumericValueIsNotRewrittenToNull" classname="HybridCLR.Editor.AssemblyShadow.Tests.ReflectionPdbConstantsTests" runstate="Runnable" seed="1230579300" result="Passed" start-time="2026-09-21 11:03:59Z" end-time="2026-09-21 11:03:59Z" duration="0.001957" asserts="0">
                  <properties />
                </test-case>
                <test-case id="3477" name="ConflictingDuplicateReferenceIdentityFails" fullname="HybridCLR.Editor.AssemblyShadow.Tests.ReflectionPdbConstantsTests.ConflictingDuplicateReferenceIdentityFails" methodname="ConflictingDuplicateReferenceIdentityFails" classname="HybridCLR.Editor.AssemblyShadow.Tests.ReflectionPdbConstantsTests" runstate="Runnable" seed="1330524316" result="Passed" start-time="2026-09-21 11:03:59Z" end-time="2026-09-21 11:03:59Z" duration="0.001885" asserts="0">
                  <properties />
                </test-case>
                <test-case id="3485" name="ConstantValueMutationChangesSnapshot" fullname="HybridCLR.Editor.AssemblyShadow.Tests.ReflectionPdbConstantsTests.ConstantValueMutationChangesSnapshot" methodname="ConstantValueMutationChangesSnapshot" classname="HybridCLR.Editor.AssemblyShadow.Tests.ReflectionPdbConstantsTests" runstate="Runnable" seed="1374009908" result="Passed" start-time="2026-09-21 11:03:59Z" end-time="2026-09-21 11:03:59Z" duration="0.001628" asserts="0">
                  <properties />
                </test-case>
                <test-case id="3480" name="DisposedResolverCannotBeReused" fullname="HybridCLR.Editor.AssemblyShadow.Tests.ReflectionPdbConstantsTests.DisposedResolverCannotBeReused" methodname="DisposedResolverCannotBeReused" classname="HybridCLR.Editor.AssemblyShadow.Tests.ReflectionPdbConstantsTests" runstate="Runnable" seed="1857727023" result="Passed" start-time="2026-09-21 11:03:59Z" end-time="2026-09-21 11:03:59Z" duration="0.001717" asserts="0">
                  <properties />
                </test-case>
                <test-case id="3473" name="DnlibAuthoredFixtureDoesNotRequireAFalseCounterexample" fullname="HybridCLR.Editor.AssemblyShadow.Tests.ReflectionPdbConstantsTests.DnlibAuthoredFixtureDoesNotRequireAFalseCounterexample" methodname="DnlibAuthoredFixtureDoesNotRequireAFalseCounterexample" classname="HybridCLR.Editor.AssemblyShadow.Tests.ReflectionPdbConstantsTests" runstate="Runnable" seed="717576154" result="Passed" start-time="2026-09-21 11:03:59Z" end-time="2026-09-21 11:03:59Z" duration="0.011253" asserts="0">
                  <properties />
                </test-case>
                <test-case id="3482" name="EnumUnderlyingValueTypeMustMatchExactly" fullname="HybridCLR.Editor.AssemblyShadow.Tests.ReflectionPdbConstantsTests.EnumUnderlyingValueTypeMustMatchExactly" methodname="EnumUnderlyingValueTypeMustMatchExactly" classname="HybridCLR.Editor.AssemblyShadow.Tests.ReflectionPdbConstantsTests" runstate="Runnable" seed="215502825" result="Passed" start-time="2026-09-21 11:03:59Z" end-time="2026-09-21 11:03:59Z" duration="0.001466" asserts="0">
                  <properties />
                </test-case>
                <test-case id="3472" name="ExplicitCompilerReferencesPreserveExternalEnumAndOtherConstants" fullname="HybridCLR.Editor.AssemblyShadow.Tests.ReflectionPdbConstantsTests.ExplicitCompilerReferencesPreserveExternalEnumAndOtherConstants" methodname="ExplicitCompilerReferencesPreserveExternalEnumAndOtherConstants" classname="HybridCLR.Editor.AssemblyShadow.Tests.ReflectionPdbConstantsTests" runstate="Runnable" seed="327540331" result="Passed" start-time="2026-09-21 11:03:59Z" end-time="2026-09-21 11:03:59Z" duration="0.004678" asserts="0">
                  <properties />
                </test-case>
                <test-case id="3475" name="IdenticalInputsAreDeterministic" fullname="HybridCLR.Editor.AssemblyShadow.Tests.ReflectionPdbConstantsTests.IdenticalInputsAreDeterministic" methodname="IdenticalInputsAreDeterministic" classname="HybridCLR.Editor.AssemblyShadow.Tests.ReflectionPdbConstantsTests" runstate="Runnable" seed="301134501" result="Passed" start-time="2026-09-21 11:03:59Z" end-time="2026-09-21 11:03:59Z" duration="0.018589" asserts="0">
                  <properties />
                </test-case>
                <test-case id="3484" name="NullClassConstantRemainsUntouched" fullname="HybridCLR.Editor.AssemblyShadow.Tests.ReflectionPdbConstantsTests.NullClassConstantRemainsUntouched" methodname="NullClassConstantRemainsUntouched" classname="HybridCLR.Editor.AssemblyShadow.Tests.ReflectionPdbConstantsTests" runstate="Runnable" seed="1366146867" result="Passed" start-time="2026-09-21 11:03:59Z" end-time="2026-09-21 11:03:59Z" duration="0.001663" asserts="0">
                  <properties />
                </test-case>
                <test-case id="3479" name="RelativeCompilerReferencesAreRejected" fullname="HybridCLR.Editor.AssemblyShadow.Tests.ReflectionPdbConstantsTests.RelativeCompilerReferencesAreRejected" methodname="RelativeCompilerReferencesAreRejected" classname="HybridCLR.Editor.AssemblyShadow.Tests.ReflectionPdbConstantsTests" runstate="Runnable" seed="695320741" result="Passed" start-time="2026-09-21 11:03:59Z" end-time="2026-09-21 11:03:59Z" duration="0.001862" asserts="0">
                  <properties />
                </test-case>
                <test-case id="3483" name="ResolvedClassSigEnumCanBeNormalizedWithoutChangingValue" fullname="HybridCLR.Editor.AssemblyShadow.Tests.ReflectionPdbConstantsTests.ResolvedClassSigEnumCanBeNormalizedWithoutChangingValue" methodname="ResolvedClassSigEnumCanBeNormalizedWithoutChangingValue" classname="HybridCLR.Editor.AssemblyShadow.Tests.ReflectionPdbConstantsTests" runstate="Runnable" seed="1150278941" result="Passed" start-time="2026-09-21 11:03:59Z" end-time="2026-09-21 11:03:59Z" duration="0.001643" asserts="0">
                  <properties />
                </test-case>
                <test-case id="3476" name="ResolverDoesNotSubstituteAnotherAssemblyVersion" fullname="HybridCLR.Editor.AssemblyShadow.Tests.ReflectionPdbConstantsTests.ResolverDoesNotSubstituteAnotherAssemblyVersion" methodname="ResolverDoesNotSubstituteAnotherAssemblyVersion" classname="HybridCLR.Editor.AssemblyShadow.Tests.ReflectionPdbConstantsTests" runstate="Runnable" seed="1873254864" result="Passed" start-time="2026-09-21 11:03:59Z" end-time="2026-09-21 11:03:59Z" duration="0.001264" asserts="0">
                  <properties />
                </test-case>
                <test-case id="3474" name="RouteBIsExplicitAndRetainsEquivalentConstants" fullname="HybridCLR.Editor.AssemblyShadow.Tests.ReflectionPdbConstantsTests.RouteBIsExplicitAndRetainsEquivalentConstants" methodname="RouteBIsExplicitAndRetainsEquivalentConstants" classname="HybridCLR.Editor.AssemblyShadow.Tests.ReflectionPdbConstantsTests" runstate="Runnable" seed="1558035653" result="Passed" start-time="2026-09-21 11:03:59Z" end-time="2026-09-21 11:03:59Z" duration="0.007022" asserts="0">
                  <properties />
                </test-case>
              </test-suite>
              <test-suite type="TestFixture" id="3486" name="ReflectionPdbFailureCaptureTests" fullname="HybridCLR.Editor.AssemblyShadow.Tests.ReflectionPdbFailureCaptureTests" classname="HybridCLR.Editor.AssemblyShadow.Tests.ReflectionPdbFailureCaptureTests" runstate="Runnable" testcasecount="6" result="Passed" start-time="2026-09-21 11:03:59Z" end-time="2026-09-21 11:03:59Z" duration="0.225538" total="6" passed="6" failed="0" inconclusive="0" skipped="0" asserts="0">
                <properties />
                <test-case id="3487" name="CapturesAreUniqueAndDoNotGrantAcceptance" fullname="HybridCLR.Editor.AssemblyShadow.Tests.ReflectionPdbFailureCaptureTests.CapturesAreUniqueAndDoNotGrantAcceptance" methodname="CapturesAreUniqueAndDoNotGrantAcceptance" classname="HybridCLR.Editor.AssemblyShadow.Tests.ReflectionPdbFailureCaptureTests" runstate="Runnable" seed="375078760" result="Passed" start-time="2026-09-21 11:03:59Z" end-time="2026-09-21 11:03:59Z" duration="0.059896" asserts="0">
                  <properties />
                </test-case>
                <test-case id="3489" name="ChangedInputBytesFailHashVerification" fullname="HybridCLR.Editor.AssemblyShadow.Tests.ReflectionPdbFailureCaptureTests.ChangedInputBytesFailHashVerification" methodname="ChangedInputBytesFailHashVerification" classname="HybridCLR.Editor.AssemblyShadow.Tests.ReflectionPdbFailureCaptureTests" runstate="Runnable" seed="1451638755" result="Passed" start-time="2026-09-21 11:03:59Z" end-time="2026-09-21 11:03:59Z" duration="0.022875" asserts="0">
                  <properties />
                </test-case>
                <test-case id="3490" name="ExtraMembersFailMembershipVerification" fullname="HybridCLR.Editor.AssemblyShadow.Tests.ReflectionPdbFailureCaptureTests.ExtraMembersFailMembershipVerification" methodname="ExtraMembersFailMembershipVerification" classname="HybridCLR.Editor.AssemblyShadow.Tests.ReflectionPdbFailureCaptureTests" runstate="Runnable" seed="1661596290" result="Passed" start-time="2026-09-21 11:03:59Z" end-time="2026-09-21 11:03:59Z" duration="0.042196" asserts="0">
                  <properties />
                </test-case>
                <test-case id="3488" name="FullInnerExceptionIsRetained" fullname="HybridCLR.Editor.AssemblyShadow.Tests.ReflectionPdbFailureCaptureTests.FullInnerExceptionIsRetained" methodname="FullInnerExceptionIsRetained" classname="HybridCLR.Editor.AssemblyShadow.Tests.ReflectionPdbFailureCaptureTests" runstate="Runnable" seed="1383927906" result="Passed" start-time="2026-09-21 11:03:59Z" end-time="2026-09-21 11:03:59Z" duration="0.033885" asserts="0">
                  <properties />
                </test-case>
                <test-case id="3491" name="MissingReferencesRemainUnavailable" fullname="HybridCLR.Editor.AssemblyShadow.Tests.ReflectionPdbFailureCaptureTests.MissingReferencesRemainUnavailable" methodname="MissingReferencesRemainUnavailable" classname="HybridCLR.Editor.AssemblyShadow.Tests.ReflectionPdbFailureCaptureTests" runstate="Runnable" seed="68346167" result="Passed" start-time="2026-09-21 11:03:59Z" end-time="2026-09-21 11:03:59Z" duration="0.019736" asserts="0">
                  <properties />
                </test-case>
                <test-case id="3492" name="ProjectRelativeCompilerReferenceIsCapturedFromExactRoot" fullname="HybridCLR.Editor.AssemblyShadow.Tests.ReflectionPdbFailureCaptureTests.ProjectRelativeCompilerReferenceIsCapturedFromExactRoot" methodname="ProjectRelativeCompilerReferenceIsCapturedFromExactRoot" classname="HybridCLR.Editor.AssemblyShadow.Tests.ReflectionPdbFailureCaptureTests" runstate="Runnable" seed="1381320628" result="Passed" start-time="2026-09-21 11:03:59Z" end-time="2026-09-21 11:03:59Z" duration="0.044553" asserts="0">
                  <properties />
                </test-case>
              </test-suite>
            </test-suite>
          </test-suite>
        </test-suite>
      </test-suite>
    </test-suite>
  </test-suite>
</test-run>