<?xml version="1.0" encoding="utf-8"?>
<test-run id="2" testcasecount="10" result="Passed" total="10" passed="10" failed="0" inconclusive="0" skipped="0" asserts="0" engine-version="3.5.0.0" clr-version="4.0.30319.42000" start-time="2026-09-16 03:31:51Z" end-time="2026-09-16 03:31:51Z" duration="0.0629368">
  <test-suite type="TestSuite" id="2244" name="AssemblyShadowBaseline" fullname="AssemblyShadowBaseline" runstate="Runnable" testcasecount="1109" result="Passed" start-time="2026-09-16 03:31:51Z" end-time="2026-09-16 03:31:51Z" duration="0.062937" total="10" passed="10" failed="0" inconclusive="0" skipped="0" asserts="0">
    <properties />
    <test-suite type="Assembly" id="2652" name="AssemblyShadowDemo.EditorTests.dll" fullname="/Users/ah/GitHub/hybridclr/assembly_shadow_h1r/hybridclr_demo/Library/ScriptAssemblies/AssemblyShadowDemo.EditorTests.dll" runstate="Runnable" testcasecount="351" result="Passed" start-time="2026-09-16 03:31:51Z" end-time="2026-09-16 03:31:51Z" duration="0.037568" total="10" passed="10" failed="0" inconclusive="0" skipped="0" asserts="0">
      <properties>
        <property name="_PID" value="19949" />
        <property name="_APPDOMAIN" value="Unity Child Domain" />
        <property name="platform" value="EditMode" />
      </properties>
      <test-suite type="TestSuite" id="2653" name="AssemblyShadowDemo" fullname="AssemblyShadowDemo" runstate="Runnable" testcasecount="351" result="Passed" start-time="2026-09-16 03:31:51Z" end-time="2026-09-16 03:31:51Z" duration="0.036999" total="10" passed="10" failed="0" inconclusive="0" skipped="0" asserts="0">
        <properties />
        <test-suite type="TestSuite" id="2654" name="EditorTests" fullname="AssemblyShadowDemo.EditorTests" runstate="Runnable" testcasecount="351" result="Passed" start-time="2026-09-16 03:31:51Z" end-time="2026-09-16 03:31:51Z" duration="0.036576" total="10" passed="10" failed="0" inconclusive="0" skipped="0" asserts="0">
          <properties />
          <test-suite type="TestFixture" id="2261" name="H1EvidenceProcessTests" fullname="AssemblyShadowDemo.EditorTests.H1EvidenceProcessTests" classname="AssemblyShadowDemo.EditorTests.H1EvidenceProcessTests" runstate="Runnable" testcasecount="10" result="Passed" start-time="2026-09-16 03:31:51Z" end-time="2026-09-16 03:31:51Z" duration="0.027905" total="10" passed="10" failed="0" inconclusive="0" skipped="0" asserts="0">
            <properties />
            <test-case id="2272" name="CompilerCaptureRetainsResponseAndMacroFields" fullname="AssemblyShadowDemo.EditorTests.H1EvidenceProcessTests.CompilerCaptureRetainsResponseAndMacroFields" methodname="CompilerCaptureRetainsResponseAndMacroFields" classname="AssemblyShadowDemo.EditorTests.H1EvidenceProcessTests" runstate="Runnable" seed="1701123801" result="Passed" start-time="2026-09-16 03:31:51Z" end-time="2026-09-16 03:31:51Z" duration="0.009105" asserts="0">
              <properties />
            </test-case>
            <test-case id="2273" name="EmptyCaptureDoesNotCreateProvenance" fullname="AssemblyShadowDemo.EditorTests.H1EvidenceProcessTests.EmptyCaptureDoesNotCreateProvenance" methodname="EmptyCaptureDoesNotCreateProvenance" classname="AssemblyShadowDemo.EditorTests.H1EvidenceProcessTests" runstate="Runnable" seed="681436881" result="Passed" start-time="2026-09-16 03:31:51Z" end-time="2026-09-16 03:31:51Z" duration="0.001362" asserts="0">
              <properties />
            </test-case>
            <test-suite type="ParameterizedMethod" id="2266" name="ExplicitArgumentsAreQuoted" fullname="AssemblyShadowDemo.EditorTests.H1EvidenceProcessTests.ExplicitArgumentsAreQuoted" classname="AssemblyShadowDemo.EditorTests.H1EvidenceProcessTests" runstate="Runnable" testcasecount="4" result="Passed" start-time="2026-09-16 03:31:51Z" end-time="2026-09-16 03:31:51Z" duration="0.005920" total="4" passed="4" failed="0" inconclusive="0" skipped="0" asserts="0">
              <properties />
              <test-case id="2262" name="ExplicitArgumentsAreQuoted(&quot;&quot;,&quot;\&quot;\&quot;&quot;)" fullname="AssemblyShadowDemo.EditorTests.H1EvidenceProcessTests.ExplicitArgumentsAreQuoted(&quot;&quot;,&quot;\&quot;\&quot;&quot;)" methodname="ExplicitArgumentsAreQuoted" classname="AssemblyShadowDemo.EditorTests.H1EvidenceProcessTests" runstate="Runnable" seed="335902260" result="Passed" start-time="2026-09-16 03:31:51Z" end-time="2026-09-16 03:31:51Z" duration="0.000310" asserts="0">
                <properties />
              </test-case>
              <test-case id="2263" name="ExplicitArgumentsAreQuoted(&quot;/tmp/build path/test.py&quot;,&quot;\&quot;/tmp/build path/test.py\&quot;&quot;)" fullname="AssemblyShadowDemo.EditorTests.H1EvidenceProcessTests.ExplicitArgumentsAreQuoted(&quot;/tmp/build path/test.py&quot;,&quot;\&quot;/tmp/build path/test.py\&quot;&quot;)" methodname="ExplicitArgumentsAreQuoted" classname="AssemblyShadowDemo.EditorTests.H1EvidenceProcessTests" runstate="Runnable" seed="1790115323" result="Passed" start-time="2026-09-16 03:31:51Z" end-time="2026-09-16 03:31:51Z" duration="0.000058" asserts="0">
                <properties />
              </test-case>
              <test-case id="2264" name="ExplicitArgumentsAreQuoted(&quot;a\&quot;b&quot;,&quot;\&quot;a\\\&quot;b\&quot;&quot;)" fullname="AssemblyShadowDemo.EditorTests.H1EvidenceProcessTests.ExplicitArgumentsAreQuoted(&quot;a\&quot;b&quot;,&quot;\&quot;a\\\&quot;b\&quot;&quot;)" methodname="ExplicitArgumentsAreQuoted" classname="AssemblyShadowDemo.EditorTests.H1EvidenceProcessTests" runstate="Runnable" seed="934232709" result="Passed" start-time="2026-09-16 03:31:51Z" end-time="2026-09-16 03:31:51Z" duration="0.000053" asserts="0">
                <properties />
              </test-case>
              <test-case id="2265" name="ExplicitArgumentsAreQuoted(&quot;a\\b&quot;,&quot;\&quot;a\\\\b\&quot;&quot;)" fullname="AssemblyShadowDemo.EditorTests.H1EvidenceProcessTests.ExplicitArgumentsAreQuoted(&quot;a\\b&quot;,&quot;\&quot;a\\\\b\&quot;&quot;)" methodname="ExplicitArgumentsAreQuoted" classname="AssemblyShadowDemo.EditorTests.H1EvidenceProcessTests" runstate="Runnable" seed="932907093" result="Passed" start-time="2026-09-16 03:31:51Z" end-time="2026-09-16 03:31:51Z" duration="0.000047" asserts="0">
                <properties />
              </test-case>
            </test-suite>
            <test-suite type="ParameterizedMethod" id="2271" name="InvalidArgumentsAreRejected" fullname="AssemblyShadowDemo.EditorTests.H1EvidenceProcessTests.InvalidArgumentsAreRejected" classname="AssemblyShadowDemo.EditorTests.H1EvidenceProcessTests" runstate="Runnable" testcasecount="4" result="Passed" start-time="2026-09-16 03:31:51Z" end-time="2026-09-16 03:31:51Z" duration="0.002473" total="4" passed="4" failed="0" inconclusive="0" skipped="0" asserts="0">
              <properties />
              <test-case id="2267" name="InvalidArgumentsAreRejected(null)" fullname="AssemblyShadowDemo.EditorTests.H1EvidenceProcessTests.InvalidArgumentsAreRejected(null)" methodname="InvalidArgumentsAreRejected" classname="AssemblyShadowDemo.EditorTests.H1EvidenceProcessTests" runstate="Runnable" seed="869909343" result="Passed" start-time="2026-09-16 03:31:51Z" end-time="2026-09-16 03:31:51Z" duration="0.001740" asserts="0">
                <properties />
              </test-case>
              <test-case id="2268" name="InvalidArgumentsAreRejected(&quot;a\nb&quot;)" fullname="AssemblyShadowDemo.EditorTests.H1EvidenceProcessTests.InvalidArgumentsAreRejected(&quot;a\nb&quot;)" methodname="InvalidArgumentsAreRejected" classname="AssemblyShadowDemo.EditorTests.H1EvidenceProcessTests" runstate="Runnable" seed="2094272596" result="Passed" start-time="2026-09-16 03:31:51Z" end-time="2026-09-16 03:31:51Z" duration="0.000051" asserts="0">
                <properties />
              </test-case>
              <test-case id="2269" name="InvalidArgumentsAreRejected(&quot;a\rb&quot;)" fullname="AssemblyShadowDemo.EditorTests.H1EvidenceProcessTests.InvalidArgumentsAreRejected(&quot;a\rb&quot;)" methodname="InvalidArgumentsAreRejected" classname="AssemblyShadowDemo.EditorTests.H1EvidenceProcessTests" runstate="Runnable" seed="26652912" result="Passed" start-time="2026-09-16 03:31:51Z" end-time="2026-09-16 03:31:51Z" duration="0.000046" asserts="0">
                <properties />
              </test-case>
              <test-case id="2270" name="InvalidArgumentsAreRejected(&quot;a\0b&quot;)" fullname="AssemblyShadowDemo.EditorTests.H1EvidenceProcessTests.InvalidArgumentsAreRejected(&quot;a\0b&quot;)" methodname="InvalidArgumentsAreRejected" classname="AssemblyShadowDemo.EditorTests.H1EvidenceProcessTests" runstate="Runnable" seed="1499567228" result="Passed" start-time="2026-09-16 03:31:51Z" end-time="2026-09-16 03:31:51Z" duration="0.000045" asserts="0">
                <properties />
              </test-case>
            </test-suite>
          </test-suite>
        </test-suite>
      </test-suite>
    </test-suite>
  </test-suite>
</test-run>