<?xml version="1.0" encoding="utf-8"?>
<test-run id="2" testcasecount="4" result="Passed" total="4" passed="4" failed="0" inconclusive="0" skipped="0" asserts="0" engine-version="3.5.0.0" clr-version="4.0.30319.42000" start-time="2026-09-16 08:08:55Z" end-time="2026-09-16 08:08:55Z" duration="0.0601443">
  <test-suite type="TestSuite" id="2244" name="AssemblyShadowBaseline" fullname="AssemblyShadowBaseline" runstate="Runnable" testcasecount="1109" result="Passed" start-time="2026-09-16 08:08:55Z" end-time="2026-09-16 08:08:55Z" duration="0.060144" total="4" passed="4" failed="0" inconclusive="0" skipped="0" asserts="0">
    <properties />
    <test-suite type="Assembly" id="2652" name="AssemblyShadowDemo.EditorTests.dll" fullname="/Users/ah/GitHub/hybridclr/assembly_shadow_h1r/hybridclr_demo/Library/ScriptAssemblies/AssemblyShadowDemo.EditorTests.dll" runstate="Runnable" testcasecount="351" result="Passed" start-time="2026-09-16 08:08:55Z" end-time="2026-09-16 08:08:55Z" duration="0.031606" total="4" passed="4" failed="0" inconclusive="0" skipped="0" asserts="0">
      <properties>
        <property name="_PID" value="43482" />
        <property name="_APPDOMAIN" value="Unity Child Domain" />
        <property name="platform" value="EditMode" />
      </properties>
      <test-suite type="TestSuite" id="2653" name="AssemblyShadowDemo" fullname="AssemblyShadowDemo" runstate="Runnable" testcasecount="351" result="Passed" start-time="2026-09-16 08:08:55Z" end-time="2026-09-16 08:08:55Z" duration="0.027461" total="4" passed="4" failed="0" inconclusive="0" skipped="0" asserts="0">
        <properties />
        <test-suite type="TestSuite" id="2654" name="EditorTests" fullname="AssemblyShadowDemo.EditorTests" runstate="Runnable" testcasecount="351" result="Passed" start-time="2026-09-16 08:08:55Z" end-time="2026-09-16 08:08:55Z" duration="0.026902" total="4" passed="4" failed="0" inconclusive="0" skipped="0" asserts="0">
          <properties />
          <test-suite type="TestFixture" id="2274" name="H1PchEvidenceProcessTests" fullname="AssemblyShadowDemo.EditorTests.H1PchEvidenceProcessTests" classname="AssemblyShadowDemo.EditorTests.H1PchEvidenceProcessTests" runstate="Runnable" testcasecount="4" result="Passed" start-time="2026-09-16 08:08:55Z" end-time="2026-09-16 08:08:55Z" duration="0.020487" total="4" passed="4" failed="0" inconclusive="0" skipped="0" asserts="0">
            <properties />
            <test-case id="2279" name="CompilerReceiptPreservesPchSidecarFields" fullname="AssemblyShadowDemo.EditorTests.H1PchEvidenceProcessTests.CompilerReceiptPreservesPchSidecarFields" methodname="CompilerReceiptPreservesPchSidecarFields" classname="AssemblyShadowDemo.EditorTests.H1PchEvidenceProcessTests" runstate="Runnable" seed="252900943" result="Passed" start-time="2026-09-16 08:08:55Z" end-time="2026-09-16 08:08:55Z" duration="0.008172" asserts="0">
              <properties />
            </test-case>
            <test-suite type="ParameterizedMethod" id="2278" name="InvalidTimeoutFailsBeforeStartingAnyProcess" fullname="AssemblyShadowDemo.EditorTests.H1PchEvidenceProcessTests.InvalidTimeoutFailsBeforeStartingAnyProcess" classname="AssemblyShadowDemo.EditorTests.H1PchEvidenceProcessTests" runstate="Runnable" testcasecount="3" result="Passed" start-time="2026-09-16 08:08:55Z" end-time="2026-09-16 08:08:55Z" duration="0.003908" total="3" passed="3" failed="0" inconclusive="0" skipped="0" asserts="0">
              <properties />
              <test-case id="2275" name="InvalidTimeoutFailsBeforeStartingAnyProcess(0)" fullname="AssemblyShadowDemo.EditorTests.H1PchEvidenceProcessTests.InvalidTimeoutFailsBeforeStartingAnyProcess(0)" methodname="InvalidTimeoutFailsBeforeStartingAnyProcess" classname="AssemblyShadowDemo.EditorTests.H1PchEvidenceProcessTests" runstate="Runnable" seed="1697640556" result="Passed" start-time="2026-09-16 08:08:55Z" end-time="2026-09-16 08:08:55Z" duration="0.002226" asserts="0">
                <properties />
              </test-case>
              <test-case id="2276" name="InvalidTimeoutFailsBeforeStartingAnyProcess(999)" fullname="AssemblyShadowDemo.EditorTests.H1PchEvidenceProcessTests.InvalidTimeoutFailsBeforeStartingAnyProcess(999)" methodname="InvalidTimeoutFailsBeforeStartingAnyProcess" classname="AssemblyShadowDemo.EditorTests.H1PchEvidenceProcessTests" runstate="Runnable" seed="122830475" result="Passed" start-time="2026-09-16 08:08:55Z" end-time="2026-09-16 08:08:55Z" duration="0.000070" asserts="0">
                <properties />
              </test-case>
              <test-case id="2277" name="InvalidTimeoutFailsBeforeStartingAnyProcess(1800001)" fullname="AssemblyShadowDemo.EditorTests.H1PchEvidenceProcessTests.InvalidTimeoutFailsBeforeStartingAnyProcess(1800001)" methodname="InvalidTimeoutFailsBeforeStartingAnyProcess" classname="AssemblyShadowDemo.EditorTests.H1PchEvidenceProcessTests" runstate="Runnable" seed="1704188998" result="Passed" start-time="2026-09-16 08:08:55Z" end-time="2026-09-16 08:08:55Z" duration="0.000048" asserts="0">
                <properties />
              </test-case>
            </test-suite>
          </test-suite>
        </test-suite>
      </test-suite>
    </test-suite>
  </test-suite>
</test-run>